INFO: [VRFC 10-163] Analyzing VHDL file "/home/caohy/work/tpu_total/kcu_10gbaser_tpu/10gbaser_trd.srcs/sources_1/new/tpu_source/ip/sub_ddc/sim/sub_ddc.vhd" into library xil_defaultlib
INFO: [VRFC 10-3107] analyzing entity 'sub_ddc'
INFO: [VRFC 10-163] Analyzing VHDL file "/home/caohy/work/tpu_total/kcu_10gbaser_tpu/10gbaser_trd.srcs/sources_1/new/tpu_source/ip/mult_ddc/sim/mult_ddc.vhd" into library xil_defaultlib
INFO: [VRFC 10-3107] analyzing entity 'mult_ddc'
INFO: [VRFC 10-163] Analyzing VHDL file "/home/caohy/work/tpu_total/kcu_10gbaser_tpu/10gbaser_trd.srcs/sources_1/new/tpu_source/ip/add_ddc/sim/add_ddc.vhd" into library xil_defaultlib
INFO: [VRFC 10-3107] analyzing entity 'add_ddc'
INFO: [VRFC 10-163] Analyzing VHDL file "/home/caohy/work/tpu_total/kcu_10gbaser_tpu/10gbaser_trd.srcs/sources_1/ip/dds_rq/sim/dds_rq.vhd" into library xil_defaultlib
INFO: [VRFC 10-3107] analyzing entity 'dds_rq'
INFO: [VRFC 10-163] Analyzing VHDL file "/home/caohy/work/tpu_total/kcu_10gbaser_tpu/10gbaser_trd.srcs/sources_1/new/tpu_source/ip/dds_ri/sim/dds_ri.vhd" into library xil_defaultlib
INFO: [VRFC 10-3107] analyzing entity 'dds_ri'
INFO: [VRFC 10-163] Analyzing VHDL file "/home/caohy/work/tpu_total/kcu_10gbaser_tpu/10gbaser_trd.srcs/sources_1/new/tpu_source/ip/add_duc/sim/add_duc.vhd" into library xil_defaultlib
INFO: [VRFC 10-3107] analyzing entity 'add_duc'
INFO: [VRFC 10-163] Analyzing VHDL file "/home/caohy/work/tpu_total/kcu_10gbaser_tpu/10gbaser_trd.srcs/sources_1/new/tpu_source/ip/mult_duc/sim/mult_duc.vhd" into library xil_defaultlib
INFO: [VRFC 10-3107] analyzing entity 'mult_duc'
INFO: [VRFC 10-163] Analyzing VHDL file "/home/caohy/work/tpu_total/kcu_10gbaser_tpu/10gbaser_trd.srcs/sources_1/new/tpu_source/ip/sub_duc/sim/sub_duc.vhd" into library xil_defaultlib
INFO: [VRFC 10-3107] analyzing entity 'sub_duc'
INFO: [VRFC 10-163] Analyzing VHDL file "/home/caohy/work/tpu_total/kcu_10gbaser_tpu/10gbaser_trd.srcs/sources_1/new/tpu_source/ip/dds_125m_q/sim/dds_125m_q.vhd" into library xil_defaultlib
INFO: [VRFC 10-3107] analyzing entity 'dds_125m_q'
INFO: [VRFC 10-163] Analyzing VHDL file "/home/caohy/work/tpu_total/kcu_10gbaser_tpu/10gbaser_trd.srcs/sources_1/new/tpu_source/ip/dds_125m_i/sim/dds_125m_i.vhd" into library xil_defaultlib
INFO: [VRFC 10-3107] analyzing entity 'dds_125m_i'
INFO: [VRFC 10-163] Analyzing VHDL file "/home/caohy/work/tpu_total/kcu_10gbaser_tpu/10gbaser_trd.srcs/sources_1/new/tpu_source/ip/rs_decoder/sim/rs_decoder.vhd" into library xil_defaultlib
INFO: [VRFC 10-3107] analyzing entity 'rs_decoder'
INFO: [VRFC 10-163] Analyzing VHDL file "/home/caohy/work/tpu_total/kcu_10gbaser_tpu/10gbaser_trd.srcs/sources_1/new/tpu_source/ip/rs_encoder/sim/rs_encoder.vhd" into library xil_defaultlib
INFO: [VRFC 10-3107] analyzing entity 'rs_encoder'
