#-----------------------------------------------------------
# Vivado v2019.2 (64-bit)
# SW Build 2708876 on Wed Nov  6 21:39:14 MST 2019
# IP Build 2700528 on Thu Nov  7 00:09:20 MST 2019
# Start of session at: Tue Oct 27 00:40:06 2020
# Process ID: 14496
# Current directory: /home/caohy/work/kcu_10gbaser_tpu
# Command line: vivado
# Log file: /home/caohy/work/kcu_10gbaser_tpu/vivado.log
# Journal file: /home/caohy/work/kcu_10gbaser_tpu/vivado.jou
#-----------------------------------------------------------
start_gui
open_project /home/caohy/work/kcu_10gbaser_tpu/10gbaser_trd.xpr
Scanning sources...
Finished scanning sources
INFO: [IP_Flow 19-234] Refreshing IP repositories
INFO: [IP_Flow 19-1700] Loaded user IP repository '/home/caohy/work/kcu105_10gbaser_trd/hardware/sources/ip_packaged/gen_mon'.
INFO: [IP_Flow 19-2313] Loaded Vivado IP repository '/tools/Xilinx/Vivado/2019.2/data/ip'.
open_project: Time (s): cpu = 00:00:25 ; elapsed = 00:00:28 . Memory (MB): peak = 6860.883 ; gain = 311.605 ; free physical = 54558 ; free virtual = 62681
update_compile_order -fileset sources_1
exit
INFO: [Common 17-206] Exiting Vivado at Tue Oct 27 23:14:59 2020...
