Copyright 1986-2020 Xilinx, Inc. All Rights Reserved.
--------------------------------------------------------------------------------------------------------------------------------------------------------------------------
| Tool Version : Vivado v.2020.2 (win64) Build 3064766 Wed Nov 18 09:12:45 MST 2020
| Date         : Fri Dec  4 10:59:12 2020
| Host         : DESKTOP-4A374NS running 64-bit major release  (build 9200)
| Command      : report_methodology -file tpu_transmit_methodology_drc_routed.rpt -pb tpu_transmit_methodology_drc_routed.pb -rpx tpu_transmit_methodology_drc_routed.rpx
| Design       : tpu_transmit
| Device       : xcku040-ffva1156-2-e
| Speed File   : -2
| Design State : Fully Routed
--------------------------------------------------------------------------------------------------------------------------------------------------------------------------

Report Methodology

Table of Contents
-----------------
1. REPORT SUMMARY
2. REPORT DETAILS

1. REPORT SUMMARY
-----------------
            Netlist: netlist
          Floorplan: design_1
      Design limits: <entire design considered>
             Max violations: <unlimited>
             Violations found: 15
+-----------+------------------+---------------------------------------------+------------+
| Rule      | Severity         | Description                                 | Violations |
+-----------+------------------+---------------------------------------------+------------+
| TIMING-7  | Critical Warning | No common node between related clocks       | 2          |
| LUTAR-1   | Warning          | LUT drives async reset alert                | 11         |
| TIMING-18 | Warning          | Missing input or output delay               | 1          |
| ULMTCS-1  | Warning          | Control Sets use limits recommend reduction | 1          |
+-----------+------------------+---------------------------------------------+------------+

2. REPORT DETAILS
-----------------
TIMING-7#1 Critical Warning
No common node between related clocks  
The clocks refclk_p and ten_gig_eth_pcs_pma_ch0_n_6 are related (timed together) but they have no common node. The design could fail in hardware. To find a timing path between these clocks, run the following command: report_timing -from [get_clocks refclk_p] -to [get_clocks ten_gig_eth_pcs_pma_ch0_n_6]
Related violations: <none>

TIMING-7#2 Critical Warning
No common node between related clocks  
The clocks ten_gig_eth_pcs_pma_ch0_n_6 and refclk_p are related (timed together) but they have no common node. The design could fail in hardware. To find a timing path between these clocks, run the following command: report_timing -from [get_clocks ten_gig_eth_pcs_pma_ch0_n_6] -to [get_clocks refclk_p]
Related violations: <none>

LUTAR-1#1 Warning
LUT drives async reset alert  
LUT cell mainnet_down10g/debounce_reset/mac_phy_i_i_1, with 2 or more inputs, drives asynchronous preset/clear pin(s) mainnet_down10g/mac_phy_wrapper_i/mac_phy_i/mac_phy_ch0/ten_gig_eth_pcs_pma_ch0/inst/ten_gig_eth_pcs_pma_block_i/mac_phy_ten_gig_eth_pcs_pma_ch0_0_gt_i/inst/gen_gtwizard_gthe3_top.mac_phy_ten_gig_eth_pcs_pma_ch0_0_gt_gtwizard_gthe3_inst/gen_gtwizard_gthe3.gen_reset_controller_internal.gen_single_instance.gtwiz_reset_inst/reset_synchronizer_gtwiz_reset_all_inst/rst_in_meta_reg/PRE,
mainnet_down10g/mac_phy_wrapper_i/mac_phy_i/mac_phy_ch0/ten_gig_eth_pcs_pma_ch0/inst/ten_gig_eth_pcs_pma_block_i/mac_phy_ten_gig_eth_pcs_pma_ch0_0_gt_i/inst/gen_gtwizard_gthe3_top.mac_phy_ten_gig_eth_pcs_pma_ch0_0_gt_gtwizard_gthe3_inst/gen_gtwizard_gthe3.gen_reset_controller_internal.gen_single_instance.gtwiz_reset_inst/reset_synchronizer_gtwiz_reset_all_inst/rst_in_out_reg/PRE,
mainnet_down10g/mac_phy_wrapper_i/mac_phy_i/mac_phy_ch0/ten_gig_eth_pcs_pma_ch0/inst/ten_gig_eth_pcs_pma_block_i/mac_phy_ten_gig_eth_pcs_pma_ch0_0_gt_i/inst/gen_gtwizard_gthe3_top.mac_phy_ten_gig_eth_pcs_pma_ch0_0_gt_gtwizard_gthe3_inst/gen_gtwizard_gthe3.gen_reset_controller_internal.gen_single_instance.gtwiz_reset_inst/reset_synchronizer_gtwiz_reset_all_inst/rst_in_sync1_reg/PRE,
mainnet_down10g/mac_phy_wrapper_i/mac_phy_i/mac_phy_ch0/ten_gig_eth_pcs_pma_ch0/inst/ten_gig_eth_pcs_pma_block_i/mac_phy_ten_gig_eth_pcs_pma_ch0_0_gt_i/inst/gen_gtwizard_gthe3_top.mac_phy_ten_gig_eth_pcs_pma_ch0_0_gt_gtwizard_gthe3_inst/gen_gtwizard_gthe3.gen_reset_controller_internal.gen_single_instance.gtwiz_reset_inst/reset_synchronizer_gtwiz_reset_all_inst/rst_in_sync2_reg/PRE,
mainnet_down10g/mac_phy_wrapper_i/mac_phy_i/mac_phy_ch0/ten_gig_eth_pcs_pma_ch0/inst/ten_gig_eth_pcs_pma_block_i/mac_phy_ten_gig_eth_pcs_pma_ch0_0_gt_i/inst/gen_gtwizard_gthe3_top.mac_phy_ten_gig_eth_pcs_pma_ch0_0_gt_gtwizard_gthe3_inst/gen_gtwizard_gthe3.gen_reset_controller_internal.gen_single_instance.gtwiz_reset_inst/reset_synchronizer_gtwiz_reset_all_inst/rst_in_sync3_reg/PRE,
mainnet_down10g/mac_phy_wrapper_i/mac_phy_i/mac_phy_ch0/ten_gig_eth_pcs_pma_ch0/inst/ten_gig_eth_pcs_pma_block_i/mac_phy_ten_gig_eth_pcs_pma_ch0_0_local_clock_reset_block/areset_rxusrclk2_sync_i/sync1_r_reg[0]/PRE,
mainnet_down10g/mac_phy_wrapper_i/mac_phy_i/mac_phy_ch0/ten_gig_eth_pcs_pma_ch0/inst/ten_gig_eth_pcs_pma_block_i/mac_phy_ten_gig_eth_pcs_pma_ch0_0_local_clock_reset_block/areset_rxusrclk2_sync_i/sync1_r_reg[1]/PRE,
mainnet_down10g/mac_phy_wrapper_i/mac_phy_i/mac_phy_ch0/ten_gig_eth_pcs_pma_ch0/inst/ten_gig_eth_pcs_pma_block_i/mac_phy_ten_gig_eth_pcs_pma_ch0_0_local_clock_reset_block/areset_rxusrclk2_sync_i/sync1_r_reg[2]/PRE,
mainnet_down10g/mac_phy_wrapper_i/mac_phy_i/mac_phy_ch0/ten_gig_eth_pcs_pma_ch0/inst/ten_gig_eth_pcs_pma_block_i/mac_phy_ten_gig_eth_pcs_pma_ch0_0_local_clock_reset_block/areset_rxusrclk2_sync_i/sync1_r_reg[3]/PRE,
mainnet_down10g/mac_phy_wrapper_i/mac_phy_i/mac_phy_ch0/ten_gig_eth_pcs_pma_ch0/inst/ten_gig_eth_pcs_pma_block_i/mac_phy_ten_gig_eth_pcs_pma_ch0_0_local_clock_reset_block/areset_rxusrclk2_sync_i/sync1_r_reg[4]/PRE,
mainnet_down10g/mac_phy_wrapper_i/mac_phy_i/mac_phy_ch0/ten_gig_eth_pcs_pma_ch0/inst/ten_gig_eth_pcs_pma_block_i/mac_phy_ten_gig_eth_pcs_pma_ch0_0_local_clock_reset_block/coreclk_areset_sync_i/sync1_r_reg[0]/PRE,
mainnet_down10g/mac_phy_wrapper_i/mac_phy_i/mac_phy_ch0/ten_gig_eth_pcs_pma_ch0/inst/ten_gig_eth_pcs_pma_block_i/mac_phy_ten_gig_eth_pcs_pma_ch0_0_local_clock_reset_block/coreclk_areset_sync_i/sync1_r_reg[1]/PRE,
mainnet_down10g/mac_phy_wrapper_i/mac_phy_i/mac_phy_ch0/ten_gig_eth_pcs_pma_ch0/inst/ten_gig_eth_pcs_pma_block_i/mac_phy_ten_gig_eth_pcs_pma_ch0_0_local_clock_reset_block/coreclk_areset_sync_i/sync1_r_reg[2]/PRE,
mainnet_down10g/mac_phy_wrapper_i/mac_phy_i/mac_phy_ch0/ten_gig_eth_pcs_pma_ch0/inst/ten_gig_eth_pcs_pma_block_i/mac_phy_ten_gig_eth_pcs_pma_ch0_0_local_clock_reset_block/coreclk_areset_sync_i/sync1_r_reg[3]/PRE,
mainnet_down10g/mac_phy_wrapper_i/mac_phy_i/mac_phy_ch0/ten_gig_eth_pcs_pma_ch0/inst/ten_gig_eth_pcs_pma_block_i/mac_phy_ten_gig_eth_pcs_pma_ch0_0_local_clock_reset_block/coreclk_areset_sync_i/sync1_r_reg[4]/PRE
 (the first 15 of 25 listed). The LUT may glitch and trigger an unexpected reset, even if it is a properly timed path.
Related violations: <none>

LUTAR-1#2 Warning
LUT drives async reset alert  
LUT cell mainnet_down10g/mac_phy_wrapper_i/mac_phy_i/mac_phy_ch0/ten_gig_eth_mac_ch0/inst/mac_phy_ten_gig_eth_mac_ch0_0_core/reset_gen/CPU_RESET.sync_cpu_rst/reset_async0_i_1, with 2 or more inputs, drives asynchronous preset/clear pin(s) mainnet_down10g/mac_phy_wrapper_i/mac_phy_i/mac_phy_ch0/ten_gig_eth_mac_ch0/inst/mac_phy_ten_gig_eth_mac_ch0_0_core/reset_gen/CPU_RESET.sync_cpu_rst/reset_async0_reg/PRE,
mainnet_down10g/mac_phy_wrapper_i/mac_phy_i/mac_phy_ch0/ten_gig_eth_mac_ch0/inst/mac_phy_ten_gig_eth_mac_ch0_0_core/reset_gen/CPU_RESET.sync_cpu_rst/reset_async1_reg/PRE,
mainnet_down10g/mac_phy_wrapper_i/mac_phy_i/mac_phy_ch0/ten_gig_eth_mac_ch0/inst/mac_phy_ten_gig_eth_mac_ch0_0_core/reset_gen/CPU_RESET.sync_cpu_rst/reset_async2_reg/PRE,
mainnet_down10g/mac_phy_wrapper_i/mac_phy_i/mac_phy_ch0/ten_gig_eth_mac_ch0/inst/mac_phy_ten_gig_eth_mac_ch0_0_core/reset_gen/CPU_RESET.sync_cpu_rst/reset_async3_reg/PRE
mainnet_down10g/mac_phy_wrapper_i/mac_phy_i/mac_phy_ch0/ten_gig_eth_mac_ch0/inst/mac_phy_ten_gig_eth_mac_ch0_0_core/reset_gen/CPU_RESET.sync_cpu_rst/reset_async4_reg/PRE. The LUT may glitch and trigger an unexpected reset, even if it is a properly timed path.
Related violations: <none>

LUTAR-1#3 Warning
LUT drives async reset alert  
LUT cell mainnet_down10g/mac_phy_wrapper_i/mac_phy_i/mac_phy_ch0/ten_gig_eth_mac_ch0/inst/mac_phy_ten_gig_eth_mac_ch0_0_core/reset_gen/int_rx_rst_async, with 2 or more inputs, drives asynchronous preset/clear pin(s) mainnet_down10g/mac_phy_wrapper_i/mac_phy_i/mac_phy_ch0/ten_gig_eth_mac_ch0/inst/mac_phy_ten_gig_eth_mac_ch0_0_core/reset_gen/sync_rx_rst/reset_async0_reg/PRE,
mainnet_down10g/mac_phy_wrapper_i/mac_phy_i/mac_phy_ch0/ten_gig_eth_mac_ch0/inst/mac_phy_ten_gig_eth_mac_ch0_0_core/reset_gen/sync_rx_rst/reset_async1_reg/PRE,
mainnet_down10g/mac_phy_wrapper_i/mac_phy_i/mac_phy_ch0/ten_gig_eth_mac_ch0/inst/mac_phy_ten_gig_eth_mac_ch0_0_core/reset_gen/sync_rx_rst/reset_async2_reg/PRE,
mainnet_down10g/mac_phy_wrapper_i/mac_phy_i/mac_phy_ch0/ten_gig_eth_mac_ch0/inst/mac_phy_ten_gig_eth_mac_ch0_0_core/reset_gen/sync_rx_rst/reset_async3_reg/PRE
mainnet_down10g/mac_phy_wrapper_i/mac_phy_i/mac_phy_ch0/ten_gig_eth_mac_ch0/inst/mac_phy_ten_gig_eth_mac_ch0_0_core/reset_gen/sync_rx_rst/reset_async4_reg/PRE. The LUT may glitch and trigger an unexpected reset, even if it is a properly timed path.
Related violations: <none>

LUTAR-1#4 Warning
LUT drives async reset alert  
LUT cell mainnet_down10g/mac_phy_wrapper_i/mac_phy_i/mac_phy_ch0/ten_gig_eth_mac_ch0/inst/mac_phy_ten_gig_eth_mac_ch0_0_core/reset_gen/int_tx_rst_async, with 2 or more inputs, drives asynchronous preset/clear pin(s) mainnet_down10g/mac_phy_wrapper_i/mac_phy_i/mac_phy_ch0/ten_gig_eth_mac_ch0/inst/mac_phy_ten_gig_eth_mac_ch0_0_core/reset_gen/sync_tx_rst/reset_async0_reg/PRE,
mainnet_down10g/mac_phy_wrapper_i/mac_phy_i/mac_phy_ch0/ten_gig_eth_mac_ch0/inst/mac_phy_ten_gig_eth_mac_ch0_0_core/reset_gen/sync_tx_rst/reset_async1_reg/PRE,
mainnet_down10g/mac_phy_wrapper_i/mac_phy_i/mac_phy_ch0/ten_gig_eth_mac_ch0/inst/mac_phy_ten_gig_eth_mac_ch0_0_core/reset_gen/sync_tx_rst/reset_async2_reg/PRE,
mainnet_down10g/mac_phy_wrapper_i/mac_phy_i/mac_phy_ch0/ten_gig_eth_mac_ch0/inst/mac_phy_ten_gig_eth_mac_ch0_0_core/reset_gen/sync_tx_rst/reset_async3_reg/PRE
mainnet_down10g/mac_phy_wrapper_i/mac_phy_i/mac_phy_ch0/ten_gig_eth_mac_ch0/inst/mac_phy_ten_gig_eth_mac_ch0_0_core/reset_gen/sync_tx_rst/reset_async4_reg/PRE. The LUT may glitch and trigger an unexpected reset, even if it is a properly timed path.
Related violations: <none>

LUTAR-1#5 Warning
LUT drives async reset alert  
LUT cell mainnet_down10g/mac_phy_wrapper_i/mac_phy_i/mac_phy_ch0/ten_gig_eth_pcs_pma_ch0/inst/ten_gig_eth_pcs_pma_block_i/mac_phy_ten_gig_eth_pcs_pma_ch0_0_gt_i/inst/gen_gtwizard_gthe3_top.mac_phy_ten_gig_eth_pcs_pma_ch0_0_gt_gtwizard_gthe3_inst/gen_gtwizard_gthe3.gen_reset_controller_internal.gen_single_instance.gtwiz_reset_inst/reset_synchronizer_gtwiz_reset_rx_any_inst/rst_in_meta_i_1__1, with 2 or more inputs, drives asynchronous preset/clear pin(s) mainnet_down10g/mac_phy_wrapper_i/mac_phy_i/mac_phy_ch0/ten_gig_eth_pcs_pma_ch0/inst/ten_gig_eth_pcs_pma_block_i/mac_phy_ten_gig_eth_pcs_pma_ch0_0_gt_i/inst/gen_gtwizard_gthe3_top.mac_phy_ten_gig_eth_pcs_pma_ch0_0_gt_gtwizard_gthe3_inst/gen_gtwizard_gthe3.gen_reset_controller_internal.gen_single_instance.gtwiz_reset_inst/reset_synchronizer_gtwiz_reset_rx_any_inst/rst_in_meta_reg/PRE,
mainnet_down10g/mac_phy_wrapper_i/mac_phy_i/mac_phy_ch0/ten_gig_eth_pcs_pma_ch0/inst/ten_gig_eth_pcs_pma_block_i/mac_phy_ten_gig_eth_pcs_pma_ch0_0_gt_i/inst/gen_gtwizard_gthe3_top.mac_phy_ten_gig_eth_pcs_pma_ch0_0_gt_gtwizard_gthe3_inst/gen_gtwizard_gthe3.gen_reset_controller_internal.gen_single_instance.gtwiz_reset_inst/reset_synchronizer_gtwiz_reset_rx_any_inst/rst_in_out_reg/PRE,
mainnet_down10g/mac_phy_wrapper_i/mac_phy_i/mac_phy_ch0/ten_gig_eth_pcs_pma_ch0/inst/ten_gig_eth_pcs_pma_block_i/mac_phy_ten_gig_eth_pcs_pma_ch0_0_gt_i/inst/gen_gtwizard_gthe3_top.mac_phy_ten_gig_eth_pcs_pma_ch0_0_gt_gtwizard_gthe3_inst/gen_gtwizard_gthe3.gen_reset_controller_internal.gen_single_instance.gtwiz_reset_inst/reset_synchronizer_gtwiz_reset_rx_any_inst/rst_in_sync1_reg/PRE,
mainnet_down10g/mac_phy_wrapper_i/mac_phy_i/mac_phy_ch0/ten_gig_eth_pcs_pma_ch0/inst/ten_gig_eth_pcs_pma_block_i/mac_phy_ten_gig_eth_pcs_pma_ch0_0_gt_i/inst/gen_gtwizard_gthe3_top.mac_phy_ten_gig_eth_pcs_pma_ch0_0_gt_gtwizard_gthe3_inst/gen_gtwizard_gthe3.gen_reset_controller_internal.gen_single_instance.gtwiz_reset_inst/reset_synchronizer_gtwiz_reset_rx_any_inst/rst_in_sync2_reg/PRE
mainnet_down10g/mac_phy_wrapper_i/mac_phy_i/mac_phy_ch0/ten_gig_eth_pcs_pma_ch0/inst/ten_gig_eth_pcs_pma_block_i/mac_phy_ten_gig_eth_pcs_pma_ch0_0_gt_i/inst/gen_gtwizard_gthe3_top.mac_phy_ten_gig_eth_pcs_pma_ch0_0_gt_gtwizard_gthe3_inst/gen_gtwizard_gthe3.gen_reset_controller_internal.gen_single_instance.gtwiz_reset_inst/reset_synchronizer_gtwiz_reset_rx_any_inst/rst_in_sync3_reg/PRE. The LUT may glitch and trigger an unexpected reset, even if it is a properly timed path.
Related violations: <none>

LUTAR-1#6 Warning
LUT drives async reset alert  
LUT cell mainnet_down10g/mac_phy_wrapper_i/mac_phy_i/mac_phy_ch0/ten_gig_eth_pcs_pma_ch0/inst/ten_gig_eth_pcs_pma_block_i/mac_phy_ten_gig_eth_pcs_pma_ch0_0_gt_i/inst/gen_gtwizard_gthe3_top.mac_phy_ten_gig_eth_pcs_pma_ch0_0_gt_gtwizard_gthe3_inst/gen_gtwizard_gthe3.gen_reset_controller_internal.gen_single_instance.gtwiz_reset_inst/reset_synchronizer_gtwiz_reset_rx_datapath_inst/rst_in_meta_i_1__2, with 2 or more inputs, drives asynchronous preset/clear pin(s) mainnet_down10g/mac_phy_wrapper_i/mac_phy_i/mac_phy_ch0/ten_gig_eth_pcs_pma_ch0/inst/ten_gig_eth_pcs_pma_block_i/mac_phy_ten_gig_eth_pcs_pma_ch0_0_gt_i/inst/gen_gtwizard_gthe3_top.mac_phy_ten_gig_eth_pcs_pma_ch0_0_gt_gtwizard_gthe3_inst/gen_gtwizard_gthe3.gen_reset_controller_internal.gen_single_instance.gtwiz_reset_inst/reset_synchronizer_gtwiz_reset_rx_datapath_inst/rst_in_meta_reg/PRE,
mainnet_down10g/mac_phy_wrapper_i/mac_phy_i/mac_phy_ch0/ten_gig_eth_pcs_pma_ch0/inst/ten_gig_eth_pcs_pma_block_i/mac_phy_ten_gig_eth_pcs_pma_ch0_0_gt_i/inst/gen_gtwizard_gthe3_top.mac_phy_ten_gig_eth_pcs_pma_ch0_0_gt_gtwizard_gthe3_inst/gen_gtwizard_gthe3.gen_reset_controller_internal.gen_single_instance.gtwiz_reset_inst/reset_synchronizer_gtwiz_reset_rx_datapath_inst/rst_in_out_reg/PRE,
mainnet_down10g/mac_phy_wrapper_i/mac_phy_i/mac_phy_ch0/ten_gig_eth_pcs_pma_ch0/inst/ten_gig_eth_pcs_pma_block_i/mac_phy_ten_gig_eth_pcs_pma_ch0_0_gt_i/inst/gen_gtwizard_gthe3_top.mac_phy_ten_gig_eth_pcs_pma_ch0_0_gt_gtwizard_gthe3_inst/gen_gtwizard_gthe3.gen_reset_controller_internal.gen_single_instance.gtwiz_reset_inst/reset_synchronizer_gtwiz_reset_rx_datapath_inst/rst_in_sync1_reg/PRE,
mainnet_down10g/mac_phy_wrapper_i/mac_phy_i/mac_phy_ch0/ten_gig_eth_pcs_pma_ch0/inst/ten_gig_eth_pcs_pma_block_i/mac_phy_ten_gig_eth_pcs_pma_ch0_0_gt_i/inst/gen_gtwizard_gthe3_top.mac_phy_ten_gig_eth_pcs_pma_ch0_0_gt_gtwizard_gthe3_inst/gen_gtwizard_gthe3.gen_reset_controller_internal.gen_single_instance.gtwiz_reset_inst/reset_synchronizer_gtwiz_reset_rx_datapath_inst/rst_in_sync2_reg/PRE
mainnet_down10g/mac_phy_wrapper_i/mac_phy_i/mac_phy_ch0/ten_gig_eth_pcs_pma_ch0/inst/ten_gig_eth_pcs_pma_block_i/mac_phy_ten_gig_eth_pcs_pma_ch0_0_gt_i/inst/gen_gtwizard_gthe3_top.mac_phy_ten_gig_eth_pcs_pma_ch0_0_gt_gtwizard_gthe3_inst/gen_gtwizard_gthe3.gen_reset_controller_internal.gen_single_instance.gtwiz_reset_inst/reset_synchronizer_gtwiz_reset_rx_datapath_inst/rst_in_sync3_reg/PRE. The LUT may glitch and trigger an unexpected reset, even if it is a properly timed path.
Related violations: <none>

LUTAR-1#7 Warning
LUT drives async reset alert  
LUT cell mainnet_down10g/mac_phy_wrapper_i/mac_phy_i/mac_phy_ch0/ten_gig_eth_pcs_pma_ch0/inst/ten_gig_eth_pcs_pma_block_i/mac_phy_ten_gig_eth_pcs_pma_ch0_0_gt_i/inst/gen_gtwizard_gthe3_top.mac_phy_ten_gig_eth_pcs_pma_ch0_0_gt_gtwizard_gthe3_inst/gen_gtwizard_gthe3.gen_reset_controller_internal.gen_single_instance.gtwiz_reset_inst/reset_synchronizer_gtwiz_reset_tx_any_inst/rst_in_meta_i_1, with 2 or more inputs, drives asynchronous preset/clear pin(s) mainnet_down10g/mac_phy_wrapper_i/mac_phy_i/mac_phy_ch0/ten_gig_eth_pcs_pma_ch0/inst/ten_gig_eth_pcs_pma_block_i/mac_phy_ten_gig_eth_pcs_pma_ch0_0_gt_i/inst/gen_gtwizard_gthe3_top.mac_phy_ten_gig_eth_pcs_pma_ch0_0_gt_gtwizard_gthe3_inst/gen_gtwizard_gthe3.gen_reset_controller_internal.gen_single_instance.gtwiz_reset_inst/reset_synchronizer_gtwiz_reset_tx_any_inst/rst_in_meta_reg/PRE,
mainnet_down10g/mac_phy_wrapper_i/mac_phy_i/mac_phy_ch0/ten_gig_eth_pcs_pma_ch0/inst/ten_gig_eth_pcs_pma_block_i/mac_phy_ten_gig_eth_pcs_pma_ch0_0_gt_i/inst/gen_gtwizard_gthe3_top.mac_phy_ten_gig_eth_pcs_pma_ch0_0_gt_gtwizard_gthe3_inst/gen_gtwizard_gthe3.gen_reset_controller_internal.gen_single_instance.gtwiz_reset_inst/reset_synchronizer_gtwiz_reset_tx_any_inst/rst_in_out_reg/PRE,
mainnet_down10g/mac_phy_wrapper_i/mac_phy_i/mac_phy_ch0/ten_gig_eth_pcs_pma_ch0/inst/ten_gig_eth_pcs_pma_block_i/mac_phy_ten_gig_eth_pcs_pma_ch0_0_gt_i/inst/gen_gtwizard_gthe3_top.mac_phy_ten_gig_eth_pcs_pma_ch0_0_gt_gtwizard_gthe3_inst/gen_gtwizard_gthe3.gen_reset_controller_internal.gen_single_instance.gtwiz_reset_inst/reset_synchronizer_gtwiz_reset_tx_any_inst/rst_in_sync1_reg/PRE,
mainnet_down10g/mac_phy_wrapper_i/mac_phy_i/mac_phy_ch0/ten_gig_eth_pcs_pma_ch0/inst/ten_gig_eth_pcs_pma_block_i/mac_phy_ten_gig_eth_pcs_pma_ch0_0_gt_i/inst/gen_gtwizard_gthe3_top.mac_phy_ten_gig_eth_pcs_pma_ch0_0_gt_gtwizard_gthe3_inst/gen_gtwizard_gthe3.gen_reset_controller_internal.gen_single_instance.gtwiz_reset_inst/reset_synchronizer_gtwiz_reset_tx_any_inst/rst_in_sync2_reg/PRE
mainnet_down10g/mac_phy_wrapper_i/mac_phy_i/mac_phy_ch0/ten_gig_eth_pcs_pma_ch0/inst/ten_gig_eth_pcs_pma_block_i/mac_phy_ten_gig_eth_pcs_pma_ch0_0_gt_i/inst/gen_gtwizard_gthe3_top.mac_phy_ten_gig_eth_pcs_pma_ch0_0_gt_gtwizard_gthe3_inst/gen_gtwizard_gthe3.gen_reset_controller_internal.gen_single_instance.gtwiz_reset_inst/reset_synchronizer_gtwiz_reset_tx_any_inst/rst_in_sync3_reg/PRE. The LUT may glitch and trigger an unexpected reset, even if it is a properly timed path.
Related violations: <none>

LUTAR-1#8 Warning
LUT drives async reset alert  
LUT cell mainnet_down10g/mac_phy_wrapper_i/mac_phy_i/mac_phy_ch0/ten_gig_eth_pcs_pma_ch0/inst/ten_gig_eth_pcs_pma_block_i/mac_phy_ten_gig_eth_pcs_pma_ch0_0_gt_i/inst/gen_gtwizard_gthe3_top.mac_phy_ten_gig_eth_pcs_pma_ch0_0_gt_gtwizard_gthe3_inst/gen_gtwizard_gthe3.gen_reset_controller_internal.gen_single_instance.gtwiz_reset_inst/reset_synchronizer_gtwiz_reset_tx_pll_and_datapath_inst/rst_in_meta_i_1__0, with 2 or more inputs, drives asynchronous preset/clear pin(s) mainnet_down10g/mac_phy_wrapper_i/mac_phy_i/mac_phy_ch0/ten_gig_eth_pcs_pma_ch0/inst/ten_gig_eth_pcs_pma_block_i/mac_phy_ten_gig_eth_pcs_pma_ch0_0_gt_i/inst/gen_gtwizard_gthe3_top.mac_phy_ten_gig_eth_pcs_pma_ch0_0_gt_gtwizard_gthe3_inst/gen_gtwizard_gthe3.gen_reset_controller_internal.gen_single_instance.gtwiz_reset_inst/reset_synchronizer_gtwiz_reset_tx_pll_and_datapath_inst/rst_in_meta_reg/PRE,
mainnet_down10g/mac_phy_wrapper_i/mac_phy_i/mac_phy_ch0/ten_gig_eth_pcs_pma_ch0/inst/ten_gig_eth_pcs_pma_block_i/mac_phy_ten_gig_eth_pcs_pma_ch0_0_gt_i/inst/gen_gtwizard_gthe3_top.mac_phy_ten_gig_eth_pcs_pma_ch0_0_gt_gtwizard_gthe3_inst/gen_gtwizard_gthe3.gen_reset_controller_internal.gen_single_instance.gtwiz_reset_inst/reset_synchronizer_gtwiz_reset_tx_pll_and_datapath_inst/rst_in_out_reg/PRE,
mainnet_down10g/mac_phy_wrapper_i/mac_phy_i/mac_phy_ch0/ten_gig_eth_pcs_pma_ch0/inst/ten_gig_eth_pcs_pma_block_i/mac_phy_ten_gig_eth_pcs_pma_ch0_0_gt_i/inst/gen_gtwizard_gthe3_top.mac_phy_ten_gig_eth_pcs_pma_ch0_0_gt_gtwizard_gthe3_inst/gen_gtwizard_gthe3.gen_reset_controller_internal.gen_single_instance.gtwiz_reset_inst/reset_synchronizer_gtwiz_reset_tx_pll_and_datapath_inst/rst_in_sync1_reg/PRE,
mainnet_down10g/mac_phy_wrapper_i/mac_phy_i/mac_phy_ch0/ten_gig_eth_pcs_pma_ch0/inst/ten_gig_eth_pcs_pma_block_i/mac_phy_ten_gig_eth_pcs_pma_ch0_0_gt_i/inst/gen_gtwizard_gthe3_top.mac_phy_ten_gig_eth_pcs_pma_ch0_0_gt_gtwizard_gthe3_inst/gen_gtwizard_gthe3.gen_reset_controller_internal.gen_single_instance.gtwiz_reset_inst/reset_synchronizer_gtwiz_reset_tx_pll_and_datapath_inst/rst_in_sync2_reg/PRE
mainnet_down10g/mac_phy_wrapper_i/mac_phy_i/mac_phy_ch0/ten_gig_eth_pcs_pma_ch0/inst/ten_gig_eth_pcs_pma_block_i/mac_phy_ten_gig_eth_pcs_pma_ch0_0_gt_i/inst/gen_gtwizard_gthe3_top.mac_phy_ten_gig_eth_pcs_pma_ch0_0_gt_gtwizard_gthe3_inst/gen_gtwizard_gthe3.gen_reset_controller_internal.gen_single_instance.gtwiz_reset_inst/reset_synchronizer_gtwiz_reset_tx_pll_and_datapath_inst/rst_in_sync3_reg/PRE. The LUT may glitch and trigger an unexpected reset, even if it is a properly timed path.
Related violations: <none>

LUTAR-1#9 Warning
LUT drives async reset alert  
LUT cell mainnet_down10g/mac_phy_wrapper_i/mac_phy_i/mac_phy_ch0/ten_gig_eth_pcs_pma_ch0/inst/ten_gig_eth_pcs_pma_block_i/mac_phy_ten_gig_eth_pcs_pma_ch0_0_local_clock_reset_block/coreclk_areset_sync_i/sync1_r[4]_i_1, with 2 or more inputs, drives asynchronous preset/clear pin(s) mainnet_down10g/mac_phy_wrapper_i/mac_phy_i/mac_phy_ch0/ten_gig_eth_pcs_pma_ch0/inst/ten_gig_eth_pcs_pma_block_i/mac_phy_ten_gig_eth_pcs_pma_ch0_0_local_clock_reset_block/coreclk_reset_tx_sync_i/sync1_r_reg[0]/PRE,
mainnet_down10g/mac_phy_wrapper_i/mac_phy_i/mac_phy_ch0/ten_gig_eth_pcs_pma_ch0/inst/ten_gig_eth_pcs_pma_block_i/mac_phy_ten_gig_eth_pcs_pma_ch0_0_local_clock_reset_block/coreclk_reset_tx_sync_i/sync1_r_reg[1]/PRE,
mainnet_down10g/mac_phy_wrapper_i/mac_phy_i/mac_phy_ch0/ten_gig_eth_pcs_pma_ch0/inst/ten_gig_eth_pcs_pma_block_i/mac_phy_ten_gig_eth_pcs_pma_ch0_0_local_clock_reset_block/coreclk_reset_tx_sync_i/sync1_r_reg[2]/PRE,
mainnet_down10g/mac_phy_wrapper_i/mac_phy_i/mac_phy_ch0/ten_gig_eth_pcs_pma_ch0/inst/ten_gig_eth_pcs_pma_block_i/mac_phy_ten_gig_eth_pcs_pma_ch0_0_local_clock_reset_block/coreclk_reset_tx_sync_i/sync1_r_reg[3]/PRE
mainnet_down10g/mac_phy_wrapper_i/mac_phy_i/mac_phy_ch0/ten_gig_eth_pcs_pma_ch0/inst/ten_gig_eth_pcs_pma_block_i/mac_phy_ten_gig_eth_pcs_pma_ch0_0_local_clock_reset_block/coreclk_reset_tx_sync_i/sync1_r_reg[4]/PRE. The LUT may glitch and trigger an unexpected reset, even if it is a properly timed path.
Related violations: <none>

LUTAR-1#10 Warning
LUT drives async reset alert  
LUT cell mainnet_down10g/mac_phy_wrapper_i/mac_phy_i/mac_phy_ch0/ten_gig_eth_pcs_pma_ch0/inst/ten_gig_eth_pcs_pma_block_i/mac_phy_ten_gig_eth_pcs_pma_ch0_0_local_clock_reset_block/coreclk_areset_sync_i/sync1_r[4]_i_1__0, with 2 or more inputs, drives asynchronous preset/clear pin(s) mainnet_down10g/mac_phy_wrapper_i/mac_phy_i/mac_phy_ch0/ten_gig_eth_pcs_pma_ch0/inst/ten_gig_eth_pcs_pma_block_i/mac_phy_ten_gig_eth_pcs_pma_ch0_0_local_clock_reset_block/coreclk_reset_rx_sync_i/sync1_r_reg[0]/PRE,
mainnet_down10g/mac_phy_wrapper_i/mac_phy_i/mac_phy_ch0/ten_gig_eth_pcs_pma_ch0/inst/ten_gig_eth_pcs_pma_block_i/mac_phy_ten_gig_eth_pcs_pma_ch0_0_local_clock_reset_block/coreclk_reset_rx_sync_i/sync1_r_reg[1]/PRE,
mainnet_down10g/mac_phy_wrapper_i/mac_phy_i/mac_phy_ch0/ten_gig_eth_pcs_pma_ch0/inst/ten_gig_eth_pcs_pma_block_i/mac_phy_ten_gig_eth_pcs_pma_ch0_0_local_clock_reset_block/coreclk_reset_rx_sync_i/sync1_r_reg[2]/PRE,
mainnet_down10g/mac_phy_wrapper_i/mac_phy_i/mac_phy_ch0/ten_gig_eth_pcs_pma_ch0/inst/ten_gig_eth_pcs_pma_block_i/mac_phy_ten_gig_eth_pcs_pma_ch0_0_local_clock_reset_block/coreclk_reset_rx_sync_i/sync1_r_reg[3]/PRE
mainnet_down10g/mac_phy_wrapper_i/mac_phy_i/mac_phy_ch0/ten_gig_eth_pcs_pma_ch0/inst/ten_gig_eth_pcs_pma_block_i/mac_phy_ten_gig_eth_pcs_pma_ch0_0_local_clock_reset_block/coreclk_reset_rx_sync_i/sync1_r_reg[4]/PRE. The LUT may glitch and trigger an unexpected reset, even if it is a properly timed path.
Related violations: <none>

LUTAR-1#11 Warning
LUT drives async reset alert  
LUT cell mainnet_down10g/mac_phy_wrapper_i/mac_phy_i/mac_phy_ch0/ten_gig_eth_pcs_pma_ch0/inst/ten_gig_eth_pcs_pma_block_i/mac_phy_ten_gig_eth_pcs_pma_ch0_0_local_clock_reset_block/dclk_reset_rx_tmp, with 2 or more inputs, drives asynchronous preset/clear pin(s) mainnet_down10g/mac_phy_wrapper_i/mac_phy_i/mac_phy_ch0/ten_gig_eth_pcs_pma_ch0/inst/ten_gig_eth_pcs_pma_block_i/mac_phy_ten_gig_eth_pcs_pma_ch0_0_local_clock_reset_block/dclk_reset_rx_sync_i/sync1_r_reg[0]/PRE,
mainnet_down10g/mac_phy_wrapper_i/mac_phy_i/mac_phy_ch0/ten_gig_eth_pcs_pma_ch0/inst/ten_gig_eth_pcs_pma_block_i/mac_phy_ten_gig_eth_pcs_pma_ch0_0_local_clock_reset_block/dclk_reset_rx_sync_i/sync1_r_reg[1]/PRE,
mainnet_down10g/mac_phy_wrapper_i/mac_phy_i/mac_phy_ch0/ten_gig_eth_pcs_pma_ch0/inst/ten_gig_eth_pcs_pma_block_i/mac_phy_ten_gig_eth_pcs_pma_ch0_0_local_clock_reset_block/dclk_reset_rx_sync_i/sync1_r_reg[2]/PRE,
mainnet_down10g/mac_phy_wrapper_i/mac_phy_i/mac_phy_ch0/ten_gig_eth_pcs_pma_ch0/inst/ten_gig_eth_pcs_pma_block_i/mac_phy_ten_gig_eth_pcs_pma_ch0_0_local_clock_reset_block/dclk_reset_rx_sync_i/sync1_r_reg[3]/PRE
mainnet_down10g/mac_phy_wrapper_i/mac_phy_i/mac_phy_ch0/ten_gig_eth_pcs_pma_ch0/inst/ten_gig_eth_pcs_pma_block_i/mac_phy_ten_gig_eth_pcs_pma_ch0_0_local_clock_reset_block/dclk_reset_rx_sync_i/sync1_r_reg[4]/PRE. The LUT may glitch and trigger an unexpected reset, even if it is a properly timed path.
Related violations: <none>

TIMING-18#1 Warning
Missing input or output delay  
An input delay is missing on reset relative to clock(s) refclk_p
Related violations: <none>

ULMTCS-1#1 Warning
Control Sets use limits recommend reduction  
This design uses 7714 control sets (vs. available limit of 60600, determined by 1 control set per CLB). This exceeds the control set use guideline of 7.5 percent. This is at a level where reduction is RECOMMENDED (see UG949). Use report_control_sets to get more details.
Related violations: <none>


