INFO: [VRFC 10-2263] Analyzing SystemVerilog file "/home/caohy/work/tpu_kcu105/tpu.srcs/sources_1/imports/tpu.srcs/crc_detector.sv" into library xil_defaultlib
INFO: [VRFC 10-311] analyzing module crc_detector
INFO: [VRFC 10-2263] Analyzing SystemVerilog file "/home/caohy/work/tpu_kcu105/tpu.srcs/sources_1/imports/tpu.srcs/crc_generator.sv" into library xil_defaultlib
INFO: [VRFC 10-311] analyzing module crc_generator
INFO: [VRFC 10-2263] Analyzing SystemVerilog file "/home/caohy/work/tpu_kcu105/tpu.srcs/sources_1/new/data_source.sv" into library xil_defaultlib
INFO: [VRFC 10-311] analyzing module data_source
INFO: [VRFC 10-2263] Analyzing SystemVerilog file "/home/caohy/work/tpu_kcu105/tpu.srcs/sources_1/new/ddc.sv" into library xil_defaultlib
INFO: [VRFC 10-311] analyzing module ddc
INFO: [VRFC 10-2263] Analyzing SystemVerilog file "/home/caohy/work/tpu_kcu105/tpu.srcs/sources_1/new/dec2.sv" into library xil_defaultlib
INFO: [VRFC 10-311] analyzing module dec2
INFO: [VRFC 10-2263] Analyzing SystemVerilog file "/home/caohy/work/tpu_kcu105/tpu.srcs/sources_1/imports/tpu.srcs/deintrlv.sv" into library xil_defaultlib
INFO: [VRFC 10-311] analyzing module deintrlv
INFO: [VRFC 10-2263] Analyzing SystemVerilog file "/home/caohy/work/tpu_kcu105/tpu.srcs/sources_1/imports/tpu.srcs/descrambler.sv" into library xil_defaultlib
INFO: [VRFC 10-311] analyzing module descrambler
INFO: [VRFC 10-2263] Analyzing SystemVerilog file "/home/caohy/work/tpu_kcu105/tpu.srcs/sources_1/new/duc.sv" into library xil_defaultlib
INFO: [VRFC 10-311] analyzing module duc
INFO: [VRFC 10-2263] Analyzing SystemVerilog file "/home/caohy/work/tpu_kcu105/tpu.srcs/sources_1/imports/tpu.srcs/eqam.sv" into library xil_defaultlib
INFO: [VRFC 10-311] analyzing module eqam
INFO: [VRFC 10-2263] Analyzing SystemVerilog file "/home/caohy/work/tpu_kcu105/tpu.srcs/sources_1/new/inter2.sv" into library xil_defaultlib
INFO: [VRFC 10-311] analyzing module inter2
INFO: [VRFC 10-2263] Analyzing SystemVerilog file "/home/caohy/work/tpu_kcu105/tpu.srcs/sources_1/imports/tpu.srcs/interleaver.sv" into library xil_defaultlib
INFO: [VRFC 10-311] analyzing module interleaver
INFO: [VRFC 10-2263] Analyzing SystemVerilog file "/home/caohy/work/tpu_kcu105/tpu.srcs/sources_1/imports/tpu.srcs/layer1.sv" into library xil_defaultlib
INFO: [VRFC 10-311] analyzing module layer1
INFO: [VRFC 10-2263] Analyzing SystemVerilog file "/home/caohy/work/tpu_kcu105/tpu.srcs/sources_1/imports/tpu.srcs/layer1_receive.sv" into library xil_defaultlib
INFO: [VRFC 10-311] analyzing module layer1_receive
INFO: [VRFC 10-2263] Analyzing SystemVerilog file "/home/caohy/work/tpu_kcu105/tpu.srcs/sources_1/imports/tpu.srcs/layer1_transmit.sv" into library xil_defaultlib
INFO: [VRFC 10-311] analyzing module layer1_transmit
INFO: [VRFC 10-2263] Analyzing SystemVerilog file "/home/caohy/work/tpu_kcu105/tpu.srcs/sources_1/imports/tpu.srcs/mac_block.sv" into library xil_defaultlib
INFO: [VRFC 10-311] analyzing module mac_block
INFO: [VRFC 10-2263] Analyzing SystemVerilog file "/home/caohy/work/tpu_kcu105/tpu.srcs/sources_1/imports/tpu.srcs/mac_deblock.sv" into library xil_defaultlib
INFO: [VRFC 10-311] analyzing module mac_deblock
INFO: [VRFC 10-2263] Analyzing SystemVerilog file "/home/caohy/work/tpu_kcu105/tpu.srcs/sources_1/imports/tpu.srcs/qam.sv" into library xil_defaultlib
INFO: [VRFC 10-311] analyzing module qam
INFO: [VRFC 10-2263] Analyzing SystemVerilog file "/home/caohy/work/tpu_kcu105/tpu.srcs/sources_1/imports/tpu.srcs/radio.sv" into library xil_defaultlib
INFO: [VRFC 10-311] analyzing module radio
INFO: [VRFC 10-2263] Analyzing SystemVerilog file "/home/caohy/work/tpu_kcu105/tpu.srcs/sources_1/new/radio_receive.sv" into library xil_defaultlib
INFO: [VRFC 10-311] analyzing module radio_receive
INFO: [VRFC 10-2263] Analyzing SystemVerilog file "/home/caohy/work/tpu_kcu105/tpu.srcs/sources_1/imports/tpu.srcs/radio_transmit.sv" into library xil_defaultlib
INFO: [VRFC 10-311] analyzing module radio_transmit
INFO: [VRFC 10-2263] Analyzing SystemVerilog file "/home/caohy/work/tpu_kcu105/tpu.srcs/sources_1/imports/tpu.srcs/scrambler.sv" into library xil_defaultlib
INFO: [VRFC 10-311] analyzing module scrambler
INFO: [VRFC 10-2263] Analyzing SystemVerilog file "/home/caohy/work/tpu_kcu105/tpu.srcs/sources_1/imports/tpu.srcs/tpu.sv" into library xil_defaultlib
INFO: [VRFC 10-311] analyzing module tpu
INFO: [VRFC 10-2263] Analyzing SystemVerilog file "/home/caohy/work/tpu_kcu105/tpu.srcs/sources_1/new/tpu_top.sv" into library xil_defaultlib
INFO: [VRFC 10-311] analyzing module tpu_top
INFO: [VRFC 10-2263] Analyzing SystemVerilog file "/home/caohy/work/tpu_kcu105/tpu.srcs/sim_1/imports/tpu.sim/tpu_th.sv" into library xil_defaultlib
INFO: [VRFC 10-311] analyzing module tpu_th
