#-----------------------------------------------------------
# Vivado v2019.2 (64-bit)
# SW Build 2708876 on Wed Nov  6 21:39:14 MST 2019
# IP Build 2700528 on Thu Nov  7 00:09:20 MST 2019
# Start of session at: Thu May 21 00:58:23 2020
# Process ID: 2781
# Current directory: /home/caohy/tpu_kcu105
# Command line: vivado
# Log file: /home/caohy/tpu_kcu105/vivado.log
# Journal file: /home/caohy/tpu_kcu105/vivado.jou
#-----------------------------------------------------------
start_gui
open_project /home/caohy/tpu_kcu105/tpu.xpr
Scanning sources...
Finished scanning sources
INFO: [IP_Flow 19-234] Refreshing IP repositories
INFO: [IP_Flow 19-1704] No user IP repositories specified
INFO: [IP_Flow 19-2313] Loaded Vivado IP repository '/tools/Xilinx/Vivado/2019.2/data/ip'.
open_project: Time (s): cpu = 00:00:19 ; elapsed = 00:00:22 . Memory (MB): peak = 6836.289 ; gain = 275.090 ; free physical = 60093 ; free virtual = 63907
update_compile_order -fileset sources_1
launch_runs impl_1 -to_step write_bitstream -jobs 16
[Thu May 21 01:02:20 2020] Launched impl_1...
Run output will be captured here: /home/caohy/tpu_kcu105/tpu.runs/impl_1/runme.log
exit
INFO: [Common 17-206] Exiting Vivado at Thu May 21 02:18:36 2020...
