#-----------------------------------------------------------
# Vivado v2019.2 (64-bit)
# SW Build 2708876 on Wed Nov  6 21:39:14 MST 2019
# IP Build 2700528 on Thu Nov  7 00:09:20 MST 2019
# Start of session at: Wed May 20 01:37:39 2020
# Process ID: 1123
# Current directory: /home/caohy/tpu_kcu105
# Command line: vivado
# Log file: /home/caohy/tpu_kcu105/vivado.log
# Journal file: /home/caohy/tpu_kcu105/vivado.jou
#-----------------------------------------------------------
start_gui
open_project /home/caohy/tpu_kcu105/tpu.xpr
INFO: [Project 1-313] Project file moved from '/home/caohy/tpu' since last save.
Scanning sources...
Finished scanning sources
INFO: [IP_Flow 19-234] Refreshing IP repositories
INFO: [IP_Flow 19-1704] No user IP repositories specified
INFO: [IP_Flow 19-2313] Loaded Vivado IP repository '/tools/Xilinx/Vivado/2019.2/data/ip'.
open_project: Time (s): cpu = 00:00:17 ; elapsed = 00:00:10 . Memory (MB): peak = 6829.621 ; gain = 280.129 ; free physical = 56510 ; free virtual = 63683
update_compile_order -fileset sources_1
WARNING: [IP_Flow 19-3899] Cannot get the environment domain name variable for the component vendor name. Setting the vendor name to 'user.org'.
set_property flow {Vivado Implementation 2019} [get_runs impl_1]
