#-----------------------------------------------------------
# Vivado v2019.2 (64-bit)
# SW Build 2708876 on Wed Nov  6 21:39:14 MST 2019
# IP Build 2700528 on Thu Nov  7 00:09:20 MST 2019
# Start of session at: Tue Sep 22 01:13:04 2020
# Process ID: 12569
# Current directory: /home/caohy/work/tpu_kcu105
# Command line: vivado
# Log file: /home/caohy/work/tpu_kcu105/vivado.log
# Journal file: /home/caohy/work/tpu_kcu105/vivado.jou
#-----------------------------------------------------------
start_gui
open_project /home/caohy/work/tpu_kcu105/tpu.xpr
Scanning sources...
Finished scanning sources
INFO: [IP_Flow 19-234] Refreshing IP repositories
INFO: [IP_Flow 19-1704] No user IP repositories specified
INFO: [IP_Flow 19-2313] Loaded Vivado IP repository '/tools/Xilinx/Vivado/2019.2/data/ip'.
WARNING: [IP_Flow 19-2162] IP 'rs_decoder' is locked:
* IP 'rs_decoder' requires one or more mandatory licenses but no valid licenses were found. However license checkpoints may prevent use of this IP in some tool flows.
WARNING: [IP_Flow 19-5178] IP rs_decoder will not be generated with lower license level. If you would like to generate with the current available license levels, please reset and regenerate.
WARNING: [IP_Flow 19-2162] IP 'rs_encoder' is locked:
* IP 'rs_encoder' requires one or more mandatory licenses but no valid licenses were found. However license checkpoints may prevent use of this IP in some tool flows.
WARNING: [IP_Flow 19-5178] IP rs_encoder will not be generated with lower license level. If you would like to generate with the current available license levels, please reset and regenerate.
open_project: Time (s): cpu = 00:00:17 ; elapsed = 00:00:15 . Memory (MB): peak = 6823.230 ; gain = 274.773 ; free physical = 54280 ; free virtual = 62825
update_compile_order -fileset sources_1
WARNING: [IP_Flow 19-3899] Cannot get the environment domain name variable for the component vendor name. Setting the vendor name to 'user.org'.
exit
INFO: [Common 17-206] Exiting Vivado at Tue Sep 22 01:14:20 2020...
