#
# There is insufficient memory for the Java Runtime Environment to continue.
# Native memory allocation (malloc) failed to allocate 160576 bytes for Chunk::new
# Possible reasons:
#   The system is out of physical RAM or swap space
#   The process is running with CompressedOops enabled, and the Java Heap may be blocking the growth of the native heap
# Possible solutions:
#   Reduce memory load on the system
#   Increase physical memory or swap space
#   Check if swap backing store is full
#   Decrease Java heap size (-Xmx/-Xms)
#   Decrease number of Java threads
#   Decrease Java thread stack sizes (-Xss)
#   Set larger code cache with -XX:ReservedCodeCacheSize=
#   JVM is running with Zero Based Compressed Oops mode in which the Java heap is
#     placed in the first 32GB address space. The Java Heap base address is the
#     maximum limit for the native heap growth. Please use -XX:HeapBaseMinAddress
#     to set the Java Heap base and to place the Java Heap above 32GB virtual address.
# This output file may be truncated or incomplete.
#
#  Out of Memory Error (t:/workspace/hotspot/src/share/vm/memory/allocation.cpp:372), pid=1636, tid=9624
#
# JRE version: Java(TM) SE Runtime Environment (9.0+11) (build 9.0.4+11)
# Java VM: Java HotSpot(TM) 64-Bit Server VM (9.0.4+11, mixed mode, tiered, compressed oops, g1 gc, windows-amd64)
# No core dump will be written. Minidumps are not enabled by default on client versions of Windows
#

---------------  S U M M A R Y ------------

Command Line: -Dsun.java2d.pmoffscreen=false -Dsun.java2d.xrender=false -Dsun.java2d.d3d=false -Dsun.awt.nopixfmt=true -Dsun.java2d.dpiaware=true -Dsun.java2d.uiScale.enabled=false -Xverify:none -Dswing.aatext=true -XX:-UsePerfData -Djdk.map.althashing.threshold=512 -XX:StringTableSize=4072 --add-opens=java.base/java.nio=ALL-UNNAMED --add-opens=java.desktop/sun.swing=ALL-UNNAMED --add-opens=java.desktop/javax.swing=ALL-UNNAMED --add-opens=java.desktop/javax.swing.tree=ALL-UNNAMED --add-opens=java.desktop/javax.swing.plaf.basic=ALL-UNNAMED --add-opens=java.desktop/javax.swing.plaf.synth=ALL-UNNAMED --add-opens=java.desktop/com.sun.awt=ALL-UNNAMED -XX:NewSize=60m -XX:MaxNewSize=60m -Xms128m -Xmx3072m -Xss5m 

Host: Intel(R) Core(TM) i9-9980XE CPU @ 3.00GHz, 36 cores, 63G,  Windows 10 , 64 bit Build 18362 (10.0.18362.329)
Time: Thu Nov 21 15:02:56 2019 ?D1¨²¡À¨º¡Á?¨º¡À?? elapsed time: 562 seconds (0d 0h 9m 22s)

---------------  T H R E A D  ---------------

Current thread (0x000001c8c9628000):  JavaThread "C2 CompilerThread3" daemon [_thread_in_native, id=9624, stack(0x0000004cd3600000,0x0000004cd3700000)]


Current CompileTask:
C2: 562749 21586       4       ui.data.experiment.B::aLw (22 bytes)

Stack: [0x0000004cd3600000,0x0000004cd3700000]
Native frames: (J=compiled Java code, j=interpreted, Vv=VM code, C=native code)
V  [jvm.dll+0x587068]

[error occurred during error reporting (printing native stack), id 0xe0000001]


---------------  P R O C E S S  ---------------

Java Threads: ( => current thread )
  0x000001c921b22800 JavaThread "SyntheticaAnimation 50" daemon [_thread_blocked, id=14184, stack(0x0000004cd9600000,0x0000004cd9b00000)]
  0x000001c921b24000 JavaThread "Program Device Thread" [_thread_in_native, id=10712, stack(0x0000004cdbe00000,0x0000004cdc300000)]
  0x000001c8f7c2f800 JavaThread "SyntheticaAnimation 50" daemon [_thread_blocked, id=4208, stack(0x0000004cda500000,0x0000004cdaa00000)]
  0x000001c8f7c36000 JavaThread "Update Runs Swing Worker Thread" [_thread_blocked, id=13452, stack(0x0000004cdb400000,0x0000004cdb900000)]
  0x000001c8f7c34000 JavaThread "hw_ila_monitor" [_thread_blocked, id=6924, stack(0x0000004cda000000,0x0000004cda500000)]
  0x000001c8f7c2c000 JavaThread "Refresh Filesets Swing Worker Thread" [_thread_blocked, id=6148, stack(0x0000004cd7a00000,0x0000004cd7f00000)]
  0x000001c8f7c2e800 JavaThread "SyntheticaAnimation 70" daemon [_thread_blocked, id=8968, stack(0x0000004cd9b00000,0x0000004cda000000)]
  0x000001c8f7c2b800 JavaThread "SyntheticaAnimation 25" daemon [_thread_blocked, id=8960, stack(0x0000004cd9100000,0x0000004cd9600000)]
  0x000001c8f7c2a800 JavaThread "SyntheticaAnimation 50" daemon [_thread_blocked, id=11392, stack(0x0000004cd8c00000,0x0000004cd9100000)]
  0x000001c8c8dd2000 JavaThread "Monitor HEventQueue Thread" [_thread_blocked, id=11776, stack(0x0000004cd8700000,0x0000004cd8c00000)]
  0x000001c8c8dd5000 JavaThread "SyntheticaCleanerThread" daemon [_thread_blocked, id=7788, stack(0x0000004cd7f00000,0x0000004cd8400000)]
  0x000001c8c8dd4000 JavaThread "Batik CleanerThread" daemon [_thread_blocked, id=8888, stack(0x0000004cd7000000,0x0000004cd7500000)]
  0x000001c8f4905000 JavaThread "Process Messages Thread" [_thread_blocked, id=4668, stack(0x0000004cd7500000,0x0000004cd7a00000)]
  0x000001c8f4af8800 JavaThread "Thread-1" [_thread_in_native, id=13940, stack(0x0000004cccd00000,0x0000004cce100000)]
  0x000001c8f3453800 JavaThread "AWT-EventQueue-0" [_thread_blocked, id=13812, stack(0x0000004cd6b00000,0x0000004cd7000000)]
  0x000001c8d08cc000 JavaThread "AWT-Shutdown" [_thread_blocked, id=13816, stack(0x0000004cd6600000,0x0000004cd6b00000)]
  0x000001c8f296f800 JavaThread "TimerQueue" daemon [_thread_blocked, id=14028, stack(0x0000004cd5700000,0x0000004cd5c00000)]
  0x000001c8cf65e000 JavaThread "AWT-Windows" daemon [_thread_in_native, id=10824, stack(0x0000004cd5c00000,0x0000004cd6100000)]
  0x000001c8f2f73800 JavaThread "Java2D Disposer" daemon [_thread_blocked, id=7692, stack(0x0000004cd5200000,0x0000004cd5700000)]
  0x000001c8f29af000 JavaThread "Service Thread" daemon [_thread_blocked, id=9316, stack(0x0000004cd4c00000,0x0000004cd5100000)]
  0x000001c8cfdf6800 JavaThread "Common-Cleaner" daemon [_thread_blocked, id=9580, stack(0x0000004cd4700000,0x0000004cd4c00000)]
  0x000001c8c8dd3800 JavaThread "Sweeper thread" daemon [_thread_blocked, id=9660, stack(0x0000004cd4200000,0x0000004cd4700000)]
  0x000001c8cf20e000 JavaThread "C1 CompilerThread14" daemon [_thread_blocked, id=9632, stack(0x0000004cd4100000,0x0000004cd4200000)]
  0x000001c8cf20d000 JavaThread "C1 CompilerThread13" daemon [_thread_blocked, id=9380, stack(0x0000004cd4000000,0x0000004cd4100000)]
  0x000001c8cf20c800 JavaThread "C1 CompilerThread12" daemon [_thread_blocked, id=5984, stack(0x0000004cd3f00000,0x0000004cd4000000)]
  0x000001c8cf20b800 JavaThread "C1 CompilerThread11" daemon [_thread_blocked, id=9356, stack(0x0000004cd3e00000,0x0000004cd3f00000)]
  0x000001c8cf20b000 JavaThread "C1 CompilerThread10" daemon [_thread_blocked, id=9364, stack(0x0000004cd3d00000,0x0000004cd3e00000)]
  0x000001c8cf210800 JavaThread "C2 CompilerThread9" daemon [_thread_blocked, id=9348, stack(0x0000004cd3c00000,0x0000004cd3d00000)]
  0x000001c8cf61a000 JavaThread "C2 CompilerThread8" daemon [_thread_blocked, id=9288, stack(0x0000004cd3b00000,0x0000004cd3c00000)]
  0x000001c8cf618800 JavaThread "C2 CompilerThread7" daemon [_thread_blocked, id=5992, stack(0x0000004cd3a00000,0x0000004cd3b00000)]
  0x000001c8cf60f000 JavaThread "C2 CompilerThread6" daemon [_thread_blocked, id=9372, stack(0x0000004cd3900000,0x0000004cd3a00000)]
  0x000001c8cf60e000 JavaThread "C2 CompilerThread5" daemon [_thread_blocked, id=9600, stack(0x0000004cd3800000,0x0000004cd3900000)]
  0x000001c8cf60c000 JavaThread "C2 CompilerThread4" daemon [_thread_blocked, id=9620, stack(0x0000004cd3700000,0x0000004cd3800000)]
=>0x000001c8c9628000 JavaThread "C2 CompilerThread3" daemon [_thread_in_native, id=9624, stack(0x0000004cd3600000,0x0000004cd3700000)]
  0x000001c8c9626800 JavaThread "C2 CompilerThread2" daemon [_thread_blocked, id=9280, stack(0x0000004cd3500000,0x0000004cd3600000)]
  0x000001c8c9626000 JavaThread "C2 CompilerThread1" daemon [_thread_blocked, id=9616, stack(0x0000004cd3400000,0x0000004cd3500000)]
  0x000001c8cd7af800 JavaThread "C2 CompilerThread0" daemon [_thread_blocked, id=9360, stack(0x0000004cd3300000,0x0000004cd3400000)]
  0x000001c8cd7af000 JavaThread "Attach Listener" daemon [_thread_blocked, id=9376, stack(0x0000004cd2e00000,0x0000004cd3300000)]
  0x000001c8cf570800 JavaThread "Signal Dispatcher" daemon [_thread_blocked, id=9340, stack(0x0000004cd2900000,0x0000004cd2e00000)]
  0x000001c8cf66d800 JavaThread "Finalizer" daemon [_thread_blocked, id=9132, stack(0x0000004cd2400000,0x0000004cd2900000)]
  0x000001c8c9bb9000 JavaThread "Reference Handler" daemon [_thread_blocked, id=8876, stack(0x0000004cd1f00000,0x0000004cd2400000)]
  0x000001c8cb177800 JavaThread "main" [_thread_blocked, id=11128, stack(0x0000004cce300000,0x0000004cce400000)]

Other Threads:
  0x000001c8c8aaa000 VMThread "VM Thread" [stack: 0x0000004cd1e00000,0x0000004cd1f00000] [id=856]
  0x000001c8c9968000 WatcherThread [stack: 0x0000004cd5100000,0x0000004cd5200000] [id=9424]
  0x000001c8cfe59800 GCTaskThread "GC Thread#0" [stack: 0x0000004cce400000,0x0000004cce500000] [id=5088]
  0x000001c8c9bc1800 GCTaskThread "GC Thread#1" [stack: 0x0000004cce500000,0x0000004cce600000] [id=9100]
  0x000001c8c963b800 GCTaskThread "GC Thread#2" [stack: 0x0000004cce600000,0x0000004cce700000] [id=5856]
  0x000001c8c55f3800 GCTaskThread "GC Thread#3" [stack: 0x0000004cce700000,0x0000004cce800000] [id=7368]
  0x000001c8ca4f8800 GCTaskThread "GC Thread#4" [stack: 0x0000004cce800000,0x0000004cce900000] [id=6348]
  0x000001c8ca500800 GCTaskThread "GC Thread#5" [stack: 0x0000004cce900000,0x0000004ccea00000] [id=6200]
  0x000001c8ca501800 GCTaskThread "GC Thread#6" [stack: 0x0000004ccea00000,0x0000004cceb00000] [id=6104]
  0x000001c8c995b000 GCTaskThread "GC Thread#7" [stack: 0x0000004cceb00000,0x0000004ccec00000] [id=6328]
  0x000001c8c9960000 GCTaskThread "GC Thread#8" [stack: 0x0000004ccec00000,0x0000004cced00000] [id=6352]
  0x000001c8c995e800 GCTaskThread "GC Thread#9" [stack: 0x0000004cced00000,0x0000004ccee00000] [id=6356]
  0x000001c8c9960800 GCTaskThread "GC Thread#10" [stack: 0x0000004ccee00000,0x0000004ccef00000] [id=6460]
  0x000001c8c995f800 GCTaskThread "GC Thread#11" [stack: 0x0000004ccef00000,0x0000004ccf000000] [id=6360]
  0x000001c8c9961000 GCTaskThread "GC Thread#12" [stack: 0x0000004ccf000000,0x0000004ccf100000] [id=6324]
  0x000001c8c995a800 GCTaskThread "GC Thread#13" [stack: 0x0000004ccf100000,0x0000004ccf200000] [id=6108]
  0x000001c8c9962000 GCTaskThread "GC Thread#14" [stack: 0x0000004ccf200000,0x0000004ccf300000] [id=6592]
  0x000001c8c995c000 GCTaskThread "GC Thread#15" [stack: 0x0000004ccf300000,0x0000004ccf400000] [id=13808]
  0x000001c8c995d800 GCTaskThread "GC Thread#16" [stack: 0x0000004ccf400000,0x0000004ccf500000] [id=12920]
  0x000001c8c9962800 GCTaskThread "GC Thread#17" [stack: 0x0000004ccf500000,0x0000004ccf600000] [id=12936]
  0x000001c8c995b800 GCTaskThread "GC Thread#18" [stack: 0x0000004ccf600000,0x0000004ccf700000] [id=11052]
  0x000001c8c995e000 GCTaskThread "GC Thread#19" [stack: 0x0000004ccf700000,0x0000004ccf800000] [id=7956]
  0x000001c8c9963000 GCTaskThread "GC Thread#20" [stack: 0x0000004ccf800000,0x0000004ccf900000] [id=6964]
  0x000001c8c9963800 GCTaskThread "GC Thread#21" [stack: 0x0000004ccf900000,0x0000004ccfa00000] [id=10264]
  0x000001c8c995d000 GCTaskThread "GC Thread#22" [stack: 0x0000004ccfa00000,0x0000004ccfb00000] [id=7900]
  0x000001c8c9967800 GCTaskThread "GC Thread#23" [stack: 0x0000004ccfb00000,0x0000004ccfc00000] [id=7652]
  0x000001c8c9968800 GCTaskThread "GC Thread#24" [stack: 0x0000004ccfc00000,0x0000004ccfd00000] [id=7904]
  0x000001c8c9b1b000 ConcurrentGCThread "G1 Main Marker" [stack: 0x0000004cd1700000,0x0000004cd1800000] [id=9028]
  0x000001c8c9969800 ConcurrentGCThread "G1 Marker#0" [stack: 0x0000004cd1800000,0x0000004cd1900000] [id=8672]
  0x000001c8c9964800 ConcurrentGCThread "G1 Marker#1" [stack: 0x0000004cd1900000,0x0000004cd1a00000] [id=8692]
  0x000001c8c9965800 ConcurrentGCThread "G1 Marker#2" [stack: 0x0000004cd1a00000,0x0000004cd1b00000] [id=8688]
  0x000001c8c9965000 ConcurrentGCThread "G1 Marker#3" [stack: 0x0000004cd1b00000,0x0000004cd1c00000] [id=7424]
  0x000001c8c9966000 ConcurrentGCThread "G1 Marker#4" [stack: 0x0000004cd1c00000,0x0000004cd1d00000] [id=7428]
  0x000001c8c9967000 ConcurrentGCThread "G1 Marker#5" [stack: 0x0000004cd1d00000,0x0000004cd1e00000] [id=7084]
  0x000001c8cfb57800 ConcurrentGCThread "G1 Refine#0" [stack: 0x0000004cd1500000,0x0000004cd1600000] [id=9980]
  0x000001c8cfb5a000 ConcurrentGCThread "G1 Refine#1" [stack: 0x0000004cd1400000,0x0000004cd1500000] [id=9976]
  0x000001c8cfb5e800 ConcurrentGCThread "G1 Refine#2" [stack: 0x0000004cd1300000,0x0000004cd1400000] [id=6316]
  0x000001c8cfb59800 ConcurrentGCThread "G1 Refine#3" [stack: 0x0000004cd1200000,0x0000004cd1300000] [id=7656]
  0x000001c8cfb5c000 ConcurrentGCThread "G1 Refine#4" [stack: 0x0000004cd1100000,0x0000004cd1200000] [id=8124]
  0x000001c8cfb5b000 ConcurrentGCThread "G1 Refine#5" [stack: 0x0000004cd1000000,0x0000004cd1100000] [id=8536]
  0x000001c8cfb5c800 ConcurrentGCThread "G1 Refine#6" [stack: 0x0000004cd0f00000,0x0000004cd1000000] [id=7808]
  0x000001c8cfb5e000 ConcurrentGCThread "G1 Refine#7" [stack: 0x0000004cd0e00000,0x0000004cd0f00000] [id=7380]
  0x000001c8caa5a000 ConcurrentGCThread "G1 Refine#8" [stack: 0x0000004cd0d00000,0x0000004cd0e00000] [id=7384]
  0x000001c8caa57800 ConcurrentGCThread "G1 Refine#9" [stack: 0x0000004cd0c00000,0x0000004cd0d00000] [id=7388]
  0x000001c8caa57000 ConcurrentGCThread "G1 Refine#10" [stack: 0x0000004cd0b00000,0x0000004cd0c00000] [id=7392]
  0x000001c8caa54800 ConcurrentGCThread "G1 Refine#11" [stack: 0x0000004cd0a00000,0x0000004cd0b00000] [id=7396]
  0x000001c8caa55000 ConcurrentGCThread "G1 Refine#12" [stack: 0x0000004cd0900000,0x0000004cd0a00000] [id=7680]
  0x000001c8caa56800 ConcurrentGCThread "G1 Refine#13" [stack: 0x0000004cd0800000,0x0000004cd0900000] [id=7400]
  0x000001c8caa55800 ConcurrentGCThread "G1 Refine#14" [stack: 0x0000004cd0700000,0x0000004cd0800000] [id=7836]
  0x000001c8caa59800 ConcurrentGCThread "G1 Refine#15" [stack: 0x0000004cd0600000,0x0000004cd0700000] [id=7988]
  0x000001c8caa58000 ConcurrentGCThread "G1 Refine#16" [stack: 0x0000004cd0500000,0x0000004cd0600000] [id=9932]
  0x000001c8caa59000 ConcurrentGCThread "G1 Refine#17" [stack: 0x0000004cd0400000,0x0000004cd0500000] [id=12204]
  0x000001c8caa5b800 ConcurrentGCThread "G1 Refine#18" [stack: 0x0000004cd0300000,0x0000004cd0400000] [id=12232]
  0x000001c8caa5b000 ConcurrentGCThread "G1 Refine#19" [stack: 0x0000004cd0200000,0x0000004cd0300000] [id=8916]
  0x000001c8cd4e4000 ConcurrentGCThread "G1 Refine#20" [stack: 0x0000004cd0100000,0x0000004cd0200000] [id=7012]
  0x000001c8cf8fc000 ConcurrentGCThread "G1 Refine#21" [stack: 0x0000004cd0000000,0x0000004cd0100000] [id=8696]
  0x000001c8cf8fb800 ConcurrentGCThread "G1 Refine#22" [stack: 0x0000004ccff00000,0x0000004cd0000000] [id=1344]
  0x000001c8cc320800 ConcurrentGCThread "G1 Refine#23" [stack: 0x0000004ccfe00000,0x0000004ccff00000] [id=10944]
  0x000001c8cefb4000 ConcurrentGCThread "G1 Refine#24" [stack: 0x0000004ccfd00000,0x0000004ccfe00000] [id=7460]
  0x000001c8cfb5d000 ConcurrentGCThread "G1 Young RemSet Sampling" [stack: 0x0000004cd1600000,0x0000004cd1700000] [id=9972]

Threads with active compile tasks:
C2 CompilerThread321586       4       ui.data.experiment.B::aLw (22 bytes)

VM state:not at safepoint (normal execution)

VM Mutex/Monitor currently owned by a thread: None

Heap address: 0x0000000700000000, size: 3072 MB, Compressed Oops mode: Zero based, Oop shift amount: 3
Narrow klass base: 0x0000000000000000, Narrow klass shift: 3
Compressed class space size: 1073741824 Address: 0x00000007c0000000

Heap:
 garbage-first heap   total 313344K, used 103679K [0x0000000700000000, 0x0000000700100990, 0x00000007c0000000)
  region size 1024K, 10 young (10240K), 0 survivors (0K)
 Metaspace       used 85717K, capacity 92161K, committed 92416K, reserved 1128448K
  class space    used 11931K, capacity 13045K, committed 13056K, reserved 1048576K
Heap Regions: E=young(eden), S=young(survivor), O=old, HS=humongous(starts), HC=humongous(continues), CS=collection set, F=free, A=archive, TS=gc time stamp, AC=allocation context, TAMS=top-at-mark-start (previous, next)
|   0|0x0000000700000000, 0x00000007000a4e58, 0x0000000700100000| 64%| O|  |TS  0|AC  0|TAMS 0x0000000700000000, 0x0000000700000000|
|   1|0x0000000700100000, 0x00000007001f4030, 0x0000000700200000| 95%| O|  |TS  0|AC  0|TAMS 0x0000000700100000, 0x0000000700100000|
|   2|0x0000000700200000, 0x00000007002ff560, 0x0000000700300000| 99%| O|  |TS  0|AC  0|TAMS 0x0000000700200000, 0x0000000700200000|
|   3|0x0000000700300000, 0x00000007003f3498, 0x0000000700400000| 95%| O|  |TS  0|AC  0|TAMS 0x0000000700300000, 0x0000000700300000|
|   4|0x0000000700400000, 0x0000000700500000, 0x0000000700500000|100%|HS|  |TS  0|AC  0|TAMS 0x0000000700400000, 0x0000000700400000|
|   5|0x0000000700500000, 0x0000000700600000, 0x0000000700600000|100%|HC|  |TS  0|AC  0|TAMS 0x0000000700500000, 0x0000000700500000|
|   6|0x0000000700600000, 0x0000000700700000, 0x0000000700700000|100%|HS|  |TS  0|AC  0|TAMS 0x0000000700600000, 0x0000000700600000|
|   7|0x0000000700700000, 0x00000007007e0500, 0x0000000700800000| 87%| O|  |TS  0|AC  0|TAMS 0x0000000700700000, 0x0000000700700000|
|   8|0x0000000700800000, 0x00000007008c3708, 0x0000000700900000| 76%| O|  |TS  0|AC  0|TAMS 0x0000000700800000, 0x0000000700800000|
|   9|0x0000000700900000, 0x00000007009ffea0, 0x0000000700a00000| 99%| O|  |TS  0|AC  0|TAMS 0x0000000700900000, 0x0000000700900000|
|  10|0x0000000700a00000, 0x0000000700afffd8, 0x0000000700b00000| 99%| O|  |TS  0|AC  0|TAMS 0x0000000700a00000, 0x0000000700a00000|
|  11|0x0000000700b00000, 0x0000000700bffa20, 0x0000000700c00000| 99%| O|  |TS  0|AC  0|TAMS 0x0000000700b00000, 0x0000000700b00000|
|  12|0x0000000700c00000, 0x0000000700cffff0, 0x0000000700d00000| 99%| O|  |TS  0|AC  0|TAMS 0x0000000700c00000, 0x0000000700c00000|
|  13|0x0000000700d00000, 0x0000000700df1710, 0x0000000700e00000| 94%| O|  |TS  0|AC  0|TAMS 0x0000000700d00000, 0x0000000700d00000|
|  14|0x0000000700e00000, 0x0000000700f00000, 0x0000000700f00000|100%| O|  |TS  0|AC  0|TAMS 0x0000000700e00000, 0x0000000700e00000|
|  15|0x0000000700f00000, 0x0000000701000000, 0x0000000701000000|100%| O|  |TS  0|AC  0|TAMS 0x0000000700f00000, 0x0000000700f00000|
|  16|0x0000000701000000, 0x0000000701100000, 0x0000000701100000|100%| O|  |TS  0|AC  0|TAMS 0x0000000701000000, 0x0000000701000000|
|  17|0x0000000701100000, 0x00000007011ffff0, 0x0000000701200000| 99%| O|  |TS  0|AC  0|TAMS 0x0000000701100000, 0x0000000701100000|
|  18|0x0000000701200000, 0x00000007012ffff0, 0x0000000701300000| 99%| O|  |TS  0|AC  0|TAMS 0x0000000701200000, 0x0000000701200000|
|  19|0x0000000701300000, 0x0000000701400000, 0x0000000701400000|100%| O|  |TS  0|AC  0|TAMS 0x0000000701300000, 0x0000000701300000|
|  20|0x0000000701400000, 0x00000007014f99f0, 0x0000000701500000| 97%| O|  |TS  0|AC  0|TAMS 0x0000000701400000, 0x0000000701400000|
|  21|0x0000000701500000, 0x0000000701600000, 0x0000000701600000|100%| O|  |TS  0|AC  0|TAMS 0x0000000701500000, 0x0000000701500000|
|  22|0x0000000701600000, 0x00000007016fffc8, 0x0000000701700000| 99%| O|  |TS  0|AC  0|TAMS 0x0000000701600000, 0x0000000701600000|
|  23|0x0000000701700000, 0x00000007017ffff0, 0x0000000701800000| 99%| O|  |TS  0|AC  0|TAMS 0x0000000701700000, 0x0000000701700000|
|  24|0x0000000701800000, 0x0000000701900000, 0x0000000701900000|100%| O|  |TS  0|AC  0|TAMS 0x0000000701800000, 0x0000000701800000|
|  25|0x0000000701900000, 0x00000007019fffe8, 0x0000000701a00000| 99%| O|  |TS  0|AC  0|TAMS 0x0000000701900000, 0x0000000701900000|
|  26|0x0000000701a00000, 0x0000000701affff0, 0x0000000701b00000| 99%| O|  |TS  0|AC  0|TAMS 0x0000000701a00000, 0x0000000701a00000|
|  27|0x0000000701b00000, 0x0000000701bffff8, 0x0000000701c00000| 99%| O|  |TS  0|AC  0|TAMS 0x0000000701b00000, 0x0000000701b00000|
|  28|0x0000000701c00000, 0x0000000701d00000, 0x0000000701d00000|100%| O|  |TS  0|AC  0|TAMS 0x0000000701c00000, 0x0000000701c00000|
|  29|0x0000000701d00000, 0x0000000701dffff8, 0x0000000701e00000| 99%| O|  |TS  0|AC  0|TAMS 0x0000000701d00000, 0x0000000701d00000|
|  30|0x0000000701e00000, 0x0000000701effff0, 0x0000000701f00000| 99%| O|  |TS  0|AC  0|TAMS 0x0000000701e00000, 0x0000000701e00000|
|  31|0x0000000701f00000, 0x0000000701fffff0, 0x0000000702000000| 99%| O|  |TS  0|AC  0|TAMS 0x0000000701f00000, 0x0000000701f00000|
|  32|0x0000000702000000, 0x00000007020fffe0, 0x0000000702100000| 99%| O|  |TS  0|AC  0|TAMS 0x0000000702000000, 0x0000000702000000|
|  33|0x0000000702100000, 0x00000007021ffff8, 0x0000000702200000| 99%| O|  |TS  0|AC  0|TAMS 0x0000000702100000, 0x0000000702100000|
|  34|0x0000000702200000, 0x0000000702300000, 0x0000000702300000|100%| O|  |TS  0|AC  0|TAMS 0x0000000702200000, 0x0000000702200000|
|  35|0x0000000702300000, 0x00000007023ffff0, 0x0000000702400000| 99%| O|  |TS  0|AC  0|TAMS 0x0000000702300000, 0x0000000702300000|
|  36|0x0000000702400000, 0x0000000702500000, 0x0000000702500000|100%| O|  |TS  0|AC  0|TAMS 0x0000000702400000, 0x0000000702400000|
|  37|0x0000000702500000, 0x00000007025d6238, 0x0000000702600000| 83%| O|  |TS  0|AC  0|TAMS 0x0000000702500000, 0x0000000702500000|
|  38|0x0000000702600000, 0x00000007026ffff8, 0x0000000702700000| 99%| O|  |TS  0|AC  0|TAMS 0x0000000702600000, 0x0000000702600000|
|  39|0x0000000702700000, 0x00000007027ffff0, 0x0000000702800000| 99%| O|  |TS  0|AC  0|TAMS 0x0000000702700000, 0x0000000702700000|
|  40|0x0000000702800000, 0x00000007028fffd0, 0x0000000702900000| 99%| O|  |TS  0|AC  0|TAMS 0x0000000702800000, 0x0000000702800000|
|  41|0x0000000702900000, 0x0000000702a00000, 0x0000000702a00000|100%| O|  |TS  0|AC  0|TAMS 0x0000000702900000, 0x0000000702900000|
|  42|0x0000000702a00000, 0x0000000702b00000, 0x0000000702b00000|100%|HS|  |TS  0|AC  0|TAMS 0x0000000702a00000, 0x0000000702a00000|
|  43|0x0000000702b00000, 0x0000000702c00000, 0x0000000702c00000|100%|HC|  |TS  0|AC  0|TAMS 0x0000000702b00000, 0x0000000702b00000|
|  44|0x0000000702c00000, 0x0000000702d00000, 0x0000000702d00000|100%|HC|  |TS  0|AC  0|TAMS 0x0000000702c00000, 0x0000000702c00000|
|  45|0x0000000702d00000, 0x0000000702e00000, 0x0000000702e00000|100%|HC|  |TS  0|AC  0|TAMS 0x0000000702d00000, 0x0000000702d00000|
|  46|0x0000000702e00000, 0x0000000702f00000, 0x0000000702f00000|100%|HC|  |TS  0|AC  0|TAMS 0x0000000702e00000, 0x0000000702e00000|
|  47|0x0000000702f00000, 0x0000000703000000, 0x0000000703000000|100%|HC|  |TS  0|AC  0|TAMS 0x0000000702f00000, 0x0000000702f00000|
|  48|0x0000000703000000, 0x0000000703100000, 0x0000000703100000|100%|HC|  |TS  0|AC  0|TAMS 0x0000000703000000, 0x0000000703000000|
|  49|0x0000000703100000, 0x0000000703200000, 0x0000000703200000|100%|HC|  |TS  0|AC  0|TAMS 0x0000000703100000, 0x0000000703100000|
|  50|0x0000000703200000, 0x0000000703300000, 0x0000000703300000|100%|HS|  |TS  0|AC  0|TAMS 0x0000000703200000, 0x0000000703200000|
|  51|0x0000000703300000, 0x0000000703400000, 0x0000000703400000|100%|HS|  |TS  0|AC  0|TAMS 0x0000000703300000, 0x0000000703300000|
|  52|0x0000000703400000, 0x0000000703500000, 0x0000000703500000|100%|HS|  |TS  0|AC  0|TAMS 0x0000000703400000, 0x0000000703400000|
|  53|0x0000000703500000, 0x0000000703600000, 0x0000000703600000|100%|HS|  |TS  0|AC  0|TAMS 0x0000000703500000, 0x0000000703500000|
|  54|0x0000000703600000, 0x0000000703700000, 0x0000000703700000|100%|HS|  |TS  0|AC  0|TAMS 0x0000000703600000, 0x0000000703600000|
|  55|0x0000000703700000, 0x0000000703800000, 0x0000000703800000|100%|HC|  |TS  0|AC  0|TAMS 0x0000000703700000, 0x0000000703700000|
|  56|0x0000000703800000, 0x0000000703900000, 0x0000000703900000|100%|HS|  |TS  0|AC  0|TAMS 0x0000000703800000, 0x0000000703800000|
|  57|0x0000000703900000, 0x0000000703a00000, 0x0000000703a00000|100%| O|  |TS  0|AC  0|TAMS 0x0000000703900000, 0x0000000703900000|
|  58|0x0000000703a00000, 0x0000000703afffe8, 0x0000000703b00000| 99%| O|  |TS  0|AC  0|TAMS 0x0000000703a00000, 0x0000000703a00000|
|  59|0x0000000703b00000, 0x0000000703bfffe8, 0x0000000703c00000| 99%| O|  |TS  0|AC  0|TAMS 0x0000000703b00000, 0x0000000703b00000|
|  60|0x0000000703c00000, 0x0000000703cfffa0, 0x0000000703d00000| 99%| O|  |TS  0|AC  0|TAMS 0x0000000703c00000, 0x0000000703c00000|
|  61|0x0000000703d00000, 0x0000000703dffff8, 0x0000000703e00000| 99%| O|  |TS  0|AC  0|TAMS 0x0000000703d00000, 0x0000000703d00000|
|  62|0x0000000703e00000, 0x0000000703efffc8, 0x0000000703f00000| 99%| O|  |TS  0|AC  0|TAMS 0x0000000703e00000, 0x0000000703e00000|
|  63|0x0000000703f00000, 0x0000000703fffe60, 0x0000000704000000| 99%| O|  |TS  0|AC  0|TAMS 0x0000000703f00000, 0x0000000703f00000|
|  64|0x0000000704000000, 0x00000007040fffe0, 0x0000000704100000| 99%| O|  |TS  0|AC  0|TAMS 0x0000000704000000, 0x0000000704000000|
|  65|0x0000000704100000, 0x0000000704200000, 0x0000000704200000|100%| O|  |TS  0|AC  0|TAMS 0x0000000704100000, 0x0000000704100000|
|  66|0x0000000704200000, 0x00000007042fff88, 0x0000000704300000| 99%| O|  |TS  0|AC  0|TAMS 0x0000000704200000, 0x0000000704200000|
|  67|0x0000000704300000, 0x0000000704400000, 0x0000000704400000|100%| O|  |TS  0|AC  0|TAMS 0x0000000704300000, 0x0000000704300000|
|  68|0x0000000704400000, 0x00000007044ffff8, 0x0000000704500000| 99%| O|  |TS  0|AC  0|TAMS 0x0000000704400000, 0x0000000704400000|
|  69|0x0000000704500000, 0x00000007045fffc8, 0x0000000704600000| 99%| O|  |TS  0|AC  0|TAMS 0x0000000704500000, 0x0000000704500000|
|  70|0x0000000704600000, 0x00000007046ffff8, 0x0000000704700000| 99%| O|  |TS  0|AC  0|TAMS 0x0000000704600000, 0x0000000704600000|
|  71|0x0000000704700000, 0x00000007047ffff8, 0x0000000704800000| 99%| O|  |TS  0|AC  0|TAMS 0x0000000704700000, 0x0000000704700000|
|  72|0x0000000704800000, 0x0000000704900000, 0x0000000704900000|100%| O|  |TS  0|AC  0|TAMS 0x0000000704800000, 0x0000000704800000|
|  73|0x0000000704900000, 0x00000007049ffff8, 0x0000000704a00000| 99%| O|  |TS  0|AC  0|TAMS 0x0000000704900000, 0x0000000704900000|
|  74|0x0000000704a00000, 0x0000000704b00000, 0x0000000704b00000|100%| O|  |TS  0|AC  0|TAMS 0x0000000704a00000, 0x0000000704a00000|
|  75|0x0000000704b00000, 0x0000000704bfffe8, 0x0000000704c00000| 99%| O|  |TS  0|AC  0|TAMS 0x0000000704b00000, 0x0000000704b00000|
|  76|0x0000000704c00000, 0x0000000704cfffc8, 0x0000000704d00000| 99%| O|  |TS  0|AC  0|TAMS 0x0000000704c00000, 0x0000000704c00000|
|  77|0x0000000704d00000, 0x0000000704e00000, 0x0000000704e00000|100%| O|  |TS  0|AC  0|TAMS 0x0000000704d00000, 0x0000000704d00000|
|  78|0x0000000704e00000, 0x0000000704efffd8, 0x0000000704f00000| 99%| O|  |TS  0|AC  0|TAMS 0x0000000704e00000, 0x0000000704e00000|
|  79|0x0000000704f00000, 0x0000000705000000, 0x0000000705000000|100%| O|  |TS  0|AC  0|TAMS 0x0000000704f00000, 0x0000000704f00000|
|  80|0x0000000705000000, 0x00000007050ffff0, 0x0000000705100000| 99%| O|  |TS  0|AC  0|TAMS 0x0000000705000000, 0x0000000705000000|
|  81|0x0000000705100000, 0x00000007051ffff8, 0x0000000705200000| 99%| O|  |TS  0|AC  0|TAMS 0x0000000705100000, 0x0000000705100000|
|  82|0x0000000705200000, 0x00000007052ffff8, 0x0000000705300000| 99%| O|  |TS  0|AC  0|TAMS 0x0000000705200000, 0x0000000705200000|
|  83|0x0000000705300000, 0x00000007053ffff8, 0x0000000705400000| 99%| O|  |TS  0|AC  0|TAMS 0x0000000705300000, 0x0000000705300000|
|  84|0x0000000705400000, 0x00000007054fffe8, 0x0000000705500000| 99%| O|  |TS  0|AC  0|TAMS 0x0000000705400000, 0x0000000705400000|
|  85|0x0000000705500000, 0x00000007055ffff0, 0x0000000705600000| 99%| O|  |TS  0|AC  0|TAMS 0x0000000705500000, 0x0000000705500000|
|  86|0x0000000705600000, 0x0000000705700000, 0x0000000705700000|100%| O|  |TS  0|AC  0|TAMS 0x0000000705600000, 0x0000000705600000|
|  87|0x0000000705700000, 0x00000007057ffff0, 0x0000000705800000| 99%| O|  |TS  0|AC  0|TAMS 0x0000000705700000, 0x0000000705700000|
|  88|0x0000000705800000, 0x0000000705900000, 0x0000000705900000|100%| O|  |TS  0|AC  0|TAMS 0x0000000705800000, 0x0000000705800000|
|  89|0x0000000705900000, 0x00000007059ffff0, 0x0000000705a00000| 99%| O|  |TS  0|AC  0|TAMS 0x0000000705900000, 0x0000000705900000|
|  90|0x0000000705a00000, 0x0000000705b00000, 0x0000000705b00000|100%|HS|  |TS  0|AC  0|TAMS 0x0000000705a00000, 0x0000000705a00000|
|  91|0x0000000705b00000, 0x0000000705b502a0, 0x0000000705c00000| 31%| O|  |TS  0|AC  0|TAMS 0x0000000705b00000, 0x0000000705b00000|
|  92|0x0000000705c00000, 0x0000000705d00000, 0x0000000705d00000|100%|HS|  |TS  0|AC  0|TAMS 0x0000000705c00000, 0x0000000705c00000|
|  93|0x0000000705d00000, 0x0000000705e00000, 0x0000000705e00000|100%|HC|  |TS  0|AC  0|TAMS 0x0000000705d00000, 0x0000000705d00000|
|  94|0x0000000705e00000, 0x0000000705e00000, 0x0000000705f00000|  0%| F|  |TS  0|AC  0|TAMS 0x0000000705e00000, 0x0000000705e00000|
|  95|0x0000000705f00000, 0x0000000705f00000, 0x0000000706000000|  0%| F|  |TS  0|AC  0|TAMS 0x0000000705f00000, 0x0000000705f00000|
|  96|0x0000000706000000, 0x0000000706000000, 0x0000000706100000|  0%| F|  |TS  0|AC  0|TAMS 0x0000000706000000, 0x0000000706000000|
|  97|0x0000000706100000, 0x0000000706100000, 0x0000000706200000|  0%| F|  |TS  0|AC  0|TAMS 0x0000000706100000, 0x0000000706100000|
|  98|0x0000000706200000, 0x0000000706200000, 0x0000000706300000|  0%| F|  |TS  0|AC  0|TAMS 0x0000000706200000, 0x0000000706200000|
|  99|0x0000000706300000, 0x0000000706300000, 0x0000000706400000|  0%| F|  |TS  0|AC  0|TAMS 0x0000000706300000, 0x0000000706300000|
| 100|0x0000000706400000, 0x0000000706400000, 0x0000000706500000|  0%| F|  |TS  0|AC  0|TAMS 0x0000000706400000, 0x0000000706400000|
| 101|0x0000000706500000, 0x0000000706500000, 0x0000000706600000|  0%| F|  |TS  0|AC  0|TAMS 0x0000000706500000, 0x0000000706500000|
| 102|0x0000000706600000, 0x0000000706600000, 0x0000000706700000|  0%| F|  |TS  0|AC  0|TAMS 0x0000000706600000, 0x0000000706600000|
| 103|0x0000000706700000, 0x0000000706700000, 0x0000000706800000|  0%| F|  |TS  0|AC  0|TAMS 0x0000000706700000, 0x0000000706700000|
| 104|0x0000000706800000, 0x0000000706800000, 0x0000000706900000|  0%| F|  |TS  0|AC  0|TAMS 0x0000000706800000, 0x0000000706800000|
| 105|0x0000000706900000, 0x0000000706900000, 0x0000000706a00000|  0%| F|  |TS  0|AC  0|TAMS 0x0000000706900000, 0x0000000706900000|
| 106|0x0000000706a00000, 0x0000000706a00000, 0x0000000706b00000|  0%| F|  |TS  0|AC  0|TAMS 0x0000000706a00000, 0x0000000706a00000|
| 107|0x0000000706b00000, 0x0000000706b00000, 0x0000000706c00000|  0%| F|  |TS  0|AC  0|TAMS 0x0000000706b00000, 0x0000000706b00000|
| 108|0x0000000706c00000, 0x0000000706c00000, 0x0000000706d00000|  0%| F|  |TS  0|AC  0|TAMS 0x0000000706c00000, 0x0000000706c00000|
| 109|0x0000000706d00000, 0x0000000706d00000, 0x0000000706e00000|  0%| F|  |TS  0|AC  0|TAMS 0x0000000706d00000, 0x0000000706d00000|
| 110|0x0000000706e00000, 0x0000000706e00000, 0x0000000706f00000|  0%| F|  |TS  0|AC  0|TAMS 0x0000000706e00000, 0x0000000706e00000|
| 111|0x0000000706f00000, 0x0000000706f00000, 0x0000000707000000|  0%| F|  |TS  0|AC  0|TAMS 0x0000000706f00000, 0x0000000706f00000|
| 112|0x0000000707000000, 0x0000000707000000, 0x0000000707100000|  0%| F|  |TS  0|AC  0|TAMS 0x0000000707000000, 0x0000000707000000|
| 113|0x0000000707100000, 0x0000000707100000, 0x0000000707200000|  0%| F|  |TS  0|AC  0|TAMS 0x0000000707100000, 0x0000000707100000|
| 114|0x0000000707200000, 0x0000000707200000, 0x0000000707300000|  0%| F|  |TS  0|AC  0|TAMS 0x0000000707200000, 0x0000000707200000|
| 115|0x0000000707300000, 0x0000000707300000, 0x0000000707400000|  0%| F|  |TS  0|AC  0|TAMS 0x0000000707300000, 0x0000000707300000|
| 116|0x0000000707400000, 0x0000000707400000, 0x0000000707500000|  0%| F|  |TS  0|AC  0|TAMS 0x0000000707400000, 0x0000000707400000|
| 117|0x0000000707500000, 0x0000000707500000, 0x0000000707600000|  0%| F|  |TS  0|AC  0|TAMS 0x0000000707500000, 0x0000000707500000|
| 118|0x0000000707600000, 0x0000000707600000, 0x0000000707700000|  0%| F|  |TS  0|AC  0|TAMS 0x0000000707600000, 0x0000000707600000|
| 119|0x0000000707700000, 0x0000000707700000, 0x0000000707800000|  0%| F|  |TS  0|AC  0|TAMS 0x0000000707700000, 0x0000000707700000|
| 120|0x0000000707800000, 0x0000000707800000, 0x0000000707900000|  0%| F|  |TS  0|AC  0|TAMS 0x0000000707800000, 0x0000000707800000|
| 121|0x0000000707900000, 0x0000000707900000, 0x0000000707a00000|  0%| F|  |TS  0|AC  0|TAMS 0x0000000707900000, 0x0000000707900000|
| 122|0x0000000707a00000, 0x0000000707a00000, 0x0000000707b00000|  0%| F|  |TS  0|AC  0|TAMS 0x0000000707a00000, 0x0000000707a00000|
| 123|0x0000000707b00000, 0x0000000707b00000, 0x0000000707c00000|  0%| F|  |TS  0|AC  0|TAMS 0x0000000707b00000, 0x0000000707b00000|
| 124|0x0000000707c00000, 0x0000000707c00000, 0x0000000707d00000|  0%| F|  |TS  0|AC  0|TAMS 0x0000000707c00000, 0x0000000707c00000|
| 125|0x0000000707d00000, 0x0000000707d00000, 0x0000000707e00000|  0%| F|  |TS  0|AC  0|TAMS 0x0000000707d00000, 0x0000000707d00000|
| 126|0x0000000707e00000, 0x0000000707e00000, 0x0000000707f00000|  0%| F|  |TS  0|AC  0|TAMS 0x0000000707e00000, 0x0000000707e00000|
| 127|0x0000000707f00000, 0x0000000707f00000, 0x0000000708000000|  0%| F|  |TS  0|AC  0|TAMS 0x0000000707f00000, 0x0000000707f00000|
| 128|0x0000000708000000, 0x0000000708000000, 0x0000000708100000|  0%| F|  |TS  0|AC  0|TAMS 0x0000000708000000, 0x0000000708000000|
| 129|0x0000000708100000, 0x0000000708100000, 0x0000000708200000|  0%| F|  |TS  0|AC  0|TAMS 0x0000000708100000, 0x0000000708100000|
| 130|0x0000000708200000, 0x0000000708200000, 0x0000000708300000|  0%| F|  |TS  0|AC  0|TAMS 0x0000000708200000, 0x0000000708200000|
| 131|0x0000000708300000, 0x0000000708300000, 0x0000000708400000|  0%| F|  |TS  0|AC  0|TAMS 0x0000000708300000, 0x0000000708300000|
| 132|0x0000000708400000, 0x0000000708400000, 0x0000000708500000|  0%| F|  |TS  0|AC  0|TAMS 0x0000000708400000, 0x0000000708400000|
| 133|0x0000000708500000, 0x0000000708500000, 0x0000000708600000|  0%| F|  |TS  0|AC  0|TAMS 0x0000000708500000, 0x0000000708500000|
| 134|0x0000000708600000, 0x0000000708600000, 0x0000000708700000|  0%| F|  |TS  0|AC  0|TAMS 0x0000000708600000, 0x0000000708600000|
| 135|0x0000000708700000, 0x0000000708700000, 0x0000000708800000|  0%| F|  |TS  0|AC  0|TAMS 0x0000000708700000, 0x0000000708700000|
| 136|0x0000000708800000, 0x0000000708800000, 0x0000000708900000|  0%| F|  |TS  0|AC  0|TAMS 0x0000000708800000, 0x0000000708800000|
| 137|0x0000000708900000, 0x0000000708900000, 0x0000000708a00000|  0%| F|  |TS  0|AC  0|TAMS 0x0000000708900000, 0x0000000708900000|
| 138|0x0000000708a00000, 0x0000000708a00000, 0x0000000708b00000|  0%| F|  |TS  0|AC  0|TAMS 0x0000000708a00000, 0x0000000708a00000|
| 139|0x0000000708b00000, 0x0000000708b00000, 0x0000000708c00000|  0%| F|  |TS  0|AC  0|TAMS 0x0000000708b00000, 0x0000000708b00000|
| 140|0x0000000708c00000, 0x0000000708c00000, 0x0000000708d00000|  0%| F|  |TS  0|AC  0|TAMS 0x0000000708c00000, 0x0000000708c00000|
| 141|0x0000000708d00000, 0x0000000708d00000, 0x0000000708e00000|  0%| F|  |TS  0|AC  0|TAMS 0x0000000708d00000, 0x0000000708d00000|
| 142|0x0000000708e00000, 0x0000000708e00000, 0x0000000708f00000|  0%| F|  |TS  0|AC  0|TAMS 0x0000000708e00000, 0x0000000708e00000|
| 143|0x0000000708f00000, 0x0000000708f00000, 0x0000000709000000|  0%| F|  |TS  0|AC  0|TAMS 0x0000000708f00000, 0x0000000708f00000|
| 144|0x0000000709000000, 0x0000000709000000, 0x0000000709100000|  0%| F|  |TS  0|AC  0|TAMS 0x0000000709000000, 0x0000000709000000|
| 145|0x0000000709100000, 0x0000000709100000, 0x0000000709200000|  0%| F|  |TS  0|AC  0|TAMS 0x0000000709100000, 0x0000000709100000|
| 146|0x0000000709200000, 0x0000000709200000, 0x0000000709300000|  0%| F|  |TS  0|AC  0|TAMS 0x0000000709200000, 0x0000000709200000|
| 147|0x0000000709300000, 0x0000000709300000, 0x0000000709400000|  0%| F|  |TS  0|AC  0|TAMS 0x0000000709300000, 0x0000000709300000|
| 148|0x0000000709400000, 0x0000000709400000, 0x0000000709500000|  0%| F|  |TS  0|AC  0|TAMS 0x0000000709400000, 0x0000000709400000|
| 149|0x0000000709500000, 0x0000000709500000, 0x0000000709600000|  0%| F|  |TS  0|AC  0|TAMS 0x0000000709500000, 0x0000000709500000|
| 150|0x0000000709600000, 0x0000000709600000, 0x0000000709700000|  0%| F|  |TS  0|AC  0|TAMS 0x0000000709600000, 0x0000000709600000|
| 151|0x0000000709700000, 0x0000000709700000, 0x0000000709800000|  0%| F|  |TS  0|AC  0|TAMS 0x0000000709700000, 0x0000000709700000|
| 152|0x0000000709800000, 0x0000000709800000, 0x0000000709900000|  0%| F|  |TS  0|AC  0|TAMS 0x0000000709800000, 0x0000000709800000|
| 153|0x0000000709900000, 0x0000000709900000, 0x0000000709a00000|  0%| F|  |TS  0|AC  0|TAMS 0x0000000709900000, 0x0000000709900000|
| 154|0x0000000709a00000, 0x0000000709a00000, 0x0000000709b00000|  0%| F|  |TS  0|AC  0|TAMS 0x0000000709a00000, 0x0000000709a00000|
| 155|0x0000000709b00000, 0x0000000709b00000, 0x0000000709c00000|  0%| F|  |TS  0|AC  0|TAMS 0x0000000709b00000, 0x0000000709b00000|
| 156|0x0000000709c00000, 0x0000000709c00000, 0x0000000709d00000|  0%| F|  |TS  0|AC  0|TAMS 0x0000000709c00000, 0x0000000709c00000|
| 157|0x0000000709d00000, 0x0000000709d00000, 0x0000000709e00000|  0%| F|  |TS  0|AC  0|TAMS 0x0000000709d00000, 0x0000000709d00000|
| 158|0x0000000709e00000, 0x0000000709e00000, 0x0000000709f00000|  0%| F|  |TS  0|AC  0|TAMS 0x0000000709e00000, 0x0000000709e00000|
| 159|0x0000000709f00000, 0x0000000709f00000, 0x000000070a000000|  0%| F|  |TS  0|AC  0|TAMS 0x0000000709f00000, 0x0000000709f00000|
| 160|0x000000070a000000, 0x000000070a000000, 0x000000070a100000|  0%| F|  |TS  0|AC  0|TAMS 0x000000070a000000, 0x000000070a000000|
| 161|0x000000070a100000, 0x000000070a100000, 0x000000070a200000|  0%| F|  |TS  0|AC  0|TAMS 0x000000070a100000, 0x000000070a100000|
| 162|0x000000070a200000, 0x000000070a200000, 0x000000070a300000|  0%| F|  |TS  0|AC  0|TAMS 0x000000070a200000, 0x000000070a200000|
| 163|0x000000070a300000, 0x000000070a300000, 0x000000070a400000|  0%| F|  |TS  0|AC  0|TAMS 0x000000070a300000, 0x000000070a300000|
| 164|0x000000070a400000, 0x000000070a400000, 0x000000070a500000|  0%| F|  |TS  0|AC  0|TAMS 0x000000070a400000, 0x000000070a400000|
| 165|0x000000070a500000, 0x000000070a500000, 0x000000070a600000|  0%| F|  |TS  0|AC  0|TAMS 0x000000070a500000, 0x000000070a500000|
| 166|0x000000070a600000, 0x000000070a600000, 0x000000070a700000|  0%| F|  |TS  0|AC  0|TAMS 0x000000070a600000, 0x000000070a600000|
| 167|0x000000070a700000, 0x000000070a700000, 0x000000070a800000|  0%| F|  |TS  0|AC  0|TAMS 0x000000070a700000, 0x000000070a700000|
| 168|0x000000070a800000, 0x000000070a800000, 0x000000070a900000|  0%| F|  |TS  0|AC  0|TAMS 0x000000070a800000, 0x000000070a800000|
| 169|0x000000070a900000, 0x000000070a900000, 0x000000070aa00000|  0%| F|  |TS  0|AC  0|TAMS 0x000000070a900000, 0x000000070a900000|
| 170|0x000000070aa00000, 0x000000070aa00000, 0x000000070ab00000|  0%| F|  |TS  0|AC  0|TAMS 0x000000070aa00000, 0x000000070aa00000|
| 171|0x000000070ab00000, 0x000000070ab00000, 0x000000070ac00000|  0%| F|  |TS  0|AC  0|TAMS 0x000000070ab00000, 0x000000070ab00000|
| 172|0x000000070ac00000, 0x000000070ac00000, 0x000000070ad00000|  0%| F|  |TS  0|AC  0|TAMS 0x000000070ac00000, 0x000000070ac00000|
| 173|0x000000070ad00000, 0x000000070ad00000, 0x000000070ae00000|  0%| F|  |TS  0|AC  0|TAMS 0x000000070ad00000, 0x000000070ad00000|
| 174|0x000000070ae00000, 0x000000070ae00000, 0x000000070af00000|  0%| F|  |TS  0|AC  0|TAMS 0x000000070ae00000, 0x000000070ae00000|
| 175|0x000000070af00000, 0x000000070af00000, 0x000000070b000000|  0%| F|  |TS  0|AC  0|TAMS 0x000000070af00000, 0x000000070af00000|
| 176|0x000000070b000000, 0x000000070b000000, 0x000000070b100000|  0%| F|  |TS  0|AC  0|TAMS 0x000000070b000000, 0x000000070b000000|
| 177|0x000000070b100000, 0x000000070b100000, 0x000000070b200000|  0%| F|  |TS  0|AC  0|TAMS 0x000000070b100000, 0x000000070b100000|
| 178|0x000000070b200000, 0x000000070b200000, 0x000000070b300000|  0%| F|  |TS  0|AC  0|TAMS 0x000000070b200000, 0x000000070b200000|
| 179|0x000000070b300000, 0x000000070b300000, 0x000000070b400000|  0%| F|  |TS  0|AC  0|TAMS 0x000000070b300000, 0x000000070b300000|
| 180|0x000000070b400000, 0x000000070b400000, 0x000000070b500000|  0%| F|  |TS  0|AC  0|TAMS 0x000000070b400000, 0x000000070b400000|
| 181|0x000000070b500000, 0x000000070b500000, 0x000000070b600000|  0%| F|  |TS  0|AC  0|TAMS 0x000000070b500000, 0x000000070b500000|
| 182|0x000000070b600000, 0x000000070b600000, 0x000000070b700000|  0%| F|  |TS  0|AC  0|TAMS 0x000000070b600000, 0x000000070b600000|
| 183|0x000000070b700000, 0x000000070b700000, 0x000000070b800000|  0%| F|  |TS  0|AC  0|TAMS 0x000000070b700000, 0x000000070b700000|
| 184|0x000000070b800000, 0x000000070b800000, 0x000000070b900000|  0%| F|  |TS  0|AC  0|TAMS 0x000000070b800000, 0x000000070b800000|
| 185|0x000000070b900000, 0x000000070b900000, 0x000000070ba00000|  0%| F|  |TS  0|AC  0|TAMS 0x000000070b900000, 0x000000070b900000|
| 186|0x000000070ba00000, 0x000000070ba00000, 0x000000070bb00000|  0%| F|  |TS  0|AC  0|TAMS 0x000000070ba00000, 0x000000070ba00000|
| 187|0x000000070bb00000, 0x000000070bb00000, 0x000000070bc00000|  0%| F|  |TS  0|AC  0|TAMS 0x000000070bb00000, 0x000000070bb00000|
| 188|0x000000070bc00000, 0x000000070bc00000, 0x000000070bd00000|  0%| F|  |TS  0|AC  0|TAMS 0x000000070bc00000, 0x000000070bc00000|
| 189|0x000000070bd00000, 0x000000070bd00000, 0x000000070be00000|  0%| F|  |TS  0|AC  0|TAMS 0x000000070bd00000, 0x000000070bd00000|
| 190|0x000000070be00000, 0x000000070be00000, 0x000000070bf00000|  0%| F|  |TS  0|AC  0|TAMS 0x000000070be00000, 0x000000070be00000|
| 191|0x000000070bf00000, 0x000000070bf00000, 0x000000070c000000|  0%| F|  |TS  0|AC  0|TAMS 0x000000070bf00000, 0x000000070bf00000|
| 192|0x000000070c000000, 0x000000070c000000, 0x000000070c100000|  0%| F|  |TS  0|AC  0|TAMS 0x000000070c000000, 0x000000070c000000|
| 193|0x000000070c100000, 0x000000070c100000, 0x000000070c200000|  0%| F|  |TS  0|AC  0|TAMS 0x000000070c100000, 0x000000070c100000|
| 194|0x000000070c200000, 0x000000070c200000, 0x000000070c300000|  0%| F|  |TS  0|AC  0|TAMS 0x000000070c200000, 0x000000070c200000|
| 195|0x000000070c300000, 0x000000070c300000, 0x000000070c400000|  0%| F|  |TS  0|AC  0|TAMS 0x000000070c300000, 0x000000070c300000|
| 196|0x000000070c400000, 0x000000070c400000, 0x000000070c500000|  0%| F|  |TS  0|AC  0|TAMS 0x000000070c400000, 0x000000070c400000|
| 197|0x000000070c500000, 0x000000070c500000, 0x000000070c600000|  0%| F|  |TS  0|AC  0|TAMS 0x000000070c500000, 0x000000070c500000|
| 198|0x000000070c600000, 0x000000070c600000, 0x000000070c700000|  0%| F|  |TS  0|AC  0|TAMS 0x000000070c600000, 0x000000070c600000|
| 199|0x000000070c700000, 0x000000070c700000, 0x000000070c800000|  0%| F|  |TS  0|AC  0|TAMS 0x000000070c700000, 0x000000070c700000|
| 200|0x000000070c800000, 0x000000070c800000, 0x000000070c900000|  0%| F|  |TS  0|AC  0|TAMS 0x000000070c800000, 0x000000070c800000|
| 201|0x000000070c900000, 0x000000070c900000, 0x000000070ca00000|  0%| F|  |TS  0|AC  0|TAMS 0x000000070c900000, 0x000000070c900000|
| 202|0x000000070ca00000, 0x000000070ca00000, 0x000000070cb00000|  0%| F|  |TS  0|AC  0|TAMS 0x000000070ca00000, 0x000000070ca00000|
| 203|0x000000070cb00000, 0x000000070cb00000, 0x000000070cc00000|  0%| F|  |TS  0|AC  0|TAMS 0x000000070cb00000, 0x000000070cb00000|
| 204|0x000000070cc00000, 0x000000070cc00000, 0x000000070cd00000|  0%| F|  |TS  0|AC  0|TAMS 0x000000070cc00000, 0x000000070cc00000|
| 205|0x000000070cd00000, 0x000000070cd00000, 0x000000070ce00000|  0%| F|  |TS  0|AC  0|TAMS 0x000000070cd00000, 0x000000070cd00000|
| 206|0x000000070ce00000, 0x000000070ce00000, 0x000000070cf00000|  0%| F|  |TS  0|AC  0|TAMS 0x000000070ce00000, 0x000000070ce00000|
| 207|0x000000070cf00000, 0x000000070cf00000, 0x000000070d000000|  0%| F|  |TS  0|AC  0|TAMS 0x000000070cf00000, 0x000000070cf00000|
| 208|0x000000070d000000, 0x000000070d000000, 0x000000070d100000|  0%| F|  |TS  0|AC  0|TAMS 0x000000070d000000, 0x000000070d000000|
| 209|0x000000070d100000, 0x000000070d100000, 0x000000070d200000|  0%| F|  |TS  0|AC  0|TAMS 0x000000070d100000, 0x000000070d100000|
| 210|0x000000070d200000, 0x000000070d200000, 0x000000070d300000|  0%| F|  |TS  0|AC  0|TAMS 0x000000070d200000, 0x000000070d200000|
| 211|0x000000070d300000, 0x000000070d300000, 0x000000070d400000|  0%| F|  |TS  0|AC  0|TAMS 0x000000070d300000, 0x000000070d300000|
| 212|0x000000070d400000, 0x000000070d400000, 0x000000070d500000|  0%| F|  |TS  0|AC  0|TAMS 0x000000070d400000, 0x000000070d400000|
| 213|0x000000070d500000, 0x000000070d500000, 0x000000070d600000|  0%| F|  |TS  0|AC  0|TAMS 0x000000070d500000, 0x000000070d500000|
| 214|0x000000070d600000, 0x000000070d600000, 0x000000070d700000|  0%| F|  |TS  0|AC  0|TAMS 0x000000070d600000, 0x000000070d600000|
| 215|0x000000070d700000, 0x000000070d700000, 0x000000070d800000|  0%| F|  |TS  0|AC  0|TAMS 0x000000070d700000, 0x000000070d700000|
| 216|0x000000070d800000, 0x000000070d800000, 0x000000070d900000|  0%| F|  |TS  0|AC  0|TAMS 0x000000070d800000, 0x000000070d800000|
| 217|0x000000070d900000, 0x000000070d900000, 0x000000070da00000|  0%| F|  |TS  0|AC  0|TAMS 0x000000070d900000, 0x000000070d900000|
| 218|0x000000070da00000, 0x000000070da00000, 0x000000070db00000|  0%| F|  |TS  0|AC  0|TAMS 0x000000070da00000, 0x000000070da00000|
| 219|0x000000070db00000, 0x000000070db00000, 0x000000070dc00000|  0%| F|  |TS  0|AC  0|TAMS 0x000000070db00000, 0x000000070db00000|
| 220|0x000000070dc00000, 0x000000070dc00000, 0x000000070dd00000|  0%| F|  |TS  0|AC  0|TAMS 0x000000070dc00000, 0x000000070dc00000|
| 221|0x000000070dd00000, 0x000000070dd00000, 0x000000070de00000|  0%| F|  |TS  0|AC  0|TAMS 0x000000070dd00000, 0x000000070dd00000|
| 222|0x000000070de00000, 0x000000070de00000, 0x000000070df00000|  0%| F|  |TS  0|AC  0|TAMS 0x000000070de00000, 0x000000070de00000|
| 223|0x000000070df00000, 0x000000070df00000, 0x000000070e000000|  0%| F|  |TS  0|AC  0|TAMS 0x000000070df00000, 0x000000070df00000|
| 224|0x000000070e000000, 0x000000070e000000, 0x000000070e100000|  0%| F|  |TS  0|AC  0|TAMS 0x000000070e000000, 0x000000070e000000|
| 225|0x000000070e100000, 0x000000070e100000, 0x000000070e200000|  0%| F|  |TS  0|AC  0|TAMS 0x000000070e100000, 0x000000070e100000|
| 226|0x000000070e200000, 0x000000070e200000, 0x000000070e300000|  0%| F|  |TS  0|AC  0|TAMS 0x000000070e200000, 0x000000070e200000|
| 227|0x000000070e300000, 0x000000070e300000, 0x000000070e400000|  0%| F|  |TS  0|AC  0|TAMS 0x000000070e300000, 0x000000070e300000|
| 228|0x000000070e400000, 0x000000070e400000, 0x000000070e500000|  0%| F|  |TS  0|AC  0|TAMS 0x000000070e400000, 0x000000070e400000|
| 229|0x000000070e500000, 0x000000070e500000, 0x000000070e600000|  0%| F|  |TS  0|AC  0|TAMS 0x000000070e500000, 0x000000070e500000|
| 230|0x000000070e600000, 0x000000070e600000, 0x000000070e700000|  0%| F|  |TS  0|AC  0|TAMS 0x000000070e600000, 0x000000070e600000|
| 231|0x000000070e700000, 0x000000070e700000, 0x000000070e800000|  0%| F|  |TS  0|AC  0|TAMS 0x000000070e700000, 0x000000070e700000|
| 232|0x000000070e800000, 0x000000070e800000, 0x000000070e900000|  0%| F|  |TS  0|AC  0|TAMS 0x000000070e800000, 0x000000070e800000|
| 233|0x000000070e900000, 0x000000070e900000, 0x000000070ea00000|  0%| F|  |TS  0|AC  0|TAMS 0x000000070e900000, 0x000000070e900000|
| 234|0x000000070ea00000, 0x000000070ea00000, 0x000000070eb00000|  0%| F|  |TS  0|AC  0|TAMS 0x000000070ea00000, 0x000000070ea00000|
| 235|0x000000070eb00000, 0x000000070eb00000, 0x000000070ec00000|  0%| F|  |TS  0|AC  0|TAMS 0x000000070eb00000, 0x000000070eb00000|
| 236|0x000000070ec00000, 0x000000070ec00000, 0x000000070ed00000|  0%| F|  |TS  0|AC  0|TAMS 0x000000070ec00000, 0x000000070ec00000|
| 237|0x000000070ed00000, 0x000000070ed00000, 0x000000070ee00000|  0%| F|  |TS  0|AC  0|TAMS 0x000000070ed00000, 0x000000070ed00000|
| 238|0x000000070ee00000, 0x000000070ee00000, 0x000000070ef00000|  0%| F|  |TS  0|AC  0|TAMS 0x000000070ee00000, 0x000000070ee00000|
| 239|0x000000070ef00000, 0x000000070ef00000, 0x000000070f000000|  0%| F|  |TS  0|AC  0|TAMS 0x000000070ef00000, 0x000000070ef00000|
| 240|0x000000070f000000, 0x000000070f000000, 0x000000070f100000|  0%| F|  |TS  0|AC  0|TAMS 0x000000070f000000, 0x000000070f000000|
| 241|0x000000070f100000, 0x000000070f100000, 0x000000070f200000|  0%| F|  |TS  0|AC  0|TAMS 0x000000070f100000, 0x000000070f100000|
| 242|0x000000070f200000, 0x000000070f200000, 0x000000070f300000|  0%| F|  |TS  0|AC  0|TAMS 0x000000070f200000, 0x000000070f200000|
| 243|0x000000070f300000, 0x000000070f300000, 0x000000070f400000|  0%| F|  |TS  0|AC  0|TAMS 0x000000070f300000, 0x000000070f300000|
| 244|0x000000070f400000, 0x000000070f400000, 0x000000070f500000|  0%| F|  |TS  0|AC  0|TAMS 0x000000070f400000, 0x000000070f400000|
| 245|0x000000070f500000, 0x000000070f500000, 0x000000070f600000|  0%| F|  |TS  0|AC  0|TAMS 0x000000070f500000, 0x000000070f500000|
| 246|0x000000070f600000, 0x000000070f600000, 0x000000070f700000|  0%| F|  |TS  0|AC  0|TAMS 0x000000070f600000, 0x000000070f600000|
| 247|0x000000070f700000, 0x000000070f700000, 0x000000070f800000|  0%| F|  |TS  0|AC  0|TAMS 0x000000070f700000, 0x000000070f700000|
| 248|0x000000070f800000, 0x000000070f800000, 0x000000070f900000|  0%| F|  |TS  0|AC  0|TAMS 0x000000070f800000, 0x000000070f800000|
| 249|0x000000070f900000, 0x000000070f900000, 0x000000070fa00000|  0%| F|  |TS  0|AC  0|TAMS 0x000000070f900000, 0x000000070f900000|
| 250|0x000000070fa00000, 0x000000070fa00000, 0x000000070fb00000|  0%| F|  |TS  0|AC  0|TAMS 0x000000070fa00000, 0x000000070fa00000|
| 251|0x000000070fb00000, 0x000000070fb00000, 0x000000070fc00000|  0%| F|  |TS  0|AC  0|TAMS 0x000000070fb00000, 0x000000070fb00000|
| 252|0x000000070fc00000, 0x000000070fc00000, 0x000000070fd00000|  0%| F|  |TS  0|AC  0|TAMS 0x000000070fc00000, 0x000000070fc00000|
| 253|0x000000070fd00000, 0x000000070fd00000, 0x000000070fe00000|  0%| F|  |TS  0|AC  0|TAMS 0x000000070fd00000, 0x000000070fd00000|
| 254|0x000000070fe00000, 0x000000070fe00000, 0x000000070ff00000|  0%| F|  |TS  0|AC  0|TAMS 0x000000070fe00000, 0x000000070fe00000|
| 255|0x000000070ff00000, 0x000000070ff00000, 0x0000000710000000|  0%| F|  |TS  0|AC  0|TAMS 0x000000070ff00000, 0x000000070ff00000|
| 256|0x0000000710000000, 0x0000000710000000, 0x0000000710100000|  0%| F|  |TS  0|AC  0|TAMS 0x0000000710000000, 0x0000000710000000|
| 257|0x0000000710100000, 0x0000000710100000, 0x0000000710200000|  0%| F|  |TS  0|AC  0|TAMS 0x0000000710100000, 0x0000000710100000|
| 258|0x0000000710200000, 0x0000000710200000, 0x0000000710300000|  0%| F|  |TS  0|AC  0|TAMS 0x0000000710200000, 0x0000000710200000|
| 259|0x0000000710300000, 0x0000000710300000, 0x0000000710400000|  0%| F|  |TS  0|AC  0|TAMS 0x0000000710300000, 0x0000000710300000|
| 260|0x0000000710400000, 0x0000000710400000, 0x0000000710500000|  0%| F|  |TS  0|AC  0|TAMS 0x0000000710400000, 0x0000000710400000|
| 261|0x0000000710500000, 0x0000000710500000, 0x0000000710600000|  0%| F|  |TS  0|AC  0|TAMS 0x0000000710500000, 0x0000000710500000|
| 262|0x0000000710600000, 0x0000000710600000, 0x0000000710700000|  0%| F|  |TS  0|AC  0|TAMS 0x0000000710600000, 0x0000000710600000|
| 263|0x0000000710700000, 0x0000000710700000, 0x0000000710800000|  0%| F|  |TS  0|AC  0|TAMS 0x0000000710700000, 0x0000000710700000|
| 264|0x0000000710800000, 0x0000000710800000, 0x0000000710900000|  0%| F|  |TS  0|AC  0|TAMS 0x0000000710800000, 0x0000000710800000|
| 265|0x0000000710900000, 0x0000000710900000, 0x0000000710a00000|  0%| F|  |TS  0|AC  0|TAMS 0x0000000710900000, 0x0000000710900000|
| 266|0x0000000710a00000, 0x0000000710a00000, 0x0000000710b00000|  0%| F|  |TS  0|AC  0|TAMS 0x0000000710a00000, 0x0000000710a00000|
| 267|0x0000000710b00000, 0x0000000710b00000, 0x0000000710c00000|  0%| F|  |TS  0|AC  0|TAMS 0x0000000710b00000, 0x0000000710b00000|
| 268|0x0000000710c00000, 0x0000000710c00000, 0x0000000710d00000|  0%| F|  |TS  0|AC  0|TAMS 0x0000000710c00000, 0x0000000710c00000|
| 269|0x0000000710d00000, 0x0000000710d00000, 0x0000000710e00000|  0%| F|  |TS  0|AC  0|TAMS 0x0000000710d00000, 0x0000000710d00000|
| 270|0x0000000710e00000, 0x0000000710e00000, 0x0000000710f00000|  0%| F|  |TS  0|AC  0|TAMS 0x0000000710e00000, 0x0000000710e00000|
| 271|0x0000000710f00000, 0x0000000710f00000, 0x0000000711000000|  0%| F|  |TS  0|AC  0|TAMS 0x0000000710f00000, 0x0000000710f00000|
| 272|0x0000000711000000, 0x0000000711000000, 0x0000000711100000|  0%| F|  |TS  0|AC  0|TAMS 0x0000000711000000, 0x0000000711000000|
| 273|0x0000000711100000, 0x0000000711100000, 0x0000000711200000|  0%| F|  |TS  0|AC  0|TAMS 0x0000000711100000, 0x0000000711100000|
| 274|0x0000000711200000, 0x0000000711200000, 0x0000000711300000|  0%| F|  |TS  0|AC  0|TAMS 0x0000000711200000, 0x0000000711200000|
| 275|0x0000000711300000, 0x0000000711300000, 0x0000000711400000|  0%| F|  |TS  0|AC  0|TAMS 0x0000000711300000, 0x0000000711300000|
| 276|0x0000000711400000, 0x0000000711400000, 0x0000000711500000|  0%| F|  |TS  0|AC  0|TAMS 0x0000000711400000, 0x0000000711400000|
| 277|0x0000000711500000, 0x0000000711500000, 0x0000000711600000|  0%| F|  |TS  0|AC  0|TAMS 0x0000000711500000, 0x0000000711500000|
| 278|0x0000000711600000, 0x0000000711600000, 0x0000000711700000|  0%| F|  |TS  0|AC  0|TAMS 0x0000000711600000, 0x0000000711600000|
| 279|0x0000000711700000, 0x0000000711700000, 0x0000000711800000|  0%| F|  |TS  0|AC  0|TAMS 0x0000000711700000, 0x0000000711700000|
| 280|0x0000000711800000, 0x0000000711800000, 0x0000000711900000|  0%| F|  |TS  0|AC  0|TAMS 0x0000000711800000, 0x0000000711800000|
| 281|0x0000000711900000, 0x0000000711900000, 0x0000000711a00000|  0%| F|  |TS  0|AC  0|TAMS 0x0000000711900000, 0x0000000711900000|
| 282|0x0000000711a00000, 0x0000000711a00000, 0x0000000711b00000|  0%| F|  |TS  0|AC  0|TAMS 0x0000000711a00000, 0x0000000711a00000|
| 283|0x0000000711b00000, 0x0000000711b00000, 0x0000000711c00000|  0%| F|  |TS  0|AC  0|TAMS 0x0000000711b00000, 0x0000000711b00000|
| 284|0x0000000711c00000, 0x0000000711c00000, 0x0000000711d00000|  0%| F|  |TS  0|AC  0|TAMS 0x0000000711c00000, 0x0000000711c00000|
| 285|0x0000000711d00000, 0x0000000711d00000, 0x0000000711e00000|  0%| F|  |TS  0|AC  0|TAMS 0x0000000711d00000, 0x0000000711d00000|
| 286|0x0000000711e00000, 0x0000000711e00000, 0x0000000711f00000|  0%| F|  |TS  0|AC  0|TAMS 0x0000000711e00000, 0x0000000711e00000|
| 287|0x0000000711f00000, 0x0000000711f00000, 0x0000000712000000|  0%| F|  |TS  0|AC  0|TAMS 0x0000000711f00000, 0x0000000711f00000|
| 288|0x0000000712000000, 0x0000000712000000, 0x0000000712100000|  0%| F|  |TS  0|AC  0|TAMS 0x0000000712000000, 0x0000000712000000|
| 289|0x0000000712100000, 0x0000000712100000, 0x0000000712200000|  0%| F|  |TS  0|AC  0|TAMS 0x0000000712100000, 0x0000000712100000|
| 290|0x0000000712200000, 0x0000000712200000, 0x0000000712300000|  0%| F|  |TS  0|AC  0|TAMS 0x0000000712200000, 0x0000000712200000|
| 291|0x0000000712300000, 0x0000000712300000, 0x0000000712400000|  0%| F|  |TS  0|AC  0|TAMS 0x0000000712300000, 0x0000000712300000|
| 292|0x0000000712400000, 0x0000000712400000, 0x0000000712500000|  0%| F|  |TS  0|AC  0|TAMS 0x0000000712400000, 0x0000000712400000|
| 293|0x0000000712500000, 0x0000000712500000, 0x0000000712600000|  0%| F|  |TS  0|AC  0|TAMS 0x0000000712500000, 0x0000000712500000|
| 294|0x0000000712600000, 0x0000000712600000, 0x0000000712700000|  0%| F|  |TS  0|AC  0|TAMS 0x0000000712600000, 0x0000000712600000|
| 295|0x0000000712700000, 0x0000000712700000, 0x0000000712800000|  0%| F|  |TS  0|AC  0|TAMS 0x0000000712700000, 0x0000000712700000|
| 296|0x0000000712800000, 0x0000000712835098, 0x0000000712900000| 20%| E|  |TS  0|AC  0|TAMS 0x0000000712800000, 0x0000000712800000|
| 297|0x0000000712900000, 0x0000000712a00000, 0x0000000712a00000|100%| E|CS|TS  0|AC  0|TAMS 0x0000000712900000, 0x0000000712900000|
| 298|0x0000000712a00000, 0x0000000712b00000, 0x0000000712b00000|100%| E|CS|TS  0|AC  0|TAMS 0x0000000712a00000, 0x0000000712a00000|
| 299|0x0000000712b00000, 0x0000000712c00000, 0x0000000712c00000|100%| E|CS|TS  0|AC  0|TAMS 0x0000000712b00000, 0x0000000712b00000|
| 300|0x0000000712c00000, 0x0000000712d00000, 0x0000000712d00000|100%| E|CS|TS  0|AC  0|TAMS 0x0000000712c00000, 0x0000000712c00000|
| 301|0x0000000712d00000, 0x0000000712e00000, 0x0000000712e00000|100%| E|CS|TS  0|AC  0|TAMS 0x0000000712d00000, 0x0000000712d00000|
| 302|0x0000000712e00000, 0x0000000712f00000, 0x0000000712f00000|100%| E|CS|TS  0|AC  0|TAMS 0x0000000712e00000, 0x0000000712e00000|
| 303|0x0000000712f00000, 0x0000000713000000, 0x0000000713000000|100%| E|CS|TS  0|AC  0|TAMS 0x0000000712f00000, 0x0000000712f00000|
| 304|0x0000000713000000, 0x0000000713100000, 0x0000000713100000|100%| E|CS|TS  0|AC  0|TAMS 0x0000000713000000, 0x0000000713000000|
| 305|0x0000000713100000, 0x0000000713200000, 0x0000000713200000|100%| E|CS|TS  0|AC  0|TAMS 0x0000000713100000, 0x0000000713100000|

Card table byte_map: [0x000001c8e7790000,0x000001c8e7d90000] byte_map_base: 0x000001c8e3f90000

Marking Bits (Prev, Next): (CMBitMap*) 0x000001c8cef98100, (CMBitMap*) 0x000001c8cef98138
 Prev Bits: [0x000001c8e8390000, 0x000001c8eb390000)
 Next Bits: [0x000001c8eb390000, 0x000001c8ee390000)

Polling page: 0x000001c8c20a0000

CodeHeap 'non-profiled nmethods': size=118912Kb used=20073Kb max_used=21580Kb free=98838Kb
 bounds [0x000001c8deff0000, 0x000001c8e0510000, 0x000001c8e6410000]
CodeHeap 'profiled nmethods': size=118848Kb used=40275Kb max_used=45842Kb free=78573Kb
 bounds [0x000001c8d7be0000, 0x000001c8da900000, 0x000001c8deff0000]
CodeHeap 'non-nmethods': size=8000Kb used=4081Kb max_used=4125Kb free=3919Kb
 bounds [0x000001c8d7410000, 0x000001c8d7830000, 0x000001c8d7be0000]
 total_blobs=31244 nmethods=16855 adapters=1177
 compilation: enabled

Compilation events (10 events):
Event: 541.808 Thread 0x000001c8cf20c800 21580       1       ui.project.p::isRunning (5 bytes)
Event: 541.992 Thread 0x000001c8cf20c800 nmethod 21580 0x000001c8df57ca10 code [0x000001c8df57cbc0, 0x000001c8df57ccd8]
Event: 541.994 Thread 0x000001c8cf20e000 nmethod 21581 0x000001c8df57c690 code [0x000001c8df57c840, 0x000001c8df57c958]
Event: 547.417 Thread 0x000001c8c9626000 21582       4       ui.f.h::getDescription (5 bytes)
Event: 547.890 Thread 0x000001c8c9626000 nmethod 21582 0x000001c8df532d10 code [0x000001c8df532ea0, 0x000001c8df532f28]
Event: 554.716 Thread 0x000001c8cf20b000 21583       3       ui.utils.q.a.a::fuK (12 bytes)
Event: 554.867 Thread 0x000001c8cf20b000 nmethod 21583 0x000001c8d7f0ad10 code [0x000001c8d7f0aee0, 0x000001c8d7f0b110]
Event: 560.964 Thread 0x000001c8cf20c800 21585 % !   3       ui.utils.lnf.b::run @ 96 (629 bytes)
Event: 561.680 Thread 0x000001c8c9628000 21586       4       ui.data.experiment.B::aLw (22 bytes)
Event: 562.505 Thread 0x000001c8cf20c800 nmethod 21585% 0x000001c8d8720810 code [0x000001c8d8721160, 0x000001c8d8728770]

GC Heap History (10 events):
Event: 507.422 GC heap before
{Heap before GC invocations=137 (full 21):
 garbage-first heap   total 313344K, used 155694K [0x0000000700000000, 0x0000000700100990, 0x00000007c0000000)
  region size 1024K, 60 young (61440K), 0 survivors (0K)
 Metaspace       used 85586K, capacity 91995K, committed 92160K, reserved 1128448K
  class space    used 11923K, capacity 13012K, committed 13056K, reserved 1048576K
}
Event: 507.428 GC heap after
{Heap after GC invocations=138 (full 21):
 garbage-first heap   total 313344K, used 94848K [0x0000000700000000, 0x0000000700100990, 0x00000007c0000000)
  region size 1024K, 1 young (1024K), 1 survivors (1024K)
 Metaspace       used 85586K, capacity 91995K, committed 92160K, reserved 1128448K
  class space    used 11923K, capacity 13012K, committed 13056K, reserved 1048576K
}
Event: 511.864 GC heap before
{Heap before GC invocations=138 (full 21):
 garbage-first heap   total 313344K, used 155264K [0x0000000700000000, 0x0000000700100990, 0x00000007c0000000)
  region size 1024K, 60 young (61440K), 1 survivors (1024K)
 Metaspace       used 85600K, capacity 91995K, committed 92160K, reserved 1128448K
  class space    used 11923K, capacity 13012K, committed 13056K, reserved 1048576K
}
Event: 511.880 GC heap after
{Heap after GC invocations=139 (full 21):
 garbage-first heap   total 313344K, used 95387K [0x0000000700000000, 0x0000000700100990, 0x00000007c0000000)
  region size 1024K, 2 young (2048K), 2 survivors (2048K)
 Metaspace       used 85600K, capacity 91995K, committed 92160K, reserved 1128448K
  class space    used 11923K, capacity 13012K, committed 13056K, reserved 1048576K
}
Event: 514.523 GC heap before
{Heap before GC invocations=139 (full 21):
 garbage-first heap   total 313344K, used 154779K [0x0000000700000000, 0x0000000700100990, 0x00000007c0000000)
  region size 1024K, 60 young (61440K), 2 survivors (2048K)
 Metaspace       used 85615K, capacity 91995K, committed 92160K, reserved 1128448K
  class space    used 11923K, capacity 13012K, committed 13056K, reserved 1048576K
}
Event: 514.546 GC heap after
{Heap after GC invocations=140 (full 21):
 garbage-first heap   total 313344K, used 94935K [0x0000000700000000, 0x0000000700100990, 0x00000007c0000000)
  region size 1024K, 1 young (1024K), 1 survivors (1024K)
 Metaspace       used 85615K, capacity 91995K, committed 92160K, reserved 1128448K
  class space    used 11923K, capacity 13012K, committed 13056K, reserved 1048576K
}
Event: 520.171 GC heap before
{Heap before GC invocations=140 (full 21):
 garbage-first heap   total 313344K, used 155351K [0x0000000700000000, 0x0000000700100990, 0x00000007c0000000)
  region size 1024K, 60 young (61440K), 1 survivors (1024K)
 Metaspace       used 85702K, capacity 92097K, committed 92160K, reserved 1128448K
  class space    used 11931K, capacity 13045K, committed 13056K, reserved 1048576K
}
Event: 520.272 GC heap after
{Heap after GC invocations=141 (full 21):
 garbage-first heap   total 313344K, used 95338K [0x0000000700000000, 0x0000000700100990, 0x00000007c0000000)
  region size 1024K, 2 young (2048K), 2 survivors (2048K)
 Metaspace       used 85702K, capacity 92097K, committed 92160K, reserved 1128448K
  class space    used 11931K, capacity 13045K, committed 13056K, reserved 1048576K
}
Event: 526.507 GC heap before
{Heap before GC invocations=141 (full 21):
 garbage-first heap   total 313344K, used 107626K [0x0000000700000000, 0x0000000700100990, 0x00000007c0000000)
  region size 1024K, 15 young (15360K), 2 survivors (2048K)
 Metaspace       used 85707K, capacity 92097K, committed 92160K, reserved 1128448K
  class space    used 11931K, capacity 13045K, committed 13056K, reserved 1048576K
}
Event: 529.589 GC heap after
{Heap after GC invocations=142 (full 22):
 garbage-first heap   total 313344K, used 94463K [0x0000000700000000, 0x0000000700100990, 0x00000007c0000000)
  region size 1024K, 0 young (0K), 0 survivors (0K)
 Metaspace       used 85707K, capacity 92097K, committed 92160K, reserved 1128448K
  class space    used 11931K, capacity 13045K, committed 13056K, reserved 1048576K
}

Deoptimization events (10 events):
Event: 507.195 Thread 0x000001c8f3453800 Uncommon trap: reason=bimorphic_or_optimized_type_check action=maybe_recompile pc=0x000001c8e04faf20 method=javax.swing.JComponent.getObscuredState(IIIII)I @ 47 c2
Event: 507.196 Thread 0x000001c8f3453800 Uncommon trap: reason=bimorphic_or_optimized_type_check action=maybe_recompile pc=0x000001c8e04faf20 method=javax.swing.JComponent.getObscuredState(IIIII)I @ 47 c2
Event: 507.358 Thread 0x000001c8f3453800 Uncommon trap: reason=unstable_if action=reinterpret pc=0x000001c8e03fb434 method=javax.swing.DefaultBoundedRangeModel.setRangeProperties(IIIIZ)V @ 87 c2
Event: 507.445 Thread 0x000001c8f3453800 Uncommon trap: reason=speculate_class_check action=maybe_recompile pc=0x000001c8e01d9774 method=javax.swing.JComponent.getBounds(Ljava/awt/Rectangle;)Ljava/awt/Rectangle; @ 17 c2
Event: 511.217 Thread 0x000001c8f3453800 Uncommon trap: reason=unstable_if action=reinterpret pc=0x000001c8dff101f8 method=sun.java2d.pipe.Region.getIntersectionXYXY(IIII)Lsun/java2d/pipe/Region; @ 39 c2
Event: 515.505 Thread 0x000001c8f3453800 Uncommon trap: reason=bimorphic_or_optimized_type_check action=maybe_recompile pc=0x000001c8e027e30c method=javax.swing.InputMap.allKeys()[Ljavax/swing/KeyStroke; @ 38 c2
Event: 515.805 Thread 0x000001c8f3453800 Uncommon trap: reason=unstable_if action=reinterpret pc=0x000001c8e02cda3c method=de.javasoft.synthetica.plain.GraphicsUtils.paintText(Ljavax/swing/plaf/synth/SynthContext;Ljava/awt/Graphics;Ljava/lang/String;III)V @ 151 c2
Event: 515.908 Thread 0x000001c8f3453800 Uncommon trap: reason=unstable_if action=reinterpret pc=0x000001c8dfcfb7f4 method=de.javasoft.plaf.synthetica.StyleFactory.getStyle(Ljavax/swing/JComponent;Ljavax/swing/plaf/synth/Region;Ljavax/swing/plaf/synth/SynthStyle;Z)Ljavax/swing/plaf/synth/SynthSt
Event: 516.348 Thread 0x000001c8f3453800 Uncommon trap: reason=unstable_if action=reinterpret pc=0x000001c8dfcecb90 method=javax.swing.JComponent.getObscuredState(IIIII)I @ 60 c2
Event: 521.208 Thread 0x000001c8f3453800 Uncommon trap: reason=unstable_if action=reinterpret pc=0x000001c8df2d2504 method=java.awt.Toolkit$SelectiveAWTEventListener.eventDispatched(Ljava/awt/AWTEvent;)V @ 682 c2

Classes redefined (0 events):
No events

Internal exceptions (10 events):
Event: 309.574 Thread 0x000001c8f3453800 Exception <a 'java/lang/NoSuchMethodError'{0x00000007134a02e0}: java.lang.invoke.DelegatingMethodHandle$Holder.reinvoke_L(Ljava/lang/Object;IIILjava/lang/Object;Ljava/lang/Object;I)Ljava/lang/Object;> (0x00000007134a02e0) thrown at [t:/workspace/hotspot/s
Event: 318.493 Thread 0x000001c8f3453800 Implicit null exception at 0x000001c8df397ca0 to 0x000001c8df398465
Event: 321.005 Thread 0x000001c8f3453800 Implicit null exception at 0x000001c8df256ef8 to 0x000001c8df25725d
Event: 337.940 Thread 0x000001c8f3453800 Exception <a 'java/lang/NoSuchMethodError'{0x0000000713393fa8}: java.lang.invoke.DelegatingMethodHandle$Holder.reinvoke_L(Ljava/lang/Object;Ljava/lang/Object;J)Ljava/lang/Object;> (0x0000000713393fa8) thrown at [t:/workspace/hotspot/src/share/vm/interpret
Event: 395.987 Thread 0x000001c8f3453800 Exception <a 'java/lang/NoSuchMethodError'{0x0000000710088400}: java.lang.invoke.DirectMethodHandle$Holder.invokeSpecial(Ljava/lang/Object;Ljava/lang/Object;IILjava/lang/Object;JI)Ljava/lang/Object;> (0x0000000710088400) thrown at [t:/workspace/hotspot/sr
Event: 395.988 Thread 0x000001c8f3453800 Exception <a 'java/lang/NoSuchMethodError'{0x000000071008b7a8}: java.lang.invoke.DelegatingMethodHandle$Holder.reinvoke_L(Ljava/lang/Object;IILjava/lang/Object;JI)Ljava/lang/Object;> (0x000000071008b7a8) thrown at [t:/workspace/hotspot/src/share/vm/interp
Event: 395.991 Thread 0x000001c8f3453800 Exception <a 'java/lang/NoSuchMethodError'{0x00000007100a7350}: method resolution failed> (0x00000007100a7350) thrown at [t:/workspace/hotspot/src/share/vm/prims/methodHandles.cpp, line 1256]
Event: 507.215 Thread 0x000001c8f3453800 Exception <a 'java/lang/NoSuchMethodError'{0x0000000710c4eef0}: java.lang.invoke.DirectMethodHandle$Holder.invokeSpecial(Ljava/lang/Object;Ljava/lang/Object;IILjava/lang/Object;ILjava/lang/Object;I)Ljava/lang/Object;> (0x0000000710c4eef0) thrown at [t:/wo
Event: 507.215 Thread 0x000001c8f3453800 Exception <a 'java/lang/NoSuchMethodError'{0x0000000710c52660}: java.lang.invoke.DelegatingMethodHandle$Holder.reinvoke_L(Ljava/lang/Object;IILjava/lang/Object;ILjava/lang/Object;I)Ljava/lang/Object;> (0x0000000710c52660) thrown at [t:/workspace/hotspot/s
Event: 507.258 Thread 0x000001c8f3453800 Exception <a 'java/lang/NoSuchMethodError'{0x0000000710c8fe88}: method resolution failed> (0x0000000710c8fe88) thrown at [t:/workspace/hotspot/src/share/vm/prims/methodHandles.cpp, line 1256]

Events (10 events):
Event: 550.303 Thread 0x000001c8f7c33000 Thread added: 0x000001c8f7c33000
Event: 553.090 Thread 0x000001c8f7c2d000 Thread added: 0x000001c8f7c2d000
Event: 553.670 Executing VM operation: RevokeBias
Event: 553.854 Executing VM operation: RevokeBias done
Event: 553.854 Thread 0x000001c8f7c2d000 Thread exited: 0x000001c8f7c2d000
Event: 553.956 Thread 0x000001c8f7c33000 Thread exited: 0x000001c8f7c33000
Event: 554.695 Thread 0x000001c8f7c33000 Thread added: 0x000001c8f7c33000
Event: 554.703 Thread 0x000001c8f7c33000 Thread exited: 0x000001c8f7c33000
Event: 559.695 Thread 0x000001c8f7c33000 Thread added: 0x000001c8f7c33000
Event: 559.705 Thread 0x000001c8f7c33000 Thread exited: 0x000001c8f7c33000


Dynamic libraries:
0x00007ff714f50000 - 0x00007ff714f80000 	D:\Xilinx\Vivado\2019.2\bin\unwrapped\win64.o\vivado.exe
0x00007ff85e200000 - 0x00007ff85e3f0000 	C:\Windows\SYSTEM32\ntdll.dll
0x00007ff85d960000 - 0x00007ff85da12000 	C:\Windows\System32\KERNEL32.DLL
0x00007ff85bf00000 - 0x00007ff85c1a3000 	C:\Windows\System32\KERNELBASE.dll
0x00007ff85c1b0000 - 0x00007ff85c2aa000 	C:\Windows\System32\ucrtbase.dll
0x00007ff84f800000 - 0x00007ff84f899000 	C:\Windows\SYSTEM32\MSVCP140.dll
0x00007ff852920000 - 0x00007ff852936000 	C:\Windows\SYSTEM32\VCRUNTIME140.dll
0x00007ff83f770000 - 0x00007ff83f786000 	D:\Xilinx\Vivado\2019.2\lib\win64.o\librdi_commonmain.dll
0x00007ff829c40000 - 0x00007ff82ab83000 	D:\Xilinx\Vivado\2019.2\lib\win64.o\librdi_common.dll
0x00007ff85c5f0000 - 0x00007ff85c784000 	C:\Windows\System32\USER32.dll
0x00007ff85b750000 - 0x00007ff85b771000 	C:\Windows\System32\win32u.dll
0x00007ff85dc20000 - 0x00007ff85dc46000 	C:\Windows\System32\GDI32.dll
0x00007ff85b5b0000 - 0x00007ff85b744000 	C:\Windows\System32\gdi32full.dll
0x00007ff85b490000 - 0x00007ff85b52e000 	C:\Windows\System32\msvcp_win.dll
0x00007ff85c510000 - 0x00007ff85c5b3000 	C:\Windows\System32\ADVAPI32.dll
0x00007ff85c2b0000 - 0x00007ff85c34e000 	C:\Windows\System32\msvcrt.dll
0x00007ff85da20000 - 0x00007ff85dab7000 	C:\Windows\System32\sechost.dll
0x00007ff85d4c0000 - 0x00007ff85d5e0000 	C:\Windows\System32\RPCRT4.dll
0x00007ff85cd20000 - 0x00007ff85d405000 	C:\Windows\System32\SHELL32.dll
0x00007ff85b390000 - 0x00007ff85b3da000 	C:\Windows\System32\cfgmgr32.dll
0x00007ff85cc60000 - 0x00007ff85cd09000 	C:\Windows\System32\shcore.dll
0x00007ff85de80000 - 0x00007ff85e1b6000 	C:\Windows\System32\combase.dll
0x00007ff85b530000 - 0x00007ff85b5b0000 	C:\Windows\System32\bcryptPrimitives.dll
0x00007ff85b780000 - 0x00007ff85befe000 	C:\Windows\System32\windows.storage.dll
0x00007ff85b100000 - 0x00007ff85b11f000 	C:\Windows\System32\profapi.dll
0x00007ff85b140000 - 0x00007ff85b18a000 	C:\Windows\System32\powrprof.dll
0x00007ff85b0d0000 - 0x00007ff85b0e0000 	C:\Windows\System32\UMPDC.dll
0x00007ff85c350000 - 0x00007ff85c3a2000 	C:\Windows\System32\shlwapi.dll
0x00007ff85b120000 - 0x00007ff85b131000 	C:\Windows\System32\kernel.appcore.dll
0x00007ff85b410000 - 0x00007ff85b427000 	C:\Windows\System32\cryptsp.dll
0x00007ff85b3e0000 - 0x00007ff85b406000 	C:\Windows\System32\bcrypt.dll
0x00007ff83f180000 - 0x00007ff83f194000 	D:\Xilinx\Vivado\2019.2\lib\win64.o\libboost_signals.dll
0x00007ff831b90000 - 0x00007ff831d31000 	D:\Xilinx\Vivado\2019.2\lib\win64.o\librdi_commonxillic.dll
0x00007ff85d6e0000 - 0x00007ff85d74f000 	C:\Windows\System32\WS2_32.dll
0x00007ff84a0e0000 - 0x00007ff84a0ea000 	D:\Xilinx\Vivado\2019.2\lib\win64.o\librdi_commonversion.dll
0x00007ff83e1d0000 - 0x00007ff83e1f6000 	D:\Xilinx\Vivado\2019.2\lib\win64.o\libboost_filesystem.dll
0x00007ff83e1b0000 - 0x00007ff83e1c4000 	D:\Xilinx\Vivado\2019.2\lib\win64.o\libboost_date_time.dll
0x00007ff831b10000 - 0x00007ff831b8f000 	D:\Xilinx\Vivado\2019.2\lib\win64.o\libboost_program_options.dll
0x00007ff82e080000 - 0x00007ff82e3ee000 	D:\Xilinx\Vivado\2019.2\lib\win64.o\libCOIN-all.dll
0x00007ff849f70000 - 0x00007ff849f7b000 	D:\Xilinx\Vivado\2019.2\lib\win64.o\libboost_system.dll
0x00007ff8319f0000 - 0x00007ff831b04000 	D:\Xilinx\Vivado\2019.2\lib\win64.o\libboost_regex.dll
0x00007ff83d850000 - 0x00007ff83d871000 	D:\Xilinx\Vivado\2019.2\lib\win64.o\libboost_thread.dll
0x00007ff849f60000 - 0x00007ff849f6f000 	D:\Xilinx\Vivado\2019.2\lib\win64.o\libboost_xilinx.dll
0x000000005ab40000 - 0x000000005ac6b000 	D:\Xilinx\Vivado\2019.2\lib\win64.o\tcl85t.dll
0x00007ff83cad0000 - 0x00007ff83cafe000 	D:\Xilinx\Vivado\2019.2\lib\win64.o\libisl_sysinfo.dll
0x00007ff830a30000 - 0x00007ff830ad5000 	D:\Xilinx\Vivado\2019.2\lib\win64.o\libhdxml.dll
0x00007ff8309a0000 - 0x00007ff830a22000 	D:\Xilinx\Vivado\2019.2\lib\win64.o\libhdlpsolve.dll
0x00007ff8345e0000 - 0x00007ff8345fa000 	D:\Xilinx\Vivado\2019.2\lib\win64.o\pthreadVC2.dll
0x00007ff832e90000 - 0x00007ff832eac000 	D:\Xilinx\Vivado\2019.2\lib\win64.o\librdiconfig.dll
0x00007ff830930000 - 0x00007ff830995000 	D:\Xilinx\Vivado\2019.2\lib\win64.o\liblmx6.0.dll
0x00007ff84d8a0000 - 0x00007ff84d8b7000 	C:\Windows\SYSTEM32\NETAPI32.dll
0x00007ff846110000 - 0x00007ff8465e6000 	C:\Windows\SYSTEM32\WININET.dll
0x00007ff856dc0000 - 0x00007ff856eb0000 	C:\Windows\SYSTEM32\WINHTTP.dll
0x00007ff8515c0000 - 0x00007ff851796000 	C:\Windows\SYSTEM32\urlmon.dll
0x00007ff830b80000 - 0x00007ff830ba1000 	D:\Xilinx\Vivado\2019.2\lib\win64.o\librdizlib.dll
0x00007ff83f170000 - 0x00007ff83f179000 	C:\Windows\SYSTEM32\WSOCK32.dll
0x00007ff830900000 - 0x00007ff830929000 	C:\Windows\SYSTEM32\VCOMP140.DLL
0x00007ff830520000 - 0x00007ff8307fb000 	D:\Xilinx\Vivado\2019.2\lib\win64.o\libXil_lmgr11.dll
0x00007ff85dd90000 - 0x00007ff85de60000 	C:\Windows\System32\COMDLG32.dll
0x00007ff85c430000 - 0x00007ff85c4f4000 	C:\Windows\System32\OLEAUT32.dll
0x00007ff85dac0000 - 0x00007ff85dc16000 	C:\Windows\System32\ole32.dll
0x00007ff85b430000 - 0x00007ff85b48c000 	C:\Windows\System32\WINTRUST.dll
0x00007ff85b0e0000 - 0x00007ff85b0f2000 	C:\Windows\System32\MSASN1.dll
0x00007ff85b240000 - 0x00007ff85b389000 	C:\Windows\System32\CRYPT32.dll
0x0000000012000000 - 0x0000000012270000 	D:\Xilinx\Vivado\2019.2\lib\win64.o\xerces-c_3_1.dll
0x00007ff83e890000 - 0x00007ff83e89d000 	D:\Xilinx\Vivado\2019.2\lib\win64.o\libboost_chrono.dll
0x00007ff850dc0000 - 0x00007ff851066000 	C:\Windows\SYSTEM32\iertutil.dll
0x00007ff849d90000 - 0x00007ff849e39000 	C:\Windows\WinSxS\amd64_microsoft.windows.common-controls_6595b64144ccf1df_5.82.18362.476_none_2a2a02a24667b734\COMCTL32.dll
0x00007ff8569c0000 - 0x00007ff8569dc000 	C:\Windows\SYSTEM32\dhcpcsvc.DLL
0x00007ff85c500000 - 0x00007ff85c508000 	C:\Windows\System32\NSI.dll
0x00007ff85ab10000 - 0x00007ff85ab1c000 	C:\Windows\SYSTEM32\CRYPTBASE.DLL
0x00007ff828da0000 - 0x00007ff829c31000 	D:\Xilinx\Vivado\2019.2\lib\win64.o\gurobi65.dll
0x00007ff8281a0000 - 0x00007ff828d9c200 	D:\Xilinx\Vivado\2019.2\lib\win64.o\libisl_iostreams.dll
0x00007ff85a760000 - 0x00007ff85a76c000 	C:\Windows\SYSTEM32\NETUTILS.DLL
0x00007ff830d90000 - 0x00007ff830dab000 	D:\Xilinx\Vivado\2019.2\lib\win64.o\libboost_iostreams.dll
0x00007ff8308d0000 - 0x00007ff8308f5000 	D:\Xilinx\Vivado\2019.2\lib\win64.o\libisl_iosutils.dll
0x00007ff85c5c0000 - 0x00007ff85c5ee000 	C:\Windows\System32\IMM32.DLL
0x00007ff827c80000 - 0x00007ff828197000 	D:\Xilinx\Vivado\2019.2\lib\win64.o\librdi_commontasks.dll
0x00007ff856c40000 - 0x00007ff856c4a000 	C:\Windows\SYSTEM32\VERSION.dll
0x00007ff827990000 - 0x00007ff827c73000 	D:\Xilinx\Vivado\2019.2\lib\win64.o\librdi_sio.dll
0x00007ff85a650000 - 0x00007ff85a68a000 	C:\Windows\SYSTEM32\IPHLPAPI.DLL
0x000000005a110000 - 0x000000005ab35000 	D:\Xilinx\Vivado\2019.2\tps\win64\jre9.0.4\bin\server\jvm.dll
0x00007ff85cd10000 - 0x00007ff85cd18000 	C:\Windows\System32\PSAPI.DLL
0x00007ff84ed20000 - 0x00007ff84ed44000 	C:\Windows\SYSTEM32\WINMM.dll
0x00007ff84e920000 - 0x00007ff84e94d000 	C:\Windows\SYSTEM32\WINMMBASE.dll
0x00007ff85a940000 - 0x00007ff85a9a7000 	C:\Windows\SYSTEM32\MSWSOCK.DLL
0x00007ff82ede0000 - 0x00007ff82eecf000 	D:\Xilinx\Vivado\2019.2\tps\win64\jre9.0.4\bin\MSVCR120.dll
0x00007ff825240000 - 0x00007ff827985000 	D:\Xilinx\Vivado\2019.2\lib\win64.o\librdi_tcltasks.dll
0x00007ff82ffe0000 - 0x00007ff83005b000 	D:\Xilinx\Vivado\2019.2\lib\win64.o\librdi_boarddep.dll
0x00007ff824d80000 - 0x00007ff825234000 	D:\Xilinx\Vivado\2019.2\lib\win64.o\librdi_bitstream.dll
0x00007ff82ec40000 - 0x00007ff82eddd000 	D:\Xilinx\Vivado\2019.2\lib\win64.o\librdi_board.dll
0x00007ff824c90000 - 0x00007ff824d7f000 	D:\Xilinx\Vivado\2019.2\lib\win64.o\librdi_chipscope.dll
0x00007ff824b30000 - 0x00007ff824c82000 	D:\Xilinx\Vivado\2019.2\lib\win64.o\librdi_cd_client.dll
0x00007ff824970000 - 0x00007ff824b30000 	D:\Xilinx\Vivado\2019.2\lib\win64.o\librdi_chipscopeimpl.dll
0x00007ff824540000 - 0x00007ff824864000 	D:\Xilinx\Vivado\2019.2\lib\win64.o\librdi_containers.dll
0x00007ff823e60000 - 0x00007ff824539000 	D:\Xilinx\Vivado\2019.2\lib\win64.o\librdi_coregenipxact.dll
0x00007ff822380000 - 0x00007ff823e5a000 	D:\Xilinx\Vivado\2019.2\lib\win64.o\librdi_constraints.dll
0x00007ff820390000 - 0x00007ff822380000 	D:\Xilinx\Vivado\2019.2\lib\win64.o\librdi_coregen.dll
0x00007ff80b7e0000 - 0x00007ff82038b000 	D:\Xilinx\Vivado\2019.2\lib\win64.o\librdi_device.dll
0x00007ff80b490000 - 0x00007ff80b7da000 	D:\Xilinx\Vivado\2019.2\lib\win64.o\librdi_dlyest.dll
0x00007ff8071c0000 - 0x00007ff80b48b000 	D:\Xilinx\Vivado\2019.2\lib\win64.o\librdi_designutils.dll
0x00007ff806bf0000 - 0x00007ff8071bd000 	D:\Xilinx\Vivado\2019.2\lib\win64.o\librdi_drc.dll
0x00007ff82dfb0000 - 0x00007ff82e074000 	D:\Xilinx\Vivado\2019.2\lib\win64.o\librdi_dsp.dll
0x00007ff84dff0000 - 0x00007ff84e65b000 	D:\Xilinx\Vivado\2019.2\lib\win64.o\librdi_filemgmt.dll
0x00007ff84dce0000 - 0x00007ff84dff0000 	D:\Xilinx\Vivado\2019.2\lib\win64.o\librdi_guitools.dll
0x00007ff8522a0000 - 0x00007ff85230a000 	D:\Xilinx\Vivado\2019.2\lib\win64.o\librdi_hdf.dll
0x00007ff84dac0000 - 0x00007ff84dce0000 	D:\Xilinx\Vivado\2019.2\lib\win64.o\librdi_hip_devdesign.dll
0x00007ff852150000 - 0x00007ff852298000 	D:\Xilinx\Vivado\2019.2\lib\win64.o\librdi_hip_perf_analysis.dll
0x00007ff805480000 - 0x00007ff806bed000 	D:\Xilinx\Vivado\2019.2\lib\win64.o\librdi_implflow.dll
0x00007ff804e40000 - 0x00007ff805471000 	D:\Xilinx\Vivado\2019.2\lib\win64.o\librdi_memdata.dll
0x00007ff8520d0000 - 0x00007ff852144000 	D:\Xilinx\Vivado\2019.2\lib\win64.o\librdi_memoryarray.dll
0x00007ff802070000 - 0x00007ff804e3b000 	D:\Xilinx\Vivado\2019.2\lib\win64.o\librdi_mig.dll
0x00007ff801980000 - 0x00007ff802063000 	D:\Xilinx\Vivado\2019.2\lib\win64.o\librdi_netlist.dll
0x00007ff850d10000 - 0x00007ff850d5c000 	D:\Xilinx\Vivado\2019.2\lib\win64.o\librdi_pfi.dll
0x00007ffffd720000 - 0x00007ffffffe7000 	D:\Xilinx\Vivado\2019.2\lib\win64.o\librdi_place.dll
0x00007ff801660000 - 0x00007ff80197b000 	D:\Xilinx\Vivado\2019.2\lib\win64.o\librdi_platform.dll
0x00007ff800e50000 - 0x00007ff80165b000 	D:\Xilinx\Vivado\2019.2\lib\win64.o\librdi_power.dll
0x00007ff800150000 - 0x00007ff800883000 	D:\Xilinx\Vivado\2019.2\lib\win64.o\librdi_psta.dll
0x00007ff800890000 - 0x00007ff800e4a000 	D:\Xilinx\Vivado\2019.2\lib\win64.o\librdi_project.dll
0x00007ffffd050000 - 0x00007ffffd711000 	D:\Xilinx\Vivado\2019.2\lib\win64.o\librdi_rsb.dll
0x00007ffffcc20000 - 0x00007ffffd043000 	D:\Xilinx\Vivado\2019.2\lib\win64.o\librdi_runs.dll
0x00007ffffc9a0000 - 0x00007ffffcc15000 	D:\Xilinx\Vivado\2019.2\lib\win64.o\librdi_simdata.dll
0x00007ff84d9b0000 - 0x00007ff84dab8000 	D:\Xilinx\Vivado\2019.2\lib\win64.o\librdi_runsbase.dll
0x00007ffffbb10000 - 0x00007ffffc99d000 	D:\Xilinx\Vivado\2019.2\lib\win64.o\librdi_timing.dll
0x00007ffffb960000 - 0x00007ffffbb01000 	D:\Xilinx\Vivado\2019.2\lib\win64.o\librdi_advchipscopeimpl.dll
0x00007ffffb7c0000 - 0x00007ffffb960000 	D:\Xilinx\Vivado\2019.2\lib\win64.o\librdi_cd_protocol.dll
0x00007ff84eaa0000 - 0x00007ff84eaec000 	D:\Xilinx\Vivado\2019.2\lib\win64.o\libboost_serialization.dll
0x00007ff84d8d0000 - 0x00007ff84d9a7000 	D:\Xilinx\Vivado\2019.2\lib\win64.o\librdi_ipconfig_readwrite.dll

VM Arguments:
jvm_args: -Dsun.java2d.pmoffscreen=false -Dsun.java2d.xrender=false -Dsun.java2d.d3d=false -Dsun.awt.nopixfmt=true -Dsun.java2d.dpiaware=true -Dsun.java2d.uiScale.enabled=false -Xverify:none -Dswing.aatext=true -XX:-UsePerfData -Djdk.map.althashing.threshold=512 -XX:StringTableSize=4072 --add-opens=java.base/java.nio=ALL-UNNAMED --add-opens=java.desktop/sun.swing=ALL-UNNAMED --add-opens=java.desktop/javax.swing=ALL-UNNAMED --add-opens=java.desktop/javax.swing.tree=ALL-UNNAMED --add-opens=java.desktop/javax.swing.plaf.basic=ALL-UNNAMED --add-opens=java.desktop/javax.swing.plaf.synth=ALL-UNNAMED --add-opens=java.desktop/com.sun.awt=ALL-UNNAMED -XX:NewSize=60m -XX:MaxNewSize=60m -Xms128m -Xmx3072m -Xss5m 
java_command: <unknown>
java_class_path (initial): D:/Xilinx/Vivado/2019.2\lib\classes\alloy.jar;D:/Xilinx/Vivado/2019.2\lib\classes\autoesl-common.jar;D:/Xilinx/Vivado/2019.2\lib\classes\autoesl-models.jar;D:/Xilinx/Vivado/2019.2\lib\classes\autoesl-report.jar;D:/Xilinx/Vivado/2019.2\lib\classes\autopilot.scelaborator.jar;D:/Xilinx/Vivado/2019.2\lib\classes\autopilot.sourceprocessor.jar;D:/Xilinx/Vivado/2019.2\lib\classes\autopilot.tbprocessor.jar;D:/Xilinx/Vivado/2019.2\lib\classes\batik-anim.jar;D:/Xilinx/Vivado/2019.2\lib\classes\batik-awt-util.jar;D:/Xilinx/Vivado/2019.2\lib\classes\batik-bridge.jar;D:/Xilinx/Vivado/2019.2\lib\classes\batik-codec.jar;D:/Xilinx/Vivado/2019.2\lib\classes\batik-css.jar;D:/Xilinx/Vivado/2019.2\lib\classes\batik-dom.jar;D:/Xilinx/Vivado/2019.2\lib\classes\batik-ext.jar;D:/Xilinx/Vivado/2019.2\lib\classes\batik-gui-util.jar;D:/Xilinx/Vivado/2019.2\lib\classes\batik-gvt.jar;D:/Xilinx/Vivado/2019.2\lib\classes\batik-parser.jar;D:/Xilinx/Vivado/2019.2\lib\classes\batik-script.jar;D:/Xilinx/Vivado/2019.2\lib\classes\batik-svg-dom.jar;D:/Xilinx/Vivado/2019.2\lib\classes\batik-swing.jar;D:/Xilinx/Vivado/2019.2\lib\classes\batik-transcoder.jar;D:/Xilinx/Vivado/2019.2\lib\classes\batik-util.jar;D:/Xilinx/Vivado/2019.2\lib\classes\batik-xml.jar;D:/Xilinx/Vivado/2019.2\lib\classes\com.google.gson_2.7.0.v20170129-0911.jar;D:/Xilinx/Vivado/2019.2\lib\classes\com.google.guava_21.0.0.v20170206-1425.jar;D:/Xilinx/Vivado/2019.2\lib\classes\com.ibm.icu_4.4.2.v20110208.jar;D:/Xilinx/Vivado/2019.2\lib\classes\com.sigasi.hdt.connection_4.5.0.201909241521.jar;D:/Xilinx/Vivado/2019.2\lib\classes\com.sigasi.hdt.epl_4.5.0.201909241521.jar;D:/Xilinx/Vivado/2019.2\lib\classes\com.sigasi.hdt.project_4.5.0.201909241521.jar;D:/Xilinx/Vivado/2019.2\lib\classes\com.sigasi.hdt.readonlyfilesystem_4.5.0.201909241521.jar;D:/Xilinx/Vivado/2019.2\lib\classes\com.sigasi.lcm_4.5.0.201909241521.jar;D:/Xilinx/Vivado/2019.2\lib\classes\com.sigasi.sdk.client_4.5.0.201909241521.jar;D:/Xilinx/Vivado
Launcher Type: generic

Logging:
Log output configuration:
#0: stdout all=warning uptime,level,tags
#1: stderr all=off uptime,level,tags

Environment Variables:
PATH=D:/Xilinx/Vivado/2019.2\gnuwin\bin;D:/Xilinx/Vivado/2019.2\gnu\microblaze\nt\bin;D:/Xilinx/Vivado/2019.2/bin;D:/Xilinx/Vivado/2019.2/lib/win64.o;D:/Xilinx/Vivado/2019.2/tps/win64/jre9.0.4/bin/server;D:/Xilinx/Vivado/2019.2/tps/win64/jre9.0.4/bin;D:/Xilinx/Vitis/2019.2/bin;D:/Xilinx/Vivado/2019.2/ids_lite/ISE/bin/nt64;D:/Xilinx/Vivado/2019.2/ids_lite/ISE/lib/nt64;C:\Windows\system32;C:\Windows;C:\Windows\System32\Wbem;C:\Windows\System32\WindowsPowerShell\v1.0\;C:\Windows\System32\OpenSSH\;C:\Program Files\NVIDIA Corporation\NVIDIA NvDLISR;C:\Users\dell\AppData\Local\Microsoft\WindowsApps;;D:/Xilinx/Vivado/2019.2\tps\mingw\6.2.0\win64.o\nt\bin;D:/Xilinx/Vivado/2019.2\tps\mingw\6.2.0\win64.o\nt\libexec\gcc\x86_64-w64-mingw32\6.2.0;D:/Xilinx/Vivado/2019.2\tps\win64\python-2.7.5;D:/Xilinx/Vivado/2019.2\tps\win64\python-2.7.5\bin;D:/Xilinx/Vivado/2019.2\tps\win64\python-2.7.5\lib;D:/Xilinx/Vivado/2019.2\tps\win64\python-2.7.5\Lib\lib-tk;D:/Xilinx/Vivado/2019.2\tps\win64\python-2.7.5\lib\site-packages
USERNAME=dell
OS=Windows_NT
PROCESSOR_IDENTIFIER=Intel64 Family 6 Model 85 Stepping 4, GenuineIntel



---------------  S Y S T E M  ---------------

OS: Windows 10 , 64 bit Build 18362 (10.0.18362.329)

CPU:total 36 (initial active 36) (18 cores per cpu, 2 threads per core) family 6 model 85 stepping 4, cmov, cx8, fxsr, mmx, sse, sse2, sse3, ssse3, sse4.1, sse4.2, popcnt, avx, avx2, aes, clmul, erms, rtm, 3dnowpref, lzcnt, ht, tsc, tscinvbit, bmi1, bmi2, adx, fma

Memory: 4k page, physical 66801808k(811820k free), swap 129260344k(0k free)

vm_info: Java HotSpot(TM) 64-Bit Server VM (9.0.4+11) for windows-amd64 JRE (9.0.4+11), built on Dec 20 2017 02:18:54 by "mach5one" with MS VC++ 12.0 (VS2013)

END.
