#-----------------------------------------------------------
# Vivado v2019.2 (64-bit)
# SW Build 2708876 on Wed Nov  6 21:40:23 MST 2019
# IP Build 2700528 on Thu Nov  7 00:09:20 MST 2019
# Start of session at: Thu Nov 21 14:52:43 2019
# Process ID: 1636
# Current directory: D:/project/ethnet/kcu105_10gbaser_trd/hardware/vivado/runs/impl_run
# Command line: vivado.exe -gui_launcher_event rodinguilauncherevent3284 D:\project\ethnet\kcu105_10gbaser_trd\hardware\vivado\runs\impl_run\10gbaser_trd.xpr
# Log file: D:/project/ethnet/kcu105_10gbaser_trd/hardware/vivado/runs/impl_run/vivado.log
# Journal file: D:/project/ethnet/kcu105_10gbaser_trd/hardware/vivado/runs/impl_run\vivado.jou
#-----------------------------------------------------------
start_gui
open_project D:/project/ethnet/kcu105_10gbaser_trd/hardware/vivado/runs/impl_run/10gbaser_trd.xpr
Scanning sources...
Finished scanning sources
INFO: [IP_Flow 19-234] Refreshing IP repositories
INFO: [IP_Flow 19-1700] Loaded user IP repository 'd:/project/ethnet/kcu105_10gbaser_trd/hardware/sources/ip_packaged/gen_mon'.
INFO: [IP_Flow 19-2313] Loaded Vivado IP repository 'D:/Xilinx/Vivado/2019.2/data/ip'.
open_project: Time (s): cpu = 00:00:39 ; elapsed = 00:00:54 . Memory (MB): peak = 1058.066 ; gain = 337.637
update_compile_order -fileset sources_1
open_hw_manager
connect_hw_server -allow_non_jtag
INFO: [Labtools 27-2285] Connecting to hw_server url TCP:localhost:3121
INFO: [Labtools 27-2222] Launching hw_server...
INFO: [Labtools 27-2221] Launch Output:

****** Xilinx hw_server v2019.2
  **** Build date : Nov  6 2019 at 22:12:23
    ** Copyright 1986-2019 Xilinx, Inc. All Rights Reserved.


INFO: [Labtools 27-3415] Connecting to cs_server url TCP:localhost:3042
INFO: [Labtools 27-3417] Launching cs_server...
INFO: [Labtools 27-2221] Launch Output:


****** Xilinx cs_server v2019.2.0
  **** Build date : Nov 07 2019-13:28:22
    ** Copyright 2017-2019 Xilinx, Inc. All Rights Reserved.



connect_hw_server: Time (s): cpu = 00:00:02 ; elapsed = 00:00:10 . Memory (MB): peak = 1418.609 ; gain = 15.371
open_hw_target
INFO: [Labtoolstcl 44-466] Opening hw_target localhost:3121/xilinx_tcf/Digilent/210308A5F54F
set_property PROGRAM.FILE {D:/project/ethnet/kcu105_10gbaser_trd/hardware/vivado/runs/impl_run/10gbaser_trd.runs/impl_1/kcu105_10gbaser_top.bit} [get_hw_devices xcku040_0]
set_property PROBES.FILE {D:/project/ethnet/kcu105_10gbaser_trd/hardware/vivado/runs/impl_run/10gbaser_trd.runs/impl_1/kcu105_10gbaser_top.ltx} [get_hw_devices xcku040_0]
set_property FULL_PROBES.FILE {D:/project/ethnet/kcu105_10gbaser_trd/hardware/vivado/runs/impl_run/10gbaser_trd.runs/impl_1/kcu105_10gbaser_top.ltx} [get_hw_devices xcku040_0]
current_hw_device [get_hw_devices xcku040_0]
refresh_hw_device [lindex [get_hw_devices xcku040_0] 0]
INFO: [Labtools 27-2302] Device xcku040 (JTAG device index = 0) is programmed with a design that has 6 ILA core(s).
refresh_hw_device: Time (s): cpu = 00:00:23 ; elapsed = 00:00:10 . Memory (MB): peak = 2563.930 ; gain = 114.512
display_hw_ila_data [ get_hw_ila_data hw_ila_data_1 -of_objects [get_hw_ilas -of_objects [get_hw_devices xcku040_0] -filter {CELL_NAME=~"axi_stream_gen_mon_0/axi_stream_interface/ila_interface"}]]
WARNING: Simulation object axi_stream_gen_mon_0/axi_stream_interface/b_tx_axis_tready was not found in the design.
display_hw_ila_data: Time (s): cpu = 00:00:23 ; elapsed = 00:00:22 . Memory (MB): peak = 2630.957 ; gain = 67.027
display_hw_ila_data [ get_hw_ila_data hw_ila_data_2 -of_objects [get_hw_ilas -of_objects [get_hw_devices xcku040_0] -filter {CELL_NAME=~"axi_stream_gen_mon_0/ila_gen_mon_axis"}]]
display_hw_ila_data [ get_hw_ila_data hw_ila_data_3 -of_objects [get_hw_ilas -of_objects [get_hw_devices xcku040_0] -filter {CELL_NAME=~"axi_stream_gen_mon_1/axi_stream_interface/ila_interface"}]]
display_hw_ila_data [ get_hw_ila_data hw_ila_data_4 -of_objects [get_hw_ilas -of_objects [get_hw_devices xcku040_0] -filter {CELL_NAME=~"axi_stream_gen_mon_1/ila_gen_mon_axis"}]]
display_hw_ila_data [ get_hw_ila_data hw_ila_data_5 -of_objects [get_hw_ilas -of_objects [get_hw_devices xcku040_0] -filter {CELL_NAME=~"ila_gen_mon"}]]
display_hw_ila_data [ get_hw_ila_data hw_ila_data_6 -of_objects [get_hw_ilas -of_objects [get_hw_devices xcku040_0] -filter {CELL_NAME=~"mac_phy_wrapper_i/mac_phy_i/system_ila_mac_phy2/inst/ila_lib"}]]
Processed interface s_axis_tx_0_1_ila6_slot0
Processed interface mac_phy_ch0_m_axis_rx_ila6_slot1
Processed interface s_axis_tx_1_1_ila6_slot2
Processed interface mac_phy_ch1_m_axis_rx_ila6_slot3
display_hw_ila_data: Time (s): cpu = 00:00:21 ; elapsed = 00:00:20 . Memory (MB): peak = 2637.543 ; gain = 0.000
run_hw_ila [get_hw_ilas -of_objects [get_hw_devices xcku040_0] -filter {CELL_NAME=~"axi_stream_gen_mon_0/axi_stream_interface/ila_interface"}]
INFO: [Labtools 27-1964] The ILA core 'hw_ila_1' trigger was armed at 2019-Nov-21 14:57:45
wait_on_hw_ila [get_hw_ilas -of_objects [get_hw_devices xcku040_0] -filter {CELL_NAME=~"axi_stream_gen_mon_0/axi_stream_interface/ila_interface"}]
display_hw_ila_data [upload_hw_ila_data [get_hw_ilas -of_objects [get_hw_devices xcku040_0] -filter {CELL_NAME=~"axi_stream_gen_mon_0/axi_stream_interface/ila_interface"}]]
INFO: [Labtools 27-1966] The ILA core 'hw_ila_1' triggered at 2019-Nov-21 14:57:45
INFO: [Labtools 27-3304] ILA Waveform data saved to file D:/project/ethnet/kcu105_10gbaser_trd/hardware/vivado/runs/impl_run/10gbaser_trd.hw/backup/hw_ila_data_1.ila. Use Tcl command 'read_hw_ila_data' or Vivado File->Import->Import ILA Data menu item to import the previously saved data.
display_hw_ila_data: Time (s): cpu = 00:00:08 ; elapsed = 00:00:08 . Memory (MB): peak = 2640.555 ; gain = 0.000
set_property PROBES.FILE {D:/project/ethnet/kcu105_10gbaser_trd/hardware/vivado/runs/impl_run/10gbaser_trd.runs/impl_1/kcu105_10gbaser_top.ltx} [get_hw_devices xcku040_0]
set_property FULL_PROBES.FILE {D:/project/ethnet/kcu105_10gbaser_trd/hardware/vivado/runs/impl_run/10gbaser_trd.runs/impl_1/kcu105_10gbaser_top.ltx} [get_hw_devices xcku040_0]
set_property PROGRAM.FILE {D:/project/ethnet/kcu105_10gbaser_trd/hardware/vivado/runs/impl_run/10gbaser_trd.runs/impl_1/kcu105_10gbaser_top.bit} [get_hw_devices xcku040_0]
program_hw_devices [get_hw_devices xcku040_0]
INFO: [Labtools 27-3164] End of startup status: HIGH
program_hw_devices: Time (s): cpu = 00:00:11 ; elapsed = 00:00:10 . Memory (MB): peak = 2655.723 ; gain = 0.000
refresh_hw_device [lindex [get_hw_devices xcku040_0] 0]
INFO: [Labtools 27-2302] Device xcku040 (JTAG device index = 0) is programmed with a design that has 6 ILA core(s).
