#-----------------------------------------------------------
# Vivado v2019.2 (64-bit)
# SW Build 2708876 on Wed Nov  6 21:40:23 MST 2019
# IP Build 2700528 on Thu Nov  7 00:09:20 MST 2019
# Start of session at: Thu Nov 21 15:06:02 2019
# Process ID: 7404
# Current directory: D:/project/ethnet/kcu105_10gbaser_trd/hardware/vivado/runs/impl_run
# Command line: vivado.exe -gui_launcher_event rodinguilauncherevent13304 D:\project\ethnet\kcu105_10gbaser_trd\hardware\vivado\runs\impl_run\10gbaser_trd.xpr
# Log file: D:/project/ethnet/kcu105_10gbaser_trd/hardware/vivado/runs/impl_run/vivado.log
# Journal file: D:/project/ethnet/kcu105_10gbaser_trd/hardware/vivado/runs/impl_run\vivado.jou
#-----------------------------------------------------------
start_gui
open_project D:/project/ethnet/kcu105_10gbaser_trd/hardware/vivado/runs/impl_run/10gbaser_trd.xpr
Scanning sources...
Finished scanning sources
INFO: [IP_Flow 19-234] Refreshing IP repositories
INFO: [IP_Flow 19-1700] Loaded user IP repository 'd:/project/ethnet/kcu105_10gbaser_trd/hardware/sources/ip_packaged/gen_mon'.
INFO: [IP_Flow 19-2313] Loaded Vivado IP repository 'D:/Xilinx/Vivado/2019.2/data/ip'.
open_project: Time (s): cpu = 00:00:36 ; elapsed = 00:00:56 . Memory (MB): peak = 1053.012 ; gain = 324.090
update_compile_order -fileset sources_1
set_param generla.maxthreads 32
ERROR: [Common 17-153] Param 'generla.maxthreads' does not exist
set_param generl.maxthreads 32
ERROR: [Common 17-153] Param 'generl.maxthreads' does not exist
set_param general.maxthreads 32
32
open_hw_manager
connect_hw_server -allow_non_jtag
INFO: [Labtools 27-2285] Connecting to hw_server url TCP:localhost:3121
INFO: [Labtools 27-2222] Launching hw_server...
INFO: [Labtools 27-2221] Launch Output:

****** Xilinx hw_server v2019.2
  **** Build date : Nov  6 2019 at 22:12:23
    ** Copyright 1986-2019 Xilinx, Inc. All Rights Reserved.


INFO: [Labtools 27-3415] Connecting to cs_server url TCP:localhost:3042
INFO: [Labtools 27-3417] Launching cs_server...
INFO: [Labtools 27-2221] Launch Output:


****** Xilinx cs_server v2019.2.0
  **** Build date : Nov 07 2019-13:28:22
    ** Copyright 2017-2019 Xilinx, Inc. All Rights Reserved.



connect_hw_server: Time (s): cpu = 00:00:02 ; elapsed = 00:00:10 . Memory (MB): peak = 1502.844 ; gain = 13.555
open_hw_target
INFO: [Labtoolstcl 44-466] Opening hw_target localhost:3121/xilinx_tcf/Digilent/210308A5F54F
set_property PROGRAM.FILE {D:/project/ethnet/kcu105_10gbaser_trd/hardware/vivado/runs/impl_run/10gbaser_trd.runs/impl_1/kcu105_10gbaser_top.bit} [get_hw_devices xcku040_0]
set_property PROBES.FILE {D:/project/ethnet/kcu105_10gbaser_trd/hardware/vivado/runs/impl_run/10gbaser_trd.runs/impl_1/kcu105_10gbaser_top.ltx} [get_hw_devices xcku040_0]
set_property FULL_PROBES.FILE {D:/project/ethnet/kcu105_10gbaser_trd/hardware/vivado/runs/impl_run/10gbaser_trd.runs/impl_1/kcu105_10gbaser_top.ltx} [get_hw_devices xcku040_0]
current_hw_device [get_hw_devices xcku040_0]
refresh_hw_device [lindex [get_hw_devices xcku040_0] 0]
INFO: [Labtools 27-2302] Device xcku040 (JTAG device index = 0) is programmed with a design that has 6 ILA core(s).
display_hw_ila_data [ get_hw_ila_data hw_ila_data_1 -of_objects [get_hw_ilas -of_objects [get_hw_devices xcku040_0] -filter {CELL_NAME=~"axi_stream_gen_mon_0/axi_stream_interface/ila_interface"}]]
WARNING: Simulation object axi_stream_gen_mon_0/axi_stream_interface/b_tx_axis_tready was not found in the design.
display_hw_ila_data: Time (s): cpu = 00:00:23 ; elapsed = 00:00:22 . Memory (MB): peak = 2542.270 ; gain = 38.957
display_hw_ila_data [ get_hw_ila_data hw_ila_data_2 -of_objects [get_hw_ilas -of_objects [get_hw_devices xcku040_0] -filter {CELL_NAME=~"axi_stream_gen_mon_0/ila_gen_mon_axis"}]]
display_hw_ila_data [ get_hw_ila_data hw_ila_data_3 -of_objects [get_hw_ilas -of_objects [get_hw_devices xcku040_0] -filter {CELL_NAME=~"axi_stream_gen_mon_1/axi_stream_interface/ila_interface"}]]
display_hw_ila_data [ get_hw_ila_data hw_ila_data_4 -of_objects [get_hw_ilas -of_objects [get_hw_devices xcku040_0] -filter {CELL_NAME=~"axi_stream_gen_mon_1/ila_gen_mon_axis"}]]
display_hw_ila_data [ get_hw_ila_data hw_ila_data_5 -of_objects [get_hw_ilas -of_objects [get_hw_devices xcku040_0] -filter {CELL_NAME=~"ila_gen_mon"}]]
display_hw_ila_data: Time (s): cpu = 00:00:14 ; elapsed = 00:00:11 . Memory (MB): peak = 2548.035 ; gain = 0.000
display_hw_ila_data [ get_hw_ila_data hw_ila_data_6 -of_objects [get_hw_ilas -of_objects [get_hw_devices xcku040_0] -filter {CELL_NAME=~"mac_phy_wrapper_i/mac_phy_i/system_ila_mac_phy2/inst/ila_lib"}]]
Processed interface s_axis_tx_0_1_ila6_slot0
Processed interface mac_phy_ch0_m_axis_rx_ila6_slot1
Processed interface s_axis_tx_1_1_ila6_slot2
Processed interface mac_phy_ch1_m_axis_rx_ila6_slot3
run_hw_ila [get_hw_ilas -of_objects [get_hw_devices xcku040_0] -filter {CELL_NAME=~"mac_phy_wrapper_i/mac_phy_i/system_ila_mac_phy2/inst/ila_lib"}]
INFO: [Labtools 27-1964] The ILA core 'hw_ila_6' trigger was armed at 2019-Nov-21 15:10:52
wait_on_hw_ila [get_hw_ilas -of_objects [get_hw_devices xcku040_0] -filter {CELL_NAME=~"mac_phy_wrapper_i/mac_phy_i/system_ila_mac_phy2/inst/ila_lib"}]
display_hw_ila_data [upload_hw_ila_data [get_hw_ilas -of_objects [get_hw_devices xcku040_0] -filter {CELL_NAME=~"mac_phy_wrapper_i/mac_phy_i/system_ila_mac_phy2/inst/ila_lib"}]]
INFO: [Labtools 27-1966] The ILA core 'hw_ila_6' triggered at 2019-Nov-21 15:10:52
Processed interface s_axis_tx_0_1_ila6_slot0
Processed interface mac_phy_ch0_m_axis_rx_ila6_slot1
Processed interface s_axis_tx_1_1_ila6_slot2
Processed interface mac_phy_ch1_m_axis_rx_ila6_slot3
INFO: [Labtools 27-3304] ILA Waveform data saved to file D:/project/ethnet/kcu105_10gbaser_trd/hardware/vivado/runs/impl_run/10gbaser_trd.hw/backup/hw_ila_data_6.ila. Use Tcl command 'read_hw_ila_data' or Vivado File->Import->Import ILA Data menu item to import the previously saved data.
display_hw_ila_data: Time (s): cpu = 00:00:06 ; elapsed = 00:00:05 . Memory (MB): peak = 2562.281 ; gain = 0.000
run_hw_ila [get_hw_ilas -of_objects [get_hw_devices xcku040_0] -filter {CELL_NAME=~"mac_phy_wrapper_i/mac_phy_i/system_ila_mac_phy2/inst/ila_lib"}]
INFO: [Labtools 27-1964] The ILA core 'hw_ila_6' trigger was armed at 2019-Nov-21 15:11:30
wait_on_hw_ila [get_hw_ilas -of_objects [get_hw_devices xcku040_0] -filter {CELL_NAME=~"mac_phy_wrapper_i/mac_phy_i/system_ila_mac_phy2/inst/ila_lib"}]
display_hw_ila_data [upload_hw_ila_data [get_hw_ilas -of_objects [get_hw_devices xcku040_0] -filter {CELL_NAME=~"mac_phy_wrapper_i/mac_phy_i/system_ila_mac_phy2/inst/ila_lib"}]]
INFO: [Labtools 27-1966] The ILA core 'hw_ila_6' triggered at 2019-Nov-21 15:11:30
Processed interface s_axis_tx_0_1_ila6_slot0
Processed interface mac_phy_ch0_m_axis_rx_ila6_slot1
Processed interface s_axis_tx_1_1_ila6_slot2
Processed interface mac_phy_ch1_m_axis_rx_ila6_slot3
INFO: [Labtools 27-3304] ILA Waveform data saved to file D:/project/ethnet/kcu105_10gbaser_trd/hardware/vivado/runs/impl_run/10gbaser_trd.hw/backup/hw_ila_data_6.ila. Use Tcl command 'read_hw_ila_data' or Vivado File->Import->Import ILA Data menu item to import the previously saved data.
run_hw_ila [get_hw_ilas -of_objects [get_hw_devices xcku040_0] -filter {CELL_NAME=~"axi_stream_gen_mon_0/axi_stream_interface/ila_interface"}]
INFO: [Labtools 27-1964] The ILA core 'hw_ila_1' trigger was armed at 2019-Nov-21 15:11:54
wait_on_hw_ila [get_hw_ilas -of_objects [get_hw_devices xcku040_0] -filter {CELL_NAME=~"axi_stream_gen_mon_0/axi_stream_interface/ila_interface"}]
display_hw_ila_data [upload_hw_ila_data [get_hw_ilas -of_objects [get_hw_devices xcku040_0] -filter {CELL_NAME=~"axi_stream_gen_mon_0/axi_stream_interface/ila_interface"}]]
INFO: [Labtools 27-1966] The ILA core 'hw_ila_1' triggered at 2019-Nov-21 15:11:54
INFO: [Labtools 27-3304] ILA Waveform data saved to file D:/project/ethnet/kcu105_10gbaser_trd/hardware/vivado/runs/impl_run/10gbaser_trd.hw/backup/hw_ila_data_1.ila. Use Tcl command 'read_hw_ila_data' or Vivado File->Import->Import ILA Data menu item to import the previously saved data.
display_hw_ila_data: Time (s): cpu = 00:00:11 ; elapsed = 00:00:08 . Memory (MB): peak = 2562.281 ; gain = 0.000
add_wave -into {hw_ila_data_3.wcfg} -radix hex { {axi_stream_gen_mon_1/axi_stream_interface/bb_rx_axis_tdata} {axi_stream_gen_mon_1/axi_stream_interface/bb_rx_axis_tkeep} {axi_stream_gen_mon_1/axi_stream_interface/bb_rx_axis_tlast} {axi_stream_gen_mon_1/axi_stream_interface/bb_rx_axis_tuser} {axi_stream_gen_mon_1/axi_stream_interface/bb_rx_axis_tvalid} {axi_stream_gen_mon_1/axi_stream_interface/bb_tx_axis_tdata} {axi_stream_gen_mon_1/axi_stream_interface/bb_tx_axis_tkeep} {axi_stream_gen_mon_1/axi_stream_interface/bb_tx_axis_tlast} {axi_stream_gen_mon_1/axi_stream_interface/bb_tx_axis_tready} {axi_stream_gen_mon_1/axi_stream_interface/bb_tx_axis_tuser} {axi_stream_gen_mon_1/axi_stream_interface/bb_tx_axis_tvalid} {axi_stream_gen_mon_1/axi_stream_interface/n_0_0} {axi_stream_gen_mon_1/axi_stream_interface/rx_axis_tdata} {axi_stream_gen_mon_1/axi_stream_interface/rx_axis_tkeep} {axi_stream_gen_mon_1/axi_stream_interface/rx_axis_tlast} {axi_stream_gen_mon_1/axi_stream_interface/rx_axis_tready} {axi_stream_gen_mon_1/axi_stream_interface/rx_axis_tuser} {axi_stream_gen_mon_1/axi_stream_interface/rx_axis_tvalid} {axi_stream_gen_mon_1/axi_stream_interface/tx_axis_tdata} {axi_stream_gen_mon_1/axi_stream_interface/tx_axis_tkeep} {axi_stream_gen_mon_1/axi_stream_interface/tx_axis_tlast} {axi_stream_gen_mon_1/axi_stream_interface/tx_axis_tready} {axi_stream_gen_mon_1/axi_stream_interface/tx_axis_tuser} {axi_stream_gen_mon_1/axi_stream_interface/tx_axis_tvalid} }
add_wave: Time (s): cpu = 00:00:09 ; elapsed = 00:00:08 . Memory (MB): peak = 2568.477 ; gain = 0.000
run_hw_ila [get_hw_ilas -of_objects [get_hw_devices xcku040_0] -filter {CELL_NAME=~"axi_stream_gen_mon_1/axi_stream_interface/ila_interface"}]
INFO: [Labtools 27-1964] The ILA core 'hw_ila_3' trigger was armed at 2019-Nov-21 15:18:04
wait_on_hw_ila [get_hw_ilas -of_objects [get_hw_devices xcku040_0] -filter {CELL_NAME=~"axi_stream_gen_mon_1/axi_stream_interface/ila_interface"}]
display_hw_ila_data [upload_hw_ila_data [get_hw_ilas -of_objects [get_hw_devices xcku040_0] -filter {CELL_NAME=~"axi_stream_gen_mon_1/axi_stream_interface/ila_interface"}]]
INFO: [Labtools 27-1966] The ILA core 'hw_ila_3' triggered at 2019-Nov-21 15:18:04
INFO: [Labtools 27-3304] ILA Waveform data saved to file D:/project/ethnet/kcu105_10gbaser_trd/hardware/vivado/runs/impl_run/10gbaser_trd.hw/backup/hw_ila_data_3.ila. Use Tcl command 'read_hw_ila_data' or Vivado File->Import->Import ILA Data menu item to import the previously saved data.
display_hw_ila_data: Time (s): cpu = 00:00:09 ; elapsed = 00:00:07 . Memory (MB): peak = 2570.109 ; gain = 0.000
run_hw_ila [get_hw_ilas -of_objects [get_hw_devices xcku040_0] -filter {CELL_NAME=~"mac_phy_wrapper_i/mac_phy_i/system_ila_mac_phy2/inst/ila_lib"}]
INFO: [Labtools 27-1964] The ILA core 'hw_ila_6' trigger was armed at 2019-Nov-21 15:19:00
wait_on_hw_ila [get_hw_ilas -of_objects [get_hw_devices xcku040_0] -filter {CELL_NAME=~"mac_phy_wrapper_i/mac_phy_i/system_ila_mac_phy2/inst/ila_lib"}]
display_hw_ila_data [upload_hw_ila_data [get_hw_ilas -of_objects [get_hw_devices xcku040_0] -filter {CELL_NAME=~"mac_phy_wrapper_i/mac_phy_i/system_ila_mac_phy2/inst/ila_lib"}]]
INFO: [Labtools 27-1966] The ILA core 'hw_ila_6' triggered at 2019-Nov-21 15:19:00
Processed interface s_axis_tx_0_1_ila6_slot0
Processed interface mac_phy_ch0_m_axis_rx_ila6_slot1
Processed interface s_axis_tx_1_1_ila6_slot2
Processed interface mac_phy_ch1_m_axis_rx_ila6_slot3
INFO: [Labtools 27-3304] ILA Waveform data saved to file D:/project/ethnet/kcu105_10gbaser_trd/hardware/vivado/runs/impl_run/10gbaser_trd.hw/backup/hw_ila_data_6.ila. Use Tcl command 'read_hw_ila_data' or Vivado File->Import->Import ILA Data menu item to import the previously saved data.
run_hw_ila [get_hw_ilas -of_objects [get_hw_devices xcku040_0] -filter {CELL_NAME=~"mac_phy_wrapper_i/mac_phy_i/system_ila_mac_phy2/inst/ila_lib"}]
INFO: [Labtools 27-1964] The ILA core 'hw_ila_6' trigger was armed at 2019-Nov-21 15:20:11
wait_on_hw_ila [get_hw_ilas -of_objects [get_hw_devices xcku040_0] -filter {CELL_NAME=~"mac_phy_wrapper_i/mac_phy_i/system_ila_mac_phy2/inst/ila_lib"}]
display_hw_ila_data [upload_hw_ila_data [get_hw_ilas -of_objects [get_hw_devices xcku040_0] -filter {CELL_NAME=~"mac_phy_wrapper_i/mac_phy_i/system_ila_mac_phy2/inst/ila_lib"}]]
INFO: [Labtools 27-1966] The ILA core 'hw_ila_6' triggered at 2019-Nov-21 15:20:11
Processed interface s_axis_tx_0_1_ila6_slot0
Processed interface mac_phy_ch0_m_axis_rx_ila6_slot1
Processed interface s_axis_tx_1_1_ila6_slot2
Processed interface mac_phy_ch1_m_axis_rx_ila6_slot3
INFO: [Labtools 27-3304] ILA Waveform data saved to file D:/project/ethnet/kcu105_10gbaser_trd/hardware/vivado/runs/impl_run/10gbaser_trd.hw/backup/hw_ila_data_6.ila. Use Tcl command 'read_hw_ila_data' or Vivado File->Import->Import ILA Data menu item to import the previously saved data.
set_property PROBES.FILE {D:/project/ethnet/kcu105_10gbaser_trd/hardware/vivado/runs/impl_run/10gbaser_trd.runs/impl_1/kcu105_10gbaser_top.ltx} [get_hw_devices xcku040_0]
set_property FULL_PROBES.FILE {D:/project/ethnet/kcu105_10gbaser_trd/hardware/vivado/runs/impl_run/10gbaser_trd.runs/impl_1/kcu105_10gbaser_top.ltx} [get_hw_devices xcku040_0]
set_property PROGRAM.FILE {D:/project/ethnet/kcu105_10gbaser_trd/hardware/vivado/runs/impl_run/10gbaser_trd.runs/impl_1/kcu105_10gbaser_top.bit} [get_hw_devices xcku040_0]
program_hw_devices [get_hw_devices xcku040_0]
INFO: [Labtools 27-3164] End of startup status: HIGH
program_hw_devices: Time (s): cpu = 00:00:18 ; elapsed = 00:00:10 . Memory (MB): peak = 2579.078 ; gain = 2.441
refresh_hw_device [lindex [get_hw_devices xcku040_0] 0]
INFO: [Labtools 27-2302] Device xcku040 (JTAG device index = 0) is programmed with a design that has 6 ILA core(s).
delete_hw_probe: Time (s): cpu = 00:00:07 ; elapsed = 00:00:07 . Memory (MB): peak = 2580.984 ; gain = 1.906
Processing Interface s_axis_tx_0_1_ila6_slot0
Processing Interface mac_phy_ch0_m_axis_rx_ila6_slot1
Processing Interface s_axis_tx_1_1_ila6_slot2
Processing Interface mac_phy_ch1_m_axis_rx_ila6_slot3
refresh_hw_device: Time (s): cpu = 00:02:24 ; elapsed = 00:02:21 . Memory (MB): peak = 2580.984 ; gain = 1.906
run_hw_ila [get_hw_ilas -of_objects [get_hw_devices xcku040_0] -filter {CELL_NAME=~"mac_phy_wrapper_i/mac_phy_i/system_ila_mac_phy2/inst/ila_lib"}]
INFO: [Labtools 27-1964] The ILA core 'hw_ila_6' trigger was armed at 2019-Nov-21 15:34:08
wait_on_hw_ila [get_hw_ilas -of_objects [get_hw_devices xcku040_0] -filter {CELL_NAME=~"mac_phy_wrapper_i/mac_phy_i/system_ila_mac_phy2/inst/ila_lib"}]
display_hw_ila_data [upload_hw_ila_data [get_hw_ilas -of_objects [get_hw_devices xcku040_0] -filter {CELL_NAME=~"mac_phy_wrapper_i/mac_phy_i/system_ila_mac_phy2/inst/ila_lib"}]]
INFO: [Labtools 27-1966] The ILA core 'hw_ila_6' triggered at 2019-Nov-21 15:34:08
Processed interface s_axis_tx_0_1_ila6_slot0
Processed interface mac_phy_ch0_m_axis_rx_ila6_slot1
Processed interface s_axis_tx_1_1_ila6_slot2
Processed interface mac_phy_ch1_m_axis_rx_ila6_slot3
INFO: [Labtools 27-3304] ILA Waveform data saved to file D:/project/ethnet/kcu105_10gbaser_trd/hardware/vivado/runs/impl_run/10gbaser_trd.hw/backup/hw_ila_data_6.ila. Use Tcl command 'read_hw_ila_data' or Vivado File->Import->Import ILA Data menu item to import the previously saved data.
display_hw_ila_data: Time (s): cpu = 00:00:07 ; elapsed = 00:00:05 . Memory (MB): peak = 2580.984 ; gain = 0.000
add_wave -into {hw_ila_data_6.wcfg} -radix hex { {Interface_(i6:s0)_(s_axis_tx_0_1)} {T_Channel_(i6:s0)_(s_axis_tx_0_1)} {mac_phy_wrapper_i/mac_phy_i/system_ila_mac_phy2/inst/net_slot_0_axis_tdata} {mac_phy_wrapper_i/mac_phy_i/system_ila_mac_phy2/inst/net_slot_0_axis_tkeep} {mac_phy_wrapper_i/mac_phy_i/system_ila_mac_phy2/inst/net_slot_0_axis_tlast} {mac_phy_wrapper_i/mac_phy_i/system_ila_mac_phy2/inst/net_slot_0_axis_tready} {mac_phy_wrapper_i/mac_phy_i/system_ila_mac_phy2/inst/net_slot_0_axis_tuser} {mac_phy_wrapper_i/mac_phy_i/system_ila_mac_phy2/inst/net_slot_0_axis_tvalid} {Interface_(i6:s1)_(mac_phy_ch0_m_axis_rx)} {T_Channel_(i6:s1)_(mac_phy_ch0_m_axis_rx)} {mac_phy_wrapper_i/mac_phy_i/system_ila_mac_phy2/inst/net_slot_1_axis_tdata} {mac_phy_wrapper_i/mac_phy_i/system_ila_mac_phy2/inst/net_slot_1_axis_tkeep} {mac_phy_wrapper_i/mac_phy_i/system_ila_mac_phy2/inst/net_slot_1_axis_tlast} {mac_phy_wrapper_i/mac_phy_i/system_ila_mac_phy2/inst/net_slot_1_axis_tuser} {mac_phy_wrapper_i/mac_phy_i/system_ila_mac_phy2/inst/net_slot_1_axis_tvalid} {Interface_(i6:s2)_(s_axis_tx_1_1)} {T_Channel_(i6:s2)_(s_axis_tx_1_1)} {mac_phy_wrapper_i/mac_phy_i/system_ila_mac_phy2/inst/net_slot_2_axis_tdata} {mac_phy_wrapper_i/mac_phy_i/system_ila_mac_phy2/inst/net_slot_2_axis_tkeep} {mac_phy_wrapper_i/mac_phy_i/system_ila_mac_phy2/inst/net_slot_2_axis_tlast} {mac_phy_wrapper_i/mac_phy_i/system_ila_mac_phy2/inst/net_slot_2_axis_tready} {mac_phy_wrapper_i/mac_phy_i/system_ila_mac_phy2/inst/net_slot_2_axis_tuser} {mac_phy_wrapper_i/mac_phy_i/system_ila_mac_phy2/inst/net_slot_2_axis_tvalid} {Interface_(i6:s3)_(mac_phy_ch1_m_axis_rx)} {T_Channel_(i6:s3)_(mac_phy_ch1_m_axis_rx)} {mac_phy_wrapper_i/mac_phy_i/system_ila_mac_phy2/inst/net_slot_3_axis_tdata} {mac_phy_wrapper_i/mac_phy_i/system_ila_mac_phy2/inst/net_slot_3_axis_tkeep} {mac_phy_wrapper_i/mac_phy_i/system_ila_mac_phy2/inst/net_slot_3_axis_tlast} {mac_phy_wrapper_i/mac_phy_i/system_ila_mac_phy2/inst/net_slot_3_axis_tuser} {mac_phy_wrapper_i/mac_phy_i/system_ila_mac_phy2/inst/net_slot_3_axis_tvalid} }
set_property NAME.CUSTOM {slot_0 : s_axis_tx_0_1 : Interface  Events} [get_hw_probes Interface_(i6:s0)_(s_axis_tx_0_1)] 
set_property NAME.CUSTOM {slot_0 : s_axis_tx_0_1 : T Channel  Events} [get_hw_probes T_Channel_(i6:s0)_(s_axis_tx_0_1)] 
set_property NAME.CUSTOM {slot_0 : s_axis_tx_0_1 : TDATA} [get_hw_probes mac_phy_wrapper_i/mac_phy_i/system_ila_mac_phy2/inst/net_slot_0_axis_tdata] 
set_property NAME.CUSTOM {slot_0 : s_axis_tx_0_1 : TKEEP} [get_hw_probes mac_phy_wrapper_i/mac_phy_i/system_ila_mac_phy2/inst/net_slot_0_axis_tkeep] 
set_property NAME.CUSTOM {slot_0 : s_axis_tx_0_1 : TLAST} [get_hw_probes mac_phy_wrapper_i/mac_phy_i/system_ila_mac_phy2/inst/net_slot_0_axis_tlast] 
set_property NAME.CUSTOM {slot_0 : s_axis_tx_0_1 : TREADY} [get_hw_probes mac_phy_wrapper_i/mac_phy_i/system_ila_mac_phy2/inst/net_slot_0_axis_tready] 
set_property NAME.CUSTOM {slot_0 : s_axis_tx_0_1 : TUSER} [get_hw_probes mac_phy_wrapper_i/mac_phy_i/system_ila_mac_phy2/inst/net_slot_0_axis_tuser] 
set_property NAME.CUSTOM {slot_0 : s_axis_tx_0_1 : TVALID} [get_hw_probes mac_phy_wrapper_i/mac_phy_i/system_ila_mac_phy2/inst/net_slot_0_axis_tvalid] 
set_property NAME.CUSTOM {slot_1 : mac_phy_ch0_m_axis_rx : Interface  Events} [get_hw_probes Interface_(i6:s1)_(mac_phy_ch0_m_axis_rx)] 
set_property NAME.CUSTOM {slot_1 : mac_phy_ch0_m_axis_rx : T Channel  Events} [get_hw_probes T_Channel_(i6:s1)_(mac_phy_ch0_m_axis_rx)] 
set_property NAME.CUSTOM {slot_1 : mac_phy_ch0_m_axis_rx : TDATA} [get_hw_probes mac_phy_wrapper_i/mac_phy_i/system_ila_mac_phy2/inst/net_slot_1_axis_tdata] 
set_property NAME.CUSTOM {slot_1 : mac_phy_ch0_m_axis_rx : TKEEP} [get_hw_probes mac_phy_wrapper_i/mac_phy_i/system_ila_mac_phy2/inst/net_slot_1_axis_tkeep] 
set_property NAME.CUSTOM {slot_1 : mac_phy_ch0_m_axis_rx : TLAST} [get_hw_probes mac_phy_wrapper_i/mac_phy_i/system_ila_mac_phy2/inst/net_slot_1_axis_tlast] 
set_property NAME.CUSTOM {slot_1 : mac_phy_ch0_m_axis_rx : TUSER} [get_hw_probes mac_phy_wrapper_i/mac_phy_i/system_ila_mac_phy2/inst/net_slot_1_axis_tuser] 
set_property NAME.CUSTOM {slot_1 : mac_phy_ch0_m_axis_rx : TVALID} [get_hw_probes mac_phy_wrapper_i/mac_phy_i/system_ila_mac_phy2/inst/net_slot_1_axis_tvalid] 
set_property NAME.CUSTOM {slot_2 : s_axis_tx_1_1 : Interface  Events} [get_hw_probes Interface_(i6:s2)_(s_axis_tx_1_1)] 
set_property NAME.CUSTOM {slot_2 : s_axis_tx_1_1 : T Channel  Events} [get_hw_probes T_Channel_(i6:s2)_(s_axis_tx_1_1)] 
set_property NAME.CUSTOM {slot_2 : s_axis_tx_1_1 : TDATA} [get_hw_probes mac_phy_wrapper_i/mac_phy_i/system_ila_mac_phy2/inst/net_slot_2_axis_tdata] 
set_property NAME.CUSTOM {slot_2 : s_axis_tx_1_1 : TKEEP} [get_hw_probes mac_phy_wrapper_i/mac_phy_i/system_ila_mac_phy2/inst/net_slot_2_axis_tkeep] 
set_property NAME.CUSTOM {slot_2 : s_axis_tx_1_1 : TLAST} [get_hw_probes mac_phy_wrapper_i/mac_phy_i/system_ila_mac_phy2/inst/net_slot_2_axis_tlast] 
set_property NAME.CUSTOM {slot_2 : s_axis_tx_1_1 : TREADY} [get_hw_probes mac_phy_wrapper_i/mac_phy_i/system_ila_mac_phy2/inst/net_slot_2_axis_tready] 
set_property NAME.CUSTOM {slot_2 : s_axis_tx_1_1 : TUSER} [get_hw_probes mac_phy_wrapper_i/mac_phy_i/system_ila_mac_phy2/inst/net_slot_2_axis_tuser] 
set_property NAME.CUSTOM {slot_2 : s_axis_tx_1_1 : TVALID} [get_hw_probes mac_phy_wrapper_i/mac_phy_i/system_ila_mac_phy2/inst/net_slot_2_axis_tvalid] 
set_property NAME.CUSTOM {slot_3 : mac_phy_ch1_m_axis_rx : Interface  Events} [get_hw_probes Interface_(i6:s3)_(mac_phy_ch1_m_axis_rx)] 
set_property NAME.CUSTOM {slot_3 : mac_phy_ch1_m_axis_rx : T Channel  Events} [get_hw_probes T_Channel_(i6:s3)_(mac_phy_ch1_m_axis_rx)] 
set_property NAME.CUSTOM {slot_3 : mac_phy_ch1_m_axis_rx : TDATA} [get_hw_probes mac_phy_wrapper_i/mac_phy_i/system_ila_mac_phy2/inst/net_slot_3_axis_tdata] 
set_property NAME.CUSTOM {slot_3 : mac_phy_ch1_m_axis_rx : TKEEP} [get_hw_probes mac_phy_wrapper_i/mac_phy_i/system_ila_mac_phy2/inst/net_slot_3_axis_tkeep] 
set_property NAME.CUSTOM {slot_3 : mac_phy_ch1_m_axis_rx : TLAST} [get_hw_probes mac_phy_wrapper_i/mac_phy_i/system_ila_mac_phy2/inst/net_slot_3_axis_tlast] 
set_property NAME.CUSTOM {slot_3 : mac_phy_ch1_m_axis_rx : TUSER} [get_hw_probes mac_phy_wrapper_i/mac_phy_i/system_ila_mac_phy2/inst/net_slot_3_axis_tuser] 
set_property NAME.CUSTOM {slot_3 : mac_phy_ch1_m_axis_rx : TVALID} [get_hw_probes mac_phy_wrapper_i/mac_phy_i/system_ila_mac_phy2/inst/net_slot_3_axis_tvalid] 
run_hw_ila [get_hw_ilas -of_objects [get_hw_devices xcku040_0] -filter {CELL_NAME=~"mac_phy_wrapper_i/mac_phy_i/system_ila_mac_phy2/inst/ila_lib"}]
INFO: [Labtools 27-1964] The ILA core 'hw_ila_6' trigger was armed at 2019-Nov-21 15:38:23
wait_on_hw_ila [get_hw_ilas -of_objects [get_hw_devices xcku040_0] -filter {CELL_NAME=~"mac_phy_wrapper_i/mac_phy_i/system_ila_mac_phy2/inst/ila_lib"}]
display_hw_ila_data [upload_hw_ila_data [get_hw_ilas -of_objects [get_hw_devices xcku040_0] -filter {CELL_NAME=~"mac_phy_wrapper_i/mac_phy_i/system_ila_mac_phy2/inst/ila_lib"}]]
INFO: [Labtools 27-1966] The ILA core 'hw_ila_6' triggered at 2019-Nov-21 15:38:23
Processing Interface s_axis_tx_0_1_ila6_slot0
Processing Interface mac_phy_ch0_m_axis_rx_ila6_slot1
Processing Interface s_axis_tx_1_1_ila6_slot2
Processing Interface mac_phy_ch1_m_axis_rx_ila6_slot3
INFO: [Labtools 27-3304] ILA Waveform data saved to file D:/project/ethnet/kcu105_10gbaser_trd/hardware/vivado/runs/impl_run/10gbaser_trd.hw/backup/hw_ila_data_6.ila. Use Tcl command 'read_hw_ila_data' or Vivado File->Import->Import ILA Data menu item to import the previously saved data.
display_hw_ila_data: Time (s): cpu = 00:00:38 ; elapsed = 00:00:38 . Memory (MB): peak = 2580.984 ; gain = 0.000
save_wave_config {D:/project/ethnet/kcu105_10gbaser_trd/hardware/vivado/runs/impl_run/10gbaser_trd.hw/hw_1/wave/hw_ila_data_1/hw_ila_data_1.wcfg}
save_wave_config {D:/project/ethnet/kcu105_10gbaser_trd/hardware/vivado/runs/impl_run/10gbaser_trd.hw/hw_1/wave/hw_ila_data_2/hw_ila_data_2.wcfg}
save_wave_config {D:/project/ethnet/kcu105_10gbaser_trd/hardware/vivado/runs/impl_run/10gbaser_trd.hw/hw_1/wave/hw_ila_data_3/hw_ila_data_3.wcfg}
save_wave_config {D:/project/ethnet/kcu105_10gbaser_trd/hardware/vivado/runs/impl_run/10gbaser_trd.hw/hw_1/wave/hw_ila_data_4/hw_ila_data_4.wcfg}
save_wave_config {D:/project/ethnet/kcu105_10gbaser_trd/hardware/vivado/runs/impl_run/10gbaser_trd.hw/hw_1/wave/hw_ila_data_5/hw_ila_data_5.wcfg}
save_wave_config {D:/project/ethnet/kcu105_10gbaser_trd/hardware/vivado/runs/impl_run/10gbaser_trd.hw/hw_1/wave/hw_ila_data_6/hw_ila_data_6.wcfg}
exit
INFO: [Common 17-206] Exiting Vivado at Thu Nov 21 15:48:29 2019...
