#-----------------------------------------------------------
# Vivado v2019.2 (64-bit)
# SW Build 2708876 on Wed Nov  6 21:40:23 MST 2019
# IP Build 2700528 on Thu Nov  7 00:09:20 MST 2019
# Start of session at: Thu Nov 21 13:48:56 2019
# Process ID: 416
# Current directory: D:/project/ethnet/kcu105_10gbaser_trd/hardware/vivado/runs/impl_run
# Command line: vivado.exe -gui_launcher_event rodinguilauncherevent13740 D:\project\ethnet\kcu105_10gbaser_trd\hardware\vivado\runs\impl_run\10gbaser_trd.xpr
# Log file: D:/project/ethnet/kcu105_10gbaser_trd/hardware/vivado/runs/impl_run/vivado.log
# Journal file: D:/project/ethnet/kcu105_10gbaser_trd/hardware/vivado/runs/impl_run\vivado.jou
#-----------------------------------------------------------
start_gui
open_project D:/project/ethnet/kcu105_10gbaser_trd/hardware/vivado/runs/impl_run/10gbaser_trd.xpr
INFO: [Project 1-313] Project file moved from 'D:/kcu105_10gbaser_trd/hardware/vivado/runs/impl_run' since last save.
Scanning sources...
Finished scanning sources
INFO: [IP_Flow 19-234] Refreshing IP repositories
INFO: [IP_Flow 19-1700] Loaded user IP repository 'd:/project/ethnet/kcu105_10gbaser_trd/hardware/sources/ip_packaged/gen_mon'.
INFO: [IP_Flow 19-2313] Loaded Vivado IP repository 'D:/Xilinx/Vivado/2019.2/data/ip'.
open_project: Time (s): cpu = 00:00:29 ; elapsed = 00:00:17 . Memory (MB): peak = 1147.094 ; gain = 399.008
update_compile_order -fileset sources_1
open_hw_manager
connect_hw_server -allow_non_jtag
INFO: [Labtools 27-2285] Connecting to hw_server url TCP:localhost:3121
INFO: [Labtools 27-2222] Launching hw_server...
INFO: [Labtools 27-2221] Launch Output:

****** Xilinx hw_server v2019.2
  **** Build date : Nov  6 2019 at 22:12:23
    ** Copyright 1986-2019 Xilinx, Inc. All Rights Reserved.


INFO: [Labtools 27-3415] Connecting to cs_server url TCP:localhost:3042
INFO: [Labtools 27-3417] Launching cs_server...
INFO: [Labtools 27-2221] Launch Output:


****** Xilinx cs_server v2019.2.0
  **** Build date : Nov 07 2019-13:28:22
    ** Copyright 2017-2019 Xilinx, Inc. All Rights Reserved.



connect_hw_server: Time (s): cpu = 00:00:02 ; elapsed = 00:00:19 . Memory (MB): peak = 1398.578 ; gain = 0.000
open_hw_target
INFO: [Labtoolstcl 44-466] Opening hw_target localhost:3121/xilinx_tcf/Digilent/210308A5F54F
set_property PROGRAM.FILE {D:/project/ethnet/kcu105_10gbaser_trd/hardware/vivado/runs/impl_run/10gbaser_trd.runs/impl_1/kcu105_10gbaser_top.bit} [get_hw_devices xcku040_0]
set_property PROBES.FILE {D:/project/ethnet/kcu105_10gbaser_trd/hardware/vivado/runs/impl_run/10gbaser_trd.runs/impl_1/kcu105_10gbaser_top.ltx} [get_hw_devices xcku040_0]
set_property FULL_PROBES.FILE {D:/project/ethnet/kcu105_10gbaser_trd/hardware/vivado/runs/impl_run/10gbaser_trd.runs/impl_1/kcu105_10gbaser_top.ltx} [get_hw_devices xcku040_0]
current_hw_device [get_hw_devices xcku040_0]
refresh_hw_device [lindex [get_hw_devices xcku040_0] 0]
CRITICAL WARNING: [Xicom 50-38] xicom: The current version of Vivado does not support this detected version of the MIG core. 2015.2 is the last version supporting it.
INFO: [Labtools 27-2302] Device xcku040 (JTAG device index = 0) is programmed with a design that has 1 MIG core(s).
WARNING: [Labtools 27-3413] Dropping logic core with cellname:'mac_phy_wrapper_i/mac_phy_i/system_ila_mac_phy2/inst/ila_lib' at location 'uuid_19C5D396EE6F5D3DA62A01CC6BB8ACF4' from probes file, since it cannot be found on the programmed device.
WARNING: [Labtools 27-3413] Dropping logic core with cellname:'axi_stream_gen_mon_0/axi_stream_interface/ila_interface' at location 'uuid_3EFA2405F87F5867B59FCB8A26FE8A30' from probes file, since it cannot be found on the programmed device.
WARNING: [Labtools 27-3413] Dropping logic core with cellname:'axi_stream_gen_mon_1/ila_gen_mon_axis' at location 'uuid_52C374B45F6F58229404A51DD23FED50' from probes file, since it cannot be found on the programmed device.
WARNING: [Labtools 27-3413] Dropping logic core with cellname:'axi_stream_gen_mon_0/ila_gen_mon_axis' at location 'uuid_578416B8AB495FC49BC01FB8519DED3E' from probes file, since it cannot be found on the programmed device.
WARNING: [Labtools 27-3413] Dropping logic core with cellname:'axi_stream_gen_mon_1/axi_stream_interface/ila_interface' at location 'uuid_A5DB4FF39E1650ACA2DB5BC1A7820AB0' from probes file, since it cannot be found on the programmed device.
WARNING: [Labtools 27-3413] Dropping logic core with cellname:'ila_gen_mon' at location 'uuid_E0BA4A5497285BD2892DAB1E9EFE5236' from probes file, since it cannot be found on the programmed device.
set_property PROBES.FILE {D:/project/ethnet/kcu105_10gbaser_trd/hardware/vivado/runs/impl_run/10gbaser_trd.runs/impl_1/kcu105_10gbaser_top.ltx} [get_hw_devices xcku040_0]
set_property FULL_PROBES.FILE {D:/project/ethnet/kcu105_10gbaser_trd/hardware/vivado/runs/impl_run/10gbaser_trd.runs/impl_1/kcu105_10gbaser_top.ltx} [get_hw_devices xcku040_0]
set_property PROGRAM.FILE {D:/project/ethnet/kcu105_10gbaser_trd/hardware/vivado/runs/impl_run/10gbaser_trd.runs/impl_1/kcu105_10gbaser_top.bit} [get_hw_devices xcku040_0]
program_hw_devices [get_hw_devices xcku040_0]
INFO: [Labtools 27-3164] End of startup status: HIGH
program_hw_devices: Time (s): cpu = 00:00:10 ; elapsed = 00:00:10 . Memory (MB): peak = 2613.043 ; gain = 0.000
refresh_hw_device [lindex [get_hw_devices xcku040_0] 0]
INFO: [Labtools 27-2302] Device xcku040 (JTAG device index = 0) is programmed with a design that has 6 ILA core(s).
refresh_hw_device: Time (s): cpu = 00:00:18 ; elapsed = 00:00:09 . Memory (MB): peak = 2613.043 ; gain = 0.000
display_hw_ila_data [ get_hw_ila_data hw_ila_data_1 -of_objects [get_hw_ilas -of_objects [get_hw_devices xcku040_0] -filter {CELL_NAME=~"axi_stream_gen_mon_0/axi_stream_interface/ila_interface"}]]
WARNING: Simulation object axi_stream_gen_mon_0/rx_axis_tready_lb was not found in the design.
WARNING: Simulation object axi_stream_gen_mon_0/rx_axis_tready was not found in the design.
WARNING: Simulation object axi_stream_gen_mon_0/rx_axis_tvalid was not found in the design.
WARNING: Simulation object axi_stream_gen_mon_0/rx_axis_tdata was not found in the design.
WARNING: Simulation object axi_stream_gen_mon_0/rx_axis_tkeep was not found in the design.
WARNING: Simulation object axi_stream_gen_mon_0/rx_axis_tlast was not found in the design.
WARNING: Simulation object axi_stream_gen_mon_0/rx_axis_tuser was not found in the design.
WARNING: Simulation object axi_stream_gen_mon_0/tx_axis_tready was not found in the design.
WARNING: Simulation object axi_stream_gen_mon_0/tx_axis_tdata_g was not found in the design.
WARNING: Simulation object axi_stream_gen_mon_0/tx_axis_tvalid was not found in the design.
WARNING: Simulation object axi_stream_gen_mon_0/tx_axis_tlast was not found in the design.
WARNING: Simulation object axi_stream_gen_mon_0/tx_axis_tdata was not found in the design.
WARNING: Simulation object axi_stream_gen_mon_0/tx_axis_tlast_lb was not found in the design.
WARNING: Simulation object axi_stream_gen_mon_0/tx_axis_tdata_lb was not found in the design.
WARNING: Simulation object axi_stream_gen_mon_0/tx_axis_tkeep was not found in the design.
WARNING: Simulation object axi_stream_gen_mon_0/tx_axis_tkeep_g was not found in the design.
WARNING: Simulation object axi_stream_gen_mon_0/tx_axis_tkeep_lb was not found in the design.
WARNING: Simulation object axi_stream_gen_mon_0/tx_axis_tlast_g was not found in the design.
WARNING: Simulation object axi_stream_gen_mon_0/tx_axis_tready_1 was not found in the design.
WARNING: Simulation object axi_stream_gen_mon_0/tx_axis_tuser was not found in the design.
WARNING: Simulation object axi_stream_gen_mon_0/tx_axis_tuser_g was not found in the design.
WARNING: Simulation object axi_stream_gen_mon_0/tx_axis_tuser_lb was not found in the design.
WARNING: Simulation object axi_stream_gen_mon_0/tx_axis_tvalid_g was not found in the design.
WARNING: Simulation object axi_stream_gen_mon_0/tx_axis_tvalid_lb was not found in the design.
display_hw_ila_data [ get_hw_ila_data hw_ila_data_2 -of_objects [get_hw_ilas -of_objects [get_hw_devices xcku040_0] -filter {CELL_NAME=~"axi_stream_gen_mon_0/ila_gen_mon_axis"}]]
WARNING: Simulation object axi_stream_gen_mon_1/rx_axis_tvalid was not found in the design.
WARNING: Simulation object axi_stream_gen_mon_1/rx_axis_tdata was not found in the design.
WARNING: Simulation object axi_stream_gen_mon_1/rx_axis_tkeep was not found in the design.
WARNING: Simulation object axi_stream_gen_mon_1/rx_axis_tlast was not found in the design.
WARNING: Simulation object axi_stream_gen_mon_1/rx_axis_tready was not found in the design.
WARNING: Simulation object axi_stream_gen_mon_1/rx_axis_tready_lb was not found in the design.
WARNING: Simulation object axi_stream_gen_mon_1/rx_axis_tuser was not found in the design.
WARNING: Simulation object axi_stream_gen_mon_1/tx_axis_tready was not found in the design.
WARNING: Simulation object axi_stream_gen_mon_1/tx_axis_tvalid was not found in the design.
WARNING: Simulation object axi_stream_gen_mon_1/tx_axis_tdata was not found in the design.
WARNING: Simulation object axi_stream_gen_mon_1/tx_axis_tdata_g was not found in the design.
WARNING: Simulation object axi_stream_gen_mon_1/tx_axis_tdata_lb was not found in the design.
WARNING: Simulation object axi_stream_gen_mon_1/tx_axis_tkeep_lb was not found in the design.
WARNING: Simulation object axi_stream_gen_mon_1/tx_axis_tkeep was not found in the design.
WARNING: Simulation object axi_stream_gen_mon_1/tx_axis_tkeep_g was not found in the design.
WARNING: Simulation object axi_stream_gen_mon_1/tx_axis_tlast was not found in the design.
WARNING: Simulation object axi_stream_gen_mon_1/tx_axis_tlast_g was not found in the design.
WARNING: Simulation object axi_stream_gen_mon_1/tx_axis_tlast_lb was not found in the design.
WARNING: Simulation object axi_stream_gen_mon_1/tx_axis_tready_1 was not found in the design.
WARNING: Simulation object axi_stream_gen_mon_1/tx_axis_tuser was not found in the design.
WARNING: Simulation object axi_stream_gen_mon_1/tx_axis_tuser_g was not found in the design.
WARNING: Simulation object axi_stream_gen_mon_1/tx_axis_tuser_lb was not found in the design.
WARNING: Simulation object axi_stream_gen_mon_1/tx_axis_tvalid_g was not found in the design.
WARNING: Simulation object axi_stream_gen_mon_1/tx_axis_tvalid_lb was not found in the design.
display_hw_ila_data [ get_hw_ila_data hw_ila_data_3 -of_objects [get_hw_ilas -of_objects [get_hw_devices xcku040_0] -filter {CELL_NAME=~"axi_stream_gen_mon_1/axi_stream_interface/ila_interface"}]]
WARNING: Simulation object m_axis_rx_0_tdata was not found in the design.
WARNING: Simulation object m_axis_rx_1_tdata was not found in the design.
WARNING: Simulation object reset_sys was not found in the design.
WARNING: Simulation object rx_statistics_valid_ch0 was not found in the design.
WARNING: Simulation object rx_statistics_valid_ch1 was not found in the design.
WARNING: Simulation object rx_statistics_vector_ch0 was not found in the design.
WARNING: Simulation object rx_statistics_vector_ch1 was not found in the design.
WARNING: Simulation object s_axis_tx_0_tdata was not found in the design.
WARNING: Simulation object s_axis_tx_1_tdata was not found in the design.
WARNING: Simulation object tb_tg_config_ch0 was not found in the design.
WARNING: Simulation object tb_tg_config_ch1 was not found in the design.
WARNING: Simulation object tx_statistics_valid_ch0 was not found in the design.
WARNING: Simulation object tx_statistics_valid_ch1 was not found in the design.
WARNING: Simulation object tx_statistics_vector_ch0 was not found in the design.
WARNING: Simulation object tx_statistics_vector_ch1 was not found in the design.
WARNING: Simulation object xphy_status_ch0 was not found in the design.
WARNING: Simulation object xphy_status_ch1 was not found in the design.
display_hw_ila_data [ get_hw_ila_data hw_ila_data_4 -of_objects [get_hw_ilas -of_objects [get_hw_devices xcku040_0] -filter {CELL_NAME=~"axi_stream_gen_mon_1/ila_gen_mon_axis"}]]
WARNING: Simulation object Interface_(i4:s0)_(s_axis_tx_0_1) was not found in the design.
WARNING: Simulation object T_Channel_(i4:s0)_(s_axis_tx_0_1) was not found in the design.
WARNING: Simulation object mac_phy_wrapper_i/mac_phy_i/system_ila_mac_phy2/inst/net_slot_0_axis_tdata was not found in the design.
WARNING: Simulation object mac_phy_wrapper_i/mac_phy_i/system_ila_mac_phy2/inst/net_slot_0_axis_tkeep was not found in the design.
WARNING: Simulation object mac_phy_wrapper_i/mac_phy_i/system_ila_mac_phy2/inst/net_slot_0_axis_tlast was not found in the design.
WARNING: Simulation object mac_phy_wrapper_i/mac_phy_i/system_ila_mac_phy2/inst/net_slot_0_axis_tready was not found in the design.
WARNING: Simulation object mac_phy_wrapper_i/mac_phy_i/system_ila_mac_phy2/inst/net_slot_0_axis_tuser was not found in the design.
WARNING: Simulation object mac_phy_wrapper_i/mac_phy_i/system_ila_mac_phy2/inst/net_slot_0_axis_tvalid was not found in the design.
WARNING: Simulation object Interface_(i4:s1)_(mac_phy_ch0_m_axis_rx) was not found in the design.
WARNING: Simulation object T_Channel_(i4:s1)_(mac_phy_ch0_m_axis_rx) was not found in the design.
WARNING: Simulation object mac_phy_wrapper_i/mac_phy_i/system_ila_mac_phy2/inst/net_slot_1_axis_tdata was not found in the design.
WARNING: Simulation object mac_phy_wrapper_i/mac_phy_i/system_ila_mac_phy2/inst/net_slot_1_axis_tkeep was not found in the design.
WARNING: Simulation object mac_phy_wrapper_i/mac_phy_i/system_ila_mac_phy2/inst/net_slot_1_axis_tlast was not found in the design.
WARNING: Simulation object mac_phy_wrapper_i/mac_phy_i/system_ila_mac_phy2/inst/net_slot_1_axis_tuser was not found in the design.
WARNING: Simulation object mac_phy_wrapper_i/mac_phy_i/system_ila_mac_phy2/inst/net_slot_1_axis_tvalid was not found in the design.
WARNING: Simulation object Interface_(i4:s2)_(s_axis_tx_1_1) was not found in the design.
WARNING: Simulation object T_Channel_(i4:s2)_(s_axis_tx_1_1) was not found in the design.
WARNING: Simulation object mac_phy_wrapper_i/mac_phy_i/system_ila_mac_phy2/inst/net_slot_2_axis_tdata was not found in the design.
WARNING: Simulation object mac_phy_wrapper_i/mac_phy_i/system_ila_mac_phy2/inst/net_slot_2_axis_tkeep was not found in the design.
WARNING: Simulation object mac_phy_wrapper_i/mac_phy_i/system_ila_mac_phy2/inst/net_slot_2_axis_tlast was not found in the design.
WARNING: Simulation object mac_phy_wrapper_i/mac_phy_i/system_ila_mac_phy2/inst/net_slot_2_axis_tready was not found in the design.
WARNING: Simulation object mac_phy_wrapper_i/mac_phy_i/system_ila_mac_phy2/inst/net_slot_2_axis_tuser was not found in the design.
WARNING: Simulation object mac_phy_wrapper_i/mac_phy_i/system_ila_mac_phy2/inst/net_slot_2_axis_tvalid was not found in the design.
WARNING: Simulation object Interface_(i4:s3)_(mac_phy_ch1_m_axis_rx) was not found in the design.
WARNING: Simulation object T_Channel_(i4:s3)_(mac_phy_ch1_m_axis_rx) was not found in the design.
WARNING: Simulation object mac_phy_wrapper_i/mac_phy_i/system_ila_mac_phy2/inst/net_slot_3_axis_tdata was not found in the design.
WARNING: Simulation object mac_phy_wrapper_i/mac_phy_i/system_ila_mac_phy2/inst/net_slot_3_axis_tkeep was not found in the design.
WARNING: Simulation object mac_phy_wrapper_i/mac_phy_i/system_ila_mac_phy2/inst/net_slot_3_axis_tlast was not found in the design.
WARNING: Simulation object mac_phy_wrapper_i/mac_phy_i/system_ila_mac_phy2/inst/net_slot_3_axis_tuser was not found in the design.
WARNING: Simulation object mac_phy_wrapper_i/mac_phy_i/system_ila_mac_phy2/inst/net_slot_3_axis_tvalid was not found in the design.
WARNING: Simulation object mac_phy_wrapper_i/mac_phy_i/system_ila_mac_phy2/inst/net_slot_0_axis_tvalid was not found in the design.
WARNING: Simulation object mac_phy_wrapper_i/mac_phy_i/system_ila_mac_phy2/inst/net_slot_0_axis_tready was not found in the design.
WARNING: Simulation object mac_phy_wrapper_i/mac_phy_i/system_ila_mac_phy2/inst/net_slot_0_axis_tlast was not found in the design.
WARNING: Simulation object mac_phy_wrapper_i/mac_phy_i/system_ila_mac_phy2/inst/net_slot_0_axis_tdata was not found in the design.
WARNING: Simulation object mac_phy_wrapper_i/mac_phy_i/system_ila_mac_phy2/inst/net_slot_0_axis_tkeep was not found in the design.
WARNING: Simulation object mac_phy_wrapper_i/mac_phy_i/system_ila_mac_phy2/inst/net_slot_0_axis_tuser was not found in the design.
WARNING: Simulation object mac_phy_wrapper_i/mac_phy_i/system_ila_mac_phy2/inst/net_slot_1_axis_tvalid was not found in the design.
WARNING: Simulation object mac_phy_wrapper_i/mac_phy_i/system_ila_mac_phy2/inst/net_slot_1_axis_tlast was not found in the design.
WARNING: Simulation object mac_phy_wrapper_i/mac_phy_i/system_ila_mac_phy2/inst/net_slot_1_axis_tdata was not found in the design.
WARNING: Simulation object mac_phy_wrapper_i/mac_phy_i/system_ila_mac_phy2/inst/net_slot_1_axis_tkeep was not found in the design.
WARNING: Simulation object mac_phy_wrapper_i/mac_phy_i/system_ila_mac_phy2/inst/net_slot_1_axis_tuser was not found in the design.
WARNING: Simulation object mac_phy_wrapper_i/mac_phy_i/system_ila_mac_phy2/inst/net_slot_2_axis_tvalid was not found in the design.
WARNING: Simulation object mac_phy_wrapper_i/mac_phy_i/system_ila_mac_phy2/inst/net_slot_2_axis_tready was not found in the design.
WARNING: Simulation object mac_phy_wrapper_i/mac_phy_i/system_ila_mac_phy2/inst/net_slot_2_axis_tlast was not found in the design.
WARNING: Simulation object mac_phy_wrapper_i/mac_phy_i/system_ila_mac_phy2/inst/net_slot_2_axis_tdata was not found in the design.
WARNING: Simulation object mac_phy_wrapper_i/mac_phy_i/system_ila_mac_phy2/inst/net_slot_2_axis_tkeep was not found in the design.
WARNING: Simulation object mac_phy_wrapper_i/mac_phy_i/system_ila_mac_phy2/inst/net_slot_2_axis_tuser was not found in the design.
WARNING: Simulation object mac_phy_wrapper_i/mac_phy_i/system_ila_mac_phy2/inst/net_slot_3_axis_tvalid was not found in the design.
WARNING: Simulation object mac_phy_wrapper_i/mac_phy_i/system_ila_mac_phy2/inst/net_slot_3_axis_tlast was not found in the design.
WARNING: Simulation object mac_phy_wrapper_i/mac_phy_i/system_ila_mac_phy2/inst/net_slot_3_axis_tdata was not found in the design.
WARNING: Simulation object mac_phy_wrapper_i/mac_phy_i/system_ila_mac_phy2/inst/net_slot_3_axis_tkeep was not found in the design.
WARNING: Simulation object mac_phy_wrapper_i/mac_phy_i/system_ila_mac_phy2/inst/net_slot_3_axis_tuser was not found in the design.
display_hw_ila_data [ get_hw_ila_data hw_ila_data_5 -of_objects [get_hw_ilas -of_objects [get_hw_devices xcku040_0] -filter {CELL_NAME=~"ila_gen_mon"}]]
display_hw_ila_data: Time (s): cpu = 00:00:41 ; elapsed = 00:00:38 . Memory (MB): peak = 2613.043 ; gain = 0.000
display_hw_ila_data [ get_hw_ila_data hw_ila_data_6 -of_objects [get_hw_ilas -of_objects [get_hw_devices xcku040_0] -filter {CELL_NAME=~"mac_phy_wrapper_i/mac_phy_i/system_ila_mac_phy2/inst/ila_lib"}]]
Processing Interface s_axis_tx_0_1_ila6_slot0
Processing Interface mac_phy_ch0_m_axis_rx_ila6_slot1
Processing Interface s_axis_tx_1_1_ila6_slot2
Processing Interface mac_phy_ch1_m_axis_rx_ila6_slot3
display_hw_ila_data: Time (s): cpu = 00:00:12 ; elapsed = 00:00:08 . Memory (MB): peak = 2613.043 ; gain = 0.000
add_wave -into {hw_ila_data_1.wcfg} -radix hex { {axi_stream_gen_mon_0/axi_stream_interface/b_tx_axis_tready} {axi_stream_gen_mon_0/axi_stream_interface/bb_rx_axis_tdata} {axi_stream_gen_mon_0/axi_stream_interface/bb_rx_axis_tkeep} {axi_stream_gen_mon_0/axi_stream_interface/bb_rx_axis_tlast} {axi_stream_gen_mon_0/axi_stream_interface/bb_rx_axis_tuser} {axi_stream_gen_mon_0/axi_stream_interface/bb_rx_axis_tvalid} {axi_stream_gen_mon_0/axi_stream_interface/bb_tx_axis_tdata} {axi_stream_gen_mon_0/axi_stream_interface/bb_tx_axis_tkeep} {axi_stream_gen_mon_0/axi_stream_interface/bb_tx_axis_tlast} {axi_stream_gen_mon_0/axi_stream_interface/bb_tx_axis_tuser} {axi_stream_gen_mon_0/axi_stream_interface/bb_tx_axis_tvalid} {axi_stream_gen_mon_0/axi_stream_interface/n_0_0} {axi_stream_gen_mon_0/axi_stream_interface/rx_axis_tdata} {axi_stream_gen_mon_0/axi_stream_interface/rx_axis_tkeep} {axi_stream_gen_mon_0/axi_stream_interface/rx_axis_tlast} {axi_stream_gen_mon_0/axi_stream_interface/rx_axis_tready} {axi_stream_gen_mon_0/axi_stream_interface/rx_axis_tuser} {axi_stream_gen_mon_0/axi_stream_interface/rx_axis_tvalid} {axi_stream_gen_mon_0/axi_stream_interface/tx_axis_tdata} {axi_stream_gen_mon_0/axi_stream_interface/tx_axis_tkeep} {axi_stream_gen_mon_0/axi_stream_interface/tx_axis_tlast} {axi_stream_gen_mon_0/axi_stream_interface/tx_axis_tready} {axi_stream_gen_mon_0/axi_stream_interface/tx_axis_tuser} {axi_stream_gen_mon_0/axi_stream_interface/tx_axis_tvalid} }
add_wave: Time (s): cpu = 00:00:10 ; elapsed = 00:00:10 . Memory (MB): peak = 2613.043 ; gain = 0.000
run_hw_ila [get_hw_ilas -of_objects [get_hw_devices xcku040_0] -filter {CELL_NAME=~"axi_stream_gen_mon_0/axi_stream_interface/ila_interface"}]
ERROR: [Labtools 27-3428] Ila core [hw_ila_1] clock has stopped. Unable to arm ILA core.
run_hw_ila [get_hw_ilas -of_objects [get_hw_devices xcku040_0] -filter {CELL_NAME=~"axi_stream_gen_mon_0/axi_stream_interface/ila_interface"}]
ERROR: [Labtools 27-3428] Ila core [hw_ila_1] clock has stopped. Unable to arm ILA core.
run_hw_ila [get_hw_ilas -of_objects [get_hw_devices xcku040_0] -filter {CELL_NAME=~"axi_stream_gen_mon_0/axi_stream_interface/ila_interface"}]
ERROR: [Labtools 27-3428] Ila core [hw_ila_1] clock has stopped. Unable to arm ILA core.
run_hw_ila [get_hw_ilas -of_objects [get_hw_devices xcku040_0] -filter {CELL_NAME=~"axi_stream_gen_mon_0/axi_stream_interface/ila_interface"}]
ERROR: [Labtools 27-3428] Ila core [hw_ila_1] clock has stopped. Unable to arm ILA core.
set_property PROBES.FILE {D:/project/ethnet/kcu105_10gbaser_trd/hardware/vivado/runs/impl_run/10gbaser_trd.runs/impl_1/kcu105_10gbaser_top.ltx} [get_hw_devices xcku040_0]
set_property FULL_PROBES.FILE {D:/project/ethnet/kcu105_10gbaser_trd/hardware/vivado/runs/impl_run/10gbaser_trd.runs/impl_1/kcu105_10gbaser_top.ltx} [get_hw_devices xcku040_0]
set_property PROGRAM.FILE {D:/project/ethnet/kcu105_10gbaser_trd/hardware/vivado/runs/impl_run/10gbaser_trd.runs/impl_1/kcu105_10gbaser_top.bit} [get_hw_devices xcku040_0]
program_hw_devices [get_hw_devices xcku040_0]
INFO: [Labtools 27-3164] End of startup status: HIGH
program_hw_devices: Time (s): cpu = 00:00:25 ; elapsed = 00:00:16 . Memory (MB): peak = 2646.426 ; gain = 0.000
refresh_hw_device [lindex [get_hw_devices xcku040_0] 0]
INFO: [Labtools 27-2302] Device xcku040 (JTAG device index = 0) is programmed with a design that has 6 ILA core(s).
delete_hw_probe: Time (s): cpu = 00:00:16 ; elapsed = 00:00:16 . Memory (MB): peak = 2646.426 ; gain = 0.000
Processed interface s_axis_tx_0_1_ila6_slot0
Processed interface mac_phy_ch0_m_axis_rx_ila6_slot1
Processed interface s_axis_tx_1_1_ila6_slot2
Processed interface mac_phy_ch1_m_axis_rx_ila6_slot3
refresh_hw_device: Time (s): cpu = 00:01:37 ; elapsed = 00:01:36 . Memory (MB): peak = 2646.426 ; gain = 0.000
run_hw_ila [get_hw_ilas -of_objects [get_hw_devices xcku040_0] -filter {CELL_NAME=~"axi_stream_gen_mon_0/axi_stream_interface/ila_interface"}]
INFO: [Labtools 27-1964] The ILA core 'hw_ila_1' trigger was armed at 2019-Nov-21 13:58:52
wait_on_hw_ila [get_hw_ilas -of_objects [get_hw_devices xcku040_0] -filter {CELL_NAME=~"axi_stream_gen_mon_0/axi_stream_interface/ila_interface"}]
display_hw_ila_data [upload_hw_ila_data [get_hw_ilas -of_objects [get_hw_devices xcku040_0] -filter {CELL_NAME=~"axi_stream_gen_mon_0/axi_stream_interface/ila_interface"}]]
INFO: [Labtools 27-1966] The ILA core 'hw_ila_1' triggered at 2019-Nov-21 13:58:52
INFO: [Labtools 27-3304] ILA Waveform data saved to file D:/project/ethnet/kcu105_10gbaser_trd/hardware/vivado/runs/impl_run/10gbaser_trd.hw/backup/hw_ila_data_1.ila. Use Tcl command 'read_hw_ila_data' or Vivado File->Import->Import ILA Data menu item to import the previously saved data.
display_hw_ila_data: Time (s): cpu = 00:00:10 ; elapsed = 00:00:08 . Memory (MB): peak = 2646.426 ; gain = 0.000
save_wave_config {D:/project/ethnet/kcu105_10gbaser_trd/hardware/vivado/runs/impl_run/10gbaser_trd.hw/hw_1/wave/hw_ila_data_1/hw_ila_data_1.wcfg}
save_wave_config {D:/project/ethnet/kcu105_10gbaser_trd/hardware/vivado/runs/impl_run/10gbaser_trd.hw/hw_1/wave/hw_ila_data_2/hw_ila_data_2.wcfg}
save_wave_config {D:/project/ethnet/kcu105_10gbaser_trd/hardware/vivado/runs/impl_run/10gbaser_trd.hw/hw_1/wave/hw_ila_data_3/hw_ila_data_3.wcfg}
save_wave_config {D:/project/ethnet/kcu105_10gbaser_trd/hardware/vivado/runs/impl_run/10gbaser_trd.hw/hw_1/wave/hw_ila_data_4/hw_ila_data_4.wcfg}
save_wave_config {D:/project/ethnet/kcu105_10gbaser_trd/hardware/vivado/runs/impl_run/10gbaser_trd.hw/hw_1/wave/hw_ila_data_5/hw_ila_data_5.wcfg}
save_wave_config {D:/project/ethnet/kcu105_10gbaser_trd/hardware/vivado/runs/impl_run/10gbaser_trd.hw/hw_1/wave/hw_ila_data_6/hw_ila_data_6.wcfg}
close_hw_target {localhost:3121/xilinx_tcf/Digilent/210308A5F54F}
INFO: [Labtoolstcl 44-464] Closing hw_target localhost:3121/xilinx_tcf/Digilent/210308A5F54F
disconnect_hw_server localhost:3121
connect_hw_server -allow_non_jtag
INFO: [Labtools 27-2285] Connecting to hw_server url TCP:localhost:3121
INFO: [Labtools 27-3415] Connecting to cs_server url TCP:localhost:3042
INFO: [Labtools 27-3414] Connected to existing cs_server.
open_hw_target
INFO: [Labtoolstcl 44-466] Opening hw_target localhost:3121/xilinx_tcf/Digilent/210308A5F54F
set_property PROGRAM.FILE {D:/project/ethnet/kcu105_10gbaser_trd/hardware/vivado/runs/impl_run/10gbaser_trd.runs/impl_1/kcu105_10gbaser_top.bit} [get_hw_devices xcku040_0]
set_property PROBES.FILE {D:/project/ethnet/kcu105_10gbaser_trd/hardware/vivado/runs/impl_run/10gbaser_trd.runs/impl_1/kcu105_10gbaser_top.ltx} [get_hw_devices xcku040_0]
set_property FULL_PROBES.FILE {D:/project/ethnet/kcu105_10gbaser_trd/hardware/vivado/runs/impl_run/10gbaser_trd.runs/impl_1/kcu105_10gbaser_top.ltx} [get_hw_devices xcku040_0]
current_hw_device [get_hw_devices xcku040_0]
refresh_hw_device [lindex [get_hw_devices xcku040_0] 0]
INFO: [Labtools 27-2302] Device xcku040 (JTAG device index = 0) is programmed with a design that has 4 ILA core(s).
WARNING: [Labtools 27-3413] Dropping logic core with cellname:'axi_stream_gen_mon_0/axi_stream_interface/ila_interface' at location 'uuid_3EFA2405F87F5867B59FCB8A26FE8A30' from probes file, since it cannot be found on the programmed device.
WARNING: [Labtools 27-3413] Dropping logic core with cellname:'axi_stream_gen_mon_1/axi_stream_interface/ila_interface' at location 'uuid_A5DB4FF39E1650ACA2DB5BC1A7820AB0' from probes file, since it cannot be found on the programmed device.
refresh_hw_device: Time (s): cpu = 00:00:12 ; elapsed = 00:00:06 . Memory (MB): peak = 2714.715 ; gain = 48.125
display_hw_ila_data [ get_hw_ila_data hw_ila_data_1 -of_objects [get_hw_ilas -of_objects [get_hw_devices xcku040_0] -filter {CELL_NAME=~"axi_stream_gen_mon_0/ila_gen_mon_axis"}]]
WARNING: Simulation object axi_stream_gen_mon_0/axi_stream_interface/b_tx_axis_tready was not found in the design.
WARNING: Simulation object axi_stream_gen_mon_0/axi_stream_interface/bb_rx_axis_tdata was not found in the design.
WARNING: Simulation object axi_stream_gen_mon_0/axi_stream_interface/bb_rx_axis_tkeep was not found in the design.
WARNING: Simulation object axi_stream_gen_mon_0/axi_stream_interface/bb_rx_axis_tlast was not found in the design.
WARNING: Simulation object axi_stream_gen_mon_0/axi_stream_interface/bb_rx_axis_tuser was not found in the design.
WARNING: Simulation object axi_stream_gen_mon_0/axi_stream_interface/bb_rx_axis_tvalid was not found in the design.
WARNING: Simulation object axi_stream_gen_mon_0/axi_stream_interface/bb_tx_axis_tdata was not found in the design.
WARNING: Simulation object axi_stream_gen_mon_0/axi_stream_interface/bb_tx_axis_tkeep was not found in the design.
WARNING: Simulation object axi_stream_gen_mon_0/axi_stream_interface/bb_tx_axis_tlast was not found in the design.
WARNING: Simulation object axi_stream_gen_mon_0/axi_stream_interface/bb_tx_axis_tuser was not found in the design.
WARNING: Simulation object axi_stream_gen_mon_0/axi_stream_interface/bb_tx_axis_tvalid was not found in the design.
WARNING: Simulation object axi_stream_gen_mon_0/axi_stream_interface/n_0_0 was not found in the design.
WARNING: Simulation object axi_stream_gen_mon_0/axi_stream_interface/rx_axis_tdata was not found in the design.
WARNING: Simulation object axi_stream_gen_mon_0/axi_stream_interface/rx_axis_tkeep was not found in the design.
WARNING: Simulation object axi_stream_gen_mon_0/axi_stream_interface/rx_axis_tlast was not found in the design.
WARNING: Simulation object axi_stream_gen_mon_0/axi_stream_interface/rx_axis_tready was not found in the design.
WARNING: Simulation object axi_stream_gen_mon_0/axi_stream_interface/rx_axis_tuser was not found in the design.
WARNING: Simulation object axi_stream_gen_mon_0/axi_stream_interface/rx_axis_tvalid was not found in the design.
WARNING: Simulation object axi_stream_gen_mon_0/axi_stream_interface/tx_axis_tdata was not found in the design.
WARNING: Simulation object axi_stream_gen_mon_0/axi_stream_interface/tx_axis_tkeep was not found in the design.
WARNING: Simulation object axi_stream_gen_mon_0/axi_stream_interface/tx_axis_tlast was not found in the design.
WARNING: Simulation object axi_stream_gen_mon_0/axi_stream_interface/tx_axis_tready was not found in the design.
WARNING: Simulation object axi_stream_gen_mon_0/axi_stream_interface/tx_axis_tuser was not found in the design.
WARNING: Simulation object axi_stream_gen_mon_0/axi_stream_interface/tx_axis_tvalid was not found in the design.
display_hw_ila_data [ get_hw_ila_data hw_ila_data_2 -of_objects [get_hw_ilas -of_objects [get_hw_devices xcku040_0] -filter {CELL_NAME=~"axi_stream_gen_mon_1/ila_gen_mon_axis"}]]
display_hw_ila_data [ get_hw_ila_data hw_ila_data_3 -of_objects [get_hw_ilas -of_objects [get_hw_devices xcku040_0] -filter {CELL_NAME=~"ila_gen_mon"}]]
display_hw_ila_data [ get_hw_ila_data hw_ila_data_4 -of_objects [get_hw_ilas -of_objects [get_hw_devices xcku040_0] -filter {CELL_NAME=~"mac_phy_wrapper_i/mac_phy_i/system_ila_mac_phy2/inst/ila_lib"}]]
Processing Interface s_axis_tx_0_1_ila4_slot0
Processing Interface mac_phy_ch0_m_axis_rx_ila4_slot1
Processing Interface s_axis_tx_1_1_ila4_slot2
Processing Interface mac_phy_ch1_m_axis_rx_ila4_slot3
display_hw_ila_data: Time (s): cpu = 00:00:06 ; elapsed = 00:00:05 . Memory (MB): peak = 2714.715 ; gain = 0.000
set_property PROBES.FILE {D:/project/ethnet/kcu105_10gbaser_trd/hardware/vivado/runs/impl_run/10gbaser_trd.runs/impl_1/kcu105_10gbaser_top.ltx} [get_hw_devices xcku040_0]
set_property FULL_PROBES.FILE {D:/project/ethnet/kcu105_10gbaser_trd/hardware/vivado/runs/impl_run/10gbaser_trd.runs/impl_1/kcu105_10gbaser_top.ltx} [get_hw_devices xcku040_0]
set_property PROGRAM.FILE {D:/project/ethnet/kcu105_10gbaser_trd/hardware/vivado/runs/impl_run/10gbaser_trd.runs/impl_1/kcu105_10gbaser_top.bit} [get_hw_devices xcku040_0]
program_hw_devices [get_hw_devices xcku040_0]
INFO: [Labtools 27-3164] End of startup status: HIGH
program_hw_devices: Time (s): cpu = 00:00:10 ; elapsed = 00:00:09 . Memory (MB): peak = 2715.758 ; gain = 0.000
refresh_hw_device [lindex [get_hw_devices xcku040_0] 0]
INFO: [Labtools 27-2302] Device xcku040 (JTAG device index = 0) is programmed with a design that has 6 ILA core(s).
refresh_hw_device: Time (s): cpu = 00:00:16 ; elapsed = 00:00:12 . Memory (MB): peak = 2794.469 ; gain = 78.711
display_hw_ila_data [ get_hw_ila_data hw_ila_data_5 -of_objects [get_hw_ilas -of_objects [get_hw_devices xcku040_0] -filter {CELL_NAME=~"ila_gen_mon"}]]
display_hw_ila_data [ get_hw_ila_data hw_ila_data_6 -of_objects [get_hw_ilas -of_objects [get_hw_devices xcku040_0] -filter {CELL_NAME=~"mac_phy_wrapper_i/mac_phy_i/system_ila_mac_phy2/inst/ila_lib"}]]
Processed interface s_axis_tx_0_1_ila6_slot0
Processed interface mac_phy_ch0_m_axis_rx_ila6_slot1
Processed interface s_axis_tx_1_1_ila6_slot2
Processed interface mac_phy_ch1_m_axis_rx_ila6_slot3
display_hw_ila_data: Time (s): cpu = 00:00:13 ; elapsed = 00:00:13 . Memory (MB): peak = 2794.469 ; gain = 0.000
add_wave -into {hw_ila_data_1.wcfg} -radix hex { {axi_stream_gen_mon_0/axi_stream_interface/b_tx_axis_tready} {axi_stream_gen_mon_0/axi_stream_interface/bb_rx_axis_tdata} {axi_stream_gen_mon_0/axi_stream_interface/bb_rx_axis_tkeep} {axi_stream_gen_mon_0/axi_stream_interface/bb_rx_axis_tlast} {axi_stream_gen_mon_0/axi_stream_interface/bb_rx_axis_tuser} {axi_stream_gen_mon_0/axi_stream_interface/bb_rx_axis_tvalid} {axi_stream_gen_mon_0/axi_stream_interface/bb_tx_axis_tdata} {axi_stream_gen_mon_0/axi_stream_interface/bb_tx_axis_tkeep} {axi_stream_gen_mon_0/axi_stream_interface/bb_tx_axis_tlast} {axi_stream_gen_mon_0/axi_stream_interface/bb_tx_axis_tuser} {axi_stream_gen_mon_0/axi_stream_interface/bb_tx_axis_tvalid} {axi_stream_gen_mon_0/axi_stream_interface/n_0_0} {axi_stream_gen_mon_0/axi_stream_interface/rx_axis_tdata} {axi_stream_gen_mon_0/axi_stream_interface/rx_axis_tkeep} {axi_stream_gen_mon_0/axi_stream_interface/rx_axis_tlast} {axi_stream_gen_mon_0/axi_stream_interface/rx_axis_tready} {axi_stream_gen_mon_0/axi_stream_interface/rx_axis_tuser} {axi_stream_gen_mon_0/axi_stream_interface/rx_axis_tvalid} {axi_stream_gen_mon_0/axi_stream_interface/tx_axis_tdata} {axi_stream_gen_mon_0/axi_stream_interface/tx_axis_tkeep} {axi_stream_gen_mon_0/axi_stream_interface/tx_axis_tlast} {axi_stream_gen_mon_0/axi_stream_interface/tx_axis_tready} {axi_stream_gen_mon_0/axi_stream_interface/tx_axis_tuser} {axi_stream_gen_mon_0/axi_stream_interface/tx_axis_tvalid} }
add_wave: Time (s): cpu = 00:00:10 ; elapsed = 00:00:10 . Memory (MB): peak = 2794.469 ; gain = 0.000
run_hw_ila [get_hw_ilas -of_objects [get_hw_devices xcku040_0] -filter {CELL_NAME=~"axi_stream_gen_mon_0/axi_stream_interface/ila_interface"}]
INFO: [Labtools 27-1964] The ILA core 'hw_ila_1' trigger was armed at 2019-Nov-21 14:13:34
wait_on_hw_ila [get_hw_ilas -of_objects [get_hw_devices xcku040_0] -filter {CELL_NAME=~"axi_stream_gen_mon_0/axi_stream_interface/ila_interface"}]
display_hw_ila_data [upload_hw_ila_data [get_hw_ilas -of_objects [get_hw_devices xcku040_0] -filter {CELL_NAME=~"axi_stream_gen_mon_0/axi_stream_interface/ila_interface"}]]
INFO: [Labtools 27-1966] The ILA core 'hw_ila_1' triggered at 2019-Nov-21 14:13:34
INFO: [Labtools 27-3304] ILA Waveform data saved to file D:/project/ethnet/kcu105_10gbaser_trd/hardware/vivado/runs/impl_run/10gbaser_trd.hw/backup/hw_ila_data_1.ila. Use Tcl command 'read_hw_ila_data' or Vivado File->Import->Import ILA Data menu item to import the previously saved data.
display_hw_ila_data: Time (s): cpu = 00:00:08 ; elapsed = 00:00:08 . Memory (MB): peak = 2794.469 ; gain = 0.000
add_wave -into {hw_ila_data_1.wcfg} -radix hex { {axi_stream_gen_mon_0/axi_stream_interface/b_tx_axis_tready} {axi_stream_gen_mon_0/axi_stream_interface/bb_rx_axis_tdata} {axi_stream_gen_mon_0/axi_stream_interface/bb_rx_axis_tkeep} {axi_stream_gen_mon_0/axi_stream_interface/bb_rx_axis_tlast} {axi_stream_gen_mon_0/axi_stream_interface/bb_rx_axis_tuser} {axi_stream_gen_mon_0/axi_stream_interface/bb_rx_axis_tvalid} {axi_stream_gen_mon_0/axi_stream_interface/bb_tx_axis_tdata} {axi_stream_gen_mon_0/axi_stream_interface/bb_tx_axis_tkeep} {axi_stream_gen_mon_0/axi_stream_interface/bb_tx_axis_tlast} {axi_stream_gen_mon_0/axi_stream_interface/bb_tx_axis_tuser} {axi_stream_gen_mon_0/axi_stream_interface/bb_tx_axis_tvalid} {axi_stream_gen_mon_0/axi_stream_interface/n_0_0} {axi_stream_gen_mon_0/axi_stream_interface/rx_axis_tdata} {axi_stream_gen_mon_0/axi_stream_interface/rx_axis_tkeep} {axi_stream_gen_mon_0/axi_stream_interface/rx_axis_tlast} {axi_stream_gen_mon_0/axi_stream_interface/rx_axis_tready} {axi_stream_gen_mon_0/axi_stream_interface/rx_axis_tuser} {axi_stream_gen_mon_0/axi_stream_interface/rx_axis_tvalid} {axi_stream_gen_mon_0/axi_stream_interface/tx_axis_tdata} {axi_stream_gen_mon_0/axi_stream_interface/tx_axis_tkeep} {axi_stream_gen_mon_0/axi_stream_interface/tx_axis_tlast} {axi_stream_gen_mon_0/axi_stream_interface/tx_axis_tready} {axi_stream_gen_mon_0/axi_stream_interface/tx_axis_tuser} {axi_stream_gen_mon_0/axi_stream_interface/tx_axis_tvalid} }
set_param general.maxthreads 32
32
reset_run synth_1
launch_runs impl_1 -to_step write_bitstream -jobs 36
INFO: [Vivado 12-4149] The synthesis checkpoint for IP 'D:/project/ethnet/kcu105_10gbaser_trd/hardware/vivado/runs/impl_run/10gbaser_trd.srcs/axis_data_fifo_0.xci' is already up-to-date
[Thu Nov 21 14:21:08 2019] Launched synth_1...
Run output will be captured here: D:/project/ethnet/kcu105_10gbaser_trd/hardware/vivado/runs/impl_run/10gbaser_trd.runs/synth_1/runme.log
[Thu Nov 21 14:21:08 2019] Launched impl_1...
Run output will be captured here: D:/project/ethnet/kcu105_10gbaser_trd/hardware/vivado/runs/impl_run/10gbaser_trd.runs/impl_1/runme.log
reset_run synth_1
launch_runs impl_1 -to_step write_bitstream -jobs 36
INFO: [Vivado 12-4149] The synthesis checkpoint for IP 'D:/project/ethnet/kcu105_10gbaser_trd/hardware/vivado/runs/impl_run/10gbaser_trd.srcs/axis_data_fifo_0.xci' is already up-to-date
[Thu Nov 21 14:22:06 2019] Launched synth_1...
Run output will be captured here: D:/project/ethnet/kcu105_10gbaser_trd/hardware/vivado/runs/impl_run/10gbaser_trd.runs/synth_1/runme.log
[Thu Nov 21 14:22:06 2019] Launched impl_1...
Run output will be captured here: D:/project/ethnet/kcu105_10gbaser_trd/hardware/vivado/runs/impl_run/10gbaser_trd.runs/impl_1/runme.log
set_property PROBES.FILE {D:/project/ethnet/kcu105_10gbaser_trd/hardware/vivado/runs/impl_run/10gbaser_trd.runs/impl_1/kcu105_10gbaser_top.ltx} [get_hw_devices xcku040_0]
set_property FULL_PROBES.FILE {D:/project/ethnet/kcu105_10gbaser_trd/hardware/vivado/runs/impl_run/10gbaser_trd.runs/impl_1/kcu105_10gbaser_top.ltx} [get_hw_devices xcku040_0]
set_property PROGRAM.FILE {D:/project/ethnet/kcu105_10gbaser_trd/hardware/vivado/runs/impl_run/10gbaser_trd.runs/impl_1/kcu105_10gbaser_top.bit} [get_hw_devices xcku040_0]
program_hw_devices [get_hw_devices xcku040_0]
INFO: [Labtools 27-3164] End of startup status: HIGH
program_hw_devices: Time (s): cpu = 00:00:19 ; elapsed = 00:00:09 . Memory (MB): peak = 2805.945 ; gain = 0.000
refresh_hw_device [lindex [get_hw_devices xcku040_0] 0]
INFO: [Labtools 27-2302] Device xcku040 (JTAG device index = 0) is programmed with a design that has 6 ILA core(s).
delete_hw_probe: Time (s): cpu = 00:00:09 ; elapsed = 00:00:09 . Memory (MB): peak = 2805.945 ; gain = 0.000
Processed interface s_axis_tx_0_1_ila6_slot0
Processed interface mac_phy_ch0_m_axis_rx_ila6_slot1
Processed interface s_axis_tx_1_1_ila6_slot2
Processed interface mac_phy_ch1_m_axis_rx_ila6_slot3
refresh_hw_device: Time (s): cpu = 00:01:56 ; elapsed = 00:01:55 . Memory (MB): peak = 2809.594 ; gain = 3.648
add_wave -into {hw_ila_data_1.wcfg} -radix hex { {axi_stream_gen_mon_0/axi_stream_interface/bb_tx_axis_tready} }
add_wave: Time (s): cpu = 00:00:11 ; elapsed = 00:00:12 . Memory (MB): peak = 2809.594 ; gain = 0.000
add_wave -into {hw_ila_data_3.wcfg} -radix hex { {axi_stream_gen_mon_1/axi_stream_interface/bb_tx_axis_tready} }
add_wave -into {hw_ila_data_1.wcfg} -radix hex { {axi_stream_gen_mon_0/axi_stream_interface/bb_tx_axis_tready} {axi_stream_gen_mon_0/axi_stream_interface/bb_rx_axis_tdata} {axi_stream_gen_mon_0/axi_stream_interface/bb_rx_axis_tkeep} {axi_stream_gen_mon_0/axi_stream_interface/bb_rx_axis_tlast} {axi_stream_gen_mon_0/axi_stream_interface/bb_rx_axis_tuser} {axi_stream_gen_mon_0/axi_stream_interface/bb_rx_axis_tvalid} {axi_stream_gen_mon_0/axi_stream_interface/bb_tx_axis_tdata} {axi_stream_gen_mon_0/axi_stream_interface/bb_tx_axis_tkeep} {axi_stream_gen_mon_0/axi_stream_interface/bb_tx_axis_tlast} {axi_stream_gen_mon_0/axi_stream_interface/bb_tx_axis_tuser} {axi_stream_gen_mon_0/axi_stream_interface/bb_tx_axis_tvalid} {axi_stream_gen_mon_0/axi_stream_interface/n_0_0} {axi_stream_gen_mon_0/axi_stream_interface/rx_axis_tdata} {axi_stream_gen_mon_0/axi_stream_interface/rx_axis_tkeep} {axi_stream_gen_mon_0/axi_stream_interface/rx_axis_tlast} {axi_stream_gen_mon_0/axi_stream_interface/rx_axis_tready} {axi_stream_gen_mon_0/axi_stream_interface/rx_axis_tuser} {axi_stream_gen_mon_0/axi_stream_interface/rx_axis_tvalid} {axi_stream_gen_mon_0/axi_stream_interface/tx_axis_tdata} {axi_stream_gen_mon_0/axi_stream_interface/tx_axis_tkeep} {axi_stream_gen_mon_0/axi_stream_interface/tx_axis_tlast} {axi_stream_gen_mon_0/axi_stream_interface/tx_axis_tready} {axi_stream_gen_mon_0/axi_stream_interface/tx_axis_tuser} {axi_stream_gen_mon_0/axi_stream_interface/tx_axis_tvalid} }
add_wave: Time (s): cpu = 00:00:12 ; elapsed = 00:00:12 . Memory (MB): peak = 2809.594 ; gain = 0.000
exit
INFO: [Common 17-206] Exiting Vivado at Thu Nov 21 14:49:38 2019...
