Copyright 1986-2019 Xilinx, Inc. All Rights Reserved.
------------------------------------------------------------------------------------------------
| Tool Version : Vivado v.2019.2 (lin64) Build 2708876 Wed Nov  6 21:39:14 MST 2019
| Date         : Wed May 20 00:34:02 2020
| Host         : ubuntu running 64-bit Ubuntu 18.04.4 LTS
| Command      : report_drc -file tpu_drc_opted.rpt -pb tpu_drc_opted.pb -rpx tpu_drc_opted.rpx
| Design       : tpu
| Device       : xcvu9p-flga2104-2L-e
| Speed File   : -2L
| Design State : Synthesized
------------------------------------------------------------------------------------------------

Report DRC

Table of Contents
-----------------
1. REPORT SUMMARY
2. REPORT DETAILS

1. REPORT SUMMARY
-----------------
            Netlist: netlist
          Floorplan: design_1
      Design limits: <entire design considered>
           Ruledeck: default
             Max violations: <unlimited>
             Violations found: 2
+--------+------------------+----------------------------+------------+
| Rule   | Severity         | Description                | Violations |
+--------+------------------+----------------------------+------------+
| NSTD-1 | Critical Warning | Unspecified I/O Standard   | 1          |
| UCIO-1 | Critical Warning | Unconstrained Logical Port | 1          |
+--------+------------------+----------------------------+------------+

2. REPORT DETAILS
-----------------
NSTD-1#1 Critical Warning
Unspecified I/O Standard  
473 out of 473 logical ports use I/O standard (IOSTANDARD) value 'DEFAULT', instead of a user assigned specific value. This may cause I/O contention or incompatibility with the board power or connectivity affecting performance, signal integrity or in extreme cases cause damage to the device or the components to which it is connected. To correct this violation, specify all I/O standards. This design will fail to generate a bitstream unless all logical ports have a user specified I/O standard value defined. To allow bitstream creation with unspecified I/O standard values (not recommended), use this command: set_property SEVERITY {Warning} [get_drc_checks NSTD-1].  NOTE: When using the Vivado Runs infrastructure (e.g. launch_runs Tcl command), add this command to a .tcl file and add that file as a pre-hook for write_bitstream step for the implementation run. Problem ports: s_axis_input_tdata[63:0], m_axis_output_tdata[63:0], s_axis_inputI_tvalid[3], s_axis_inputI_tvalid[2], s_axis_inputQ_tready[2], s_axis_inputI_tready[0], s_axis_inputI_tready[6], s_axis_inputI_tlast[5], s_axis_inputI_tlast[2], s_axis_inputI_tready[3], s_axis_inputQ_tready[1], s_axis_inputI_tlast[7], s_axis_inputI_tready[5], s_axis_inputI_tlast[4], s_axis_inputI_tlast[1] (the first 15 of 107 listed).
Related violations: <none>

UCIO-1#1 Critical Warning
Unconstrained Logical Port  
473 out of 473 logical ports have no user assigned specific location constraint (LOC). This may cause I/O contention or incompatibility with the board power or connectivity affecting performance, signal integrity or in extreme cases cause damage to the device or the components to which it is connected. To correct this violation, specify all pin locations. This design will fail to generate a bitstream unless all logical ports have a user specified site LOC constraint defined.  To allow bitstream creation with unspecified pin locations (not recommended), use this command: set_property SEVERITY {Warning} [get_drc_checks UCIO-1].  NOTE: When using the Vivado Runs infrastructure (e.g. launch_runs Tcl command), add this command to a .tcl file and add that file as a pre-hook for write_bitstream step for the implementation run.  Problem ports: s_axis_input_tdata[63:0], m_axis_output_tdata[63:0], s_axis_inputI_tvalid[3], s_axis_inputI_tvalid[2], s_axis_inputQ_tready[2], s_axis_inputI_tready[0], s_axis_inputI_tready[6], s_axis_inputI_tlast[5], s_axis_inputI_tlast[2], s_axis_inputI_tready[3], s_axis_inputQ_tready[1], s_axis_inputI_tlast[7], s_axis_inputI_tready[5], s_axis_inputI_tlast[4], s_axis_inputI_tlast[1] (the first 15 of 107 listed).
Related violations: <none>


