Copyright 1986-2019 Xilinx, Inc. All Rights Reserved.
-----------------------------------------------------------------------------------------------------------------------------------
| Tool Version : Vivado v.2019.2 (win64) Build 2708876 Wed Nov  6 21:40:23 MST 2019
| Date         : Tue May 26 17:28:40 2020
| Host         : DESKTOP-4A374NS running 64-bit major release  (build 9200)
| Command      : report_utilization -file kcu105_10gbaser_top_utilization_placed.rpt -pb kcu105_10gbaser_top_utilization_placed.pb
| Design       : kcu105_10gbaser_top
| Device       : xcku040ffva1156-2
| Design State : Fully Placed
-----------------------------------------------------------------------------------------------------------------------------------

Utilization Design Information

Table of Contents
-----------------
1. CLB Logic
1.1 Summary of Registers by Type
2. CLB Logic Distribution
3. BLOCKRAM
4. ARITHMETIC
5. I/O
6. CLOCK
7. ADVANCED
8. CONFIGURATION
9. Primitives
10. Black Boxes
11. Instantiated Netlists

1. CLB Logic
------------

+----------------------------+-------+-------+-----------+-------+
|          Site Type         |  Used | Fixed | Available | Util% |
+----------------------------+-------+-------+-----------+-------+
| CLB LUTs                   | 13629 |     0 |    242400 |  5.62 |
|   LUT as Logic             | 12500 |     0 |    242400 |  5.16 |
|   LUT as Memory            |  1129 |     0 |    112800 |  1.00 |
|     LUT as Distributed RAM |   228 |     0 |           |       |
|     LUT as Shift Register  |   901 |     0 |           |       |
| CLB Registers              | 18418 |     0 |    484800 |  3.80 |
|   Register as Flip Flop    | 18418 |     0 |    484800 |  3.80 |
|   Register as Latch        |     0 |     0 |    484800 |  0.00 |
| CARRY8                     |   229 |     0 |     30300 |  0.76 |
| F7 Muxes                   |   239 |     0 |    121200 |  0.20 |
| F8 Muxes                   |    32 |     0 |     60600 |  0.05 |
| F9 Muxes                   |     0 |     0 |     30300 |  0.00 |
+----------------------------+-------+-------+-----------+-------+


1.1 Summary of Registers by Type
--------------------------------

+-------+--------------+-------------+--------------+
| Total | Clock Enable | Synchronous | Asynchronous |
+-------+--------------+-------------+--------------+
| 0     |            _ |           - |            - |
| 0     |            _ |           - |          Set |
| 0     |            _ |           - |        Reset |
| 0     |            _ |         Set |            - |
| 0     |            _ |       Reset |            - |
| 0     |          Yes |           - |            - |
| 320   |          Yes |           - |          Set |
| 217   |          Yes |           - |        Reset |
| 881   |          Yes |         Set |            - |
| 17000 |          Yes |       Reset |            - |
+-------+--------------+-------------+--------------+


2. CLB Logic Distribution
-------------------------

+--------------------------------------------+-------+-------+-----------+-------+
|                  Site Type                 |  Used | Fixed | Available | Util% |
+--------------------------------------------+-------+-------+-----------+-------+
| CLB                                        |  3121 |     0 |     30300 | 10.30 |
|   CLBL                                     |  2008 |     0 |           |       |
|   CLBM                                     |  1113 |     0 |           |       |
| LUT as Logic                               | 12500 |     0 |    242400 |  5.16 |
|   using O5 output only                     |   406 |       |           |       |
|   using O6 output only                     |  9481 |       |           |       |
|   using O5 and O6                          |  2613 |       |           |       |
| LUT as Memory                              |  1129 |     0 |    112800 |  1.00 |
|   LUT as Distributed RAM                   |   228 |     0 |           |       |
|     using O5 output only                   |     0 |       |           |       |
|     using O6 output only                   |     4 |       |           |       |
|     using O5 and O6                        |   224 |       |           |       |
|   LUT as Shift Register                    |   901 |     0 |           |       |
|     using O5 output only                   |     0 |       |           |       |
|     using O6 output only                   |   103 |       |           |       |
|     using O5 and O6                        |   798 |       |           |       |
| CLB Registers                              | 18418 |     0 |    484800 |  3.80 |
|   Register driven from within the CLB      |  8838 |       |           |       |
|   Register driven from outside the CLB     |  9580 |       |           |       |
|     LUT in front of the register is unused |  7264 |       |           |       |
|     LUT in front of the register is used   |  2316 |       |           |       |
| Unique Control Sets                        |   804 |       |     60600 |  1.33 |
+--------------------------------------------+-------+-------+-----------+-------+
* Note: Available Control Sets calculated as CLB Registers / 8, Review the Control Sets Report for more information regarding control sets.


3. BLOCKRAM
-----------

+-------------------+------+-------+-----------+-------+
|     Site Type     | Used | Fixed | Available | Util% |
+-------------------+------+-------+-----------+-------+
| Block RAM Tile    | 43.5 |     0 |       600 |  7.25 |
|   RAMB36/FIFO*    |   41 |     0 |       600 |  6.83 |
|     RAMB36E2 only |   41 |       |           |       |
|   RAMB18          |    5 |     0 |      1200 |  0.42 |
|     RAMB18E2 only |    5 |       |           |       |
+-------------------+------+-------+-----------+-------+
* Note: Each Block RAM Tile only has one FIFO logic available and therefore can accommodate only one FIFO36E2 or one FIFO18E2. However, if a FIFO18E2 occupies a Block RAM Tile, that tile can still accommodate a RAMB18E2


4. ARITHMETIC
-------------

+-----------+------+-------+-----------+-------+
| Site Type | Used | Fixed | Available | Util% |
+-----------+------+-------+-----------+-------+
| DSPs      |    0 |     0 |      1920 |  0.00 |
+-----------+------+-------+-----------+-------+


5. I/O
------

+------------------+------+-------+-----------+-------+
|     Site Type    | Used | Fixed | Available | Util% |
+------------------+------+-------+-----------+-------+
| Bonded IOB       |    6 |     6 |       520 |  1.15 |
| HPIOB            |    1 |     1 |       416 |  0.24 |
|   INPUT          |    0 |       |           |       |
|   OUTPUT         |    1 |       |           |       |
|   BIDIR          |    0 |       |           |       |
| HRIO             |    5 |     5 |       104 |  4.81 |
|   INPUT          |    1 |       |           |       |
|   OUTPUT         |    4 |       |           |       |
|   BIDIR          |    0 |       |           |       |
| HPIOBDIFFINBUF   |    0 |     0 |       192 |  0.00 |
| HPIOBDIFFOUTBUF  |    0 |     0 |       192 |  0.00 |
| HRIODIFFINBUF    |    0 |     0 |        48 |  0.00 |
| HRIODIFFOUTBUF   |    0 |     0 |        48 |  0.00 |
| BITSLICE_CONTROL |    0 |     0 |        80 |  0.00 |
| BITSLICE_RX_TX   |    0 |     0 |       520 |  0.00 |
| BITSLICE_TX      |    0 |     0 |        80 |  0.00 |
| RIU_OR           |    0 |     0 |        40 |  0.00 |
+------------------+------+-------+-----------+-------+


6. CLOCK
--------

+----------------------+------+-------+-----------+-------+
|       Site Type      | Used | Fixed | Available | Util% |
+----------------------+------+-------+-----------+-------+
| GLOBAL CLOCK BUFFERs |    8 |     0 |       480 |  1.67 |
|   BUFGCE             |    1 |     0 |       240 |  0.42 |
|   BUFGCE_DIV         |    0 |     0 |        40 |  0.00 |
|   BUFG_GT            |    7 |     0 |       120 |  5.83 |
|   BUFGCTRL*          |    0 |     0 |        80 |  0.00 |
| PLLE3_ADV            |    0 |     0 |        20 |  0.00 |
| MMCME3_ADV           |    0 |     0 |        10 |  0.00 |
+----------------------+------+-------+-----------+-------+
* Note: Each used BUFGCTRL counts as two GLOBAL CLOCK BUFFERs. This table does not include global clocking resources, only buffer cell usage. See the Clock Utilization Report (report_clock_utilization) for detailed accounting of global clocking resource availability.


7. ADVANCED
-----------

+-----------------+------+-------+-----------+-------+
|    Site Type    | Used | Fixed | Available | Util% |
+-----------------+------+-------+-----------+-------+
| GTHE3_CHANNEL   |    2 |     2 |        20 | 10.00 |
| GTHE3_COMMON    |    1 |     1 |         5 | 20.00 |
| IBUFDS_GTE3     |    1 |     1 |        10 | 10.00 |
| OBUFDS_GTE3     |    0 |     0 |        10 |  0.00 |
| OBUFDS_GTE3_ADV |    0 |     0 |        10 |  0.00 |
| PCIE_3_1        |    0 |     0 |         3 |  0.00 |
| SYSMONE1        |    0 |     0 |         1 |  0.00 |
+-----------------+------+-------+-----------+-------+


8. CONFIGURATION
----------------

+-------------+------+-------+-----------+-------+
|  Site Type  | Used | Fixed | Available | Util% |
+-------------+------+-------+-----------+-------+
| BSCANE2     |    1 |     0 |         4 | 25.00 |
| DNA_PORTE2  |    0 |     0 |         1 |  0.00 |
| EFUSE_USR   |    0 |     0 |         1 |  0.00 |
| FRAME_ECCE3 |    0 |     0 |         1 |  0.00 |
| ICAPE3      |    0 |     0 |         2 |  0.00 |
| MASTER_JTAG |    0 |     0 |         1 |  0.00 |
| STARTUPE3   |    0 |     0 |         1 |  0.00 |
+-------------+------+-------+-----------+-------+


9. Primitives
-------------

+---------------+-------+---------------------+
|    Ref Name   |  Used | Functional Category |
+---------------+-------+---------------------+
| FDRE          | 17000 |            Register |
| LUT6          |  6323 |                 CLB |
| LUT4          |  2300 |                 CLB |
| LUT5          |  2161 |                 CLB |
| LUT3          |  1989 |                 CLB |
| LUT2          |  1770 |                 CLB |
| SRL16E        |  1127 |                 CLB |
| FDSE          |   881 |            Register |
| LUT1          |   570 |                 CLB |
| SRLC32E       |   568 |                 CLB |
| RAMD32        |   392 |                 CLB |
| FDPE          |   320 |            Register |
| MUXF7         |   239 |                 CLB |
| CARRY8        |   229 |                 CLB |
| FDCE          |   217 |            Register |
| RAMS32        |    56 |                 CLB |
| RAMB36E2      |    41 |           Block Ram |
| MUXF8         |    32 |                 CLB |
| BUFG_GT       |     7 |               Clock |
| RAMB18E2      |     5 |           Block Ram |
| OBUF          |     5 |                 I/O |
| SRLC16E       |     4 |                 CLB |
| RAMS64E       |     4 |                 CLB |
| BUFG_GT_SYNC  |     4 |               Clock |
| GTHE3_CHANNEL |     2 |            Advanced |
| INBUF         |     1 |                 I/O |
| IBUFDS_GTE3   |     1 |            Advanced |
| IBUFCTRL      |     1 |              Others |
| GTHE3_COMMON  |     1 |            Advanced |
| BUFGCE        |     1 |               Clock |
| BSCANE2       |     1 |       Configuration |
+---------------+-------+---------------------+


10. Black Boxes
---------------

+----------+------+
| Ref Name | Used |
+----------+------+


11. Instantiated Netlists
-------------------------

+-----------------------------------+------+
|              Ref Name             | Used |
+-----------------------------------+------+
| bb_interface_fifo                 |    4 |
| mac_phy_ten_gig_eth_pcs_pma_ch1_0 |    1 |
| mac_phy_ten_gig_eth_pcs_pma_ch0_0 |    1 |
| mac_phy_ten_gig_eth_mac_ch1_0     |    1 |
| mac_phy_ten_gig_eth_mac_ch0_0     |    1 |
| mac_phy_system_ila_mac_phy1_0     |    1 |
| ila_interface                     |    1 |
| dbg_hub                           |    1 |
+-----------------------------------+------+


