Vivado Simulator 2019.2
Copyright 1986-1999, 2001-2019 Xilinx, Inc. All Rights Reserved.
Running: /tools/Xilinx/Vivado/2019.2/bin/unwrapped/lnx64.o/xelab -wto 57174fc282ef4b96bac6c4a167127b65 --incr --debug typical --relax --mt 8 -d SIMULATION=1 -d OOB_SIM=1 -L xlconstant_v1_1_6 -L xil_defaultlib -L ten_gig_eth_mac_v15_1_7 -L gtwizard_ultrascale_v1_7_7 -L ten_gig_eth_pcs_pma_v6_0_16 -L gigantic_mux -L axis_infrastructure_v1_1_0 -L axis_data_fifo_v2_0_2 -L unisims_ver -L unimacro_ver -L secureip -L xpm --snapshot tb_behav xil_defaultlib.tb xil_defaultlib.glbl -log elaborate.log 
Using 8 slave threads.
Starting static elaboration
Pass Through NonSizing Optimizer
WARNING: [VRFC 10-3091] actual bit length 32 differs from formal bit length 1 for port 'enable_loopback' [/home/caohy/work/kcu105_10gbaser_trd/hardware/vivado/runs/impl_run/10gbaser_trd.srcs/sources_1/new/axi_stream_gen_mon_0.sv:251]
WARNING: [VRFC 10-3091] actual bit length 32 differs from formal bit length 1 for port 'enable_loopback' [/home/caohy/work/kcu105_10gbaser_trd/hardware/vivado/runs/impl_run/10gbaser_trd.srcs/sources_1/new/axi_stream_gen_mon_1.sv:251]
WARNING: [VRFC 10-3091] actual bit length 32 differs from formal bit length 4 for port 'slot_0_axi_awcache' [/home/caohy/work/kcu105_10gbaser_trd/hardware/vivado/runs/impl_run/10gbaser_trd.ip_user_files/bd/mac_phy/ip/mac_phy_system_ila_mac_phy1_0/bd_0/ip/ip_1/sim/bd_0423_g_inst_0.v:2266]
WARNING: [VRFC 10-3091] actual bit length 32 differs from formal bit length 4 for port 'slot_0_axi_arcache' [/home/caohy/work/kcu105_10gbaser_trd/hardware/vivado/runs/impl_run/10gbaser_trd.ip_user_files/bd/mac_phy/ip/mac_phy_system_ila_mac_phy1_0/bd_0/ip/ip_1/sim/bd_0423_g_inst_0.v:2284]
WARNING: [VRFC 10-3091] actual bit length 1 differs from formal bit length 2 for port 'slot_0_axis_tid' [/home/caohy/work/kcu105_10gbaser_trd/hardware/vivado/runs/impl_run/10gbaser_trd.ip_user_files/bd/mac_phy/ip/mac_phy_system_ila_mac_phy1_0/bd_0/ip/ip_1/sim/bd_0423_g_inst_0.v:2301]
WARNING: [VRFC 10-3091] actual bit length 1 differs from formal bit length 2 for port 'slot_0_axis_tdest' [/home/caohy/work/kcu105_10gbaser_trd/hardware/vivado/runs/impl_run/10gbaser_trd.ip_user_files/bd/mac_phy/ip/mac_phy_system_ila_mac_phy1_0/bd_0/ip/ip_1/sim/bd_0423_g_inst_0.v:2302]
WARNING: [VRFC 10-3091] actual bit length 32 differs from formal bit length 4 for port 'slot_1_axi_awcache' [/home/caohy/work/kcu105_10gbaser_trd/hardware/vivado/runs/impl_run/10gbaser_trd.ip_user_files/bd/mac_phy/ip/mac_phy_system_ila_mac_phy1_0/bd_0/ip/ip_1/sim/bd_0423_g_inst_0.v:2310]
WARNING: [VRFC 10-3091] actual bit length 32 differs from formal bit length 4 for port 'slot_1_axi_arcache' [/home/caohy/work/kcu105_10gbaser_trd/hardware/vivado/runs/impl_run/10gbaser_trd.ip_user_files/bd/mac_phy/ip/mac_phy_system_ila_mac_phy1_0/bd_0/ip/ip_1/sim/bd_0423_g_inst_0.v:2328]
WARNING: [VRFC 10-3091] actual bit length 1 differs from formal bit length 2 for port 'slot_1_axis_tid' [/home/caohy/work/kcu105_10gbaser_trd/hardware/vivado/runs/impl_run/10gbaser_trd.ip_user_files/bd/mac_phy/ip/mac_phy_system_ila_mac_phy1_0/bd_0/ip/ip_1/sim/bd_0423_g_inst_0.v:2345]
WARNING: [VRFC 10-3091] actual bit length 1 differs from formal bit length 2 for port 'slot_1_axis_tdest' [/home/caohy/work/kcu105_10gbaser_trd/hardware/vivado/runs/impl_run/10gbaser_trd.ip_user_files/bd/mac_phy/ip/mac_phy_system_ila_mac_phy1_0/bd_0/ip/ip_1/sim/bd_0423_g_inst_0.v:2346]
WARNING: [VRFC 10-3091] actual bit length 32 differs from formal bit length 4 for port 'slot_2_axi_awcache' [/home/caohy/work/kcu105_10gbaser_trd/hardware/vivado/runs/impl_run/10gbaser_trd.ip_user_files/bd/mac_phy/ip/mac_phy_system_ila_mac_phy1_0/bd_0/ip/ip_1/sim/bd_0423_g_inst_0.v:2354]
WARNING: [VRFC 10-3091] actual bit length 32 differs from formal bit length 4 for port 'slot_2_axi_arcache' [/home/caohy/work/kcu105_10gbaser_trd/hardware/vivado/runs/impl_run/10gbaser_trd.ip_user_files/bd/mac_phy/ip/mac_phy_system_ila_mac_phy1_0/bd_0/ip/ip_1/sim/bd_0423_g_inst_0.v:2372]
WARNING: [VRFC 10-3091] actual bit length 1 differs from formal bit length 2 for port 'slot_2_axis_tid' [/home/caohy/work/kcu105_10gbaser_trd/hardware/vivado/runs/impl_run/10gbaser_trd.ip_user_files/bd/mac_phy/ip/mac_phy_system_ila_mac_phy1_0/bd_0/ip/ip_1/sim/bd_0423_g_inst_0.v:2389]
WARNING: [VRFC 10-3091] actual bit length 1 differs from formal bit length 2 for port 'slot_2_axis_tdest' [/home/caohy/work/kcu105_10gbaser_trd/hardware/vivado/runs/impl_run/10gbaser_trd.ip_user_files/bd/mac_phy/ip/mac_phy_system_ila_mac_phy1_0/bd_0/ip/ip_1/sim/bd_0423_g_inst_0.v:2390]
WARNING: [VRFC 10-3091] actual bit length 32 differs from formal bit length 4 for port 'slot_3_axi_awcache' [/home/caohy/work/kcu105_10gbaser_trd/hardware/vivado/runs/impl_run/10gbaser_trd.ip_user_files/bd/mac_phy/ip/mac_phy_system_ila_mac_phy1_0/bd_0/ip/ip_1/sim/bd_0423_g_inst_0.v:2398]
WARNING: [VRFC 10-3091] actual bit length 32 differs from formal bit length 4 for port 'slot_3_axi_arcache' [/home/caohy/work/kcu105_10gbaser_trd/hardware/vivado/runs/impl_run/10gbaser_trd.ip_user_files/bd/mac_phy/ip/mac_phy_system_ila_mac_phy1_0/bd_0/ip/ip_1/sim/bd_0423_g_inst_0.v:2416]
WARNING: [VRFC 10-3091] actual bit length 1 differs from formal bit length 2 for port 'slot_3_axis_tid' [/home/caohy/work/kcu105_10gbaser_trd/hardware/vivado/runs/impl_run/10gbaser_trd.ip_user_files/bd/mac_phy/ip/mac_phy_system_ila_mac_phy1_0/bd_0/ip/ip_1/sim/bd_0423_g_inst_0.v:2433]
WARNING: [VRFC 10-3091] actual bit length 1 differs from formal bit length 2 for port 'slot_3_axis_tdest' [/home/caohy/work/kcu105_10gbaser_trd/hardware/vivado/runs/impl_run/10gbaser_trd.ip_user_files/bd/mac_phy/ip/mac_phy_system_ila_mac_phy1_0/bd_0/ip/ip_1/sim/bd_0423_g_inst_0.v:2434]
WARNING: [VRFC 10-3091] actual bit length 32 differs from formal bit length 4 for port 'slot_4_axi_awcache' [/home/caohy/work/kcu105_10gbaser_trd/hardware/vivado/runs/impl_run/10gbaser_trd.ip_user_files/bd/mac_phy/ip/mac_phy_system_ila_mac_phy1_0/bd_0/ip/ip_1/sim/bd_0423_g_inst_0.v:2442]
WARNING: [VRFC 10-3091] actual bit length 32 differs from formal bit length 4 for port 'slot_4_axi_arcache' [/home/caohy/work/kcu105_10gbaser_trd/hardware/vivado/runs/impl_run/10gbaser_trd.ip_user_files/bd/mac_phy/ip/mac_phy_system_ila_mac_phy1_0/bd_0/ip/ip_1/sim/bd_0423_g_inst_0.v:2460]
WARNING: [VRFC 10-3091] actual bit length 32 differs from formal bit length 4 for port 'slot_5_axi_awcache' [/home/caohy/work/kcu105_10gbaser_trd/hardware/vivado/runs/impl_run/10gbaser_trd.ip_user_files/bd/mac_phy/ip/mac_phy_system_ila_mac_phy1_0/bd_0/ip/ip_1/sim/bd_0423_g_inst_0.v:2486]
WARNING: [VRFC 10-3091] actual bit length 32 differs from formal bit length 4 for port 'slot_5_axi_arcache' [/home/caohy/work/kcu105_10gbaser_trd/hardware/vivado/runs/impl_run/10gbaser_trd.ip_user_files/bd/mac_phy/ip/mac_phy_system_ila_mac_phy1_0/bd_0/ip/ip_1/sim/bd_0423_g_inst_0.v:2504]
WARNING: [VRFC 10-3091] actual bit length 32 differs from formal bit length 4 for port 'slot_6_axi_awcache' [/home/caohy/work/kcu105_10gbaser_trd/hardware/vivado/runs/impl_run/10gbaser_trd.ip_user_files/bd/mac_phy/ip/mac_phy_system_ila_mac_phy1_0/bd_0/ip/ip_1/sim/bd_0423_g_inst_0.v:2530]
WARNING: [VRFC 10-3091] actual bit length 32 differs from formal bit length 4 for port 'slot_6_axi_arcache' [/home/caohy/work/kcu105_10gbaser_trd/hardware/vivado/runs/impl_run/10gbaser_trd.ip_user_files/bd/mac_phy/ip/mac_phy_system_ila_mac_phy1_0/bd_0/ip/ip_1/sim/bd_0423_g_inst_0.v:2548]
WARNING: [VRFC 10-3091] actual bit length 32 differs from formal bit length 4 for port 'slot_7_axi_awcache' [/home/caohy/work/kcu105_10gbaser_trd/hardware/vivado/runs/impl_run/10gbaser_trd.ip_user_files/bd/mac_phy/ip/mac_phy_system_ila_mac_phy1_0/bd_0/ip/ip_1/sim/bd_0423_g_inst_0.v:2574]
WARNING: [VRFC 10-3091] actual bit length 32 differs from formal bit length 4 for port 'slot_7_axi_arcache' [/home/caohy/work/kcu105_10gbaser_trd/hardware/vivado/runs/impl_run/10gbaser_trd.ip_user_files/bd/mac_phy/ip/mac_phy_system_ila_mac_phy1_0/bd_0/ip/ip_1/sim/bd_0423_g_inst_0.v:2592]
WARNING: [VRFC 10-3091] actual bit length 32 differs from formal bit length 4 for port 'slot_8_axi_awcache' [/home/caohy/work/kcu105_10gbaser_trd/hardware/vivado/runs/impl_run/10gbaser_trd.ip_user_files/bd/mac_phy/ip/mac_phy_system_ila_mac_phy1_0/bd_0/ip/ip_1/sim/bd_0423_g_inst_0.v:2618]
WARNING: [VRFC 10-3091] actual bit length 32 differs from formal bit length 4 for port 'slot_8_axi_arcache' [/home/caohy/work/kcu105_10gbaser_trd/hardware/vivado/runs/impl_run/10gbaser_trd.ip_user_files/bd/mac_phy/ip/mac_phy_system_ila_mac_phy1_0/bd_0/ip/ip_1/sim/bd_0423_g_inst_0.v:2636]
WARNING: [VRFC 10-3091] actual bit length 32 differs from formal bit length 4 for port 'slot_9_axi_awcache' [/home/caohy/work/kcu105_10gbaser_trd/hardware/vivado/runs/impl_run/10gbaser_trd.ip_user_files/bd/mac_phy/ip/mac_phy_system_ila_mac_phy1_0/bd_0/ip/ip_1/sim/bd_0423_g_inst_0.v:2662]
WARNING: [VRFC 10-3091] actual bit length 3 differs from formal bit length 4 for port 'slot_9_axi_wstrb' [/home/caohy/work/kcu105_10gbaser_trd/hardware/vivado/runs/impl_run/10gbaser_trd.ip_user_files/bd/mac_phy/ip/mac_phy_system_ila_mac_phy1_0/bd_0/ip/ip_1/sim/bd_0423_g_inst_0.v:2667]
WARNING: [VRFC 10-3091] actual bit length 32 differs from formal bit length 4 for port 'slot_9_axi_arcache' [/home/caohy/work/kcu105_10gbaser_trd/hardware/vivado/runs/impl_run/10gbaser_trd.ip_user_files/bd/mac_phy/ip/mac_phy_system_ila_mac_phy1_0/bd_0/ip/ip_1/sim/bd_0423_g_inst_0.v:2680]
WARNING: [VRFC 10-3091] actual bit length 3 differs from formal bit length 4 for port 'slot_9_axis_tstrb' [/home/caohy/work/kcu105_10gbaser_trd/hardware/vivado/runs/impl_run/10gbaser_trd.ip_user_files/bd/mac_phy/ip/mac_phy_system_ila_mac_phy1_0/bd_0/ip/ip_1/sim/bd_0423_g_inst_0.v:2694]
WARNING: [VRFC 10-3091] actual bit length 3 differs from formal bit length 4 for port 'slot_9_axis_tkeep' [/home/caohy/work/kcu105_10gbaser_trd/hardware/vivado/runs/impl_run/10gbaser_trd.ip_user_files/bd/mac_phy/ip/mac_phy_system_ila_mac_phy1_0/bd_0/ip/ip_1/sim/bd_0423_g_inst_0.v:2695]
WARNING: [VRFC 10-3091] actual bit length 32 differs from formal bit length 4 for port 'slot_10_axi_awcache' [/home/caohy/work/kcu105_10gbaser_trd/hardware/vivado/runs/impl_run/10gbaser_trd.ip_user_files/bd/mac_phy/ip/mac_phy_system_ila_mac_phy1_0/bd_0/ip/ip_1/sim/bd_0423_g_inst_0.v:2706]
WARNING: [VRFC 10-3091] actual bit length 32 differs from formal bit length 4 for port 'slot_10_axi_arcache' [/home/caohy/work/kcu105_10gbaser_trd/hardware/vivado/runs/impl_run/10gbaser_trd.ip_user_files/bd/mac_phy/ip/mac_phy_system_ila_mac_phy1_0/bd_0/ip/ip_1/sim/bd_0423_g_inst_0.v:2724]
WARNING: [VRFC 10-3091] actual bit length 32 differs from formal bit length 4 for port 'slot_11_axi_awcache' [/home/caohy/work/kcu105_10gbaser_trd/hardware/vivado/runs/impl_run/10gbaser_trd.ip_user_files/bd/mac_phy/ip/mac_phy_system_ila_mac_phy1_0/bd_0/ip/ip_1/sim/bd_0423_g_inst_0.v:2750]
WARNING: [VRFC 10-3091] actual bit length 32 differs from formal bit length 4 for port 'slot_11_axi_arcache' [/home/caohy/work/kcu105_10gbaser_trd/hardware/vivado/runs/impl_run/10gbaser_trd.ip_user_files/bd/mac_phy/ip/mac_phy_system_ila_mac_phy1_0/bd_0/ip/ip_1/sim/bd_0423_g_inst_0.v:2768]
WARNING: [VRFC 10-3091] actual bit length 32 differs from formal bit length 4 for port 'slot_12_axi_awcache' [/home/caohy/work/kcu105_10gbaser_trd/hardware/vivado/runs/impl_run/10gbaser_trd.ip_user_files/bd/mac_phy/ip/mac_phy_system_ila_mac_phy1_0/bd_0/ip/ip_1/sim/bd_0423_g_inst_0.v:2794]
WARNING: [VRFC 10-3091] actual bit length 32 differs from formal bit length 4 for port 'slot_12_axi_arcache' [/home/caohy/work/kcu105_10gbaser_trd/hardware/vivado/runs/impl_run/10gbaser_trd.ip_user_files/bd/mac_phy/ip/mac_phy_system_ila_mac_phy1_0/bd_0/ip/ip_1/sim/bd_0423_g_inst_0.v:2812]
WARNING: [VRFC 10-3091] actual bit length 32 differs from formal bit length 4 for port 'slot_13_axi_awcache' [/home/caohy/work/kcu105_10gbaser_trd/hardware/vivado/runs/impl_run/10gbaser_trd.ip_user_files/bd/mac_phy/ip/mac_phy_system_ila_mac_phy1_0/bd_0/ip/ip_1/sim/bd_0423_g_inst_0.v:2838]
WARNING: [VRFC 10-3091] actual bit length 32 differs from formal bit length 4 for port 'slot_13_axi_arcache' [/home/caohy/work/kcu105_10gbaser_trd/hardware/vivado/runs/impl_run/10gbaser_trd.ip_user_files/bd/mac_phy/ip/mac_phy_system_ila_mac_phy1_0/bd_0/ip/ip_1/sim/bd_0423_g_inst_0.v:2856]
WARNING: [VRFC 10-3091] actual bit length 32 differs from formal bit length 4 for port 'slot_14_axi_awcache' [/home/caohy/work/kcu105_10gbaser_trd/hardware/vivado/runs/impl_run/10gbaser_trd.ip_user_files/bd/mac_phy/ip/mac_phy_system_ila_mac_phy1_0/bd_0/ip/ip_1/sim/bd_0423_g_inst_0.v:2882]
WARNING: [VRFC 10-3091] actual bit length 32 differs from formal bit length 4 for port 'slot_14_axi_arcache' [/home/caohy/work/kcu105_10gbaser_trd/hardware/vivado/runs/impl_run/10gbaser_trd.ip_user_files/bd/mac_phy/ip/mac_phy_system_ila_mac_phy1_0/bd_0/ip/ip_1/sim/bd_0423_g_inst_0.v:2900]
WARNING: [VRFC 10-3091] actual bit length 32 differs from formal bit length 4 for port 'slot_15_axi_awcache' [/home/caohy/work/kcu105_10gbaser_trd/hardware/vivado/runs/impl_run/10gbaser_trd.ip_user_files/bd/mac_phy/ip/mac_phy_system_ila_mac_phy1_0/bd_0/ip/ip_1/sim/bd_0423_g_inst_0.v:2926]
WARNING: [VRFC 10-3091] actual bit length 32 differs from formal bit length 4 for port 'slot_15_axi_arcache' [/home/caohy/work/kcu105_10gbaser_trd/hardware/vivado/runs/impl_run/10gbaser_trd.ip_user_files/bd/mac_phy/ip/mac_phy_system_ila_mac_phy1_0/bd_0/ip/ip_1/sim/bd_0423_g_inst_0.v:2944]
WARNING: [VRFC 10-3091] actual bit length 16 differs from formal bit length 4 for port 'sel' [/home/caohy/work/kcu105_10gbaser_trd/hardware/vivado/runs/impl_run/10gbaser_trd.ip_user_files/bd/mac_phy/ip/mac_phy_system_ila_mac_phy1_0/bd_0/ip/ip_1/sim/bd_0423_g_inst_0.v:3844]
Completed static elaboration
Starting simulation data flow analysis
Completed simulation data flow analysis
Time Resolution for simulation is 1ps
Compiling module xil_defaultlib.debouncer(SHIFT_REG_LEN=4)
Compiling module xil_defaultlib.ila_interface
Compiling module axis_infrastructure_v1_1_0.axis_infrastructure_v1_1_0_util_...
Compiling module axis_infrastructure_v1_1_0.axis_infrastructure_v1_1_0_util_...
Compiling module axis_infrastructure_v1_1_0.axis_infrastructure_v1_1_0_util_...
Compiling module xpm.xpm_cdc_sync_rst(INIT=0,INIT_SYN...
Compiling module xpm.xpm_fifo_rst(CDC_DEST_SYNC_FF=3)
Compiling module xpm.xpm_fifo_reg_bit
Compiling module xpm.xpm_counter_updn(COUNTER_WIDTH=1...
Compiling module xpm.xpm_counter_updn(COUNTER_WIDTH=1...
Compiling module xpm.xpm_memory_base(MEMORY_TYPE=1,ME...
Compiling module xpm.xpm_counter_updn(COUNTER_WIDTH=2...
Compiling module xpm.xpm_fifo_base(WRITE_DATA_WIDTH=8...
Compiling module xpm.xpm_fifo_axis(PACKET_FIFO="true"...
Compiling module axis_data_fifo_v2_0_2.axis_data_fifo_v2_0_2_top(C_FAMI...
Compiling module xil_defaultlib.bb_interface_fifo
Compiling module xil_defaultlib.axi_stream_interface_default
Compiling module xpm.xpm_counter_updn(COUNTER_WIDTH=9...
Compiling module xpm.xpm_counter_updn(COUNTER_WIDTH=8...
Compiling module xpm.xpm_memory_base(MEMORY_TYPE=1,ME...
Compiling module xpm.xpm_fifo_base(FIFO_WRITE_DEPTH=2...
Compiling module xpm.xpm_fifo_axis(PACKET_FIFO="true"...
Compiling module axis_data_fifo_v2_0_2.axis_data_fifo_v2_0_2_top(C_FAMI...
Compiling module xil_defaultlib.axis_data_fifo_0
Compiling module xil_defaultlib.axi_stream_lb(AXIS_TKEEP_WIDTH=8...
Compiling module xil_defaultlib.axi_stream_gen(AXIS_TKEEP_WIDTH=...
Compiling module xil_defaultlib.eth_performance_monitor(AXIS_TKE...
Compiling module xil_defaultlib.tgm_address_decoder(C_NUM_ADDRES...
Compiling module xil_defaultlib.counter_f(C_NUM_BITS=6)
Compiling module xil_defaultlib.tgm_slave_attachment(C_NUM_ADDRE...
Compiling module xil_defaultlib.tgm_axi_lite_ipif(C_S_AXI_MIN_SI...
Compiling module xil_defaultlib.registers
Compiling module xil_defaultlib.user_registers_slave(C_S_AXI_MIN...
Compiling module xil_defaultlib.synchronizer_simple(DATA_WIDTH=3...
Compiling module xil_defaultlib.synchronizer_simple(DATA_WIDTH=8...
Compiling module xil_defaultlib.synchronizer_simple
Compiling module xil_defaultlib.synchronizer_simple(DATA_WIDTH=1...
Compiling module xil_defaultlib.sync_registers
Compiling module xil_defaultlib.axi_stream_gen_mon_0_default
Compiling module xil_defaultlib.axi_stream_gen_mon_1(XIL_MAC_ID_...
Compiling module xil_defaultlib.mac_phy_ten_gig_eth_mac_ch0_0_bl...
Compiling module xil_defaultlib.mac_phy_ten_gig_eth_mac_ch0_0
Compiling module unisims_ver.GTHE3_COMMON(QPLL0_CFG0=16'b0110...
Compiling module xil_defaultlib.gtwizard_ultrascale_v1_7_7_gthe3...
Compiling module xil_defaultlib.mac_phy_ten_gig_eth_pcs_pma_ch0_...
Compiling module xil_defaultlib.mac_phy_ten_gig_eth_pcs_pma_ch0_...
Compiling module unisims_ver.IBUFDS_GTE3_default
Compiling module unisims_ver.BUFG_GT
Compiling module xil_defaultlib.mac_phy_ten_gig_eth_pcs_pma_ch0_...
Compiling module xil_defaultlib.mac_phy_ten_gig_eth_pcs_pma_ch0_...
Compiling module xil_defaultlib.mac_phy_ten_gig_eth_pcs_pma_ch0_...
Compiling module unisims_ver.x_lut1_mux2
Compiling module unisims_ver.LUT1
Compiling module unisims_ver.latchsre_ldce
Compiling module unisims_ver.LDCE
Compiling module xil_defaultlib.mac_phy_ten_gig_eth_pcs_pma_ch0_...
Compiling module xil_defaultlib.mac_phy_ten_gig_eth_pcs_pma_ch0_...
Compiling module xil_defaultlib.mac_phy_ten_gig_eth_pcs_pma_ch0_...
Compiling module unisims_ver.MUXCY
Compiling module unisims_ver.MUXCY_L
Compiling module xil_defaultlib.mac_phy_ten_gig_eth_pcs_pma_ch0_...
Compiling module unisims_ver.GTHE3_CHANNEL(ALIGN_COMMA_ENABLE...
Compiling module xil_defaultlib.gtwizard_ultrascale_v1_7_7_gthe3...
Compiling module xil_defaultlib.mac_phy_ten_gig_eth_pcs_pma_ch0_...
Compiling module gtwizard_ultrascale_v1_7_7.gtwizard_ultrascale_v1_7_7_bit_s...
Compiling module gtwizard_ultrascale_v1_7_7.gtwizard_ultrascale_v1_7_7_reset...
Compiling module gtwizard_ultrascale_v1_7_7.gtwizard_ultrascale_v1_7_7_reset...
Compiling module gtwizard_ultrascale_v1_7_7.gtwizard_ultrascale_v1_7_7_gtwiz...
Compiling module xil_defaultlib.mac_phy_ten_gig_eth_pcs_pma_ch0_...
Compiling module xil_defaultlib.mac_phy_ten_gig_eth_pcs_pma_ch0_...
Compiling module xil_defaultlib.mac_phy_ten_gig_eth_pcs_pma_ch0_...
Compiling module xil_defaultlib.mac_phy_ten_gig_eth_pcs_pma_ch0_...
Compiling module xil_defaultlib.mac_phy_ten_gig_eth_pcs_pma_ch0_...
Compiling module xil_defaultlib.mac_phy_ten_gig_eth_pcs_pma_ch0_...
Compiling module xil_defaultlib.mac_phy_ch0_imp_15CV18U
Compiling module xil_defaultlib.mac_phy_ten_gig_eth_mac_ch1_0_bl...
Compiling module xil_defaultlib.mac_phy_ten_gig_eth_mac_ch1_0
Compiling module xil_defaultlib.mac_phy_ten_gig_eth_pcs_pma_ch1_...
Compiling module xil_defaultlib.mac_phy_ten_gig_eth_pcs_pma_ch1_...
Compiling module xil_defaultlib.mac_phy_ten_gig_eth_pcs_pma_ch1_...
Compiling module xil_defaultlib.mac_phy_ten_gig_eth_pcs_pma_ch1_...
Compiling module xil_defaultlib.mac_phy_ten_gig_eth_pcs_pma_ch1_...
Compiling module xil_defaultlib.mac_phy_ten_gig_eth_pcs_pma_ch1_...
Compiling module xil_defaultlib.mac_phy_ten_gig_eth_pcs_pma_ch1_...
Compiling module xil_defaultlib.mac_phy_ten_gig_eth_pcs_pma_ch1_...
Compiling module xil_defaultlib.mac_phy_ten_gig_eth_pcs_pma_ch1_...
Compiling module xil_defaultlib.mac_phy_ten_gig_eth_pcs_pma_ch1_...
Compiling module xil_defaultlib.mac_phy_ten_gig_eth_pcs_pma_ch1_...
Compiling module xil_defaultlib.mac_phy_ten_gig_eth_pcs_pma_ch1_...
Compiling module xil_defaultlib.mac_phy_ch1_imp_OVJPU8
Compiling module xil_defaultlib.bd_0423_g_inst_0_gigantic_mux(C_...
Compiling module xil_defaultlib.bd_0423_g_inst_0
Compiling module xil_defaultlib.bd_0423_ila_lib_0
Compiling module xil_defaultlib.bd_0423
Compiling module xil_defaultlib.mac_phy_system_ila_mac_phy1_0
Compiling module xlconstant_v1_1_6.xlconstant_v1_1_6_xlconstant
Compiling module xil_defaultlib.mac_phy_xlconstant_1b0_0
Compiling module xil_defaultlib.mac_phy_xlconstant_1b1_0
Compiling module xlconstant_v1_1_6.xlconstant_v1_1_6_xlconstant(CON...
Compiling module xil_defaultlib.mac_phy_xlconstant_3b101_0
Compiling module xlconstant_v1_1_6.xlconstant_v1_1_6_xlconstant(CON...
Compiling module xil_defaultlib.mac_phy_xlconstant_8b0_0
Compiling module xil_defaultlib.mac_phy
Compiling module xil_defaultlib.mac_phy_wrapper
Compiling module xil_defaultlib.kcu105_10gbaser_top_default
Compiling module xil_defaultlib.tb
Compiling module xil_defaultlib.glbl
Built simulation snapshot tb_behav
