#-----------------------------------------------------------
# Vivado v2019.2 (64-bit)
# SW Build 2708876 on Wed Nov  6 21:39:14 MST 2019
# IP Build 2700528 on Thu Nov  7 00:09:20 MST 2019
# Start of session at: Mon Nov 23 18:10:07 2020
# Process ID: 49680
# Current directory: /home/caohy/work/tpu_total/tpu_double/tpu_transmit
# Command line: vivado
# Log file: /home/caohy/work/tpu_total/tpu_double/tpu_transmit/vivado.log
# Journal file: /home/caohy/work/tpu_total/tpu_double/tpu_transmit/vivado.jou
#-----------------------------------------------------------
start_gui
open_project /home/caohy/work/tpu_total/tpu_double/tpu_transmit/tpu_transmit.xpr
Scanning sources...
Finished scanning sources
INFO: [IP_Flow 19-234] Refreshing IP repositories
INFO: [IP_Flow 19-1704] No user IP repositories specified
INFO: [IP_Flow 19-2313] Loaded Vivado IP repository '/tools/Xilinx/Vivado/2019.2/data/ip'.
open_project: Time (s): cpu = 00:00:21 ; elapsed = 00:00:10 . Memory (MB): peak = 6839.711 ; gain = 303.973 ; free physical = 55691 ; free virtual = 61243
update_compile_order -fileset sources_1
add_files -norecurse /home/caohy/work/tpu_total/tpu_double/tpu_transmit/tpu_transmit.srcs/sources_1/new/tpu_pushstream.sv
update_compile_order -fileset sources_1
update_compile_order -fileset sources_1
exit
INFO: [Common 17-206] Exiting Vivado at Mon Nov 23 18:24:23 2020...
