#-----------------------------------------------------------
# Vivado v2019.2 (64-bit)
# SW Build 2708876 on Wed Nov  6 21:39:14 MST 2019
# IP Build 2700528 on Thu Nov  7 00:09:20 MST 2019
# Start of session at: Thu Nov 12 01:27:50 2020
# Process ID: 72359
# Current directory: /home/caohy/work/tpu_total/tpu_double/tpu_transmit
# Command line: vivado
# Log file: /home/caohy/work/tpu_total/tpu_double/tpu_transmit/vivado.log
# Journal file: /home/caohy/work/tpu_total/tpu_double/tpu_transmit/vivado.jou
#-----------------------------------------------------------
start_gui
open_project /home/caohy/work/tpu_total/tpu_double/tpu_transmit/tpu_transmit.xpr
Scanning sources...
Finished scanning sources
INFO: [IP_Flow 19-234] Refreshing IP repositories
INFO: [IP_Flow 19-1704] No user IP repositories specified
INFO: [IP_Flow 19-2313] Loaded Vivado IP repository '/tools/Xilinx/Vivado/2019.2/data/ip'.
open_project: Time (s): cpu = 00:00:14 ; elapsed = 00:00:09 . Memory (MB): peak = 6764.781 ; gain = 197.945 ; free physical = 52482 ; free virtual = 62105
update_compile_order -fileset sources_1
launch_simulation
Command: launch_simulation 
INFO: [Vivado 12-5698] Checking validity of IPs in the design for the 'XSim' simulator...
INFO: [Vivado 12-5682] Launching behavioral simulation in '/home/caohy/work/tpu_total/tpu_double/tpu_transmit/tpu_transmit.sim/sim_1/behav/xsim'
INFO: [Vivado 12-4795] Using compiled simulation libraries for IPs
INFO: [SIM-utils-51] Simulation object is 'sim_1'
INFO: [USF-XSim-7] Finding pre-compiled libraries...
INFO: [USF-XSim-11] File '/tools/Xilinx/Vivado/2019.2/data/xsim/xsim.ini' copied to run dir:'/home/caohy/work/tpu_total/tpu_double/tpu_transmit/tpu_transmit.sim/sim_1/behav/xsim'
INFO: [SIM-utils-54] Inspecting design source files for 'tb' in fileset 'sim_1'...
INFO: [USF-XSim-97] Finding global include files...
INFO: [USF-XSim-98] Fetching design files from 'sim_1'...
INFO: [USF-XSim-2] XSim::Compile design
INFO: [USF-XSim-61] Executing 'COMPILE and ANALYZE' step in '/home/caohy/work/tpu_total/tpu_double/tpu_transmit/tpu_transmit.sim/sim_1/behav/xsim'
xvlog --incr --relax -prj tb_vlog.prj
xvhdl --incr --relax -prj tb_vhdl.prj
INFO: [USF-XSim-69] 'compile' step finished in '2' seconds
INFO: [USF-XSim-3] XSim::Elaborate design
INFO: [USF-XSim-61] Executing 'ELABORATE' step in '/home/caohy/work/tpu_total/tpu_double/tpu_transmit/tpu_transmit.sim/sim_1/behav/xsim'
xelab -wto 1df77b122ba5468d9ff674a0cb595e5a --incr --debug typical --relax --mt 8 -L axis_infrastructure_v1_1_0 -L axis_data_fifo_v2_0_2 -L xil_defaultlib -L xbip_utils_v3_0_10 -L xbip_pipe_v3_0_6 -L axi_utils_v2_0_6 -L c_reg_fd_v12_0_6 -L c_mux_bit_v12_0_6 -L c_mux_bus_v12_0_6 -L xbip_dsp48_wrapper_v3_0_4 -L xbip_dsp48_addsub_v3_0_6 -L xbip_addsub_v3_0_6 -L c_addsub_v12_0_14 -L c_gate_bit_v12_0_6 -L c_compare_v12_0_6 -L xbip_counter_v3_0_6 -L c_counter_binary_v12_0_14 -L c_shift_ram_v12_0_14 -L rs_toolbox_v9_0_8 -L rs_encoder_v9_0_16 -L xlconstant_v1_1_6 -L ten_gig_eth_mac_v15_1_7 -L gtwizard_ultrascale_v1_7_7 -L ten_gig_eth_pcs_pma_v6_0_16 -L unisims_ver -L unimacro_ver -L secureip -L xpm --snapshot tb_behav xil_defaultlib.tb xil_defaultlib.glbl -log elaborate.log
Vivado Simulator 2019.2
Copyright 1986-1999, 2001-2019 Xilinx, Inc. All Rights Reserved.
Running: /tools/Xilinx/Vivado/2019.2/bin/unwrapped/lnx64.o/xelab -wto 1df77b122ba5468d9ff674a0cb595e5a --incr --debug typical --relax --mt 8 -L axis_infrastructure_v1_1_0 -L axis_data_fifo_v2_0_2 -L xil_defaultlib -L xbip_utils_v3_0_10 -L xbip_pipe_v3_0_6 -L axi_utils_v2_0_6 -L c_reg_fd_v12_0_6 -L c_mux_bit_v12_0_6 -L c_mux_bus_v12_0_6 -L xbip_dsp48_wrapper_v3_0_4 -L xbip_dsp48_addsub_v3_0_6 -L xbip_addsub_v3_0_6 -L c_addsub_v12_0_14 -L c_gate_bit_v12_0_6 -L c_compare_v12_0_6 -L xbip_counter_v3_0_6 -L c_counter_binary_v12_0_14 -L c_shift_ram_v12_0_14 -L rs_toolbox_v9_0_8 -L rs_encoder_v9_0_16 -L xlconstant_v1_1_6 -L ten_gig_eth_mac_v15_1_7 -L gtwizard_ultrascale_v1_7_7 -L ten_gig_eth_pcs_pma_v6_0_16 -L unisims_ver -L unimacro_ver -L secureip -L xpm --snapshot tb_behav xil_defaultlib.tb xil_defaultlib.glbl -log elaborate.log 
Using 8 slave threads.
Starting static elaboration
Pass Through NonSizing Optimizer
WARNING: [VRFC 10-5021] port 'event_s_input_tlast_missing' is not connected on this instance [/home/caohy/work/tpu_total/tpu_double/tpu_transmit/tpu_transmit.srcs/sources_1/new/layer1_transmit.sv:131]
Completed static elaboration
INFO: [XSIM 43-4323] No Change in HDL. Linking previously generated obj files to create kernel
run_program: Time (s): cpu = 00:00:06 ; elapsed = 00:00:06 . Memory (MB): peak = 6987.758 ; gain = 0.000 ; free physical = 52457 ; free virtual = 62081
INFO: [USF-XSim-69] 'elaborate' step finished in '6' seconds
INFO: [USF-XSim-4] XSim::Simulate design
INFO: [USF-XSim-61] Executing 'SIMULATE' step in '/home/caohy/work/tpu_total/tpu_double/tpu_transmit/tpu_transmit.sim/sim_1/behav/xsim'
INFO: [USF-XSim-98] *** Running xsim
   with args "tb_behav -key {Behavioral:sim_1:Functional:tb} -tclbatch {tb.tcl} -protoinst "protoinst_files/mac_phy.protoinst" -log {simulate.log}"
INFO: [USF-XSim-8] Loading simulator feature
Vivado Simulator 2019.2
INFO: [Wavedata 42-565] Reading protoinst file protoinst_files/mac_phy.protoinst
INFO: [Wavedata 42-564]   Found protocol instance at /tb/tpu_transmit/datasource_10g/mac_phy_wrapper_i/mac_phy_i//mac_phy_ch0/m_axis_rx
INFO: [Wavedata 42-564]   Found protocol instance at /tb/tpu_transmit/datasource_10g/mac_phy_wrapper_i/mac_phy_i//mac_phy_ch0/s_axis_pause
INFO: [Wavedata 42-564]   Found protocol instance at /tb/tpu_transmit/datasource_10g/mac_phy_wrapper_i/mac_phy_i//mac_phy_ch0/s_axis_tx
INFO: [Wavedata 42-564]   Found protocol instance at /tb/tpu_transmit/datasource_10g/mac_phy_wrapper_i/mac_phy_i//mac_phy_ch0/ten_gig_eth_mac_ch0/m_axis_rx
INFO: [Wavedata 42-564]   Found protocol instance at /tb/tpu_transmit/datasource_10g/mac_phy_wrapper_i/mac_phy_i//mac_phy_ch0/ten_gig_eth_mac_ch0/s_axi
INFO: [Wavedata 42-564]   Found protocol instance at /tb/tpu_transmit/datasource_10g/mac_phy_wrapper_i/mac_phy_i//mac_phy_ch0/ten_gig_eth_mac_ch0/s_axis_pause
INFO: [Wavedata 42-564]   Found protocol instance at /tb/tpu_transmit/datasource_10g/mac_phy_wrapper_i/mac_phy_i//mac_phy_ch0/ten_gig_eth_mac_ch0/s_axis_tx
WARNING: [Wavedata 42-559] Protocol instance "/tb/tpu_transmit/datasource_10g/mac_phy_wrapper_i/mac_phy_i//mac_phy_ch0/m_axis_rx" was created but is non-functional for the following reason(s):
Port "TUSER" must be a logic vector

WARNING: [Wavedata 42-559] Protocol instance "/tb/tpu_transmit/datasource_10g/mac_phy_wrapper_i/mac_phy_i//mac_phy_ch0/ten_gig_eth_mac_ch0/m_axis_rx" was created but is non-functional for the following reason(s):
Port "TUSER" must be a logic vector

WARNING: [Wavedata 42-559] Protocol instance "/tb/tpu_transmit/datasource_10g/mac_phy_wrapper_i/mac_phy_i//mac_phy_ch0/ten_gig_eth_mac_ch0/s_axis_tx" was created but is non-functional for the following reason(s):
Port "TUSER" must be a logic vector

Time resolution is 1 ps
source tb.tcl
# set curr_wave [current_wave_config]
# if { [string length $curr_wave] == 0 } {
#   if { [llength [get_objects]] > 0} {
#     add_wave /
#     set_property needs_save false [current_wave_config]
#   } else {
#      send_msg_id Add_Wave-1 WARNING "No top level signals found. Simulator will start without a wave window. If you want to open a wave window go to 'File->New Waveform Configuration' or type 'create_wave_config' in the TCL console."
#   }
# }
# run 1000ns
[                   0] : System Reset Asserted...
Info: [XPM_MEMORY 20-1] MEMORY_PRIMITIVE (0) instructs Vivado Synthesis to choose the memory primitive type. Depending on their values, other XPM_MEMORY parameters may preclude the choice of certain memory primitive types. Review XPM_MEMORY documentation and parameter values to understand any limitations, or set MEMORY_PRIMITIVE to a different value. tb.tpu_transmit.datasource_10g.axi_stream_gen_mon_0.axi_stream_interface.bb_interface_fifo_rx.inst.gen_fifo.xpm_fifo_axis_inst.xpm_fifo_base_inst.gen_sdpram.xpm_memory_base_inst.config_drc
Time: 1 ps  Iteration: 0  Process: /tb/tpu_transmit/datasource_10g/axi_stream_gen_mon_0/axi_stream_interface/bb_interface_fifo_rx/inst/gen_fifo.xpm_fifo_axis_inst/xpm_fifo_base_inst/gen_sdpram.xpm_memory_base_inst/Initial290_157  File: /wrk/2019.2/continuous/2019_11_06_2708876/packages/customer/vivado/data/ip/xpm/xpm_memory/hdl/xpm_memory.sv
Info: [XPM_MEMORY 20-1] MEMORY_PRIMITIVE (0) instructs Vivado Synthesis to choose the memory primitive type. Depending on their values, other XPM_MEMORY parameters may preclude the choice of certain memory primitive types. Review XPM_MEMORY documentation and parameter values to understand any limitations, or set MEMORY_PRIMITIVE to a different value. tb.tpu_transmit.datasource_10g.axi_stream_gen_mon_0.axi_stream_interface.bb_interface_fifo_tx.inst.gen_fifo.xpm_fifo_axis_inst.xpm_fifo_base_inst.gen_sdpram.xpm_memory_base_inst.config_drc
Time: 1 ps  Iteration: 0  Process: /tb/tpu_transmit/datasource_10g/axi_stream_gen_mon_0/axi_stream_interface/bb_interface_fifo_tx/inst/gen_fifo.xpm_fifo_axis_inst/xpm_fifo_base_inst/gen_sdpram.xpm_memory_base_inst/Initial290_157  File: /wrk/2019.2/continuous/2019_11_06_2708876/packages/customer/vivado/data/ip/xpm/xpm_memory/hdl/xpm_memory.sv
Info: [XPM_MEMORY 20-1] MEMORY_PRIMITIVE (0) instructs Vivado Synthesis to choose the memory primitive type. Depending on their values, other XPM_MEMORY parameters may preclude the choice of certain memory primitive types. Review XPM_MEMORY documentation and parameter values to understand any limitations, or set MEMORY_PRIMITIVE to a different value. tb.tpu_transmit.tpu_upstream.buffer[0].axis_fifo_tI.inst.gen_fifo.xpm_fifo_axis_inst.xpm_fifo_base_inst.gen_sdpram.xpm_memory_base_inst.config_drc
Time: 1 ps  Iteration: 0  Process: /tb/tpu_transmit/tpu_upstream/buffer[0].axis_fifo_tI/inst/gen_fifo.xpm_fifo_axis_inst/xpm_fifo_base_inst/gen_sdpram.xpm_memory_base_inst/Initial290_13614  File: /wrk/2019.2/continuous/2019_11_06_2708876/packages/customer/vivado/data/ip/xpm/xpm_memory/hdl/xpm_memory.sv
Info: [XPM_MEMORY 20-1] MEMORY_PRIMITIVE (0) instructs Vivado Synthesis to choose the memory primitive type. Depending on their values, other XPM_MEMORY parameters may preclude the choice of certain memory primitive types. Review XPM_MEMORY documentation and parameter values to understand any limitations, or set MEMORY_PRIMITIVE to a different value. tb.tpu_transmit.tpu_upstream.buffer[0].axis_fifo_tQ.inst.gen_fifo.xpm_fifo_axis_inst.xpm_fifo_base_inst.gen_sdpram.xpm_memory_base_inst.config_drc
Time: 1 ps  Iteration: 0  Process: /tb/tpu_transmit/tpu_upstream/buffer[0].axis_fifo_tQ/inst/gen_fifo.xpm_fifo_axis_inst/xpm_fifo_base_inst/gen_sdpram.xpm_memory_base_inst/Initial290_13614  File: /wrk/2019.2/continuous/2019_11_06_2708876/packages/customer/vivado/data/ip/xpm/xpm_memory/hdl/xpm_memory.sv
Info: [XPM_MEMORY 20-1] MEMORY_PRIMITIVE (0) instructs Vivado Synthesis to choose the memory primitive type. Depending on their values, other XPM_MEMORY parameters may preclude the choice of certain memory primitive types. Review XPM_MEMORY documentation and parameter values to understand any limitations, or set MEMORY_PRIMITIVE to a different value. tb.tpu_transmit.tpu_upstream.buffer[0].axis_fifo_t8I.inst.gen_fifo.xpm_fifo_axis_inst.xpm_fifo_base_inst.gen_sdpram.xpm_memory_base_inst.config_drc
Time: 1 ps  Iteration: 0  Process: /tb/tpu_transmit/tpu_upstream/buffer[0].axis_fifo_t8I/inst/gen_fifo.xpm_fifo_axis_inst/xpm_fifo_base_inst/gen_sdpram.xpm_memory_base_inst/Initial290_13723  File: /wrk/2019.2/continuous/2019_11_06_2708876/packages/customer/vivado/data/ip/xpm/xpm_memory/hdl/xpm_memory.sv
Info: [XPM_MEMORY 20-1] MEMORY_PRIMITIVE (0) instructs Vivado Synthesis to choose the memory primitive type. Depending on their values, other XPM_MEMORY parameters may preclude the choice of certain memory primitive types. Review XPM_MEMORY documentation and parameter values to understand any limitations, or set MEMORY_PRIMITIVE to a different value. tb.tpu_transmit.tpu_upstream.buffer[0].axis_fifo_t8Q.inst.gen_fifo.xpm_fifo_axis_inst.xpm_fifo_base_inst.gen_sdpram.xpm_memory_base_inst.config_drc
Time: 1 ps  Iteration: 0  Process: /tb/tpu_transmit/tpu_upstream/buffer[0].axis_fifo_t8Q/inst/gen_fifo.xpm_fifo_axis_inst/xpm_fifo_base_inst/gen_sdpram.xpm_memory_base_inst/Initial290_13723  File: /wrk/2019.2/continuous/2019_11_06_2708876/packages/customer/vivado/data/ip/xpm/xpm_memory/hdl/xpm_memory.sv
Info: [XPM_MEMORY 20-1] MEMORY_PRIMITIVE (0) instructs Vivado Synthesis to choose the memory primitive type. Depending on their values, other XPM_MEMORY parameters may preclude the choice of certain memory primitive types. Review XPM_MEMORY documentation and parameter values to understand any limitations, or set MEMORY_PRIMITIVE to a different value. tb.tpu_transmit.tpu_upstream.buffer[1].axis_fifo_tI.inst.gen_fifo.xpm_fifo_axis_inst.xpm_fifo_base_inst.gen_sdpram.xpm_memory_base_inst.config_drc
Time: 1 ps  Iteration: 0  Process: /tb/tpu_transmit/tpu_upstream/buffer[1].axis_fifo_tI/inst/gen_fifo.xpm_fifo_axis_inst/xpm_fifo_base_inst/gen_sdpram.xpm_memory_base_inst/Initial290_13614  File: /wrk/2019.2/continuous/2019_11_06_2708876/packages/customer/vivado/data/ip/xpm/xpm_memory/hdl/xpm_memory.sv
Info: [XPM_MEMORY 20-1] MEMORY_PRIMITIVE (0) instructs Vivado Synthesis to choose the memory primitive type. Depending on their values, other XPM_MEMORY parameters may preclude the choice of certain memory primitive types. Review XPM_MEMORY documentation and parameter values to understand any limitations, or set MEMORY_PRIMITIVE to a different value. tb.tpu_transmit.tpu_upstream.buffer[1].axis_fifo_tQ.inst.gen_fifo.xpm_fifo_axis_inst.xpm_fifo_base_inst.gen_sdpram.xpm_memory_base_inst.config_drc
Time: 1 ps  Iteration: 0  Process: /tb/tpu_transmit/tpu_upstream/buffer[1].axis_fifo_tQ/inst/gen_fifo.xpm_fifo_axis_inst/xpm_fifo_base_inst/gen_sdpram.xpm_memory_base_inst/Initial290_13614  File: /wrk/2019.2/continuous/2019_11_06_2708876/packages/customer/vivado/data/ip/xpm/xpm_memory/hdl/xpm_memory.sv
Info: [XPM_MEMORY 20-1] MEMORY_PRIMITIVE (0) instructs Vivado Synthesis to choose the memory primitive type. Depending on their values, other XPM_MEMORY parameters may preclude the choice of certain memory primitive types. Review XPM_MEMORY documentation and parameter values to understand any limitations, or set MEMORY_PRIMITIVE to a different value. tb.tpu_transmit.tpu_upstream.buffer[1].axis_fifo_t8I.inst.gen_fifo.xpm_fifo_axis_inst.xpm_fifo_base_inst.gen_sdpram.xpm_memory_base_inst.config_drc
Time: 1 ps  Iteration: 0  Process: /tb/tpu_transmit/tpu_upstream/buffer[1].axis_fifo_t8I/inst/gen_fifo.xpm_fifo_axis_inst/xpm_fifo_base_inst/gen_sdpram.xpm_memory_base_inst/Initial290_13723  File: /wrk/2019.2/continuous/2019_11_06_2708876/packages/customer/vivado/data/ip/xpm/xpm_memory/hdl/xpm_memory.sv
Info: [XPM_MEMORY 20-1] MEMORY_PRIMITIVE (0) instructs Vivado Synthesis to choose the memory primitive type. Depending on their values, other XPM_MEMORY parameters may preclude the choice of certain memory primitive types. Review XPM_MEMORY documentation and parameter values to understand any limitations, or set MEMORY_PRIMITIVE to a different value. tb.tpu_transmit.tpu_upstream.buffer[1].axis_fifo_t8Q.inst.gen_fifo.xpm_fifo_axis_inst.xpm_fifo_base_inst.gen_sdpram.xpm_memory_base_inst.config_drc
Time: 1 ps  Iteration: 0  Process: /tb/tpu_transmit/tpu_upstream/buffer[1].axis_fifo_t8Q/inst/gen_fifo.xpm_fifo_axis_inst/xpm_fifo_base_inst/gen_sdpram.xpm_memory_base_inst/Initial290_13723  File: /wrk/2019.2/continuous/2019_11_06_2708876/packages/customer/vivado/data/ip/xpm/xpm_memory/hdl/xpm_memory.sv
Info: [XPM_MEMORY 20-1] MEMORY_PRIMITIVE (0) instructs Vivado Synthesis to choose the memory primitive type. Depending on their values, other XPM_MEMORY parameters may preclude the choice of certain memory primitive types. Review XPM_MEMORY documentation and parameter values to understand any limitations, or set MEMORY_PRIMITIVE to a different value. tb.tpu_transmit.tpu_upstream.buffer[2].axis_fifo_tI.inst.gen_fifo.xpm_fifo_axis_inst.xpm_fifo_base_inst.gen_sdpram.xpm_memory_base_inst.config_drc
Time: 1 ps  Iteration: 0  Process: /tb/tpu_transmit/tpu_upstream/buffer[2].axis_fifo_tI/inst/gen_fifo.xpm_fifo_axis_inst/xpm_fifo_base_inst/gen_sdpram.xpm_memory_base_inst/Initial290_13614  File: /wrk/2019.2/continuous/2019_11_06_2708876/packages/customer/vivado/data/ip/xpm/xpm_memory/hdl/xpm_memory.sv
Info: [XPM_MEMORY 20-1] MEMORY_PRIMITIVE (0) instructs Vivado Synthesis to choose the memory primitive type. Depending on their values, other XPM_MEMORY parameters may preclude the choice of certain memory primitive types. Review XPM_MEMORY documentation and parameter values to understand any limitations, or set MEMORY_PRIMITIVE to a different value. tb.tpu_transmit.tpu_upstream.buffer[2].axis_fifo_tQ.inst.gen_fifo.xpm_fifo_axis_inst.xpm_fifo_base_inst.gen_sdpram.xpm_memory_base_inst.config_drc
Time: 1 ps  Iteration: 0  Process: /tb/tpu_transmit/tpu_upstream/buffer[2].axis_fifo_tQ/inst/gen_fifo.xpm_fifo_axis_inst/xpm_fifo_base_inst/gen_sdpram.xpm_memory_base_inst/Initial290_13614  File: /wrk/2019.2/continuous/2019_11_06_2708876/packages/customer/vivado/data/ip/xpm/xpm_memory/hdl/xpm_memory.sv
Info: [XPM_MEMORY 20-1] MEMORY_PRIMITIVE (0) instructs Vivado Synthesis to choose the memory primitive type. Depending on their values, other XPM_MEMORY parameters may preclude the choice of certain memory primitive types. Review XPM_MEMORY documentation and parameter values to understand any limitations, or set MEMORY_PRIMITIVE to a different value. tb.tpu_transmit.tpu_upstream.buffer[2].axis_fifo_t8I.inst.gen_fifo.xpm_fifo_axis_inst.xpm_fifo_base_inst.gen_sdpram.xpm_memory_base_inst.config_drc
Time: 1 ps  Iteration: 0  Process: /tb/tpu_transmit/tpu_upstream/buffer[2].axis_fifo_t8I/inst/gen_fifo.xpm_fifo_axis_inst/xpm_fifo_base_inst/gen_sdpram.xpm_memory_base_inst/Initial290_13723  File: /wrk/2019.2/continuous/2019_11_06_2708876/packages/customer/vivado/data/ip/xpm/xpm_memory/hdl/xpm_memory.sv
Info: [XPM_MEMORY 20-1] MEMORY_PRIMITIVE (0) instructs Vivado Synthesis to choose the memory primitive type. Depending on their values, other XPM_MEMORY parameters may preclude the choice of certain memory primitive types. Review XPM_MEMORY documentation and parameter values to understand any limitations, or set MEMORY_PRIMITIVE to a different value. tb.tpu_transmit.tpu_upstream.buffer[2].axis_fifo_t8Q.inst.gen_fifo.xpm_fifo_axis_inst.xpm_fifo_base_inst.gen_sdpram.xpm_memory_base_inst.config_drc
Time: 1 ps  Iteration: 0  Process: /tb/tpu_transmit/tpu_upstream/buffer[2].axis_fifo_t8Q/inst/gen_fifo.xpm_fifo_axis_inst/xpm_fifo_base_inst/gen_sdpram.xpm_memory_base_inst/Initial290_13723  File: /wrk/2019.2/continuous/2019_11_06_2708876/packages/customer/vivado/data/ip/xpm/xpm_memory/hdl/xpm_memory.sv
Info: [XPM_MEMORY 20-1] MEMORY_PRIMITIVE (0) instructs Vivado Synthesis to choose the memory primitive type. Depending on their values, other XPM_MEMORY parameters may preclude the choice of certain memory primitive types. Review XPM_MEMORY documentation and parameter values to understand any limitations, or set MEMORY_PRIMITIVE to a different value. tb.tpu_transmit.tpu_upstream.buffer[3].axis_fifo_tI.inst.gen_fifo.xpm_fifo_axis_inst.xpm_fifo_base_inst.gen_sdpram.xpm_memory_base_inst.config_drc
Time: 1 ps  Iteration: 0  Process: /tb/tpu_transmit/tpu_upstream/buffer[3].axis_fifo_tI/inst/gen_fifo.xpm_fifo_axis_inst/xpm_fifo_base_inst/gen_sdpram.xpm_memory_base_inst/Initial290_13614  File: /wrk/2019.2/continuous/2019_11_06_2708876/packages/customer/vivado/data/ip/xpm/xpm_memory/hdl/xpm_memory.sv
Info: [XPM_MEMORY 20-1] MEMORY_PRIMITIVE (0) instructs Vivado Synthesis to choose the memory primitive type. Depending on their values, other XPM_MEMORY parameters may preclude the choice of certain memory primitive types. Review XPM_MEMORY documentation and parameter values to understand any limitations, or set MEMORY_PRIMITIVE to a different value. tb.tpu_transmit.tpu_upstream.buffer[3].axis_fifo_tQ.inst.gen_fifo.xpm_fifo_axis_inst.xpm_fifo_base_inst.gen_sdpram.xpm_memory_base_inst.config_drc
Time: 1 ps  Iteration: 0  Process: /tb/tpu_transmit/tpu_upstream/buffer[3].axis_fifo_tQ/inst/gen_fifo.xpm_fifo_axis_inst/xpm_fifo_base_inst/gen_sdpram.xpm_memory_base_inst/Initial290_13614  File: /wrk/2019.2/continuous/2019_11_06_2708876/packages/customer/vivado/data/ip/xpm/xpm_memory/hdl/xpm_memory.sv
Info: [XPM_MEMORY 20-1] MEMORY_PRIMITIVE (0) instructs Vivado Synthesis to choose the memory primitive type. Depending on their values, other XPM_MEMORY parameters may preclude the choice of certain memory primitive types. Review XPM_MEMORY documentation and parameter values to understand any limitations, or set MEMORY_PRIMITIVE to a different value. tb.tpu_transmit.tpu_upstream.buffer[3].axis_fifo_t8I.inst.gen_fifo.xpm_fifo_axis_inst.xpm_fifo_base_inst.gen_sdpram.xpm_memory_base_inst.config_drc
Time: 1 ps  Iteration: 0  Process: /tb/tpu_transmit/tpu_upstream/buffer[3].axis_fifo_t8I/inst/gen_fifo.xpm_fifo_axis_inst/xpm_fifo_base_inst/gen_sdpram.xpm_memory_base_inst/Initial290_13723  File: /wrk/2019.2/continuous/2019_11_06_2708876/packages/customer/vivado/data/ip/xpm/xpm_memory/hdl/xpm_memory.sv
Info: [XPM_MEMORY 20-1] MEMORY_PRIMITIVE (0) instructs Vivado Synthesis to choose the memory primitive type. Depending on their values, other XPM_MEMORY parameters may preclude the choice of certain memory primitive types. Review XPM_MEMORY documentation and parameter values to understand any limitations, or set MEMORY_PRIMITIVE to a different value. tb.tpu_transmit.tpu_upstream.buffer[3].axis_fifo_t8Q.inst.gen_fifo.xpm_fifo_axis_inst.xpm_fifo_base_inst.gen_sdpram.xpm_memory_base_inst.config_drc
Time: 1 ps  Iteration: 0  Process: /tb/tpu_transmit/tpu_upstream/buffer[3].axis_fifo_t8Q/inst/gen_fifo.xpm_fifo_axis_inst/xpm_fifo_base_inst/gen_sdpram.xpm_memory_base_inst/Initial290_13723  File: /wrk/2019.2/continuous/2019_11_06_2708876/packages/customer/vivado/data/ip/xpm/xpm_memory/hdl/xpm_memory.sv
Info: [XPM_MEMORY 20-1] MEMORY_PRIMITIVE (0) instructs Vivado Synthesis to choose the memory primitive type. Depending on their values, other XPM_MEMORY parameters may preclude the choice of certain memory primitive types. Review XPM_MEMORY documentation and parameter values to understand any limitations, or set MEMORY_PRIMITIVE to a different value. tb.tpu_transmit.tpu_upstream.buffer[4].axis_fifo_tI.inst.gen_fifo.xpm_fifo_axis_inst.xpm_fifo_base_inst.gen_sdpram.xpm_memory_base_inst.config_drc
Time: 1 ps  Iteration: 0  Process: /tb/tpu_transmit/tpu_upstream/buffer[4].axis_fifo_tI/inst/gen_fifo.xpm_fifo_axis_inst/xpm_fifo_base_inst/gen_sdpram.xpm_memory_base_inst/Initial290_13614  File: /wrk/2019.2/continuous/2019_11_06_2708876/packages/customer/vivado/data/ip/xpm/xpm_memory/hdl/xpm_memory.sv
Info: [XPM_MEMORY 20-1] MEMORY_PRIMITIVE (0) instructs Vivado Synthesis to choose the memory primitive type. Depending on their values, other XPM_MEMORY parameters may preclude the choice of certain memory primitive types. Review XPM_MEMORY documentation and parameter values to understand any limitations, or set MEMORY_PRIMITIVE to a different value. tb.tpu_transmit.tpu_upstream.buffer[4].axis_fifo_tQ.inst.gen_fifo.xpm_fifo_axis_inst.xpm_fifo_base_inst.gen_sdpram.xpm_memory_base_inst.config_drc
Time: 1 ps  Iteration: 0  Process: /tb/tpu_transmit/tpu_upstream/buffer[4].axis_fifo_tQ/inst/gen_fifo.xpm_fifo_axis_inst/xpm_fifo_base_inst/gen_sdpram.xpm_memory_base_inst/Initial290_13614  File: /wrk/2019.2/continuous/2019_11_06_2708876/packages/customer/vivado/data/ip/xpm/xpm_memory/hdl/xpm_memory.sv
Info: [XPM_MEMORY 20-1] MEMORY_PRIMITIVE (0) instructs Vivado Synthesis to choose the memory primitive type. Depending on their values, other XPM_MEMORY parameters may preclude the choice of certain memory primitive types. Review XPM_MEMORY documentation and parameter values to understand any limitations, or set MEMORY_PRIMITIVE to a different value. tb.tpu_transmit.tpu_upstream.buffer[4].axis_fifo_t8I.inst.gen_fifo.xpm_fifo_axis_inst.xpm_fifo_base_inst.gen_sdpram.xpm_memory_base_inst.config_drc
Time: 1 ps  Iteration: 0  Process: /tb/tpu_transmit/tpu_upstream/buffer[4].axis_fifo_t8I/inst/gen_fifo.xpm_fifo_axis_inst/xpm_fifo_base_inst/gen_sdpram.xpm_memory_base_inst/Initial290_13723  File: /wrk/2019.2/continuous/2019_11_06_2708876/packages/customer/vivado/data/ip/xpm/xpm_memory/hdl/xpm_memory.sv
Info: [XPM_MEMORY 20-1] MEMORY_PRIMITIVE (0) instructs Vivado Synthesis to choose the memory primitive type. Depending on their values, other XPM_MEMORY parameters may preclude the choice of certain memory primitive types. Review XPM_MEMORY documentation and parameter values to understand any limitations, or set MEMORY_PRIMITIVE to a different value. tb.tpu_transmit.tpu_upstream.buffer[4].axis_fifo_t8Q.inst.gen_fifo.xpm_fifo_axis_inst.xpm_fifo_base_inst.gen_sdpram.xpm_memory_base_inst.config_drc
Time: 1 ps  Iteration: 0  Process: /tb/tpu_transmit/tpu_upstream/buffer[4].axis_fifo_t8Q/inst/gen_fifo.xpm_fifo_axis_inst/xpm_fifo_base_inst/gen_sdpram.xpm_memory_base_inst/Initial290_13723  File: /wrk/2019.2/continuous/2019_11_06_2708876/packages/customer/vivado/data/ip/xpm/xpm_memory/hdl/xpm_memory.sv
Info: [XPM_MEMORY 20-1] MEMORY_PRIMITIVE (0) instructs Vivado Synthesis to choose the memory primitive type. Depending on their values, other XPM_MEMORY parameters may preclude the choice of certain memory primitive types. Review XPM_MEMORY documentation and parameter values to understand any limitations, or set MEMORY_PRIMITIVE to a different value. tb.tpu_transmit.tpu_upstream.buffer[5].axis_fifo_tI.inst.gen_fifo.xpm_fifo_axis_inst.xpm_fifo_base_inst.gen_sdpram.xpm_memory_base_inst.config_drc
Time: 1 ps  Iteration: 0  Process: /tb/tpu_transmit/tpu_upstream/buffer[5].axis_fifo_tI/inst/gen_fifo.xpm_fifo_axis_inst/xpm_fifo_base_inst/gen_sdpram.xpm_memory_base_inst/Initial290_13614  File: /wrk/2019.2/continuous/2019_11_06_2708876/packages/customer/vivado/data/ip/xpm/xpm_memory/hdl/xpm_memory.sv
Info: [XPM_MEMORY 20-1] MEMORY_PRIMITIVE (0) instructs Vivado Synthesis to choose the memory primitive type. Depending on their values, other XPM_MEMORY parameters may preclude the choice of certain memory primitive types. Review XPM_MEMORY documentation and parameter values to understand any limitations, or set MEMORY_PRIMITIVE to a different value. tb.tpu_transmit.tpu_upstream.buffer[5].axis_fifo_tQ.inst.gen_fifo.xpm_fifo_axis_inst.xpm_fifo_base_inst.gen_sdpram.xpm_memory_base_inst.config_drc
Time: 1 ps  Iteration: 0  Process: /tb/tpu_transmit/tpu_upstream/buffer[5].axis_fifo_tQ/inst/gen_fifo.xpm_fifo_axis_inst/xpm_fifo_base_inst/gen_sdpram.xpm_memory_base_inst/Initial290_13614  File: /wrk/2019.2/continuous/2019_11_06_2708876/packages/customer/vivado/data/ip/xpm/xpm_memory/hdl/xpm_memory.sv
Info: [XPM_MEMORY 20-1] MEMORY_PRIMITIVE (0) instructs Vivado Synthesis to choose the memory primitive type. Depending on their values, other XPM_MEMORY parameters may preclude the choice of certain memory primitive types. Review XPM_MEMORY documentation and parameter values to understand any limitations, or set MEMORY_PRIMITIVE to a different value. tb.tpu_transmit.tpu_upstream.buffer[5].axis_fifo_t8I.inst.gen_fifo.xpm_fifo_axis_inst.xpm_fifo_base_inst.gen_sdpram.xpm_memory_base_inst.config_drc
Time: 1 ps  Iteration: 0  Process: /tb/tpu_transmit/tpu_upstream/buffer[5].axis_fifo_t8I/inst/gen_fifo.xpm_fifo_axis_inst/xpm_fifo_base_inst/gen_sdpram.xpm_memory_base_inst/Initial290_13723  File: /wrk/2019.2/continuous/2019_11_06_2708876/packages/customer/vivado/data/ip/xpm/xpm_memory/hdl/xpm_memory.sv
Info: [XPM_MEMORY 20-1] MEMORY_PRIMITIVE (0) instructs Vivado Synthesis to choose the memory primitive type. Depending on their values, other XPM_MEMORY parameters may preclude the choice of certain memory primitive types. Review XPM_MEMORY documentation and parameter values to understand any limitations, or set MEMORY_PRIMITIVE to a different value. tb.tpu_transmit.tpu_upstream.buffer[5].axis_fifo_t8Q.inst.gen_fifo.xpm_fifo_axis_inst.xpm_fifo_base_inst.gen_sdpram.xpm_memory_base_inst.config_drc
Time: 1 ps  Iteration: 0  Process: /tb/tpu_transmit/tpu_upstream/buffer[5].axis_fifo_t8Q/inst/gen_fifo.xpm_fifo_axis_inst/xpm_fifo_base_inst/gen_sdpram.xpm_memory_base_inst/Initial290_13723  File: /wrk/2019.2/continuous/2019_11_06_2708876/packages/customer/vivado/data/ip/xpm/xpm_memory/hdl/xpm_memory.sv
Info: [XPM_MEMORY 20-1] MEMORY_PRIMITIVE (0) instructs Vivado Synthesis to choose the memory primitive type. Depending on their values, other XPM_MEMORY parameters may preclude the choice of certain memory primitive types. Review XPM_MEMORY documentation and parameter values to understand any limitations, or set MEMORY_PRIMITIVE to a different value. tb.tpu_transmit.tpu_upstream.buffer[6].axis_fifo_tI.inst.gen_fifo.xpm_fifo_axis_inst.xpm_fifo_base_inst.gen_sdpram.xpm_memory_base_inst.config_drc
Time: 1 ps  Iteration: 0  Process: /tb/tpu_transmit/tpu_upstream/buffer[6].axis_fifo_tI/inst/gen_fifo.xpm_fifo_axis_inst/xpm_fifo_base_inst/gen_sdpram.xpm_memory_base_inst/Initial290_13614  File: /wrk/2019.2/continuous/2019_11_06_2708876/packages/customer/vivado/data/ip/xpm/xpm_memory/hdl/xpm_memory.sv
Info: [XPM_MEMORY 20-1] MEMORY_PRIMITIVE (0) instructs Vivado Synthesis to choose the memory primitive type. Depending on their values, other XPM_MEMORY parameters may preclude the choice of certain memory primitive types. Review XPM_MEMORY documentation and parameter values to understand any limitations, or set MEMORY_PRIMITIVE to a different value. tb.tpu_transmit.tpu_upstream.buffer[6].axis_fifo_tQ.inst.gen_fifo.xpm_fifo_axis_inst.xpm_fifo_base_inst.gen_sdpram.xpm_memory_base_inst.config_drc
Time: 1 ps  Iteration: 0  Process: /tb/tpu_transmit/tpu_upstream/buffer[6].axis_fifo_tQ/inst/gen_fifo.xpm_fifo_axis_inst/xpm_fifo_base_inst/gen_sdpram.xpm_memory_base_inst/Initial290_13614  File: /wrk/2019.2/continuous/2019_11_06_2708876/packages/customer/vivado/data/ip/xpm/xpm_memory/hdl/xpm_memory.sv
Info: [XPM_MEMORY 20-1] MEMORY_PRIMITIVE (0) instructs Vivado Synthesis to choose the memory primitive type. Depending on their values, other XPM_MEMORY parameters may preclude the choice of certain memory primitive types. Review XPM_MEMORY documentation and parameter values to understand any limitations, or set MEMORY_PRIMITIVE to a different value. tb.tpu_transmit.tpu_upstream.buffer[6].axis_fifo_t8I.inst.gen_fifo.xpm_fifo_axis_inst.xpm_fifo_base_inst.gen_sdpram.xpm_memory_base_inst.config_drc
Time: 1 ps  Iteration: 0  Process: /tb/tpu_transmit/tpu_upstream/buffer[6].axis_fifo_t8I/inst/gen_fifo.xpm_fifo_axis_inst/xpm_fifo_base_inst/gen_sdpram.xpm_memory_base_inst/Initial290_13723  File: /wrk/2019.2/continuous/2019_11_06_2708876/packages/customer/vivado/data/ip/xpm/xpm_memory/hdl/xpm_memory.sv
Info: [XPM_MEMORY 20-1] MEMORY_PRIMITIVE (0) instructs Vivado Synthesis to choose the memory primitive type. Depending on their values, other XPM_MEMORY parameters may preclude the choice of certain memory primitive types. Review XPM_MEMORY documentation and parameter values to understand any limitations, or set MEMORY_PRIMITIVE to a different value. tb.tpu_transmit.tpu_upstream.buffer[6].axis_fifo_t8Q.inst.gen_fifo.xpm_fifo_axis_inst.xpm_fifo_base_inst.gen_sdpram.xpm_memory_base_inst.config_drc
Time: 1 ps  Iteration: 0  Process: /tb/tpu_transmit/tpu_upstream/buffer[6].axis_fifo_t8Q/inst/gen_fifo.xpm_fifo_axis_inst/xpm_fifo_base_inst/gen_sdpram.xpm_memory_base_inst/Initial290_13723  File: /wrk/2019.2/continuous/2019_11_06_2708876/packages/customer/vivado/data/ip/xpm/xpm_memory/hdl/xpm_memory.sv
Info: [XPM_MEMORY 20-1] MEMORY_PRIMITIVE (0) instructs Vivado Synthesis to choose the memory primitive type. Depending on their values, other XPM_MEMORY parameters may preclude the choice of certain memory primitive types. Review XPM_MEMORY documentation and parameter values to understand any limitations, or set MEMORY_PRIMITIVE to a different value. tb.tpu_transmit.tpu_upstream.buffer[7].axis_fifo_tI.inst.gen_fifo.xpm_fifo_axis_inst.xpm_fifo_base_inst.gen_sdpram.xpm_memory_base_inst.config_drc
Time: 1 ps  Iteration: 0  Process: /tb/tpu_transmit/tpu_upstream/buffer[7].axis_fifo_tI/inst/gen_fifo.xpm_fifo_axis_inst/xpm_fifo_base_inst/gen_sdpram.xpm_memory_base_inst/Initial290_13614  File: /wrk/2019.2/continuous/2019_11_06_2708876/packages/customer/vivado/data/ip/xpm/xpm_memory/hdl/xpm_memory.sv
Info: [XPM_MEMORY 20-1] MEMORY_PRIMITIVE (0) instructs Vivado Synthesis to choose the memory primitive type. Depending on their values, other XPM_MEMORY parameters may preclude the choice of certain memory primitive types. Review XPM_MEMORY documentation and parameter values to understand any limitations, or set MEMORY_PRIMITIVE to a different value. tb.tpu_transmit.tpu_upstream.buffer[7].axis_fifo_tQ.inst.gen_fifo.xpm_fifo_axis_inst.xpm_fifo_base_inst.gen_sdpram.xpm_memory_base_inst.config_drc
Time: 1 ps  Iteration: 0  Process: /tb/tpu_transmit/tpu_upstream/buffer[7].axis_fifo_tQ/inst/gen_fifo.xpm_fifo_axis_inst/xpm_fifo_base_inst/gen_sdpram.xpm_memory_base_inst/Initial290_13614  File: /wrk/2019.2/continuous/2019_11_06_2708876/packages/customer/vivado/data/ip/xpm/xpm_memory/hdl/xpm_memory.sv
Info: [XPM_MEMORY 20-1] MEMORY_PRIMITIVE (0) instructs Vivado Synthesis to choose the memory primitive type. Depending on their values, other XPM_MEMORY parameters may preclude the choice of certain memory primitive types. Review XPM_MEMORY documentation and parameter values to understand any limitations, or set MEMORY_PRIMITIVE to a different value. tb.tpu_transmit.tpu_upstream.buffer[7].axis_fifo_t8I.inst.gen_fifo.xpm_fifo_axis_inst.xpm_fifo_base_inst.gen_sdpram.xpm_memory_base_inst.config_drc
Time: 1 ps  Iteration: 0  Process: /tb/tpu_transmit/tpu_upstream/buffer[7].axis_fifo_t8I/inst/gen_fifo.xpm_fifo_axis_inst/xpm_fifo_base_inst/gen_sdpram.xpm_memory_base_inst/Initial290_13723  File: /wrk/2019.2/continuous/2019_11_06_2708876/packages/customer/vivado/data/ip/xpm/xpm_memory/hdl/xpm_memory.sv
Info: [XPM_MEMORY 20-1] MEMORY_PRIMITIVE (0) instructs Vivado Synthesis to choose the memory primitive type. Depending on their values, other XPM_MEMORY parameters may preclude the choice of certain memory primitive types. Review XPM_MEMORY documentation and parameter values to understand any limitations, or set MEMORY_PRIMITIVE to a different value. tb.tpu_transmit.tpu_upstream.buffer[7].axis_fifo_t8Q.inst.gen_fifo.xpm_fifo_axis_inst.xpm_fifo_base_inst.gen_sdpram.xpm_memory_base_inst.config_drc
Time: 1 ps  Iteration: 0  Process: /tb/tpu_transmit/tpu_upstream/buffer[7].axis_fifo_t8Q/inst/gen_fifo.xpm_fifo_axis_inst/xpm_fifo_base_inst/gen_sdpram.xpm_memory_base_inst/Initial290_13723  File: /wrk/2019.2/continuous/2019_11_06_2708876/packages/customer/vivado/data/ip/xpm/xpm_memory/hdl/xpm_memory.sv
INFO: [USF-XSim-96] XSim completed. Design snapshot 'tb_behav' loaded.
INFO: [USF-XSim-97] XSim simulation ran for 1000ns
launch_simulation: Time (s): cpu = 00:00:23 ; elapsed = 00:00:16 . Memory (MB): peak = 7011.539 ; gain = 23.781 ; free physical = 52338 ; free virtual = 61961
current_wave_config {Untitled 1}
Untitled 1
log_wave {/tb/tpu_transmit/tpu_upstream/clk_250m} {/tb/tpu_transmit/tpu_upstream/clk_500m} {/tb/tpu_transmit/tpu_upstream/reset} {/tb/tpu_transmit/tpu_upstream/s_axis_input_tvalid} {/tb/tpu_transmit/tpu_upstream/s_axis_input_tready} {/tb/tpu_transmit/tpu_upstream/s_axis_input_tdata} {/tb/tpu_transmit/tpu_upstream/s_axis_input_tlast} {/tb/tpu_transmit/tpu_upstream/m_axis_outputI_tvalid_8} {/tb/tpu_transmit/tpu_upstream/m_axis_outputI_tready_8} {/tb/tpu_transmit/tpu_upstream/m_axis_outputI_tdata_8} {/tb/tpu_transmit/tpu_upstream/m_axis_outputI_tlast_8} {/tb/tpu_transmit/tpu_upstream/m_axis_outputQ_tvalid_8} {/tb/tpu_transmit/tpu_upstream/m_axis_outputQ_tready_8} {/tb/tpu_transmit/tpu_upstream/m_axis_outputQ_tdata_8} {/tb/tpu_transmit/tpu_upstream/m_axis_outputQ_tlast_8} {/tb/tpu_transmit/tpu_upstream/m_axis_outputI_tvalid} {/tb/tpu_transmit/tpu_upstream/m_axis_outputI_tready} {/tb/tpu_transmit/tpu_upstream/m_axis_outputI_tdata} {/tb/tpu_transmit/tpu_upstream/m_axis_outputI_tlast} {/tb/tpu_transmit/tpu_upstream/m_axis_outputQ_tvalid} {/tb/tpu_transmit/tpu_upstream/m_axis_outputQ_tready} {/tb/tpu_transmit/tpu_upstream/m_axis_outputQ_tdata} {/tb/tpu_transmit/tpu_upstream/m_axis_outputQ_tlast} {/tb/tpu_transmit/tpu_upstream/m_axis_outputI_tvalid_radio} {/tb/tpu_transmit/tpu_upstream/m_axis_outputI_tready_radio} {/tb/tpu_transmit/tpu_upstream/m_axis_outputI_tdata_radio} {/tb/tpu_transmit/tpu_upstream/m_axis_outputI_tlast_radio} {/tb/tpu_transmit/tpu_upstream/m_axis_outputQ_tvalid_radio} {/tb/tpu_transmit/tpu_upstream/m_axis_outputQ_tready_radio} {/tb/tpu_transmit/tpu_upstream/m_axis_outputQ_tdata_radio} {/tb/tpu_transmit/tpu_upstream/m_axis_outputQ_tlast_radio} {/tb/tpu_transmit/tpu_upstream/m_axis_outputI_tvalid_radio8} {/tb/tpu_transmit/tpu_upstream/m_axis_outputI_tready_radio8} {/tb/tpu_transmit/tpu_upstream/m_axis_outputI_tdata_radio8} {/tb/tpu_transmit/tpu_upstream/m_axis_outputI_tlast_radio8} {/tb/tpu_transmit/tpu_upstream/m_axis_outputQ_tvalid_radio8} {/tb/tpu_transmit/tpu_upstream/m_axis_outputQ_tready_radio8} {/tb/tpu_transmit/tpu_upstream/m_axis_outputQ_tdata_radio8} {/tb/tpu_transmit/tpu_upstream/m_axis_outputQ_tlast_radio8} 
current_wave_config {Untitled 1}
Untitled 1
add_wave {{/tb/tpu_transmit/tpu_upstream/clk_250m}} {{/tb/tpu_transmit/tpu_upstream/clk_500m}} {{/tb/tpu_transmit/tpu_upstream/reset}} {{/tb/tpu_transmit/tpu_upstream/s_axis_input_tvalid}} {{/tb/tpu_transmit/tpu_upstream/s_axis_input_tready}} {{/tb/tpu_transmit/tpu_upstream/s_axis_input_tdata}} {{/tb/tpu_transmit/tpu_upstream/s_axis_input_tlast}} {{/tb/tpu_transmit/tpu_upstream/m_axis_outputI_tvalid_8}} {{/tb/tpu_transmit/tpu_upstream/m_axis_outputI_tready_8}} {{/tb/tpu_transmit/tpu_upstream/m_axis_outputI_tdata_8}} {{/tb/tpu_transmit/tpu_upstream/m_axis_outputI_tlast_8}} {{/tb/tpu_transmit/tpu_upstream/m_axis_outputQ_tvalid_8}} {{/tb/tpu_transmit/tpu_upstream/m_axis_outputQ_tready_8}} {{/tb/tpu_transmit/tpu_upstream/m_axis_outputQ_tdata_8}} {{/tb/tpu_transmit/tpu_upstream/m_axis_outputQ_tlast_8}} {{/tb/tpu_transmit/tpu_upstream/m_axis_outputI_tvalid}} {{/tb/tpu_transmit/tpu_upstream/m_axis_outputI_tready}} {{/tb/tpu_transmit/tpu_upstream/m_axis_outputI_tdata}} {{/tb/tpu_transmit/tpu_upstream/m_axis_outputI_tlast}} {{/tb/tpu_transmit/tpu_upstream/m_axis_outputQ_tvalid}} {{/tb/tpu_transmit/tpu_upstream/m_axis_outputQ_tready}} {{/tb/tpu_transmit/tpu_upstream/m_axis_outputQ_tdata}} {{/tb/tpu_transmit/tpu_upstream/m_axis_outputQ_tlast}} {{/tb/tpu_transmit/tpu_upstream/m_axis_outputI_tvalid_radio}} {{/tb/tpu_transmit/tpu_upstream/m_axis_outputI_tready_radio}} {{/tb/tpu_transmit/tpu_upstream/m_axis_outputI_tdata_radio}} {{/tb/tpu_transmit/tpu_upstream/m_axis_outputI_tlast_radio}} {{/tb/tpu_transmit/tpu_upstream/m_axis_outputQ_tvalid_radio}} {{/tb/tpu_transmit/tpu_upstream/m_axis_outputQ_tready_radio}} {{/tb/tpu_transmit/tpu_upstream/m_axis_outputQ_tdata_radio}} {{/tb/tpu_transmit/tpu_upstream/m_axis_outputQ_tlast_radio}} {{/tb/tpu_transmit/tpu_upstream/m_axis_outputI_tvalid_radio8}} {{/tb/tpu_transmit/tpu_upstream/m_axis_outputI_tready_radio8}} {{/tb/tpu_transmit/tpu_upstream/m_axis_outputI_tdata_radio8}} {{/tb/tpu_transmit/tpu_upstream/m_axis_outputI_tlast_radio8}} {{/tb/tpu_transmit/tpu_upstream/m_axis_outputQ_tvalid_radio8}} {{/tb/tpu_transmit/tpu_upstream/m_axis_outputQ_tready_radio8}} {{/tb/tpu_transmit/tpu_upstream/m_axis_outputQ_tdata_radio8}} {{/tb/tpu_transmit/tpu_upstream/m_axis_outputQ_tlast_radio8}} 
restart
INFO: [Simtcl 6-17] Simulation restarted
relaunch_sim
Command: launch_simulation -simset sim_1 -mode behavioral
INFO: [Vivado 12-5698] Checking validity of IPs in the design for the 'XSim' simulator...
INFO: [Vivado 12-5682] Launching behavioral simulation in '/home/caohy/work/tpu_total/tpu_double/tpu_transmit/tpu_transmit.sim/sim_1/behav/xsim'
INFO: [Vivado 12-4795] Using compiled simulation libraries for IPs
INFO: [SIM-utils-51] Simulation object is 'sim_1'
INFO: [USF-XSim-7] Finding pre-compiled libraries...
INFO: [USF-XSim-11] File '/tools/Xilinx/Vivado/2019.2/data/xsim/xsim.ini' copied to run dir:'/home/caohy/work/tpu_total/tpu_double/tpu_transmit/tpu_transmit.sim/sim_1/behav/xsim'
INFO: [SIM-utils-54] Inspecting design source files for 'tb' in fileset 'sim_1'...
INFO: [USF-XSim-97] Finding global include files...
INFO: [USF-XSim-98] Fetching design files from 'sim_1'...
INFO: [USF-XSim-2] XSim::Compile design
INFO: [USF-XSim-61] Executing 'COMPILE and ANALYZE' step in '/home/caohy/work/tpu_total/tpu_double/tpu_transmit/tpu_transmit.sim/sim_1/behav/xsim'
xvlog --incr --relax -prj tb_vlog.prj
xvhdl --incr --relax -prj tb_vhdl.prj
INFO: [USF-XSim-69] 'compile' step finished in '2' seconds
Command: launch_simulation -simset sim_1 -mode behavioral
INFO: [Vivado 12-5698] Checking validity of IPs in the design for the 'XSim' simulator...
INFO: [Vivado 12-5682] Launching behavioral simulation in '/home/caohy/work/tpu_total/tpu_double/tpu_transmit/tpu_transmit.sim/sim_1/behav/xsim'
INFO: [Vivado 12-4795] Using compiled simulation libraries for IPs
INFO: [USF-XSim-3] XSim::Elaborate design
INFO: [USF-XSim-61] Executing 'ELABORATE' step in '/home/caohy/work/tpu_total/tpu_double/tpu_transmit/tpu_transmit.sim/sim_1/behav/xsim'
xelab -wto 1df77b122ba5468d9ff674a0cb595e5a --incr --debug typical --relax --mt 8 -L axis_infrastructure_v1_1_0 -L axis_data_fifo_v2_0_2 -L xil_defaultlib -L xbip_utils_v3_0_10 -L xbip_pipe_v3_0_6 -L axi_utils_v2_0_6 -L c_reg_fd_v12_0_6 -L c_mux_bit_v12_0_6 -L c_mux_bus_v12_0_6 -L xbip_dsp48_wrapper_v3_0_4 -L xbip_dsp48_addsub_v3_0_6 -L xbip_addsub_v3_0_6 -L c_addsub_v12_0_14 -L c_gate_bit_v12_0_6 -L c_compare_v12_0_6 -L xbip_counter_v3_0_6 -L c_counter_binary_v12_0_14 -L c_shift_ram_v12_0_14 -L rs_toolbox_v9_0_8 -L rs_encoder_v9_0_16 -L xlconstant_v1_1_6 -L ten_gig_eth_mac_v15_1_7 -L gtwizard_ultrascale_v1_7_7 -L ten_gig_eth_pcs_pma_v6_0_16 -L unisims_ver -L unimacro_ver -L secureip -L xpm --snapshot tb_behav xil_defaultlib.tb xil_defaultlib.glbl -log elaborate.log
Vivado Simulator 2019.2
Copyright 1986-1999, 2001-2019 Xilinx, Inc. All Rights Reserved.
Running: /tools/Xilinx/Vivado/2019.2/bin/unwrapped/lnx64.o/xelab -wto 1df77b122ba5468d9ff674a0cb595e5a --incr --debug typical --relax --mt 8 -L axis_infrastructure_v1_1_0 -L axis_data_fifo_v2_0_2 -L xil_defaultlib -L xbip_utils_v3_0_10 -L xbip_pipe_v3_0_6 -L axi_utils_v2_0_6 -L c_reg_fd_v12_0_6 -L c_mux_bit_v12_0_6 -L c_mux_bus_v12_0_6 -L xbip_dsp48_wrapper_v3_0_4 -L xbip_dsp48_addsub_v3_0_6 -L xbip_addsub_v3_0_6 -L c_addsub_v12_0_14 -L c_gate_bit_v12_0_6 -L c_compare_v12_0_6 -L xbip_counter_v3_0_6 -L c_counter_binary_v12_0_14 -L c_shift_ram_v12_0_14 -L rs_toolbox_v9_0_8 -L rs_encoder_v9_0_16 -L xlconstant_v1_1_6 -L ten_gig_eth_mac_v15_1_7 -L gtwizard_ultrascale_v1_7_7 -L ten_gig_eth_pcs_pma_v6_0_16 -L unisims_ver -L unimacro_ver -L secureip -L xpm --snapshot tb_behav xil_defaultlib.tb xil_defaultlib.glbl -log elaborate.log 
Using 8 slave threads.
Starting static elaboration
Pass Through NonSizing Optimizer
WARNING: [VRFC 10-5021] port 'event_s_input_tlast_missing' is not connected on this instance [/home/caohy/work/tpu_total/tpu_double/tpu_transmit/tpu_transmit.srcs/sources_1/new/layer1_transmit.sv:131]
Completed static elaboration
INFO: [XSIM 43-4323] No Change in HDL. Linking previously generated obj files to create kernel
run_program: Time (s): cpu = 00:00:06 ; elapsed = 00:00:06 . Memory (MB): peak = 7013.707 ; gain = 0.000 ; free physical = 52424 ; free virtual = 62048
INFO: [USF-XSim-69] 'elaborate' step finished in '6' seconds
launch_simulation: Time (s): cpu = 00:00:06 ; elapsed = 00:00:06 . Memory (MB): peak = 7013.707 ; gain = 0.000 ; free physical = 52424 ; free virtual = 62048
Vivado Simulator 2019.2
INFO: [Wavedata 42-565] Reading protoinst file protoinst_files/mac_phy.protoinst
INFO: [Wavedata 42-564]   Found protocol instance at /tb/tpu_transmit/datasource_10g/mac_phy_wrapper_i/mac_phy_i//mac_phy_ch0/m_axis_rx
INFO: [Wavedata 42-564]   Found protocol instance at /tb/tpu_transmit/datasource_10g/mac_phy_wrapper_i/mac_phy_i//mac_phy_ch0/s_axis_pause
INFO: [Wavedata 42-564]   Found protocol instance at /tb/tpu_transmit/datasource_10g/mac_phy_wrapper_i/mac_phy_i//mac_phy_ch0/s_axis_tx
INFO: [Wavedata 42-564]   Found protocol instance at /tb/tpu_transmit/datasource_10g/mac_phy_wrapper_i/mac_phy_i//mac_phy_ch0/ten_gig_eth_mac_ch0/m_axis_rx
INFO: [Wavedata 42-564]   Found protocol instance at /tb/tpu_transmit/datasource_10g/mac_phy_wrapper_i/mac_phy_i//mac_phy_ch0/ten_gig_eth_mac_ch0/s_axi
INFO: [Wavedata 42-564]   Found protocol instance at /tb/tpu_transmit/datasource_10g/mac_phy_wrapper_i/mac_phy_i//mac_phy_ch0/ten_gig_eth_mac_ch0/s_axis_pause
INFO: [Wavedata 42-564]   Found protocol instance at /tb/tpu_transmit/datasource_10g/mac_phy_wrapper_i/mac_phy_i//mac_phy_ch0/ten_gig_eth_mac_ch0/s_axis_tx
WARNING: [Wavedata 42-559] Protocol instance "/tb/tpu_transmit/datasource_10g/mac_phy_wrapper_i/mac_phy_i//mac_phy_ch0/m_axis_rx" was created but is non-functional for the following reason(s):
Port "TUSER" must be a logic vector

WARNING: [Wavedata 42-559] Protocol instance "/tb/tpu_transmit/datasource_10g/mac_phy_wrapper_i/mac_phy_i//mac_phy_ch0/ten_gig_eth_mac_ch0/m_axis_rx" was created but is non-functional for the following reason(s):
Port "TUSER" must be a logic vector

WARNING: [Wavedata 42-559] Protocol instance "/tb/tpu_transmit/datasource_10g/mac_phy_wrapper_i/mac_phy_i//mac_phy_ch0/ten_gig_eth_mac_ch0/s_axis_tx" was created but is non-functional for the following reason(s):
Port "TUSER" must be a logic vector

Time resolution is 1 ps
[                   0] : System Reset Asserted...
Info: [XPM_MEMORY 20-1] MEMORY_PRIMITIVE (0) instructs Vivado Synthesis to choose the memory primitive type. Depending on their values, other XPM_MEMORY parameters may preclude the choice of certain memory primitive types. Review XPM_MEMORY documentation and parameter values to understand any limitations, or set MEMORY_PRIMITIVE to a different value. tb.tpu_transmit.datasource_10g.axi_stream_gen_mon_0.axi_stream_interface.bb_interface_fifo_rx.inst.gen_fifo.xpm_fifo_axis_inst.xpm_fifo_base_inst.gen_sdpram.xpm_memory_base_inst.config_drc
Time: 1 ps  Iteration: 0  Process: /tb/tpu_transmit/datasource_10g/axi_stream_gen_mon_0/axi_stream_interface/bb_interface_fifo_rx/inst/gen_fifo.xpm_fifo_axis_inst/xpm_fifo_base_inst/gen_sdpram.xpm_memory_base_inst/Initial290_157  File: /wrk/2019.2/continuous/2019_11_06_2708876/packages/customer/vivado/data/ip/xpm/xpm_memory/hdl/xpm_memory.sv
Info: [XPM_MEMORY 20-1] MEMORY_PRIMITIVE (0) instructs Vivado Synthesis to choose the memory primitive type. Depending on their values, other XPM_MEMORY parameters may preclude the choice of certain memory primitive types. Review XPM_MEMORY documentation and parameter values to understand any limitations, or set MEMORY_PRIMITIVE to a different value. tb.tpu_transmit.datasource_10g.axi_stream_gen_mon_0.axi_stream_interface.bb_interface_fifo_tx.inst.gen_fifo.xpm_fifo_axis_inst.xpm_fifo_base_inst.gen_sdpram.xpm_memory_base_inst.config_drc
Time: 1 ps  Iteration: 0  Process: /tb/tpu_transmit/datasource_10g/axi_stream_gen_mon_0/axi_stream_interface/bb_interface_fifo_tx/inst/gen_fifo.xpm_fifo_axis_inst/xpm_fifo_base_inst/gen_sdpram.xpm_memory_base_inst/Initial290_157  File: /wrk/2019.2/continuous/2019_11_06_2708876/packages/customer/vivado/data/ip/xpm/xpm_memory/hdl/xpm_memory.sv
Info: [XPM_MEMORY 20-1] MEMORY_PRIMITIVE (0) instructs Vivado Synthesis to choose the memory primitive type. Depending on their values, other XPM_MEMORY parameters may preclude the choice of certain memory primitive types. Review XPM_MEMORY documentation and parameter values to understand any limitations, or set MEMORY_PRIMITIVE to a different value. tb.tpu_transmit.tpu_upstream.buffer[0].axis_fifo_tI.inst.gen_fifo.xpm_fifo_axis_inst.xpm_fifo_base_inst.gen_sdpram.xpm_memory_base_inst.config_drc
Time: 1 ps  Iteration: 0  Process: /tb/tpu_transmit/tpu_upstream/buffer[0].axis_fifo_tI/inst/gen_fifo.xpm_fifo_axis_inst/xpm_fifo_base_inst/gen_sdpram.xpm_memory_base_inst/Initial290_13614  File: /wrk/2019.2/continuous/2019_11_06_2708876/packages/customer/vivado/data/ip/xpm/xpm_memory/hdl/xpm_memory.sv
Info: [XPM_MEMORY 20-1] MEMORY_PRIMITIVE (0) instructs Vivado Synthesis to choose the memory primitive type. Depending on their values, other XPM_MEMORY parameters may preclude the choice of certain memory primitive types. Review XPM_MEMORY documentation and parameter values to understand any limitations, or set MEMORY_PRIMITIVE to a different value. tb.tpu_transmit.tpu_upstream.buffer[0].axis_fifo_tQ.inst.gen_fifo.xpm_fifo_axis_inst.xpm_fifo_base_inst.gen_sdpram.xpm_memory_base_inst.config_drc
Time: 1 ps  Iteration: 0  Process: /tb/tpu_transmit/tpu_upstream/buffer[0].axis_fifo_tQ/inst/gen_fifo.xpm_fifo_axis_inst/xpm_fifo_base_inst/gen_sdpram.xpm_memory_base_inst/Initial290_13614  File: /wrk/2019.2/continuous/2019_11_06_2708876/packages/customer/vivado/data/ip/xpm/xpm_memory/hdl/xpm_memory.sv
Info: [XPM_MEMORY 20-1] MEMORY_PRIMITIVE (0) instructs Vivado Synthesis to choose the memory primitive type. Depending on their values, other XPM_MEMORY parameters may preclude the choice of certain memory primitive types. Review XPM_MEMORY documentation and parameter values to understand any limitations, or set MEMORY_PRIMITIVE to a different value. tb.tpu_transmit.tpu_upstream.buffer[0].axis_fifo_t8I.inst.gen_fifo.xpm_fifo_axis_inst.xpm_fifo_base_inst.gen_sdpram.xpm_memory_base_inst.config_drc
Time: 1 ps  Iteration: 0  Process: /tb/tpu_transmit/tpu_upstream/buffer[0].axis_fifo_t8I/inst/gen_fifo.xpm_fifo_axis_inst/xpm_fifo_base_inst/gen_sdpram.xpm_memory_base_inst/Initial290_13723  File: /wrk/2019.2/continuous/2019_11_06_2708876/packages/customer/vivado/data/ip/xpm/xpm_memory/hdl/xpm_memory.sv
Info: [XPM_MEMORY 20-1] MEMORY_PRIMITIVE (0) instructs Vivado Synthesis to choose the memory primitive type. Depending on their values, other XPM_MEMORY parameters may preclude the choice of certain memory primitive types. Review XPM_MEMORY documentation and parameter values to understand any limitations, or set MEMORY_PRIMITIVE to a different value. tb.tpu_transmit.tpu_upstream.buffer[0].axis_fifo_t8Q.inst.gen_fifo.xpm_fifo_axis_inst.xpm_fifo_base_inst.gen_sdpram.xpm_memory_base_inst.config_drc
Time: 1 ps  Iteration: 0  Process: /tb/tpu_transmit/tpu_upstream/buffer[0].axis_fifo_t8Q/inst/gen_fifo.xpm_fifo_axis_inst/xpm_fifo_base_inst/gen_sdpram.xpm_memory_base_inst/Initial290_13723  File: /wrk/2019.2/continuous/2019_11_06_2708876/packages/customer/vivado/data/ip/xpm/xpm_memory/hdl/xpm_memory.sv
Info: [XPM_MEMORY 20-1] MEMORY_PRIMITIVE (0) instructs Vivado Synthesis to choose the memory primitive type. Depending on their values, other XPM_MEMORY parameters may preclude the choice of certain memory primitive types. Review XPM_MEMORY documentation and parameter values to understand any limitations, or set MEMORY_PRIMITIVE to a different value. tb.tpu_transmit.tpu_upstream.buffer[1].axis_fifo_tI.inst.gen_fifo.xpm_fifo_axis_inst.xpm_fifo_base_inst.gen_sdpram.xpm_memory_base_inst.config_drc
Time: 1 ps  Iteration: 0  Process: /tb/tpu_transmit/tpu_upstream/buffer[1].axis_fifo_tI/inst/gen_fifo.xpm_fifo_axis_inst/xpm_fifo_base_inst/gen_sdpram.xpm_memory_base_inst/Initial290_13614  File: /wrk/2019.2/continuous/2019_11_06_2708876/packages/customer/vivado/data/ip/xpm/xpm_memory/hdl/xpm_memory.sv
Info: [XPM_MEMORY 20-1] MEMORY_PRIMITIVE (0) instructs Vivado Synthesis to choose the memory primitive type. Depending on their values, other XPM_MEMORY parameters may preclude the choice of certain memory primitive types. Review XPM_MEMORY documentation and parameter values to understand any limitations, or set MEMORY_PRIMITIVE to a different value. tb.tpu_transmit.tpu_upstream.buffer[1].axis_fifo_tQ.inst.gen_fifo.xpm_fifo_axis_inst.xpm_fifo_base_inst.gen_sdpram.xpm_memory_base_inst.config_drc
Time: 1 ps  Iteration: 0  Process: /tb/tpu_transmit/tpu_upstream/buffer[1].axis_fifo_tQ/inst/gen_fifo.xpm_fifo_axis_inst/xpm_fifo_base_inst/gen_sdpram.xpm_memory_base_inst/Initial290_13614  File: /wrk/2019.2/continuous/2019_11_06_2708876/packages/customer/vivado/data/ip/xpm/xpm_memory/hdl/xpm_memory.sv
Info: [XPM_MEMORY 20-1] MEMORY_PRIMITIVE (0) instructs Vivado Synthesis to choose the memory primitive type. Depending on their values, other XPM_MEMORY parameters may preclude the choice of certain memory primitive types. Review XPM_MEMORY documentation and parameter values to understand any limitations, or set MEMORY_PRIMITIVE to a different value. tb.tpu_transmit.tpu_upstream.buffer[1].axis_fifo_t8I.inst.gen_fifo.xpm_fifo_axis_inst.xpm_fifo_base_inst.gen_sdpram.xpm_memory_base_inst.config_drc
Time: 1 ps  Iteration: 0  Process: /tb/tpu_transmit/tpu_upstream/buffer[1].axis_fifo_t8I/inst/gen_fifo.xpm_fifo_axis_inst/xpm_fifo_base_inst/gen_sdpram.xpm_memory_base_inst/Initial290_13723  File: /wrk/2019.2/continuous/2019_11_06_2708876/packages/customer/vivado/data/ip/xpm/xpm_memory/hdl/xpm_memory.sv
Info: [XPM_MEMORY 20-1] MEMORY_PRIMITIVE (0) instructs Vivado Synthesis to choose the memory primitive type. Depending on their values, other XPM_MEMORY parameters may preclude the choice of certain memory primitive types. Review XPM_MEMORY documentation and parameter values to understand any limitations, or set MEMORY_PRIMITIVE to a different value. tb.tpu_transmit.tpu_upstream.buffer[1].axis_fifo_t8Q.inst.gen_fifo.xpm_fifo_axis_inst.xpm_fifo_base_inst.gen_sdpram.xpm_memory_base_inst.config_drc
Time: 1 ps  Iteration: 0  Process: /tb/tpu_transmit/tpu_upstream/buffer[1].axis_fifo_t8Q/inst/gen_fifo.xpm_fifo_axis_inst/xpm_fifo_base_inst/gen_sdpram.xpm_memory_base_inst/Initial290_13723  File: /wrk/2019.2/continuous/2019_11_06_2708876/packages/customer/vivado/data/ip/xpm/xpm_memory/hdl/xpm_memory.sv
Info: [XPM_MEMORY 20-1] MEMORY_PRIMITIVE (0) instructs Vivado Synthesis to choose the memory primitive type. Depending on their values, other XPM_MEMORY parameters may preclude the choice of certain memory primitive types. Review XPM_MEMORY documentation and parameter values to understand any limitations, or set MEMORY_PRIMITIVE to a different value. tb.tpu_transmit.tpu_upstream.buffer[2].axis_fifo_tI.inst.gen_fifo.xpm_fifo_axis_inst.xpm_fifo_base_inst.gen_sdpram.xpm_memory_base_inst.config_drc
Time: 1 ps  Iteration: 0  Process: /tb/tpu_transmit/tpu_upstream/buffer[2].axis_fifo_tI/inst/gen_fifo.xpm_fifo_axis_inst/xpm_fifo_base_inst/gen_sdpram.xpm_memory_base_inst/Initial290_13614  File: /wrk/2019.2/continuous/2019_11_06_2708876/packages/customer/vivado/data/ip/xpm/xpm_memory/hdl/xpm_memory.sv
Info: [XPM_MEMORY 20-1] MEMORY_PRIMITIVE (0) instructs Vivado Synthesis to choose the memory primitive type. Depending on their values, other XPM_MEMORY parameters may preclude the choice of certain memory primitive types. Review XPM_MEMORY documentation and parameter values to understand any limitations, or set MEMORY_PRIMITIVE to a different value. tb.tpu_transmit.tpu_upstream.buffer[2].axis_fifo_tQ.inst.gen_fifo.xpm_fifo_axis_inst.xpm_fifo_base_inst.gen_sdpram.xpm_memory_base_inst.config_drc
Time: 1 ps  Iteration: 0  Process: /tb/tpu_transmit/tpu_upstream/buffer[2].axis_fifo_tQ/inst/gen_fifo.xpm_fifo_axis_inst/xpm_fifo_base_inst/gen_sdpram.xpm_memory_base_inst/Initial290_13614  File: /wrk/2019.2/continuous/2019_11_06_2708876/packages/customer/vivado/data/ip/xpm/xpm_memory/hdl/xpm_memory.sv
Info: [XPM_MEMORY 20-1] MEMORY_PRIMITIVE (0) instructs Vivado Synthesis to choose the memory primitive type. Depending on their values, other XPM_MEMORY parameters may preclude the choice of certain memory primitive types. Review XPM_MEMORY documentation and parameter values to understand any limitations, or set MEMORY_PRIMITIVE to a different value. tb.tpu_transmit.tpu_upstream.buffer[2].axis_fifo_t8I.inst.gen_fifo.xpm_fifo_axis_inst.xpm_fifo_base_inst.gen_sdpram.xpm_memory_base_inst.config_drc
Time: 1 ps  Iteration: 0  Process: /tb/tpu_transmit/tpu_upstream/buffer[2].axis_fifo_t8I/inst/gen_fifo.xpm_fifo_axis_inst/xpm_fifo_base_inst/gen_sdpram.xpm_memory_base_inst/Initial290_13723  File: /wrk/2019.2/continuous/2019_11_06_2708876/packages/customer/vivado/data/ip/xpm/xpm_memory/hdl/xpm_memory.sv
Info: [XPM_MEMORY 20-1] MEMORY_PRIMITIVE (0) instructs Vivado Synthesis to choose the memory primitive type. Depending on their values, other XPM_MEMORY parameters may preclude the choice of certain memory primitive types. Review XPM_MEMORY documentation and parameter values to understand any limitations, or set MEMORY_PRIMITIVE to a different value. tb.tpu_transmit.tpu_upstream.buffer[2].axis_fifo_t8Q.inst.gen_fifo.xpm_fifo_axis_inst.xpm_fifo_base_inst.gen_sdpram.xpm_memory_base_inst.config_drc
Time: 1 ps  Iteration: 0  Process: /tb/tpu_transmit/tpu_upstream/buffer[2].axis_fifo_t8Q/inst/gen_fifo.xpm_fifo_axis_inst/xpm_fifo_base_inst/gen_sdpram.xpm_memory_base_inst/Initial290_13723  File: /wrk/2019.2/continuous/2019_11_06_2708876/packages/customer/vivado/data/ip/xpm/xpm_memory/hdl/xpm_memory.sv
Info: [XPM_MEMORY 20-1] MEMORY_PRIMITIVE (0) instructs Vivado Synthesis to choose the memory primitive type. Depending on their values, other XPM_MEMORY parameters may preclude the choice of certain memory primitive types. Review XPM_MEMORY documentation and parameter values to understand any limitations, or set MEMORY_PRIMITIVE to a different value. tb.tpu_transmit.tpu_upstream.buffer[3].axis_fifo_tI.inst.gen_fifo.xpm_fifo_axis_inst.xpm_fifo_base_inst.gen_sdpram.xpm_memory_base_inst.config_drc
Time: 1 ps  Iteration: 0  Process: /tb/tpu_transmit/tpu_upstream/buffer[3].axis_fifo_tI/inst/gen_fifo.xpm_fifo_axis_inst/xpm_fifo_base_inst/gen_sdpram.xpm_memory_base_inst/Initial290_13614  File: /wrk/2019.2/continuous/2019_11_06_2708876/packages/customer/vivado/data/ip/xpm/xpm_memory/hdl/xpm_memory.sv
Info: [XPM_MEMORY 20-1] MEMORY_PRIMITIVE (0) instructs Vivado Synthesis to choose the memory primitive type. Depending on their values, other XPM_MEMORY parameters may preclude the choice of certain memory primitive types. Review XPM_MEMORY documentation and parameter values to understand any limitations, or set MEMORY_PRIMITIVE to a different value. tb.tpu_transmit.tpu_upstream.buffer[3].axis_fifo_tQ.inst.gen_fifo.xpm_fifo_axis_inst.xpm_fifo_base_inst.gen_sdpram.xpm_memory_base_inst.config_drc
Time: 1 ps  Iteration: 0  Process: /tb/tpu_transmit/tpu_upstream/buffer[3].axis_fifo_tQ/inst/gen_fifo.xpm_fifo_axis_inst/xpm_fifo_base_inst/gen_sdpram.xpm_memory_base_inst/Initial290_13614  File: /wrk/2019.2/continuous/2019_11_06_2708876/packages/customer/vivado/data/ip/xpm/xpm_memory/hdl/xpm_memory.sv
Info: [XPM_MEMORY 20-1] MEMORY_PRIMITIVE (0) instructs Vivado Synthesis to choose the memory primitive type. Depending on their values, other XPM_MEMORY parameters may preclude the choice of certain memory primitive types. Review XPM_MEMORY documentation and parameter values to understand any limitations, or set MEMORY_PRIMITIVE to a different value. tb.tpu_transmit.tpu_upstream.buffer[3].axis_fifo_t8I.inst.gen_fifo.xpm_fifo_axis_inst.xpm_fifo_base_inst.gen_sdpram.xpm_memory_base_inst.config_drc
Time: 1 ps  Iteration: 0  Process: /tb/tpu_transmit/tpu_upstream/buffer[3].axis_fifo_t8I/inst/gen_fifo.xpm_fifo_axis_inst/xpm_fifo_base_inst/gen_sdpram.xpm_memory_base_inst/Initial290_13723  File: /wrk/2019.2/continuous/2019_11_06_2708876/packages/customer/vivado/data/ip/xpm/xpm_memory/hdl/xpm_memory.sv
Info: [XPM_MEMORY 20-1] MEMORY_PRIMITIVE (0) instructs Vivado Synthesis to choose the memory primitive type. Depending on their values, other XPM_MEMORY parameters may preclude the choice of certain memory primitive types. Review XPM_MEMORY documentation and parameter values to understand any limitations, or set MEMORY_PRIMITIVE to a different value. tb.tpu_transmit.tpu_upstream.buffer[3].axis_fifo_t8Q.inst.gen_fifo.xpm_fifo_axis_inst.xpm_fifo_base_inst.gen_sdpram.xpm_memory_base_inst.config_drc
Time: 1 ps  Iteration: 0  Process: /tb/tpu_transmit/tpu_upstream/buffer[3].axis_fifo_t8Q/inst/gen_fifo.xpm_fifo_axis_inst/xpm_fifo_base_inst/gen_sdpram.xpm_memory_base_inst/Initial290_13723  File: /wrk/2019.2/continuous/2019_11_06_2708876/packages/customer/vivado/data/ip/xpm/xpm_memory/hdl/xpm_memory.sv
Info: [XPM_MEMORY 20-1] MEMORY_PRIMITIVE (0) instructs Vivado Synthesis to choose the memory primitive type. Depending on their values, other XPM_MEMORY parameters may preclude the choice of certain memory primitive types. Review XPM_MEMORY documentation and parameter values to understand any limitations, or set MEMORY_PRIMITIVE to a different value. tb.tpu_transmit.tpu_upstream.buffer[4].axis_fifo_tI.inst.gen_fifo.xpm_fifo_axis_inst.xpm_fifo_base_inst.gen_sdpram.xpm_memory_base_inst.config_drc
Time: 1 ps  Iteration: 0  Process: /tb/tpu_transmit/tpu_upstream/buffer[4].axis_fifo_tI/inst/gen_fifo.xpm_fifo_axis_inst/xpm_fifo_base_inst/gen_sdpram.xpm_memory_base_inst/Initial290_13614  File: /wrk/2019.2/continuous/2019_11_06_2708876/packages/customer/vivado/data/ip/xpm/xpm_memory/hdl/xpm_memory.sv
Info: [XPM_MEMORY 20-1] MEMORY_PRIMITIVE (0) instructs Vivado Synthesis to choose the memory primitive type. Depending on their values, other XPM_MEMORY parameters may preclude the choice of certain memory primitive types. Review XPM_MEMORY documentation and parameter values to understand any limitations, or set MEMORY_PRIMITIVE to a different value. tb.tpu_transmit.tpu_upstream.buffer[4].axis_fifo_tQ.inst.gen_fifo.xpm_fifo_axis_inst.xpm_fifo_base_inst.gen_sdpram.xpm_memory_base_inst.config_drc
Time: 1 ps  Iteration: 0  Process: /tb/tpu_transmit/tpu_upstream/buffer[4].axis_fifo_tQ/inst/gen_fifo.xpm_fifo_axis_inst/xpm_fifo_base_inst/gen_sdpram.xpm_memory_base_inst/Initial290_13614  File: /wrk/2019.2/continuous/2019_11_06_2708876/packages/customer/vivado/data/ip/xpm/xpm_memory/hdl/xpm_memory.sv
Info: [XPM_MEMORY 20-1] MEMORY_PRIMITIVE (0) instructs Vivado Synthesis to choose the memory primitive type. Depending on their values, other XPM_MEMORY parameters may preclude the choice of certain memory primitive types. Review XPM_MEMORY documentation and parameter values to understand any limitations, or set MEMORY_PRIMITIVE to a different value. tb.tpu_transmit.tpu_upstream.buffer[4].axis_fifo_t8I.inst.gen_fifo.xpm_fifo_axis_inst.xpm_fifo_base_inst.gen_sdpram.xpm_memory_base_inst.config_drc
Time: 1 ps  Iteration: 0  Process: /tb/tpu_transmit/tpu_upstream/buffer[4].axis_fifo_t8I/inst/gen_fifo.xpm_fifo_axis_inst/xpm_fifo_base_inst/gen_sdpram.xpm_memory_base_inst/Initial290_13723  File: /wrk/2019.2/continuous/2019_11_06_2708876/packages/customer/vivado/data/ip/xpm/xpm_memory/hdl/xpm_memory.sv
Info: [XPM_MEMORY 20-1] MEMORY_PRIMITIVE (0) instructs Vivado Synthesis to choose the memory primitive type. Depending on their values, other XPM_MEMORY parameters may preclude the choice of certain memory primitive types. Review XPM_MEMORY documentation and parameter values to understand any limitations, or set MEMORY_PRIMITIVE to a different value. tb.tpu_transmit.tpu_upstream.buffer[4].axis_fifo_t8Q.inst.gen_fifo.xpm_fifo_axis_inst.xpm_fifo_base_inst.gen_sdpram.xpm_memory_base_inst.config_drc
Time: 1 ps  Iteration: 0  Process: /tb/tpu_transmit/tpu_upstream/buffer[4].axis_fifo_t8Q/inst/gen_fifo.xpm_fifo_axis_inst/xpm_fifo_base_inst/gen_sdpram.xpm_memory_base_inst/Initial290_13723  File: /wrk/2019.2/continuous/2019_11_06_2708876/packages/customer/vivado/data/ip/xpm/xpm_memory/hdl/xpm_memory.sv
Info: [XPM_MEMORY 20-1] MEMORY_PRIMITIVE (0) instructs Vivado Synthesis to choose the memory primitive type. Depending on their values, other XPM_MEMORY parameters may preclude the choice of certain memory primitive types. Review XPM_MEMORY documentation and parameter values to understand any limitations, or set MEMORY_PRIMITIVE to a different value. tb.tpu_transmit.tpu_upstream.buffer[5].axis_fifo_tI.inst.gen_fifo.xpm_fifo_axis_inst.xpm_fifo_base_inst.gen_sdpram.xpm_memory_base_inst.config_drc
Time: 1 ps  Iteration: 0  Process: /tb/tpu_transmit/tpu_upstream/buffer[5].axis_fifo_tI/inst/gen_fifo.xpm_fifo_axis_inst/xpm_fifo_base_inst/gen_sdpram.xpm_memory_base_inst/Initial290_13614  File: /wrk/2019.2/continuous/2019_11_06_2708876/packages/customer/vivado/data/ip/xpm/xpm_memory/hdl/xpm_memory.sv
Info: [XPM_MEMORY 20-1] MEMORY_PRIMITIVE (0) instructs Vivado Synthesis to choose the memory primitive type. Depending on their values, other XPM_MEMORY parameters may preclude the choice of certain memory primitive types. Review XPM_MEMORY documentation and parameter values to understand any limitations, or set MEMORY_PRIMITIVE to a different value. tb.tpu_transmit.tpu_upstream.buffer[5].axis_fifo_tQ.inst.gen_fifo.xpm_fifo_axis_inst.xpm_fifo_base_inst.gen_sdpram.xpm_memory_base_inst.config_drc
Time: 1 ps  Iteration: 0  Process: /tb/tpu_transmit/tpu_upstream/buffer[5].axis_fifo_tQ/inst/gen_fifo.xpm_fifo_axis_inst/xpm_fifo_base_inst/gen_sdpram.xpm_memory_base_inst/Initial290_13614  File: /wrk/2019.2/continuous/2019_11_06_2708876/packages/customer/vivado/data/ip/xpm/xpm_memory/hdl/xpm_memory.sv
Info: [XPM_MEMORY 20-1] MEMORY_PRIMITIVE (0) instructs Vivado Synthesis to choose the memory primitive type. Depending on their values, other XPM_MEMORY parameters may preclude the choice of certain memory primitive types. Review XPM_MEMORY documentation and parameter values to understand any limitations, or set MEMORY_PRIMITIVE to a different value. tb.tpu_transmit.tpu_upstream.buffer[5].axis_fifo_t8I.inst.gen_fifo.xpm_fifo_axis_inst.xpm_fifo_base_inst.gen_sdpram.xpm_memory_base_inst.config_drc
Time: 1 ps  Iteration: 0  Process: /tb/tpu_transmit/tpu_upstream/buffer[5].axis_fifo_t8I/inst/gen_fifo.xpm_fifo_axis_inst/xpm_fifo_base_inst/gen_sdpram.xpm_memory_base_inst/Initial290_13723  File: /wrk/2019.2/continuous/2019_11_06_2708876/packages/customer/vivado/data/ip/xpm/xpm_memory/hdl/xpm_memory.sv
Info: [XPM_MEMORY 20-1] MEMORY_PRIMITIVE (0) instructs Vivado Synthesis to choose the memory primitive type. Depending on their values, other XPM_MEMORY parameters may preclude the choice of certain memory primitive types. Review XPM_MEMORY documentation and parameter values to understand any limitations, or set MEMORY_PRIMITIVE to a different value. tb.tpu_transmit.tpu_upstream.buffer[5].axis_fifo_t8Q.inst.gen_fifo.xpm_fifo_axis_inst.xpm_fifo_base_inst.gen_sdpram.xpm_memory_base_inst.config_drc
Time: 1 ps  Iteration: 0  Process: /tb/tpu_transmit/tpu_upstream/buffer[5].axis_fifo_t8Q/inst/gen_fifo.xpm_fifo_axis_inst/xpm_fifo_base_inst/gen_sdpram.xpm_memory_base_inst/Initial290_13723  File: /wrk/2019.2/continuous/2019_11_06_2708876/packages/customer/vivado/data/ip/xpm/xpm_memory/hdl/xpm_memory.sv
Info: [XPM_MEMORY 20-1] MEMORY_PRIMITIVE (0) instructs Vivado Synthesis to choose the memory primitive type. Depending on their values, other XPM_MEMORY parameters may preclude the choice of certain memory primitive types. Review XPM_MEMORY documentation and parameter values to understand any limitations, or set MEMORY_PRIMITIVE to a different value. tb.tpu_transmit.tpu_upstream.buffer[6].axis_fifo_tI.inst.gen_fifo.xpm_fifo_axis_inst.xpm_fifo_base_inst.gen_sdpram.xpm_memory_base_inst.config_drc
Time: 1 ps  Iteration: 0  Process: /tb/tpu_transmit/tpu_upstream/buffer[6].axis_fifo_tI/inst/gen_fifo.xpm_fifo_axis_inst/xpm_fifo_base_inst/gen_sdpram.xpm_memory_base_inst/Initial290_13614  File: /wrk/2019.2/continuous/2019_11_06_2708876/packages/customer/vivado/data/ip/xpm/xpm_memory/hdl/xpm_memory.sv
Info: [XPM_MEMORY 20-1] MEMORY_PRIMITIVE (0) instructs Vivado Synthesis to choose the memory primitive type. Depending on their values, other XPM_MEMORY parameters may preclude the choice of certain memory primitive types. Review XPM_MEMORY documentation and parameter values to understand any limitations, or set MEMORY_PRIMITIVE to a different value. tb.tpu_transmit.tpu_upstream.buffer[6].axis_fifo_tQ.inst.gen_fifo.xpm_fifo_axis_inst.xpm_fifo_base_inst.gen_sdpram.xpm_memory_base_inst.config_drc
Time: 1 ps  Iteration: 0  Process: /tb/tpu_transmit/tpu_upstream/buffer[6].axis_fifo_tQ/inst/gen_fifo.xpm_fifo_axis_inst/xpm_fifo_base_inst/gen_sdpram.xpm_memory_base_inst/Initial290_13614  File: /wrk/2019.2/continuous/2019_11_06_2708876/packages/customer/vivado/data/ip/xpm/xpm_memory/hdl/xpm_memory.sv
Info: [XPM_MEMORY 20-1] MEMORY_PRIMITIVE (0) instructs Vivado Synthesis to choose the memory primitive type. Depending on their values, other XPM_MEMORY parameters may preclude the choice of certain memory primitive types. Review XPM_MEMORY documentation and parameter values to understand any limitations, or set MEMORY_PRIMITIVE to a different value. tb.tpu_transmit.tpu_upstream.buffer[6].axis_fifo_t8I.inst.gen_fifo.xpm_fifo_axis_inst.xpm_fifo_base_inst.gen_sdpram.xpm_memory_base_inst.config_drc
Time: 1 ps  Iteration: 0  Process: /tb/tpu_transmit/tpu_upstream/buffer[6].axis_fifo_t8I/inst/gen_fifo.xpm_fifo_axis_inst/xpm_fifo_base_inst/gen_sdpram.xpm_memory_base_inst/Initial290_13723  File: /wrk/2019.2/continuous/2019_11_06_2708876/packages/customer/vivado/data/ip/xpm/xpm_memory/hdl/xpm_memory.sv
Info: [XPM_MEMORY 20-1] MEMORY_PRIMITIVE (0) instructs Vivado Synthesis to choose the memory primitive type. Depending on their values, other XPM_MEMORY parameters may preclude the choice of certain memory primitive types. Review XPM_MEMORY documentation and parameter values to understand any limitations, or set MEMORY_PRIMITIVE to a different value. tb.tpu_transmit.tpu_upstream.buffer[6].axis_fifo_t8Q.inst.gen_fifo.xpm_fifo_axis_inst.xpm_fifo_base_inst.gen_sdpram.xpm_memory_base_inst.config_drc
Time: 1 ps  Iteration: 0  Process: /tb/tpu_transmit/tpu_upstream/buffer[6].axis_fifo_t8Q/inst/gen_fifo.xpm_fifo_axis_inst/xpm_fifo_base_inst/gen_sdpram.xpm_memory_base_inst/Initial290_13723  File: /wrk/2019.2/continuous/2019_11_06_2708876/packages/customer/vivado/data/ip/xpm/xpm_memory/hdl/xpm_memory.sv
Info: [XPM_MEMORY 20-1] MEMORY_PRIMITIVE (0) instructs Vivado Synthesis to choose the memory primitive type. Depending on their values, other XPM_MEMORY parameters may preclude the choice of certain memory primitive types. Review XPM_MEMORY documentation and parameter values to understand any limitations, or set MEMORY_PRIMITIVE to a different value. tb.tpu_transmit.tpu_upstream.buffer[7].axis_fifo_tI.inst.gen_fifo.xpm_fifo_axis_inst.xpm_fifo_base_inst.gen_sdpram.xpm_memory_base_inst.config_drc
Time: 1 ps  Iteration: 0  Process: /tb/tpu_transmit/tpu_upstream/buffer[7].axis_fifo_tI/inst/gen_fifo.xpm_fifo_axis_inst/xpm_fifo_base_inst/gen_sdpram.xpm_memory_base_inst/Initial290_13614  File: /wrk/2019.2/continuous/2019_11_06_2708876/packages/customer/vivado/data/ip/xpm/xpm_memory/hdl/xpm_memory.sv
Info: [XPM_MEMORY 20-1] MEMORY_PRIMITIVE (0) instructs Vivado Synthesis to choose the memory primitive type. Depending on their values, other XPM_MEMORY parameters may preclude the choice of certain memory primitive types. Review XPM_MEMORY documentation and parameter values to understand any limitations, or set MEMORY_PRIMITIVE to a different value. tb.tpu_transmit.tpu_upstream.buffer[7].axis_fifo_tQ.inst.gen_fifo.xpm_fifo_axis_inst.xpm_fifo_base_inst.gen_sdpram.xpm_memory_base_inst.config_drc
Time: 1 ps  Iteration: 0  Process: /tb/tpu_transmit/tpu_upstream/buffer[7].axis_fifo_tQ/inst/gen_fifo.xpm_fifo_axis_inst/xpm_fifo_base_inst/gen_sdpram.xpm_memory_base_inst/Initial290_13614  File: /wrk/2019.2/continuous/2019_11_06_2708876/packages/customer/vivado/data/ip/xpm/xpm_memory/hdl/xpm_memory.sv
Info: [XPM_MEMORY 20-1] MEMORY_PRIMITIVE (0) instructs Vivado Synthesis to choose the memory primitive type. Depending on their values, other XPM_MEMORY parameters may preclude the choice of certain memory primitive types. Review XPM_MEMORY documentation and parameter values to understand any limitations, or set MEMORY_PRIMITIVE to a different value. tb.tpu_transmit.tpu_upstream.buffer[7].axis_fifo_t8I.inst.gen_fifo.xpm_fifo_axis_inst.xpm_fifo_base_inst.gen_sdpram.xpm_memory_base_inst.config_drc
Time: 1 ps  Iteration: 0  Process: /tb/tpu_transmit/tpu_upstream/buffer[7].axis_fifo_t8I/inst/gen_fifo.xpm_fifo_axis_inst/xpm_fifo_base_inst/gen_sdpram.xpm_memory_base_inst/Initial290_13723  File: /wrk/2019.2/continuous/2019_11_06_2708876/packages/customer/vivado/data/ip/xpm/xpm_memory/hdl/xpm_memory.sv
Info: [XPM_MEMORY 20-1] MEMORY_PRIMITIVE (0) instructs Vivado Synthesis to choose the memory primitive type. Depending on their values, other XPM_MEMORY parameters may preclude the choice of certain memory primitive types. Review XPM_MEMORY documentation and parameter values to understand any limitations, or set MEMORY_PRIMITIVE to a different value. tb.tpu_transmit.tpu_upstream.buffer[7].axis_fifo_t8Q.inst.gen_fifo.xpm_fifo_axis_inst.xpm_fifo_base_inst.gen_sdpram.xpm_memory_base_inst.config_drc
Time: 1 ps  Iteration: 0  Process: /tb/tpu_transmit/tpu_upstream/buffer[7].axis_fifo_t8Q/inst/gen_fifo.xpm_fifo_axis_inst/xpm_fifo_base_inst/gen_sdpram.xpm_memory_base_inst/Initial290_13723  File: /wrk/2019.2/continuous/2019_11_06_2708876/packages/customer/vivado/data/ip/xpm/xpm_memory/hdl/xpm_memory.sv
relaunch_sim: Time (s): cpu = 00:00:12 ; elapsed = 00:00:12 . Memory (MB): peak = 7018.711 ; gain = 5.004 ; free physical = 52346 ; free virtual = 61970
run all
[             3196800] : System Reset De-asserted...
[             3516800] : Speed Up Asserted...
