#-----------------------------------------------------------
# Vivado v2019.2 (64-bit)
# SW Build 2708876 on Wed Nov  6 21:39:14 MST 2019
# IP Build 2700528 on Thu Nov  7 00:09:20 MST 2019
# Start of session at: Thu Nov 12 01:54:19 2020
# Process ID: 78281
# Current directory: /home/caohy/work/tpu_total/tpu_double/tpu_transmit
# Command line: vivado
# Log file: /home/caohy/work/tpu_total/tpu_double/tpu_transmit/vivado.log
# Journal file: /home/caohy/work/tpu_total/tpu_double/tpu_transmit/vivado.jou
#-----------------------------------------------------------
start_gui
open_project /home/caohy/work/tpu_total/tpu_double/tpu_transmit/tpu_transmit.xpr
Scanning sources...
Finished scanning sources
INFO: [IP_Flow 19-234] Refreshing IP repositories
INFO: [IP_Flow 19-1704] No user IP repositories specified
INFO: [IP_Flow 19-2313] Loaded Vivado IP repository '/tools/Xilinx/Vivado/2019.2/data/ip'.
open_project: Time (s): cpu = 00:00:14 ; elapsed = 00:00:10 . Memory (MB): peak = 6765.859 ; gain = 183.930 ; free physical = 52333 ; free virtual = 62016
update_compile_order -fileset sources_1
launch_simulation
Command: launch_simulation 
INFO: [Vivado 12-5698] Checking validity of IPs in the design for the 'XSim' simulator...
INFO: [Vivado 12-5682] Launching behavioral simulation in '/home/caohy/work/tpu_total/tpu_double/tpu_transmit/tpu_transmit.sim/sim_1/behav/xsim'
INFO: [Vivado 12-4795] Using compiled simulation libraries for IPs
INFO: [SIM-utils-51] Simulation object is 'sim_1'
INFO: [USF-XSim-7] Finding pre-compiled libraries...
INFO: [USF-XSim-11] File '/tools/Xilinx/Vivado/2019.2/data/xsim/xsim.ini' copied to run dir:'/home/caohy/work/tpu_total/tpu_double/tpu_transmit/tpu_transmit.sim/sim_1/behav/xsim'
INFO: [SIM-utils-54] Inspecting design source files for 'tb' in fileset 'sim_1'...
INFO: [USF-XSim-97] Finding global include files...
INFO: [USF-XSim-98] Fetching design files from 'sim_1'...
INFO: [USF-XSim-2] XSim::Compile design
INFO: [USF-XSim-61] Executing 'COMPILE and ANALYZE' step in '/home/caohy/work/tpu_total/tpu_double/tpu_transmit/tpu_transmit.sim/sim_1/behav/xsim'
xvlog --incr --relax -prj tb_vlog.prj
INFO: [VRFC 10-2263] Analyzing SystemVerilog file "/home/caohy/work/tpu_total/tpu_double/tpu_transmit/tpu_transmit.srcs/sources_1/new/axi_stream_gen.sv" into library xil_defaultlib
INFO: [VRFC 10-311] analyzing module axi_stream_gen
INFO: [VRFC 10-2263] Analyzing SystemVerilog file "/home/caohy/work/tpu_total/tpu_double/tpu_transmit/tpu_transmit.srcs/sources_1/new/axi_stream_gen_mon_0.sv" into library xil_defaultlib
INFO: [VRFC 10-311] analyzing module axi_stream_gen_mon_0
INFO: [VRFC 10-2458] undeclared symbol tx_axis_tready_g, assumed default net type wire [/home/caohy/work/tpu_total/tpu_double/tpu_transmit/tpu_transmit.srcs/sources_1/new/axi_stream_gen_mon_0.sv:166]
INFO: [VRFC 10-2263] Analyzing SystemVerilog file "/home/caohy/work/tpu_total/tpu_double/tpu_transmit/tpu_transmit.srcs/sources_1/new/axi_stream_interface.sv" into library xil_defaultlib
INFO: [VRFC 10-311] analyzing module axi_stream_interface
INFO: [VRFC 10-2263] Analyzing SystemVerilog file "/home/caohy/work/tpu_total/tpu_double/tpu_transmit/tpu_transmit.srcs/sources_1/new/crc_generator.sv" into library xil_defaultlib
INFO: [VRFC 10-311] analyzing module crc_generator
INFO: [VRFC 10-2263] Analyzing SystemVerilog file "/home/caohy/work/tpu_total/tpu_double/tpu_transmit/tpu_transmit.srcs/sources_1/new/datastream_transfer.sv" into library xil_defaultlib
INFO: [VRFC 10-311] analyzing module datastream_transfer
INFO: [VRFC 10-2263] Analyzing SystemVerilog file "/home/caohy/work/tpu_total/tpu_double/tpu_transmit/tpu_transmit.srcs/sources_1/new/debounce_reset.sv" into library xil_defaultlib
INFO: [VRFC 10-311] analyzing module debouncer
INFO: [VRFC 10-2263] Analyzing SystemVerilog file "/home/caohy/work/tpu_total/tpu_double/tpu_transmit/tpu_transmit.srcs/sources_1/new/interleaver.sv" into library xil_defaultlib
INFO: [VRFC 10-311] analyzing module interleaver
INFO: [VRFC 10-2263] Analyzing SystemVerilog file "/home/caohy/work/tpu_total/tpu_double/tpu_transmit/tpu_transmit.srcs/sources_1/new/kcu105_10gbaser.sv" into library xil_defaultlib
INFO: [VRFC 10-311] analyzing module kcu105_10gbaser
INFO: [VRFC 10-2263] Analyzing SystemVerilog file "/home/caohy/work/tpu_total/tpu_double/tpu_transmit/tpu_transmit.srcs/sources_1/new/layer1.sv" into library xil_defaultlib
INFO: [VRFC 10-311] analyzing module layer1
INFO: [VRFC 10-2263] Analyzing SystemVerilog file "/home/caohy/work/tpu_total/tpu_double/tpu_transmit/tpu_transmit.srcs/sources_1/new/layer1_transmit.sv" into library xil_defaultlib
INFO: [VRFC 10-311] analyzing module layer1_transmit
INFO: [VRFC 10-2263] Analyzing SystemVerilog file "/home/caohy/work/tpu_total/tpu_double/tpu_transmit/tpu_transmit.srcs/sources_1/new/mac_block.sv" into library xil_defaultlib
INFO: [VRFC 10-311] analyzing module mac_block
INFO: [VRFC 10-2263] Analyzing SystemVerilog file "/home/caohy/work/tpu_total/tpu_double/tpu_transmit/tpu_transmit.srcs/sources_1/new/qam.sv" into library xil_defaultlib
INFO: [VRFC 10-311] analyzing module qam
INFO: [VRFC 10-2263] Analyzing SystemVerilog file "/home/caohy/work/tpu_total/tpu_double/tpu_transmit/tpu_transmit.srcs/sources_1/new/radio.sv" into library xil_defaultlib
INFO: [VRFC 10-311] analyzing module radio
INFO: [VRFC 10-2263] Analyzing SystemVerilog file "/home/caohy/work/tpu_total/tpu_double/tpu_transmit/tpu_transmit.srcs/sources_1/new/scrambler.sv" into library xil_defaultlib
INFO: [VRFC 10-311] analyzing module scrambler
INFO: [VRFC 10-2263] Analyzing SystemVerilog file "/home/caohy/work/tpu_total/tpu_double/tpu_transmit/tpu_transmit.srcs/sources_1/new/tpu_transmit.sv" into library xil_defaultlib
INFO: [VRFC 10-311] analyzing module tpu_transmit
INFO: [VRFC 10-2263] Analyzing SystemVerilog file "/home/caohy/work/tpu_total/tpu_double/tpu_transmit/tpu_transmit.srcs/sources_1/new/tpu_upstream.sv" into library xil_defaultlib
INFO: [VRFC 10-311] analyzing module tpu_upstream
INFO: [VRFC 10-2263] Analyzing SystemVerilog file "/home/caohy/work/tpu_total/tpu_double/tpu_transmit/tpu_transmit.srcs/sim_1/new/th.sv" into library xil_defaultlib
INFO: [VRFC 10-311] analyzing module tb
xvhdl --incr --relax -prj tb_vhdl.prj
INFO: [USF-XSim-69] 'compile' step finished in '2' seconds
INFO: [USF-XSim-3] XSim::Elaborate design
INFO: [USF-XSim-61] Executing 'ELABORATE' step in '/home/caohy/work/tpu_total/tpu_double/tpu_transmit/tpu_transmit.sim/sim_1/behav/xsim'
xelab -wto 1df77b122ba5468d9ff674a0cb595e5a --incr --debug typical --relax --mt 8 -L axis_infrastructure_v1_1_0 -L axis_data_fifo_v2_0_2 -L xil_defaultlib -L xbip_utils_v3_0_10 -L xbip_pipe_v3_0_6 -L axi_utils_v2_0_6 -L c_reg_fd_v12_0_6 -L c_mux_bit_v12_0_6 -L c_mux_bus_v12_0_6 -L xbip_dsp48_wrapper_v3_0_4 -L xbip_dsp48_addsub_v3_0_6 -L xbip_addsub_v3_0_6 -L c_addsub_v12_0_14 -L c_gate_bit_v12_0_6 -L c_compare_v12_0_6 -L xbip_counter_v3_0_6 -L c_counter_binary_v12_0_14 -L c_shift_ram_v12_0_14 -L rs_toolbox_v9_0_8 -L rs_encoder_v9_0_16 -L xlconstant_v1_1_6 -L ten_gig_eth_mac_v15_1_7 -L gtwizard_ultrascale_v1_7_7 -L ten_gig_eth_pcs_pma_v6_0_16 -L unisims_ver -L unimacro_ver -L secureip -L xpm --snapshot tb_behav xil_defaultlib.tb xil_defaultlib.glbl -log elaborate.log
Vivado Simulator 2019.2
Copyright 1986-1999, 2001-2019 Xilinx, Inc. All Rights Reserved.
Running: /tools/Xilinx/Vivado/2019.2/bin/unwrapped/lnx64.o/xelab -wto 1df77b122ba5468d9ff674a0cb595e5a --incr --debug typical --relax --mt 8 -L axis_infrastructure_v1_1_0 -L axis_data_fifo_v2_0_2 -L xil_defaultlib -L xbip_utils_v3_0_10 -L xbip_pipe_v3_0_6 -L axi_utils_v2_0_6 -L c_reg_fd_v12_0_6 -L c_mux_bit_v12_0_6 -L c_mux_bus_v12_0_6 -L xbip_dsp48_wrapper_v3_0_4 -L xbip_dsp48_addsub_v3_0_6 -L xbip_addsub_v3_0_6 -L c_addsub_v12_0_14 -L c_gate_bit_v12_0_6 -L c_compare_v12_0_6 -L xbip_counter_v3_0_6 -L c_counter_binary_v12_0_14 -L c_shift_ram_v12_0_14 -L rs_toolbox_v9_0_8 -L rs_encoder_v9_0_16 -L xlconstant_v1_1_6 -L ten_gig_eth_mac_v15_1_7 -L gtwizard_ultrascale_v1_7_7 -L ten_gig_eth_pcs_pma_v6_0_16 -L unisims_ver -L unimacro_ver -L secureip -L xpm --snapshot tb_behav xil_defaultlib.tb xil_defaultlib.glbl -log elaborate.log 
Using 8 slave threads.
Starting static elaboration
Pass Through NonSizing Optimizer
ERROR: [VRFC 10-2063] Module <radio_transmit> not found while processing module instance <radio_transmit> [/home/caohy/work/tpu_total/tpu_double/tpu_transmit/tpu_transmit.srcs/sources_1/new/radio.sv:67]
ERROR: [VRFC 10-2063] Module <radio_receive> not found while processing module instance <radio_receive> [/home/caohy/work/tpu_total/tpu_double/tpu_transmit/tpu_transmit.srcs/sources_1/new/radio.sv:92]
ERROR: [XSIM 43-3322] Static elaboration of top level Verilog design unit(s) in library work failed.
INFO: [USF-XSim-69] 'elaborate' step finished in '3' seconds
INFO: [USF-XSim-99] Step results log file:'/home/caohy/work/tpu_total/tpu_double/tpu_transmit/tpu_transmit.sim/sim_1/behav/xsim/elaborate.log'
ERROR: [USF-XSim-62] 'elaborate' step failed with error(s). Please check the Tcl console output or '/home/caohy/work/tpu_total/tpu_double/tpu_transmit/tpu_transmit.sim/sim_1/behav/xsim/elaborate.log' file for more information.
ERROR: [Vivado 12-4473] Detected error while running simulation. Please correct the issue and retry this operation.
launch_simulation: Time (s): cpu = 00:00:09 ; elapsed = 00:00:08 . Memory (MB): peak = 6991.758 ; gain = 0.000 ; free physical = 52361 ; free virtual = 62045
ERROR: [Common 17-39] 'launch_simulation' failed due to earlier errors.
launch_simulation
Command: launch_simulation 
INFO: [Vivado 12-5698] Checking validity of IPs in the design for the 'XSim' simulator...
INFO: [Vivado 12-5682] Launching behavioral simulation in '/home/caohy/work/tpu_total/tpu_double/tpu_transmit/tpu_transmit.sim/sim_1/behav/xsim'
INFO: [Vivado 12-4795] Using compiled simulation libraries for IPs
INFO: [SIM-utils-51] Simulation object is 'sim_1'
INFO: [USF-XSim-7] Finding pre-compiled libraries...
INFO: [USF-XSim-11] File '/tools/Xilinx/Vivado/2019.2/data/xsim/xsim.ini' copied to run dir:'/home/caohy/work/tpu_total/tpu_double/tpu_transmit/tpu_transmit.sim/sim_1/behav/xsim'
INFO: [SIM-utils-54] Inspecting design source files for 'tb' in fileset 'sim_1'...
INFO: [USF-XSim-97] Finding global include files...
INFO: [USF-XSim-98] Fetching design files from 'sim_1'...
INFO: [USF-XSim-2] XSim::Compile design
INFO: [USF-XSim-61] Executing 'COMPILE and ANALYZE' step in '/home/caohy/work/tpu_total/tpu_double/tpu_transmit/tpu_transmit.sim/sim_1/behav/xsim'
xvlog --incr --relax -prj tb_vlog.prj
xvhdl --incr --relax -prj tb_vhdl.prj
INFO: [USF-XSim-69] 'compile' step finished in '2' seconds
INFO: [USF-XSim-3] XSim::Elaborate design
INFO: [USF-XSim-61] Executing 'ELABORATE' step in '/home/caohy/work/tpu_total/tpu_double/tpu_transmit/tpu_transmit.sim/sim_1/behav/xsim'
xelab -wto 1df77b122ba5468d9ff674a0cb595e5a --incr --debug typical --relax --mt 8 -L axis_infrastructure_v1_1_0 -L axis_data_fifo_v2_0_2 -L xil_defaultlib -L xbip_utils_v3_0_10 -L xbip_pipe_v3_0_6 -L axi_utils_v2_0_6 -L c_reg_fd_v12_0_6 -L c_mux_bit_v12_0_6 -L c_mux_bus_v12_0_6 -L xbip_dsp48_wrapper_v3_0_4 -L xbip_dsp48_addsub_v3_0_6 -L xbip_addsub_v3_0_6 -L c_addsub_v12_0_14 -L c_gate_bit_v12_0_6 -L c_compare_v12_0_6 -L xbip_counter_v3_0_6 -L c_counter_binary_v12_0_14 -L c_shift_ram_v12_0_14 -L rs_toolbox_v9_0_8 -L rs_encoder_v9_0_16 -L xlconstant_v1_1_6 -L ten_gig_eth_mac_v15_1_7 -L gtwizard_ultrascale_v1_7_7 -L ten_gig_eth_pcs_pma_v6_0_16 -L unisims_ver -L unimacro_ver -L secureip -L xpm --snapshot tb_behav xil_defaultlib.tb xil_defaultlib.glbl -log elaborate.log
Vivado Simulator 2019.2
Copyright 1986-1999, 2001-2019 Xilinx, Inc. All Rights Reserved.
Running: /tools/Xilinx/Vivado/2019.2/bin/unwrapped/lnx64.o/xelab -wto 1df77b122ba5468d9ff674a0cb595e5a --incr --debug typical --relax --mt 8 -L axis_infrastructure_v1_1_0 -L axis_data_fifo_v2_0_2 -L xil_defaultlib -L xbip_utils_v3_0_10 -L xbip_pipe_v3_0_6 -L axi_utils_v2_0_6 -L c_reg_fd_v12_0_6 -L c_mux_bit_v12_0_6 -L c_mux_bus_v12_0_6 -L xbip_dsp48_wrapper_v3_0_4 -L xbip_dsp48_addsub_v3_0_6 -L xbip_addsub_v3_0_6 -L c_addsub_v12_0_14 -L c_gate_bit_v12_0_6 -L c_compare_v12_0_6 -L xbip_counter_v3_0_6 -L c_counter_binary_v12_0_14 -L c_shift_ram_v12_0_14 -L rs_toolbox_v9_0_8 -L rs_encoder_v9_0_16 -L xlconstant_v1_1_6 -L ten_gig_eth_mac_v15_1_7 -L gtwizard_ultrascale_v1_7_7 -L ten_gig_eth_pcs_pma_v6_0_16 -L unisims_ver -L unimacro_ver -L secureip -L xpm --snapshot tb_behav xil_defaultlib.tb xil_defaultlib.glbl -log elaborate.log 
Using 8 slave threads.
Starting static elaboration
Pass Through NonSizing Optimizer
ERROR: [VRFC 10-2063] Module <radio_transmit> not found while processing module instance <radio_transmit> [/home/caohy/work/tpu_total/tpu_double/tpu_transmit/tpu_transmit.srcs/sources_1/new/radio.sv:67]
ERROR: [VRFC 10-2063] Module <radio_receive> not found while processing module instance <radio_receive> [/home/caohy/work/tpu_total/tpu_double/tpu_transmit/tpu_transmit.srcs/sources_1/new/radio.sv:92]
ERROR: [XSIM 43-3322] Static elaboration of top level Verilog design unit(s) in library work failed.
INFO: [USF-XSim-69] 'elaborate' step finished in '2' seconds
INFO: [USF-XSim-99] Step results log file:'/home/caohy/work/tpu_total/tpu_double/tpu_transmit/tpu_transmit.sim/sim_1/behav/xsim/elaborate.log'
ERROR: [USF-XSim-62] 'elaborate' step failed with error(s). Please check the Tcl console output or '/home/caohy/work/tpu_total/tpu_double/tpu_transmit/tpu_transmit.sim/sim_1/behav/xsim/elaborate.log' file for more information.
ERROR: [Vivado 12-4473] Detected error while running simulation. Please correct the issue and retry this operation.
launch_simulation: Time (s): cpu = 00:00:07 ; elapsed = 00:00:07 . Memory (MB): peak = 6991.758 ; gain = 0.000 ; free physical = 52376 ; free virtual = 62060
ERROR: [Common 17-39] 'launch_simulation' failed due to earlier errors.
add_files -norecurse /home/caohy/work/tpu_total/tpu_double/tpu_transmit/tpu_transmit.srcs/sources_1/new/radio_transmit.sv
update_compile_order -fileset sources_1
add_files {/home/caohy/work/tpu_total/tpu_double/tpu_transmit/tpu_transmit.srcs/sources_1/new/dds_125m_q/dds_125m_q.xci /home/caohy/work/tpu_total/tpu_double/tpu_transmit/tpu_transmit.srcs/sources_1/new/dds_125m_i/dds_125m_i.xci /home/caohy/work/tpu_total/tpu_double/tpu_transmit/tpu_transmit.srcs/sources_1/new/mult_duc/mult_duc.xci}
export_ip_user_files -of_objects  [get_files  {/home/caohy/work/tpu_total/tpu_double/tpu_transmit/tpu_transmit.srcs/sources_1/new/dds_125m_q/dds_125m_q.xci /home/caohy/work/tpu_total/tpu_double/tpu_transmit/tpu_transmit.srcs/sources_1/new/dds_125m_i/dds_125m_i.xci /home/caohy/work/tpu_total/tpu_double/tpu_transmit/tpu_transmit.srcs/sources_1/new/mult_duc/mult_duc.xci}] -lib_map_path [list {modelsim=/home/caohy/work/tpu_total/tpu_double/tpu_transmit/tpu_transmit.cache/compile_simlib/modelsim} {questa=/home/caohy/work/tpu_total/tpu_double/tpu_transmit/tpu_transmit.cache/compile_simlib/questa} {ies=/home/caohy/work/tpu_total/tpu_double/tpu_transmit/tpu_transmit.cache/compile_simlib/ies} {xcelium=/home/caohy/work/tpu_total/tpu_double/tpu_transmit/tpu_transmit.cache/compile_simlib/xcelium} {vcs=/home/caohy/work/tpu_total/tpu_double/tpu_transmit/tpu_transmit.cache/compile_simlib/vcs} {riviera=/home/caohy/work/tpu_total/tpu_double/tpu_transmit/tpu_transmit.cache/compile_simlib/riviera}] -force -quiet
update_compile_order -fileset sources_1
