#-----------------------------------------------------------
# Vivado v2019.2 (64-bit)
# SW Build 2708876 on Wed Nov  6 21:39:14 MST 2019
# IP Build 2700528 on Thu Nov  7 00:09:20 MST 2019
# Start of session at: Sun Nov  8 17:42:47 2020
# Process ID: 84822
# Current directory: /home/caohy/work/tpu_total/tpu_double/tpu_transmit
# Command line: vivado
# Log file: /home/caohy/work/tpu_total/tpu_double/tpu_transmit/vivado.log
# Journal file: /home/caohy/work/tpu_total/tpu_double/tpu_transmit/vivado.jou
#-----------------------------------------------------------
start_gui
create_project tpu_transmit /home/caohy/work/tpu_total/tpu_double/tpu_transmit/tpu_transmit -part xcku040-ffva1156-2-e
INFO: [IP_Flow 19-234] Refreshing IP repositories
INFO: [IP_Flow 19-1704] No user IP repositories specified
INFO: [IP_Flow 19-2313] Loaded Vivado IP repository '/tools/Xilinx/Vivado/2019.2/data/ip'.
create_project: Time (s): cpu = 00:00:12 ; elapsed = 00:00:05 . Memory (MB): peak = 6768.855 ; gain = 45.816 ; free physical = 50029 ; free virtual = 58792
set_property board_part xilinx.com:kcu105:part0:1.6 [current_project]
WARNING: [IP_Flow 19-3899] Cannot get the environment domain name variable for the component vendor name. Setting the vendor name to 'user.org'.
file mkdir /home/caohy/work/tpu_total/tpu_double/tpu_transmit/tpu_transmit/tpu_transmit.srcs/sources_1/new
close [ open /home/caohy/work/tpu_total/tpu_double/tpu_transmit/tpu_transmit/tpu_transmit.srcs/sources_1/new/tpu_transmit.sv w ]
add_files /home/caohy/work/tpu_total/tpu_double/tpu_transmit/tpu_transmit/tpu_transmit.srcs/sources_1/new/tpu_transmit.sv
update_compile_order -fileset sources_1
exit
INFO: [Common 17-206] Exiting Vivado at Sun Nov  8 18:42:32 2020...
