INFO: [VRFC 10-2263] Analyzing SystemVerilog file "D:/tpu_double/tpu_transmit/tpu_transmit.srcs/sources_1/new/axi_stream_gen.sv" into library xil_defaultlib
INFO: [VRFC 10-311] analyzing module axi_stream_gen
INFO: [VRFC 10-2263] Analyzing SystemVerilog file "D:/tpu_double/tpu_transmit/tpu_transmit.srcs/sources_1/new/axi_stream_gen_mon_0.sv" into library xil_defaultlib
INFO: [VRFC 10-311] analyzing module axi_stream_gen_mon_0
INFO: [VRFC 10-2458] undeclared symbol tx_axis_tready_g, assumed default net type wire [D:/tpu_double/tpu_transmit/tpu_transmit.srcs/sources_1/new/axi_stream_gen_mon_0.sv:166]
INFO: [VRFC 10-2263] Analyzing SystemVerilog file "D:/tpu_double/tpu_transmit/tpu_transmit.srcs/sources_1/new/axi_stream_interface.sv" into library xil_defaultlib
INFO: [VRFC 10-311] analyzing module axi_stream_interface
INFO: [VRFC 10-2263] Analyzing SystemVerilog file "D:/tpu_double/tpu_transmit/tpu_transmit.srcs/sources_1/new/crc_generator.sv" into library xil_defaultlib
INFO: [VRFC 10-311] analyzing module crc_generator
INFO: [VRFC 10-2263] Analyzing SystemVerilog file "D:/tpu_double/tpu_transmit/tpu_transmit.srcs/sources_1/new/datastream_transfer.sv" into library xil_defaultlib
INFO: [VRFC 10-311] analyzing module datastream_transfer
INFO: [VRFC 10-2263] Analyzing SystemVerilog file "D:/tpu_double/tpu_transmit/tpu_transmit.srcs/sources_1/new/debounce_reset.sv" into library xil_defaultlib
INFO: [VRFC 10-311] analyzing module debouncer
INFO: [VRFC 10-2263] Analyzing SystemVerilog file "D:/tpu_double/tpu_transmit/tpu_transmit.srcs/sources_1/new/duc.sv" into library xil_defaultlib
INFO: [VRFC 10-311] analyzing module duc
INFO: [VRFC 10-2263] Analyzing SystemVerilog file "D:/tpu_double/tpu_transmit/tpu_transmit.srcs/sources_1/new/interleaver.sv" into library xil_defaultlib
INFO: [VRFC 10-311] analyzing module interleaver
INFO: [VRFC 10-2263] Analyzing SystemVerilog file "D:/tpu_double/tpu_transmit/tpu_transmit.srcs/sources_1/new/kcu105_10gbaser.sv" into library xil_defaultlib
INFO: [VRFC 10-311] analyzing module kcu105_10gbaser
INFO: [VRFC 10-2263] Analyzing SystemVerilog file "D:/tpu_double/tpu_transmit/tpu_transmit.srcs/sources_1/new/layer1.sv" into library xil_defaultlib
INFO: [VRFC 10-311] analyzing module layer1
INFO: [VRFC 10-2263] Analyzing SystemVerilog file "D:/tpu_double/tpu_transmit/tpu_transmit.srcs/sources_1/new/layer1_transmit.sv" into library xil_defaultlib
INFO: [VRFC 10-311] analyzing module layer1_transmit
INFO: [VRFC 10-2263] Analyzing SystemVerilog file "D:/tpu_double/tpu_transmit/tpu_transmit.srcs/sources_1/new/mac_block.sv" into library xil_defaultlib
INFO: [VRFC 10-311] analyzing module mac_block
INFO: [VRFC 10-2263] Analyzing SystemVerilog file "D:/tpu_double/tpu_transmit/tpu_transmit.srcs/sources_1/new/qam.sv" into library xil_defaultlib
INFO: [VRFC 10-311] analyzing module qam
INFO: [VRFC 10-2263] Analyzing SystemVerilog file "D:/tpu_double/tpu_transmit/tpu_transmit.srcs/sources_1/new/radio.sv" into library xil_defaultlib
INFO: [VRFC 10-311] analyzing module radio
INFO: [VRFC 10-2263] Analyzing SystemVerilog file "D:/tpu_double/tpu_transmit/tpu_transmit.srcs/sources_1/new/radio_transmit.sv" into library xil_defaultlib
INFO: [VRFC 10-311] analyzing module radio_transmit
INFO: [VRFC 10-2263] Analyzing SystemVerilog file "D:/tpu_double/tpu_transmit/tpu_transmit.srcs/sources_1/new/scrambler.sv" into library xil_defaultlib
INFO: [VRFC 10-311] analyzing module scrambler
INFO: [VRFC 10-2263] Analyzing SystemVerilog file "D:/tpu_double/tpu_transmit/tpu_transmit.srcs/sources_1/new/tpu_pushstream.sv" into library xil_defaultlib
INFO: [VRFC 10-311] analyzing module tpu_pushstream
INFO: [VRFC 10-2263] Analyzing SystemVerilog file "D:/tpu_double/tpu_transmit/tpu_transmit.srcs/sources_1/new/tpu_transmit.sv" into library xil_defaultlib
INFO: [VRFC 10-311] analyzing module tpu_transmit
INFO: [VRFC 10-2263] Analyzing SystemVerilog file "D:/tpu_double/tpu_transmit/tpu_transmit.srcs/sim_1/new/th.sv" into library xil_defaultlib
INFO: [VRFC 10-311] analyzing module tb
