Vivado Simulator 2019.2
Copyright 1986-1999, 2001-2019 Xilinx, Inc. All Rights Reserved.
Running: /tools/Xilinx/Vivado/2019.2/bin/unwrapped/lnx64.o/xelab -wto 1df77b122ba5468d9ff674a0cb595e5a --incr --debug typical --relax --mt 8 -L axis_infrastructure_v1_1_0 -L axis_data_fifo_v2_0_2 -L xil_defaultlib -L xbip_utils_v3_0_10 -L c_reg_fd_v12_0_6 -L xbip_dsp48_wrapper_v3_0_4 -L xbip_pipe_v3_0_6 -L xbip_dsp48_addsub_v3_0_6 -L xbip_addsub_v3_0_6 -L c_addsub_v12_0_14 -L xbip_bram18k_v3_0_6 -L mult_gen_v12_0_16 -L axi_utils_v2_0_6 -L xbip_dsp48_multadd_v3_0_6 -L dds_compiler_v6_0_19 -L c_mux_bit_v12_0_6 -L c_mux_bus_v12_0_6 -L c_gate_bit_v12_0_6 -L c_compare_v12_0_6 -L xbip_counter_v3_0_6 -L c_counter_binary_v12_0_14 -L c_shift_ram_v12_0_14 -L rs_toolbox_v9_0_8 -L rs_encoder_v9_0_16 -L xlconstant_v1_1_6 -L ten_gig_eth_mac_v15_1_7 -L gtwizard_ultrascale_v1_7_7 -L ten_gig_eth_pcs_pma_v6_0_16 -L unisims_ver -L unimacro_ver -L secureip -L xpm --snapshot tb_behav xil_defaultlib.tb xil_defaultlib.glbl -log elaborate.log 
Using 8 slave threads.
Starting static elaboration
Pass Through NonSizing Optimizer
WARNING: [VRFC 10-5021] port 'event_s_input_tlast_missing' is not connected on this instance [/home/caohy/work/tpu_total/tpu_double/tpu_transmit/tpu_transmit.srcs/sources_1/new/layer1_transmit.sv:131]
Completed static elaboration
Starting simulation data flow analysis
Completed simulation data flow analysis
Time Resolution for simulation is 1ps
Compiling package std.standard
Compiling package std.textio
Compiling package ieee.std_logic_1164
Compiling package ieee.numeric_std
Compiling package xbip_utils_v3_0_10.xbip_utils_v3_0_10_pkg
Compiling package xbip_pipe_v3_0_6.xbip_pipe_v3_0_6_viv_comp
Compiling package axi_utils_v2_0_6.axi_utils_v2_0_6_pkg
Compiling package ieee.math_real
Compiling package axi_utils_v2_0_6.global_util_pkg
Compiling package axi_utils_v2_0_6.axi_utils_comps
Compiling package rs_encoder_v9_0_16.rs_encoder_v9_0_16_consts
Compiling package rs_encoder_v9_0_16.rs_encoder_v9_0_16_viv_comp
Compiling package rs_toolbox_v9_0_8.ul_utils
Compiling package rs_toolbox_v9_0_8.util_xcc
Compiling package rs_toolbox_v9_0_8.mem_init_file_pack
Compiling package rs_toolbox_v9_0_8.mem_utils
Compiling package rs_toolbox_v9_0_8.gf_pkg
Compiling package rs_encoder_v9_0_16.rs_encoder_pkg
Compiling package rs_toolbox_v9_0_8.toolbox_comps
Compiling package rs_toolbox_v9_0_8.rs_blocks_pkg
Compiling package unisim.vcomponents
Compiling package ieee.vital_timing
Compiling package ieee.vital_primitives
Compiling package unisim.vpkg
Compiling package c_addsub_v12_0_14.c_addsub_v12_0_14_viv_comp
Compiling package xbip_addsub_v3_0_6.xbip_addsub_v3_0_6_viv_comp
Compiling package c_addsub_v12_0_14.c_addsub_v12_0_14_pkg
Compiling package c_addsub_v12_0_14.c_addsub_v12_0_14_pkg_legacy
Compiling package c_reg_fd_v12_0_6.c_reg_fd_v12_0_6_viv_comp
Compiling package c_compare_v12_0_6.c_compare_v12_0_6_viv_comp
Compiling package c_compare_v12_0_6.pkg_compare_v12_0
Compiling package c_gate_bit_v12_0_6.c_gate_bit_v12_0_6_viv_comp
Compiling package ieee.std_logic_arith
Compiling package ieee.std_logic_signed
Compiling package c_gate_bit_v12_0_6.pkg_gate_bit_v12_0
Compiling package xbip_utils_v3_0_10.xcc_utils_v3_0
Compiling package dds_compiler_v6_0_19.dds_compiler_v6_0_19_viv_comp
Compiling package dds_compiler_v6_0_19.pkg_dds_compiler_v6_0_19
Compiling package dds_compiler_v6_0_19.dds_compiler_v6_0_19_hdl_comps
Compiling package ieee.std_logic_unsigned
Compiling package dds_compiler_v6_0_19.pkg_betas
Compiling package dds_compiler_v6_0_19.pkg_alphas
Compiling package mult_gen_v12_0_16.mult_gen_v12_0_16_viv_comp
Compiling package mult_gen_v12_0_16.mult_gen_v12_0_16_pkg
Compiling module unisims_ver.IBUFDS
Compiling module unisims_ver.MMCME3_ADV(CLKFBOUT_MULT_F=8.0,C...
Compiling module unisims_ver.BUFG
Compiling module xil_defaultlib.tpu_transmit_clock_clk_wiz
Compiling module xil_defaultlib.tpu_transmit_clock
Compiling module xil_defaultlib.debouncer(SHIFT_REG_LEN=4)
Compiling module axis_infrastructure_v1_1_0.axis_infrastructure_v1_1_0_util_...
Compiling module axis_infrastructure_v1_1_0.axis_infrastructure_v1_1_0_util_...
Compiling module axis_infrastructure_v1_1_0.axis_infrastructure_v1_1_0_util_...
Compiling module xpm.xpm_cdc_sync_rst(DEST_SYNC_FF=3,...
Compiling module xpm.xpm_fifo_rst(COMMON_CLOCK=0,CDC_...
Compiling module xpm.xpm_fifo_reg_bit
Compiling module xpm.xpm_counter_updn(COUNTER_WIDTH=1...
Compiling module xpm.xpm_counter_updn(COUNTER_WIDTH=1...
Compiling module xpm.xpm_memory_base(MEMORY_TYPE=1,ME...
Compiling module xpm.xpm_cdc_gray(DEST_SYNC_FF=3,INIT...
Compiling module xpm.xpm_fifo_reg_vec(REG_WIDTH=11)
Compiling module xpm.xpm_cdc_gray(DEST_SYNC_FF=5,INIT...
Compiling module xpm.xpm_fifo_reg_vec(REG_WIDTH=12)
Compiling module xpm.xpm_cdc_gray(DEST_SYNC_FF=3,INIT...
Compiling module xpm.xpm_counter_updn(COUNTER_WIDTH=2...
Compiling module xpm.xpm_fifo_base(COMMON_CLOCK=0,WRI...
Compiling module xpm.xpm_cdc_gray(DEST_SYNC_FF=3,INIT...
Compiling module xpm.xpm_cdc_single(DEST_SYNC_FF=3,IN...
Compiling module xpm.xpm_fifo_axis(CLOCKING_MODE="ind...
Compiling module axis_data_fifo_v2_0_2.axis_data_fifo_v2_0_2_top(C_FAMI...
Compiling module xil_defaultlib.bb_interface_fifo
Compiling module xil_defaultlib.axi_stream_interface_default
Compiling module xil_defaultlib.axi_stream_gen(AXIS_TKEEP_WIDTH=...
Compiling module xil_defaultlib.axi_stream_gen_mon_0_default
Compiling module xil_defaultlib.mac_phy_ten_gig_eth_mac_ch0_0_bl...
Compiling module xil_defaultlib.mac_phy_ten_gig_eth_mac_ch0_0
Compiling module unisims_ver.GTHE3_COMMON(QPLL0_CFG0=16'b0110...
Compiling module xil_defaultlib.gtwizard_ultrascale_v1_7_7_gthe3...
Compiling module xil_defaultlib.mac_phy_ten_gig_eth_pcs_pma_ch0_...
Compiling module xil_defaultlib.mac_phy_ten_gig_eth_pcs_pma_ch0_...
Compiling module unisims_ver.IBUFDS_GTE3_default
Compiling module unisims_ver.BUFG_GT
Compiling module xil_defaultlib.mac_phy_ten_gig_eth_pcs_pma_ch0_...
Compiling module xil_defaultlib.mac_phy_ten_gig_eth_pcs_pma_ch0_...
Compiling module xil_defaultlib.mac_phy_ten_gig_eth_pcs_pma_ch0_...
Compiling module unisims_ver.x_lut1_mux2
Compiling module unisims_ver.LUT1
Compiling module unisims_ver.latchsre_ldce
Compiling module unisims_ver.LDCE
Compiling module xil_defaultlib.mac_phy_ten_gig_eth_pcs_pma_ch0_...
Compiling module xil_defaultlib.mac_phy_ten_gig_eth_pcs_pma_ch0_...
Compiling module xil_defaultlib.mac_phy_ten_gig_eth_pcs_pma_ch0_...
Compiling module unisims_ver.MUXCY
Compiling module unisims_ver.MUXCY_L
Compiling module xil_defaultlib.mac_phy_ten_gig_eth_pcs_pma_ch0_...
Compiling module unisims_ver.GTHE3_CHANNEL(ALIGN_COMMA_ENABLE...
Compiling module xil_defaultlib.gtwizard_ultrascale_v1_7_7_gthe3...
Compiling module xil_defaultlib.mac_phy_ten_gig_eth_pcs_pma_ch0_...
Compiling module gtwizard_ultrascale_v1_7_7.gtwizard_ultrascale_v1_7_7_bit_s...
Compiling module gtwizard_ultrascale_v1_7_7.gtwizard_ultrascale_v1_7_7_reset...
Compiling module gtwizard_ultrascale_v1_7_7.gtwizard_ultrascale_v1_7_7_reset...
Compiling module gtwizard_ultrascale_v1_7_7.gtwizard_ultrascale_v1_7_7_gtwiz...
Compiling module xil_defaultlib.mac_phy_ten_gig_eth_pcs_pma_ch0_...
Compiling module xil_defaultlib.mac_phy_ten_gig_eth_pcs_pma_ch0_...
Compiling module xil_defaultlib.mac_phy_ten_gig_eth_pcs_pma_ch0_...
Compiling module xil_defaultlib.mac_phy_ten_gig_eth_pcs_pma_ch0_...
Compiling module xil_defaultlib.mac_phy_ten_gig_eth_pcs_pma_ch0_...
Compiling module xil_defaultlib.mac_phy_ten_gig_eth_pcs_pma_ch0_...
Compiling module xil_defaultlib.mac_phy_ch0_imp_15CV18U
Compiling module xlconstant_v1_1_6.xlconstant_v1_1_6_xlconstant
Compiling module xil_defaultlib.mac_phy_xlconstant_1b0_0
Compiling module xil_defaultlib.mac_phy_xlconstant_1b1_0
Compiling module xlconstant_v1_1_6.xlconstant_v1_1_6_xlconstant(CON...
Compiling module xil_defaultlib.mac_phy_xlconstant_3b101_0
Compiling module xlconstant_v1_1_6.xlconstant_v1_1_6_xlconstant(CON...
Compiling module xil_defaultlib.mac_phy_xlconstant_8b0_0
Compiling module xil_defaultlib.mac_phy
Compiling module xil_defaultlib.mac_phy_wrapper
Compiling module xil_defaultlib.kcu105_10gbaser_default
Compiling module xil_defaultlib.datastream_transfer_default
Compiling module xil_defaultlib.mac_block
Compiling module xil_defaultlib.crc24_calc_1bit
Compiling module xil_defaultlib.crc24_insert_1bit
Compiling module xil_defaultlib.crc_generator
Compiling architecture xilinx of entity axi_utils_v2_0_6.glb_srl_fifo [\glb_srl_fifo(width=9,has_uvprot...]
Compiling architecture xilinx of entity axi_utils_v2_0_6.glb_ifx_master [\glb_ifx_master(width=9,afull_th...]
Compiling architecture synth of entity xbip_pipe_v3_0_6.xbip_pipe_v3_0_6_viv [\xbip_pipe_v3_0_6_viv(c_latency=...]
Compiling architecture synth of entity xbip_pipe_v3_0_6.xbip_pipe_v3_0_6_viv [\xbip_pipe_v3_0_6_viv(c_latency=...]
Compiling architecture structural of entity c_reg_fd_v12_0_6.c_reg_fd_v12_0_6_viv [\c_reg_fd_v12_0_6_viv(c_width=8,...]
Compiling architecture muxcy_v of entity unisim.MUXCY [muxcy_default]
Compiling architecture xorcy_v of entity unisim.XORCY [xorcy_default]
Compiling architecture rtl of entity c_addsub_v12_0_14.c_addsub_v12_0_14_lut6_legacy [\c_addsub_v12_0_14_lut6_legacy(c...]
Compiling architecture synth of entity c_addsub_v12_0_14.c_addsub_v12_0_14_fabric_legacy [\c_addsub_v12_0_14_fabric_legacy...]
Compiling architecture synth of entity c_addsub_v12_0_14.c_addsub_v12_0_14_legacy [\c_addsub_v12_0_14_legacy(c_fami...]
Compiling architecture synth of entity c_addsub_v12_0_14.c_addsub_v12_0_14_viv [\c_addsub_v12_0_14_viv(c_xdevice...]
Compiling architecture synth of entity rs_toolbox_v9_0_8.rs_addsub [\rs_addsub(c_xdevicefamily="kint...]
Compiling architecture synth of entity c_gate_bit_v12_0_6.c_gate_bit_tile [\c_gate_bit_tile(c_width_in=2,ci...]
Compiling architecture synth of entity c_gate_bit_v12_0_6.c_gate_bit_tier [\c_gate_bit_tier(c_width_in=2,c_...]
Compiling architecture synth of entity c_gate_bit_v12_0_6.c_gate_bit_v12_0_6_viv [\c_gate_bit_v12_0_6_viv(c_sync_e...]
Compiling architecture structural of entity c_reg_fd_v12_0_6.c_reg_fd_v12_0_6_viv [\c_reg_fd_v12_0_6_viv(c_sync_pri...]
Compiling architecture struct of entity c_compare_v12_0_6.c_compare_eq_ne [\c_compare_eq_ne(c_family="kinte...]
Compiling architecture synth of entity c_compare_v12_0_6.c_compare_v12_0_6_viv [\c_compare_v12_0_6_viv(c_family=...]
Compiling architecture synth of entity rs_toolbox_v9_0_8.rs_compare [\rs_compare(c_family="kintexu",i...]
Compiling architecture synth of entity rs_toolbox_v9_0_8.comp_eq [\comp_eq(c_family="kintexu",widt...]
Compiling architecture structural of entity c_reg_fd_v12_0_6.c_reg_fd_v12_0_6_viv [\c_reg_fd_v12_0_6_viv(c_sync_pri...]
Compiling architecture synth of entity rs_toolbox_v9_0_8.rs_reg [\rs_reg(c_width=1,c_has_ce=1,c_s...]
Compiling architecture synth of entity rs_toolbox_v9_0_8.big_delay [\big_delay(c_family="kintexu",c_...]
Compiling architecture structural of entity c_reg_fd_v12_0_6.c_reg_fd_v12_0_6_viv [\c_reg_fd_v12_0_6_viv(c_sync_pri...]
Compiling architecture synth of entity rs_toolbox_v9_0_8.rs_reg_bit [\rs_reg_bit(c_has_sclr=1,c_sync_...]
Compiling architecture synth of entity rs_toolbox_v9_0_8.big_delay [\big_delay(c_family="kintexu",c_...]
Compiling architecture fdpe_v of entity unisim.FDPE [fdpe_default]
Compiling architecture structural of entity c_reg_fd_v12_0_6.c_reg_fd_v12_0_6_viv [\c_reg_fd_v12_0_6_viv(c_sync_pri...]
Compiling architecture synth of entity rs_toolbox_v9_0_8.rs_reg_bit [\rs_reg_bit(c_has_aset=1,c_sync_...]
Compiling architecture ram64x1s_v of entity unisim.RAM64X1S [\RAM64X1S(init="1000000000000000...]
Compiling architecture synth of entity xbip_pipe_v3_0_6.xbip_pipe_v3_0_6_viv [\xbip_pipe_v3_0_6_viv(c_latency=...]
Compiling architecture fdce_v of entity unisim.FDCE [fdce_default]
Compiling architecture synth of entity c_gate_bit_v12_0_6.c_gate_bit_v12_0_6_viv [\c_gate_bit_v12_0_6_viv(c_has_o=...]
Compiling architecture struct of entity c_compare_v12_0_6.c_compare_eq_ne [\c_compare_eq_ne(c_family="kinte...]
Compiling architecture synth of entity c_compare_v12_0_6.c_compare_v12_0_6_viv [\c_compare_v12_0_6_viv(c_family=...]
Compiling architecture synth of entity rs_toolbox_v9_0_8.rs_compare [\rs_compare(c_family="kintexu",i...]
Compiling architecture synth of entity rs_toolbox_v9_0_8.comp_eq [\comp_eq(c_family="kintexu",widt...]
Compiling architecture structural of entity c_reg_fd_v12_0_6.c_reg_fd_v12_0_6_viv [\c_reg_fd_v12_0_6_viv(c_ainit_va...]
Compiling architecture synth of entity rs_toolbox_v9_0_8.rs_reg_bit [\rs_reg_bit(c_ainit_val="1",c_ha...]
Compiling architecture structural of entity c_reg_fd_v12_0_6.c_reg_fd_v12_0_6_viv [\c_reg_fd_v12_0_6_viv(c_sync_pri...]
Compiling architecture synth of entity rs_toolbox_v9_0_8.rs_reg_bit [\rs_reg_bit(c_sync_enable=0)(1,1...]
Compiling architecture structural of entity c_reg_fd_v12_0_6.c_reg_fd_v12_0_6_viv [\c_reg_fd_v12_0_6_viv(c_width=8,...]
Compiling architecture synth of entity rs_toolbox_v9_0_8.rs_reg [\rs_reg(c_width=8,ainit_val=(oth...]
Compiling architecture synth of entity rs_toolbox_v9_0_8.big_delay [\big_delay(c_family="kintexu",c_...]
Compiling architecture synth of entity xbip_pipe_v3_0_6.xbip_pipe_v3_0_6_viv [\xbip_pipe_v3_0_6_viv(c_latency=...]
Compiling architecture synth of entity rs_encoder_v9_0_16.rs_encoder_main [\rs_encoder_main(c_evaluation=1,...]
Compiling architecture synth of entity rs_encoder_v9_0_16.rs_encoder_axi_wrapper [\rs_encoder_axi_wrapper(c_has_ar...]
Compiling architecture synth of entity rs_encoder_v9_0_16.rs_encoder_v9_0_16_viv [\rs_encoder_v9_0_16_viv(c_has_ac...]
Compiling architecture xilinx of entity rs_encoder_v9_0_16.rs_encoder_v9_0_16 [\rs_encoder_v9_0_16(c_has_areset...]
Compiling architecture rs_encoder_arch of entity xil_defaultlib.rs_encoder [rs_encoder_default]
Compiling module xil_defaultlib.interleaver
Compiling module xil_defaultlib.scrambler
Compiling module xil_defaultlib.qam
Compiling module xil_defaultlib.layer1_transmit_default
Compiling module xil_defaultlib.layer1
Compiling module axis_infrastructure_v1_1_0.axis_infrastructure_v1_1_0_util_...
Compiling module axis_infrastructure_v1_1_0.axis_infrastructure_v1_1_0_util_...
Compiling module axis_infrastructure_v1_1_0.axis_infrastructure_v1_1_0_util_...
Compiling module xpm.xpm_cdc_sync_rst(INIT=0,INIT_SYN...
Compiling module xpm.xpm_fifo_rst(CDC_DEST_SYNC_FF=3)
Compiling module xpm.xpm_counter_updn(COUNTER_WIDTH=1...
Compiling module xpm.xpm_memory_base(MEMORY_TYPE=1,ME...
Compiling module xpm.xpm_fifo_base(FIFO_WRITE_DEPTH=1...
Compiling module xpm.xpm_fifo_axis(FIFO_DEPTH=1024,TD...
Compiling module axis_data_fifo_v2_0_2.axis_data_fifo_v2_0_2_top(C_FAMI...
Compiling module xil_defaultlib.axis_fifo_t
Compiling module axis_infrastructure_v1_1_0.axis_infrastructure_v1_1_0_util_...
Compiling module axis_infrastructure_v1_1_0.axis_infrastructure_v1_1_0_util_...
Compiling module axis_infrastructure_v1_1_0.axis_infrastructure_v1_1_0_util_...
Compiling module xpm.xpm_memory_base(MEMORY_TYPE=1,ME...
Compiling module xpm.xpm_fifo_base(FIFO_WRITE_DEPTH=1...
Compiling module xpm.xpm_fifo_axis(FIFO_DEPTH=1024,TD...
Compiling module axis_data_fifo_v2_0_2.axis_data_fifo_v2_0_2_top(C_FAMI...
Compiling module xil_defaultlib.axis_fifo_t8
Compiling architecture synth of entity xbip_pipe_v3_0_6.xbip_pipe_v3_0_6_viv [\xbip_pipe_v3_0_6_viv(c_latency=...]
Compiling architecture synth of entity dds_compiler_v6_0_19.dds_compiler_v6_0_19_rdy [\dds_compiler_v6_0_19_rdy(c_has_...]
Compiling architecture synth of entity xbip_pipe_v3_0_6.xbip_pipe_v3_0_6_viv [\xbip_pipe_v3_0_6_viv(c_has_ce=1...]
Compiling architecture synth of entity xbip_pipe_v3_0_6.xbip_pipe_v3_0_6_viv [\xbip_pipe_v3_0_6_viv(c_has_ce=1...]
Compiling architecture synth of entity xbip_pipe_v3_0_6.xbip_pipe_v3_0_6_viv [\xbip_pipe_v3_0_6_viv(c_has_ce=1...]
Compiling architecture synth of entity xbip_pipe_v3_0_6.xbip_pipe_v3_0_6_viv [\xbip_pipe_v3_0_6_viv(c_latency=...]
Compiling architecture synth of entity dds_compiler_v6_0_19.pipe_add [\pipe_add(c_width=16,c_seg_width...]
Compiling architecture synth of entity dds_compiler_v6_0_19.accum [\accum(c_xdevicefamily="kintexu"...]
Compiling architecture synth of entity xbip_pipe_v3_0_6.xbip_pipe_v3_0_6_viv [\xbip_pipe_v3_0_6_viv(c_latency=...]
Compiling architecture synth of entity xbip_pipe_v3_0_6.xbip_pipe_v3_0_6_viv [\xbip_pipe_v3_0_6_viv(c_has_ce=1...]
Compiling architecture synth of entity xbip_pipe_v3_0_6.xbip_pipe_v3_0_6_viv [\xbip_pipe_v3_0_6_viv(c_has_ce=1...]
Compiling architecture synth of entity dds_compiler_v6_0_19.sin_cos [\sin_cos(c_xdevicefamily="kintex...]
Compiling architecture synth of entity xbip_pipe_v3_0_6.xbip_pipe_v3_0_6_viv [\xbip_pipe_v3_0_6_viv(c_has_ce=1...]
Compiling architecture synth of entity dds_compiler_v6_0_19.dds_compiler_v6_0_19_core [\dds_compiler_v6_0_19_core(c_xde...]
Compiling architecture synth of entity dds_compiler_v6_0_19.dds_compiler_v6_0_19_viv [\dds_compiler_v6_0_19_viv(c_xdev...]
Compiling architecture xilinx of entity dds_compiler_v6_0_19.dds_compiler_v6_0_19 [\dds_compiler_v6_0_19(c_xdevicef...]
Compiling architecture dds_125m_i_arch of entity xil_defaultlib.dds_125m_i [dds_125m_i_default]
Compiling architecture synth of entity dds_compiler_v6_0_19.sin_cos [\sin_cos(c_xdevicefamily="kintex...]
Compiling architecture synth of entity dds_compiler_v6_0_19.dds_compiler_v6_0_19_core [\dds_compiler_v6_0_19_core(c_xde...]
Compiling architecture synth of entity dds_compiler_v6_0_19.dds_compiler_v6_0_19_viv [\dds_compiler_v6_0_19_viv(c_xdev...]
Compiling architecture xilinx of entity dds_compiler_v6_0_19.dds_compiler_v6_0_19 [\dds_compiler_v6_0_19(c_xdevicef...]
Compiling architecture dds_125m_q_arch of entity xil_defaultlib.dds_125m_q [dds_125m_q_default]
Compiling architecture lut2_v of entity unisim.LUT2 [\LUT2(init="1000")(0,3)\]
Compiling architecture mult_and_v of entity unisim.MULT_AND [mult_and_default]
Compiling architecture xilinx of entity mult_gen_v12_0_16.op_resize [\op_resize(ai_width=8,bi_width=8...]
Compiling architecture xilinx of entity mult_gen_v12_0_16.luts [\luts(c_xdevicefamily="kintexu",...]
Compiling architecture xilinx of entity mult_gen_v12_0_16.mult_gen_v12_0_16_viv [\mult_gen_v12_0_16_viv(c_verbosi...]
Compiling architecture xilinx of entity mult_gen_v12_0_16.mult_gen_v12_0_16 [\mult_gen_v12_0_16(c_xdevicefami...]
Compiling architecture mult_duc_arch of entity xil_defaultlib.mult_duc [mult_duc_default]
Compiling architecture structural of entity c_reg_fd_v12_0_6.c_reg_fd_v12_0_6_viv [\c_reg_fd_v12_0_6_viv(c_width=16...]
Compiling architecture rtl of entity c_addsub_v12_0_14.c_addsub_v12_0_14_lut6_legacy [\c_addsub_v12_0_14_lut6_legacy(c...]
Compiling architecture synth of entity c_addsub_v12_0_14.c_addsub_v12_0_14_fabric_legacy [\c_addsub_v12_0_14_fabric_legacy...]
Compiling architecture synth of entity c_addsub_v12_0_14.c_addsub_v12_0_14_legacy [\c_addsub_v12_0_14_legacy(c_fami...]
Compiling architecture synth of entity c_addsub_v12_0_14.c_addsub_v12_0_14_viv [\c_addsub_v12_0_14_viv(c_xdevice...]
Compiling architecture xilinx of entity c_addsub_v12_0_14.c_addsub_v12_0_14 [\c_addsub_v12_0_14(c_xdevicefami...]
Compiling architecture sub_duc_arch of entity xil_defaultlib.sub_duc [sub_duc_default]
Compiling architecture rtl of entity c_addsub_v12_0_14.c_addsub_v12_0_14_lut6_legacy [\c_addsub_v12_0_14_lut6_legacy(c...]
Compiling architecture synth of entity c_addsub_v12_0_14.c_addsub_v12_0_14_fabric_legacy [\c_addsub_v12_0_14_fabric_legacy...]
Compiling architecture synth of entity c_addsub_v12_0_14.c_addsub_v12_0_14_legacy [\c_addsub_v12_0_14_legacy(c_fami...]
Compiling architecture synth of entity c_addsub_v12_0_14.c_addsub_v12_0_14_viv [\c_addsub_v12_0_14_viv(c_xdevice...]
Compiling architecture xilinx of entity c_addsub_v12_0_14.c_addsub_v12_0_14 [\c_addsub_v12_0_14(c_xdevicefami...]
Compiling architecture add_duc_arch of entity xil_defaultlib.add_duc [add_duc_default]
Compiling module xil_defaultlib.duc_out_fifo
Compiling module xil_defaultlib.duc
Compiling module xil_defaultlib.radio_transmit_default
Compiling module xil_defaultlib.radio
Compiling module xil_defaultlib.tpu_pushstream_default
Compiling module xil_defaultlib.tpu_transmit_default
Compiling module xil_defaultlib.tb
Compiling module xil_defaultlib.glbl
Built simulation snapshot tb_behav
