INFO: [VRFC 10-2263] Analyzing Verilog file "/home/caohy/work/tpu/tpu.srcs/sources_1/ip/axis_fifo_t8/sim/axis_fifo_t8.v" into library xil_defaultlib
INFO: [VRFC 10-311] analyzing module axis_fifo_t8
INFO: [VRFC 10-2263] Analyzing Verilog file "/home/caohy/work/tpu/tpu.srcs/sources_1/ip/axis_fifo_t/sim/axis_fifo_t.v" into library xil_defaultlib
INFO: [VRFC 10-311] analyzing module axis_fifo_t
INFO: [VRFC 10-2263] Analyzing Verilog file "/home/caohy/work/tpu/tpu.srcs/sources_1/ip/ddc_out_fifo/sim/ddc_out_fifo.v" into library xil_defaultlib
INFO: [VRFC 10-311] analyzing module ddc_out_fifo
INFO: [VRFC 10-2263] Analyzing Verilog file "/home/caohy/work/tpu/tpu.srcs/sources_1/ip/duc_out_fifo/sim/duc_out_fifo.v" into library xil_defaultlib
INFO: [VRFC 10-311] analyzing module duc_out_fifo
INFO: [VRFC 10-2263] Analyzing Verilog file "/home/caohy/work/tpu/tpu.srcs/sources_1/imports/tpu.srcs/crc24_calc_1bit.v" into library xil_defaultlib
INFO: [VRFC 10-311] analyzing module crc24_calc_1bit
INFO: [VRFC 10-2263] Analyzing Verilog file "/home/caohy/work/tpu/tpu.srcs/sources_1/imports/tpu.srcs/crc24_insert_1bit.v" into library xil_defaultlib
INFO: [VRFC 10-311] analyzing module crc24_insert_1bit
INFO: [VRFC 10-2263] Analyzing SystemVerilog file "/home/caohy/work/tpu/tpu.srcs/sources_1/imports/tpu.srcs/crc_detector.sv" into library xil_defaultlib
INFO: [VRFC 10-311] analyzing module crc_detector
INFO: [VRFC 10-2263] Analyzing SystemVerilog file "/home/caohy/work/tpu/tpu.srcs/sources_1/imports/tpu.srcs/crc_generator.sv" into library xil_defaultlib
INFO: [VRFC 10-311] analyzing module crc_generator
INFO: [VRFC 10-2263] Analyzing SystemVerilog file "/home/caohy/work/tpu/tpu.srcs/sources_1/new/data_source.sv" into library xil_defaultlib
INFO: [VRFC 10-311] analyzing module data_source
INFO: [VRFC 10-2263] Analyzing SystemVerilog file "/home/caohy/work/tpu/tpu.srcs/sources_1/new/ddc.sv" into library xil_defaultlib
INFO: [VRFC 10-311] analyzing module ddc
INFO: [VRFC 10-2263] Analyzing SystemVerilog file "/home/caohy/work/tpu/tpu.srcs/sources_1/new/dec2.sv" into library xil_defaultlib
INFO: [VRFC 10-311] analyzing module dec2
INFO: [VRFC 10-2263] Analyzing SystemVerilog file "/home/caohy/work/tpu/tpu.srcs/sources_1/imports/tpu.srcs/deintrlv.sv" into library xil_defaultlib
INFO: [VRFC 10-311] analyzing module deintrlv
INFO: [VRFC 10-2263] Analyzing SystemVerilog file "/home/caohy/work/tpu/tpu.srcs/sources_1/imports/tpu.srcs/descrambler.sv" into library xil_defaultlib
INFO: [VRFC 10-311] analyzing module descrambler
INFO: [VRFC 10-2263] Analyzing SystemVerilog file "/home/caohy/work/tpu/tpu.srcs/sources_1/new/duc.sv" into library xil_defaultlib
INFO: [VRFC 10-311] analyzing module duc
INFO: [VRFC 10-2263] Analyzing SystemVerilog file "/home/caohy/work/tpu/tpu.srcs/sources_1/imports/tpu.srcs/eqam.sv" into library xil_defaultlib
INFO: [VRFC 10-311] analyzing module eqam
INFO: [VRFC 10-2263] Analyzing SystemVerilog file "/home/caohy/work/tpu/tpu.srcs/sources_1/new/inter2.sv" into library xil_defaultlib
INFO: [VRFC 10-311] analyzing module inter2
INFO: [VRFC 10-2263] Analyzing SystemVerilog file "/home/caohy/work/tpu/tpu.srcs/sources_1/imports/tpu.srcs/interleaver.sv" into library xil_defaultlib
INFO: [VRFC 10-311] analyzing module interleaver
INFO: [VRFC 10-2263] Analyzing SystemVerilog file "/home/caohy/work/tpu/tpu.srcs/sources_1/imports/tpu.srcs/layer1.sv" into library xil_defaultlib
INFO: [VRFC 10-311] analyzing module layer1
INFO: [VRFC 10-2263] Analyzing SystemVerilog file "/home/caohy/work/tpu/tpu.srcs/sources_1/imports/tpu.srcs/layer1_receive.sv" into library xil_defaultlib
INFO: [VRFC 10-311] analyzing module layer1_receive
INFO: [VRFC 10-2263] Analyzing SystemVerilog file "/home/caohy/work/tpu/tpu.srcs/sources_1/imports/tpu.srcs/layer1_transmit.sv" into library xil_defaultlib
INFO: [VRFC 10-311] analyzing module layer1_transmit
INFO: [VRFC 10-2263] Analyzing SystemVerilog file "/home/caohy/work/tpu/tpu.srcs/sources_1/imports/tpu.srcs/mac_block.sv" into library xil_defaultlib
INFO: [VRFC 10-311] analyzing module mac_block
INFO: [VRFC 10-2263] Analyzing SystemVerilog file "/home/caohy/work/tpu/tpu.srcs/sources_1/imports/tpu.srcs/mac_deblock.sv" into library xil_defaultlib
INFO: [VRFC 10-311] analyzing module mac_deblock
INFO: [VRFC 10-2263] Analyzing SystemVerilog file "/home/caohy/work/tpu/tpu.srcs/sources_1/imports/tpu.srcs/qam.sv" into library xil_defaultlib
INFO: [VRFC 10-311] analyzing module qam
INFO: [VRFC 10-2263] Analyzing SystemVerilog file "/home/caohy/work/tpu/tpu.srcs/sources_1/imports/tpu.srcs/radio.sv" into library xil_defaultlib
INFO: [VRFC 10-311] analyzing module radio
INFO: [VRFC 10-2263] Analyzing SystemVerilog file "/home/caohy/work/tpu/tpu.srcs/sources_1/new/radio_receive.sv" into library xil_defaultlib
INFO: [VRFC 10-311] analyzing module radio_receive
INFO: [VRFC 10-2263] Analyzing SystemVerilog file "/home/caohy/work/tpu/tpu.srcs/sources_1/imports/tpu.srcs/radio_transmit.sv" into library xil_defaultlib
INFO: [VRFC 10-311] analyzing module radio_transmit
INFO: [VRFC 10-2263] Analyzing SystemVerilog file "/home/caohy/work/tpu/tpu.srcs/sources_1/imports/tpu.srcs/scrambler.sv" into library xil_defaultlib
INFO: [VRFC 10-311] analyzing module scrambler
INFO: [VRFC 10-2263] Analyzing SystemVerilog file "/home/caohy/work/tpu/tpu.srcs/sources_1/imports/tpu.srcs/tpu.sv" into library xil_defaultlib
INFO: [VRFC 10-311] analyzing module tpu
INFO: [VRFC 10-2263] Analyzing SystemVerilog file "/home/caohy/work/tpu/tpu.srcs/sources_1/new/tpu_top.sv" into library xil_defaultlib
INFO: [VRFC 10-311] analyzing module tpu_top
INFO: [VRFC 10-2263] Analyzing SystemVerilog file "/home/caohy/work/tpu/tpu.srcs/sim_1/imports/tpu.sim/tpu_th.sv" into library xil_defaultlib
INFO: [VRFC 10-311] analyzing module tpu_th
INFO: [VRFC 10-2263] Analyzing Verilog file "/home/caohy/work/tpu/tpu.sim/sim_1/behav/xsim/glbl.v" into library xil_defaultlib
INFO: [VRFC 10-311] analyzing module glbl
INFO: [VRFC 10-163] Analyzing VHDL file "/home/caohy/work/tpu/tpu.ip_user_files/ipstatic/hdl/xbip_utils_v3_0_vh_rfs.vhd" into library xbip_utils_v3_0_10
INFO: [VRFC 10-163] Analyzing VHDL file "/home/caohy/work/tpu/tpu.ip_user_files/ipstatic/hdl/c_reg_fd_v12_0_vh_rfs.vhd" into library c_reg_fd_v12_0_6
INFO: [VRFC 10-3107] analyzing entity 'c_reg_fd_v12_0_6_viv'
INFO: [VRFC 10-3107] analyzing entity 'c_reg_fd_v12_0_6'
INFO: [VRFC 10-163] Analyzing VHDL file "/home/caohy/work/tpu/tpu.ip_user_files/ipstatic/hdl/xbip_dsp48_wrapper_v3_0_vh_rfs.vhd" into library xbip_dsp48_wrapper_v3_0_4
INFO: [VRFC 10-3107] analyzing entity 'xbip_dsp48a_wrapper_v3_0'
INFO: [VRFC 10-3107] analyzing entity 'xbip_dsp48a1_wrapper_v3_0'
INFO: [VRFC 10-3107] analyzing entity 'xbip_dsp48e_wrapper_v3_0'
INFO: [VRFC 10-3107] analyzing entity 'xbip_dsp48e1_wrapper_v3_0'
INFO: [VRFC 10-3107] analyzing entity 'xbip_dsp48e2_wrapper_v3_0'
INFO: [VRFC 10-3107] analyzing entity 'xbip_dsp58e5_wrapper_v3_0'
INFO: [VRFC 10-3107] analyzing entity 'xbip_dsp48_wrapper_v3_0_4'
INFO: [VRFC 10-163] Analyzing VHDL file "/home/caohy/work/tpu/tpu.ip_user_files/ipstatic/hdl/xbip_pipe_v3_0_vh_rfs.vhd" into library xbip_pipe_v3_0_6
INFO: [VRFC 10-3107] analyzing entity 'xbip_pipe_v3_0_6_viv'
INFO: [VRFC 10-3107] analyzing entity 'xbip_pipe_v3_0_6'
INFO: [VRFC 10-163] Analyzing VHDL file "/home/caohy/work/tpu/tpu.ip_user_files/ipstatic/hdl/xbip_dsp48_addsub_v3_0_vh_rfs.vhd" into library xbip_dsp48_addsub_v3_0_6
INFO: [VRFC 10-3107] analyzing entity 'xbip_dsp48_addsub_rtl'
INFO: [VRFC 10-3107] analyzing entity 'xbip_dsp48_addsub_synth'
INFO: [VRFC 10-3107] analyzing entity 'xbip_dsp48_addsub_v3_0_6_viv'
INFO: [VRFC 10-3107] analyzing entity 'xbip_dsp48_addsub_v3_0_6'
INFO: [VRFC 10-163] Analyzing VHDL file "/home/caohy/work/tpu/tpu.ip_user_files/ipstatic/hdl/xbip_addsub_v3_0_vh_rfs.vhd" into library xbip_addsub_v3_0_6
INFO: [VRFC 10-3107] analyzing entity 'xbip_addsub_v3_0_6_viv'
INFO: [VRFC 10-3107] analyzing entity 'xbip_addsub_v3_0_6'
INFO: [VRFC 10-163] Analyzing VHDL file "/home/caohy/work/tpu/tpu.ip_user_files/ipstatic/hdl/c_addsub_v12_0_vh_rfs.vhd" into library c_addsub_v12_0_14
INFO: [VRFC 10-3107] analyzing entity 'c_addsub_v12_0_14_lut6_legacy'
INFO: [VRFC 10-3107] analyzing entity 'c_addsub_v12_0_14_base_legacy'
INFO: [VRFC 10-3107] analyzing entity 'c_addsub_v12_0_14_fabric_legacy'
INFO: [VRFC 10-3107] analyzing entity 'c_addsub_v12_0_14_legacy'
INFO: [VRFC 10-3107] analyzing entity 'c_addsub_v12_0_14_viv'
INFO: [VRFC 10-3107] analyzing entity 'c_addsub_v12_0_14'
INFO: [VRFC 10-163] Analyzing VHDL file "/home/caohy/work/tpu/tpu.srcs/sources_1/ip/sub_ddc/sim/sub_ddc.vhd" into library xil_defaultlib
INFO: [VRFC 10-3107] analyzing entity 'sub_ddc'
INFO: [VRFC 10-163] Analyzing VHDL file "/home/caohy/work/tpu/tpu.srcs/sources_1/ip/mult_ddc/sim/mult_ddc.vhd" into library xil_defaultlib
INFO: [VRFC 10-3107] analyzing entity 'mult_ddc'
INFO: [VRFC 10-163] Analyzing VHDL file "/home/caohy/work/tpu/tpu.srcs/sources_1/ip/add_ddc/sim/add_ddc.vhd" into library xil_defaultlib
INFO: [VRFC 10-3107] analyzing entity 'add_ddc'
INFO: [VRFC 10-163] Analyzing VHDL file "/home/caohy/work/tpu/tpu.ip_user_files/ipstatic/hdl/axi_utils_v2_0_vh_rfs.vhd" into library axi_utils_v2_0_6
INFO: [VRFC 10-3107] analyzing entity 'glb_srl_fifo'
INFO: [VRFC 10-3107] analyzing entity 'glb_ifx_slave'
INFO: [VRFC 10-3107] analyzing entity 'glb_ifx_master'
INFO: [VRFC 10-3107] analyzing entity 'axi_slave_2to1'
INFO: [VRFC 10-3107] analyzing entity 'axi_slave_3to1'
INFO: [VRFC 10-3107] analyzing entity 'axi_slave_4to1'
INFO: [VRFC 10-163] Analyzing VHDL file "/home/caohy/work/tpu/tpu.srcs/sources_1/ip/dds_rq/sim/dds_rq.vhd" into library xil_defaultlib
ERROR: [VRFC 10-3006] '/tools/Xilinx/Vivado/2019.2/data/xsim/ip/dds_compiler_v6_0_19/dds_compiler_v6_0_19.vdbl' needs to be re-saved since 'xbip_utils_v3_0_10.xbip_utils_v3_0_10_pkg' changed
ERROR: [VRFC 10-3032] 'dds_compiler_v6_0_19.dds_compiler_v6_0_19' failed to restore
ERROR: [VRFC 10-2987] 'dds_compiler_v6_0_19' is not compiled in library 'dds_compiler_v6_0_19' [/home/caohy/work/tpu/tpu.srcs/sources_1/ip/dds_rq/sim/dds_rq.vhd:57]
INFO: [VRFC 10-3107] analyzing entity 'dds_rq'
ERROR: [VRFC 10-3782] unit 'dds_rq' ignored due to previous errors [/home/caohy/work/tpu/tpu.srcs/sources_1/ip/dds_rq/sim/dds_rq.vhd:59]
INFO: [VRFC 10-3070] VHDL file '/home/caohy/work/tpu/tpu.srcs/sources_1/ip/dds_rq/sim/dds_rq.vhd' ignored due to errors
