INFO: [VRFC 10-163] Analyzing VHDL file "/home/caohy/work/tpu/tpu.ip_user_files/ipstatic/hdl/xbip_utils_v3_0_vh_rfs.vhd" into library xbip_utils_v3_0_10
INFO: [VRFC 10-163] Analyzing VHDL file "/home/caohy/work/tpu/tpu.ip_user_files/ipstatic/hdl/c_reg_fd_v12_0_vh_rfs.vhd" into library c_reg_fd_v12_0_6
INFO: [VRFC 10-3107] analyzing entity 'c_reg_fd_v12_0_6_viv'
INFO: [VRFC 10-3107] analyzing entity 'c_reg_fd_v12_0_6'
INFO: [VRFC 10-163] Analyzing VHDL file "/home/caohy/work/tpu/tpu.ip_user_files/ipstatic/hdl/xbip_dsp48_wrapper_v3_0_vh_rfs.vhd" into library xbip_dsp48_wrapper_v3_0_4
INFO: [VRFC 10-3107] analyzing entity 'xbip_dsp48a_wrapper_v3_0'
INFO: [VRFC 10-3107] analyzing entity 'xbip_dsp48a1_wrapper_v3_0'
INFO: [VRFC 10-3107] analyzing entity 'xbip_dsp48e_wrapper_v3_0'
INFO: [VRFC 10-3107] analyzing entity 'xbip_dsp48e1_wrapper_v3_0'
INFO: [VRFC 10-3107] analyzing entity 'xbip_dsp48e2_wrapper_v3_0'
INFO: [VRFC 10-3107] analyzing entity 'xbip_dsp58e5_wrapper_v3_0'
INFO: [VRFC 10-3107] analyzing entity 'xbip_dsp48_wrapper_v3_0_4'
INFO: [VRFC 10-163] Analyzing VHDL file "/home/caohy/work/tpu/tpu.ip_user_files/ipstatic/hdl/xbip_pipe_v3_0_vh_rfs.vhd" into library xbip_pipe_v3_0_6
INFO: [VRFC 10-3107] analyzing entity 'xbip_pipe_v3_0_6_viv'
INFO: [VRFC 10-3107] analyzing entity 'xbip_pipe_v3_0_6'
INFO: [VRFC 10-163] Analyzing VHDL file "/home/caohy/work/tpu/tpu.ip_user_files/ipstatic/hdl/xbip_dsp48_addsub_v3_0_vh_rfs.vhd" into library xbip_dsp48_addsub_v3_0_6
INFO: [VRFC 10-3107] analyzing entity 'xbip_dsp48_addsub_rtl'
INFO: [VRFC 10-3107] analyzing entity 'xbip_dsp48_addsub_synth'
INFO: [VRFC 10-3107] analyzing entity 'xbip_dsp48_addsub_v3_0_6_viv'
INFO: [VRFC 10-3107] analyzing entity 'xbip_dsp48_addsub_v3_0_6'
INFO: [VRFC 10-163] Analyzing VHDL file "/home/caohy/work/tpu/tpu.ip_user_files/ipstatic/hdl/xbip_addsub_v3_0_vh_rfs.vhd" into library xbip_addsub_v3_0_6
INFO: [VRFC 10-3107] analyzing entity 'xbip_addsub_v3_0_6_viv'
INFO: [VRFC 10-3107] analyzing entity 'xbip_addsub_v3_0_6'
INFO: [VRFC 10-163] Analyzing VHDL file "/home/caohy/work/tpu/tpu.ip_user_files/ipstatic/hdl/c_addsub_v12_0_vh_rfs.vhd" into library c_addsub_v12_0_14
INFO: [VRFC 10-3107] analyzing entity 'c_addsub_v12_0_14_lut6_legacy'
INFO: [VRFC 10-3107] analyzing entity 'c_addsub_v12_0_14_base_legacy'
INFO: [VRFC 10-3107] analyzing entity 'c_addsub_v12_0_14_fabric_legacy'
INFO: [VRFC 10-3107] analyzing entity 'c_addsub_v12_0_14_legacy'
INFO: [VRFC 10-3107] analyzing entity 'c_addsub_v12_0_14_viv'
INFO: [VRFC 10-3107] analyzing entity 'c_addsub_v12_0_14'
INFO: [VRFC 10-163] Analyzing VHDL file "/home/caohy/work/tpu/tpu.srcs/sources_1/ip/sub_ddc/sim/sub_ddc.vhd" into library xil_defaultlib
INFO: [VRFC 10-3107] analyzing entity 'sub_ddc'
INFO: [VRFC 10-163] Analyzing VHDL file "/home/caohy/work/tpu/tpu.srcs/sources_1/ip/mult_ddc/sim/mult_ddc.vhd" into library xil_defaultlib
INFO: [VRFC 10-3107] analyzing entity 'mult_ddc'
INFO: [VRFC 10-163] Analyzing VHDL file "/home/caohy/work/tpu/tpu.srcs/sources_1/ip/add_ddc/sim/add_ddc.vhd" into library xil_defaultlib
INFO: [VRFC 10-3107] analyzing entity 'add_ddc'
INFO: [VRFC 10-163] Analyzing VHDL file "/home/caohy/work/tpu/tpu.ip_user_files/ipstatic/hdl/axi_utils_v2_0_vh_rfs.vhd" into library axi_utils_v2_0_6
INFO: [VRFC 10-3107] analyzing entity 'glb_srl_fifo'
INFO: [VRFC 10-3107] analyzing entity 'glb_ifx_slave'
INFO: [VRFC 10-3107] analyzing entity 'glb_ifx_master'
INFO: [VRFC 10-3107] analyzing entity 'axi_slave_2to1'
INFO: [VRFC 10-3107] analyzing entity 'axi_slave_3to1'
INFO: [VRFC 10-3107] analyzing entity 'axi_slave_4to1'
INFO: [VRFC 10-163] Analyzing VHDL file "/home/caohy/work/tpu/tpu.srcs/sources_1/ip/dds_rq/sim/dds_rq.vhd" into library xil_defaultlib
ERROR: [VRFC 10-3006] '/tools/Xilinx/Vivado/2019.2/data/xsim/ip/dds_compiler_v6_0_19/dds_compiler_v6_0_19.vdbl' needs to be re-saved since 'xbip_utils_v3_0_10.xbip_utils_v3_0_10_pkg' changed
ERROR: [VRFC 10-3032] 'dds_compiler_v6_0_19.dds_compiler_v6_0_19' failed to restore
ERROR: [VRFC 10-2987] 'dds_compiler_v6_0_19' is not compiled in library 'dds_compiler_v6_0_19' [/home/caohy/work/tpu/tpu.srcs/sources_1/ip/dds_rq/sim/dds_rq.vhd:57]
INFO: [VRFC 10-3107] analyzing entity 'dds_rq'
ERROR: [VRFC 10-3782] unit 'dds_rq' ignored due to previous errors [/home/caohy/work/tpu/tpu.srcs/sources_1/ip/dds_rq/sim/dds_rq.vhd:59]
INFO: [VRFC 10-3070] VHDL file '/home/caohy/work/tpu/tpu.srcs/sources_1/ip/dds_rq/sim/dds_rq.vhd' ignored due to errors
