Vivado Simulator 2020.2
Copyright 1986-1999, 2001-2020 Xilinx, Inc. All Rights Reserved.
Running: D:/Xilinx/2020.02/Vivado/2020.2/bin/unwrapped/win64.o/xelab.exe -wto 16f5c0a827b3417c995c443c9b99b977 --incr --debug typical --relax --mt 32 -L xil_defaultlib -L xbip_utils_v3_0_10 -L axi_utils_v2_0_6 -L c_reg_fd_v12_0_6 -L c_mux_bit_v12_0_6 -L c_mux_bus_v12_0_6 -L xbip_pipe_v3_0_6 -L xbip_dsp48_wrapper_v3_0_4 -L xbip_dsp48_addsub_v3_0_6 -L xbip_addsub_v3_0_6 -L c_addsub_v12_0_14 -L c_gate_bit_v12_0_6 -L c_compare_v12_0_6 -L xbip_counter_v3_0_6 -L c_counter_binary_v12_0_14 -L c_shift_ram_v12_0_14 -L rs_toolbox_v9_0_8 -L rs_decoder_v9_0_17 -L axis_infrastructure_v1_1_0 -L axis_data_fifo_v2_0_4 -L xbip_bram18k_v3_0_6 -L mult_gen_v12_0_16 -L xbip_dsp48_multadd_v3_0_6 -L dds_compiler_v6_0_20 -L xlconstant_v1_1_7 -L ten_gig_eth_mac_v15_1_9 -L gtwizard_ultrascale_v1_7_9 -L ten_gig_eth_pcs_pma_v6_0_18 -L uvm -L unisims_ver -L unimacro_ver -L secureip -L xpm --snapshot tb_behav xil_defaultlib.tb xil_defaultlib.glbl -log elaborate.log 
Using 32 slave threads.
Starting static elaboration
Pass Through NonSizing Optimizer
WARNING: [VRFC 10-5021] port 'm_axis_stat_tdata' is not connected on this instance [D:/tpu_double/tpu_receive/tpu_receive.srcs/sources_1/new/layer1_receive.sv:160]
Completed static elaboration
Starting simulation data flow analysis
Completed simulation data flow analysis
Time Resolution for simulation is 1ps
Compiling package std.standard
Compiling package std.textio
Compiling package ieee.std_logic_1164
Compiling package ieee.numeric_std
Compiling package xbip_utils_v3_0_10.xbip_utils_v3_0_10_pkg
Compiling package xbip_utils_v3_0_10.xcc_utils_v3_0
Compiling package dds_compiler_v6_0_20.dds_compiler_v6_0_20_viv_comp
Compiling package ieee.std_logic_arith
Compiling package ieee.std_logic_signed
Compiling package dds_compiler_v6_0_20.pkg_dds_compiler_v6_0_20
Compiling package dds_compiler_v6_0_20.dds_compiler_v6_0_20_hdl_comps
Compiling package xbip_pipe_v3_0_6.xbip_pipe_v3_0_6_viv_comp
Compiling package axi_utils_v2_0_6.axi_utils_v2_0_6_pkg
Compiling package ieee.math_real
Compiling package axi_utils_v2_0_6.global_util_pkg
Compiling package axi_utils_v2_0_6.axi_utils_comps
Compiling package unisim.vcomponents
Compiling package ieee.std_logic_unsigned
Compiling package dds_compiler_v6_0_20.pkg_betas
Compiling package dds_compiler_v6_0_20.pkg_alphas
Compiling package mult_gen_v12_0_16.mult_gen_v12_0_16_viv_comp
Compiling package mult_gen_v12_0_16.mult_gen_v12_0_16_pkg
Compiling package ieee.vital_timing
Compiling package ieee.vital_primitives
Compiling package unisim.vpkg
Compiling package c_addsub_v12_0_14.c_addsub_v12_0_14_viv_comp
Compiling package xbip_addsub_v3_0_6.xbip_addsub_v3_0_6_viv_comp
Compiling package c_addsub_v12_0_14.c_addsub_v12_0_14_pkg
Compiling package c_addsub_v12_0_14.c_addsub_v12_0_14_pkg_legacy
Compiling package c_reg_fd_v12_0_6.c_reg_fd_v12_0_6_viv_comp
Compiling package rs_decoder_v9_0_17.rs_decoder_v9_0_17_consts
Compiling package rs_decoder_v9_0_17.rs_decoder_v9_0_17_viv_comp
Compiling package rs_toolbox_v9_0_8.ul_utils
Compiling package rs_toolbox_v9_0_8.util_xcc
Compiling package rs_toolbox_v9_0_8.mem_init_file_pack
Compiling package rs_toolbox_v9_0_8.mem_utils
Compiling package rs_decoder_v9_0_17.dec_pkg
Compiling package rs_toolbox_v9_0_8.gf_pkg
Compiling package rs_decoder_v9_0_17.dec_comps_pkg
Compiling package rs_toolbox_v9_0_8.toolbox_comps
Compiling package rs_toolbox_v9_0_8.rs_blocks_pkg
Compiling package c_shift_ram_v12_0_14.c_shift_ram_v12_0_14_viv_comp
Compiling package c_shift_ram_v12_0_14.c_shift_ram_v12_0_14_pkg
Compiling package c_mux_bit_v12_0_6.c_mux_bit_v12_0_6_viv_comp
Compiling package c_compare_v12_0_6.c_compare_v12_0_6_viv_comp
Compiling package c_compare_v12_0_6.pkg_compare_v12_0
Compiling package c_gate_bit_v12_0_6.c_gate_bit_v12_0_6_viv_comp
Compiling package c_counter_binary_v12_0_14.c_counter_binary_v12_0_14_viv_co...
Compiling package xbip_counter_v3_0_6.xbip_counter_v3_0_6_viv_comp
Compiling package xbip_counter_v3_0_6.xbip_counter_v3_0_6_pkg
Compiling package c_counter_binary_v12_0_14.c_counter_binary_v12_0_14_pkg
Compiling package c_gate_bit_v12_0_6.pkg_gate_bit_v12_0
Compiling package xil_defaultlib.$unit_axi_stream_gen_sv
Compiling module unisims_ver.IBUFDS
Compiling module unisims_ver.MMCME3_ADV(CLKFBOUT_MULT_F=8.0,C...
Compiling module unisims_ver.BUFG
Compiling module xil_defaultlib.tpu_receive_clock_clk_wiz
Compiling module xil_defaultlib.tpu_receive_clock
Compiling module axis_infrastructure_v1_1_0.axis_infrastructure_v1_1_0_util_...
Compiling module axis_infrastructure_v1_1_0.axis_infrastructure_v1_1_0_util_...
Compiling module axis_infrastructure_v1_1_0.axis_infrastructure_v1_1_0_util_...
Compiling module xpm.xpm_cdc_sync_rst(DEST_SYNC_FF=3,...
Compiling module xpm.xpm_fifo_rst(COMMON_CLOCK=0,CDC_...
Compiling module xpm.xpm_fifo_reg_bit
Compiling module xpm.xpm_counter_updn(COUNTER_WIDTH=1...
Compiling module xpm.xpm_counter_updn(COUNTER_WIDTH=1...
Compiling module xpm.xpm_memory_base(MEMORY_TYPE=1,ME...
Compiling module xpm.xpm_cdc_gray(DEST_SYNC_FF=3,INIT...
Compiling module xpm.xpm_fifo_reg_vec(REG_WIDTH=10)
Compiling module xpm.xpm_cdc_gray(DEST_SYNC_FF=5,INIT...
Compiling module xpm.xpm_fifo_reg_vec(REG_WIDTH=11)
Compiling module xpm.xpm_cdc_gray(DEST_SYNC_FF=3,INIT...
Compiling module xpm.xpm_counter_updn(COUNTER_WIDTH=2...
Compiling module xpm.xpm_fifo_base(COMMON_CLOCK=0,FIF...
Compiling module xpm.xpm_fifo_axis(CLOCKING_MODE="ind...
Compiling module axis_data_fifo_v2_0_4.axis_data_fifo_v2_0_4_top(C_FAMI...
Compiling module xil_defaultlib.bb_data_loopback_fifo
Compiling module xil_defaultlib.debouncer(SHIFT_REG_LEN=4)
Compiling module xpm.xpm_counter_updn(COUNTER_WIDTH=1...
Compiling module xpm.xpm_memory_base(MEMORY_TYPE=1,ME...
Compiling module xpm.xpm_cdc_gray(DEST_SYNC_FF=5,INIT...
Compiling module xpm.xpm_fifo_reg_vec(REG_WIDTH=12)
Compiling module xpm.xpm_cdc_gray(DEST_SYNC_FF=3,INIT...
Compiling module xpm.xpm_fifo_base(COMMON_CLOCK=0,WRI...
Compiling module xpm.xpm_cdc_gray(DEST_SYNC_FF=3,INIT...
Compiling module xpm.xpm_cdc_single(DEST_SYNC_FF=3,IN...
Compiling module xpm.xpm_fifo_axis(CLOCKING_MODE="ind...
Compiling module axis_data_fifo_v2_0_4.axis_data_fifo_v2_0_4_top(C_FAMI...
Compiling module xil_defaultlib.bb_interface_fifo
Compiling module xil_defaultlib.axi_stream_interface_default
Compiling module xil_defaultlib.axi_stream_gen(AXIS_TKEEP_WIDTH=...
Compiling module xil_defaultlib.axi_stream_gen_mon_0_default
Compiling module xil_defaultlib.mac_phy_ten_gig_eth_mac_ch0_0_bl...
Compiling module xil_defaultlib.mac_phy_ten_gig_eth_mac_ch0_0
Compiling module unisims_ver.GTHE3_COMMON(QPLL0_CFG0=16'b0110...
Compiling module xil_defaultlib.gtwizard_ultrascale_v1_7_9_gthe3...
Compiling module xil_defaultlib.mac_phy_ten_gig_eth_pcs_pma_ch0_...
Compiling module xil_defaultlib.mac_phy_ten_gig_eth_pcs_pma_ch0_...
Compiling module unisims_ver.IBUFDS_GTE3_default
Compiling module unisims_ver.BUFG_GT
Compiling module xil_defaultlib.mac_phy_ten_gig_eth_pcs_pma_ch0_...
Compiling module xil_defaultlib.mac_phy_ten_gig_eth_pcs_pma_ch0_...
Compiling module xil_defaultlib.mac_phy_ten_gig_eth_pcs_pma_ch0_...
Compiling module unisims_ver.x_lut1_mux2
Compiling module unisims_ver.LUT1
Compiling module unisims_ver.latchsre_ldce
Compiling module unisims_ver.LDCE
Compiling module xil_defaultlib.mac_phy_ten_gig_eth_pcs_pma_ch0_...
Compiling module xil_defaultlib.mac_phy_ten_gig_eth_pcs_pma_ch0_...
Compiling module xil_defaultlib.mac_phy_ten_gig_eth_pcs_pma_ch0_...
Compiling module unisims_ver.MUXCY
Compiling module unisims_ver.MUXCY_L
Compiling module xil_defaultlib.mac_phy_ten_gig_eth_pcs_pma_ch0_...
Compiling module unisims_ver.GTHE3_CHANNEL(ALIGN_COMMA_ENABLE...
Compiling module xil_defaultlib.gtwizard_ultrascale_v1_7_9_gthe3...
Compiling module xil_defaultlib.mac_phy_ten_gig_eth_pcs_pma_ch0_...
Compiling module gtwizard_ultrascale_v1_7_9.gtwizard_ultrascale_v1_7_9_bit_s...
Compiling module gtwizard_ultrascale_v1_7_9.gtwizard_ultrascale_v1_7_9_reset...
Compiling module gtwizard_ultrascale_v1_7_9.gtwizard_ultrascale_v1_7_9_reset...
Compiling module gtwizard_ultrascale_v1_7_9.gtwizard_ultrascale_v1_7_9_gtwiz...
Compiling module xil_defaultlib.mac_phy_ten_gig_eth_pcs_pma_ch0_...
Compiling module xil_defaultlib.mac_phy_ten_gig_eth_pcs_pma_ch0_...
Compiling module xil_defaultlib.mac_phy_ten_gig_eth_pcs_pma_ch0_...
Compiling module xil_defaultlib.mac_phy_ten_gig_eth_pcs_pma_ch0_...
Compiling module xil_defaultlib.mac_phy_ten_gig_eth_pcs_pma_ch0_...
Compiling module xil_defaultlib.mac_phy_ten_gig_eth_pcs_pma_ch0_...
Compiling module xil_defaultlib.mac_phy_ch0_imp_15CV18U
Compiling module xlconstant_v1_1_7.xlconstant_v1_1_7_xlconstant
Compiling module xil_defaultlib.mac_phy_xlconstant_1b0_0
Compiling module xil_defaultlib.mac_phy_xlconstant_1b1_0
Compiling module xlconstant_v1_1_7.xlconstant_v1_1_7_xlconstant(CON...
Compiling module xil_defaultlib.mac_phy_xlconstant_8b0_0
Compiling module xil_defaultlib.mac_phy
Compiling module xil_defaultlib.mac_phy_wrapper
Compiling module xil_defaultlib.kcu105_10gbaser_default
Compiling module xil_defaultlib.data_transfer_default
Compiling architecture synth of entity xbip_pipe_v3_0_6.xbip_pipe_v3_0_6_viv [\xbip_pipe_v3_0_6_viv(c_latency=...]
Compiling architecture synth of entity xbip_pipe_v3_0_6.xbip_pipe_v3_0_6_viv [\xbip_pipe_v3_0_6_viv(c_latency=...]
Compiling architecture synth of entity dds_compiler_v6_0_20.dds_compiler_v6_0_20_rdy [\dds_compiler_v6_0_20_rdy(c_has_...]
Compiling architecture synth of entity xbip_pipe_v3_0_6.xbip_pipe_v3_0_6_viv [\xbip_pipe_v3_0_6_viv(c_has_ce=1...]
Compiling architecture synth of entity xbip_pipe_v3_0_6.xbip_pipe_v3_0_6_viv [\xbip_pipe_v3_0_6_viv(c_has_ce=1...]
Compiling architecture synth of entity xbip_pipe_v3_0_6.xbip_pipe_v3_0_6_viv [\xbip_pipe_v3_0_6_viv(c_has_ce=1...]
Compiling architecture synth of entity xbip_pipe_v3_0_6.xbip_pipe_v3_0_6_viv [\xbip_pipe_v3_0_6_viv(c_latency=...]
Compiling architecture synth of entity dds_compiler_v6_0_20.pipe_add [\pipe_add(c_width=16,c_seg_width...]
Compiling architecture synth of entity dds_compiler_v6_0_20.accum [\accum(c_xdevicefamily="kintexu"...]
Compiling architecture synth of entity xbip_pipe_v3_0_6.xbip_pipe_v3_0_6_viv [\xbip_pipe_v3_0_6_viv(c_latency=...]
Compiling architecture synth of entity xbip_pipe_v3_0_6.xbip_pipe_v3_0_6_viv [\xbip_pipe_v3_0_6_viv(c_latency=...]
Compiling architecture synth of entity xbip_pipe_v3_0_6.xbip_pipe_v3_0_6_viv [\xbip_pipe_v3_0_6_viv(c_latency=...]
Compiling architecture synth of entity xbip_pipe_v3_0_6.xbip_pipe_v3_0_6_viv [\xbip_pipe_v3_0_6_viv(c_latency=...]
Compiling architecture synth of entity xbip_pipe_v3_0_6.xbip_pipe_v3_0_6_viv [\xbip_pipe_v3_0_6_viv(c_latency=...]
Compiling architecture synth of entity dds_compiler_v6_0_20.sin_cos [\sin_cos(c_xdevicefamily="kintex...]
Compiling architecture synth of entity xbip_pipe_v3_0_6.xbip_pipe_v3_0_6_viv [\xbip_pipe_v3_0_6_viv(c_has_ce=1...]
Compiling architecture synth of entity dds_compiler_v6_0_20.dds_compiler_v6_0_20_core [\dds_compiler_v6_0_20_core(c_xde...]
Compiling architecture synth of entity dds_compiler_v6_0_20.dds_compiler_v6_0_20_viv [\dds_compiler_v6_0_20_viv(c_xdev...]
Compiling architecture xilinx of entity dds_compiler_v6_0_20.dds_compiler_v6_0_20 [\dds_compiler_v6_0_20(c_xdevicef...]
Compiling architecture dds_ri_arch of entity xil_defaultlib.dds_ri [dds_ri_default]
Compiling architecture synth of entity xbip_pipe_v3_0_6.xbip_pipe_v3_0_6_viv [\xbip_pipe_v3_0_6_viv(c_latency=...]
Compiling architecture synth of entity dds_compiler_v6_0_20.dds_compiler_v6_0_20_rdy [\dds_compiler_v6_0_20_rdy(c_has_...]
Compiling architecture synth of entity xbip_pipe_v3_0_6.xbip_pipe_v3_0_6_viv [\xbip_pipe_v3_0_6_viv(c_latency=...]
Compiling architecture synth of entity xbip_pipe_v3_0_6.xbip_pipe_v3_0_6_viv [\xbip_pipe_v3_0_6_viv(c_has_ce=1...]
Compiling architecture synth of entity xbip_pipe_v3_0_6.xbip_pipe_v3_0_6_viv [\xbip_pipe_v3_0_6_viv(c_latency=...]
Compiling architecture synth of entity dds_compiler_v6_0_20.pipe_add [\pipe_add(c_width=16,c_num_segs=...]
Compiling architecture synth of entity dds_compiler_v6_0_20.accum [\accum(c_xdevicefamily="kintexu"...]
Compiling architecture synth of entity dds_compiler_v6_0_20.sin_cos [\sin_cos(c_xdevicefamily="kintex...]
Compiling architecture synth of entity dds_compiler_v6_0_20.dds_compiler_v6_0_20_core [\dds_compiler_v6_0_20_core(c_xde...]
Compiling architecture synth of entity dds_compiler_v6_0_20.dds_compiler_v6_0_20_viv [\dds_compiler_v6_0_20_viv(c_xdev...]
Compiling architecture xilinx of entity dds_compiler_v6_0_20.dds_compiler_v6_0_20 [\dds_compiler_v6_0_20(c_xdevicef...]
Compiling architecture dds_rq_arch of entity xil_defaultlib.dds_rq [dds_rq_default]
Compiling architecture lut2_v of entity unisim.LUT2 [\LUT2(init="1000")(0,3)\]
Compiling architecture mult_and_v of entity unisim.MULT_AND [mult_and_default]
Compiling architecture muxcy_v of entity unisim.MUXCY [muxcy_default]
Compiling architecture xorcy_v of entity unisim.XORCY [xorcy_default]
Compiling architecture xilinx of entity mult_gen_v12_0_16.op_resize [\op_resize(ao_width=19,bo_width=...]
Compiling architecture xilinx of entity mult_gen_v12_0_16.luts [\luts(c_xdevicefamily="kintexu",...]
Compiling architecture xilinx of entity mult_gen_v12_0_16.mult_gen_v12_0_16_viv [\mult_gen_v12_0_16_viv(c_verbosi...]
Compiling architecture xilinx of entity mult_gen_v12_0_16.mult_gen_v12_0_16 [\mult_gen_v12_0_16(c_xdevicefami...]
Compiling architecture mult_ddc_arch of entity xil_defaultlib.mult_ddc [mult_ddc_default]
Compiling architecture structural of entity c_reg_fd_v12_0_6.c_reg_fd_v12_0_6_viv [\c_reg_fd_v12_0_6_viv(c_width=32...]
Compiling architecture rtl of entity c_addsub_v12_0_14.c_addsub_v12_0_14_lut6_legacy [\c_addsub_v12_0_14_lut6_legacy(c...]
Compiling architecture synth of entity c_addsub_v12_0_14.c_addsub_v12_0_14_fabric_legacy [\c_addsub_v12_0_14_fabric_legacy...]
Compiling architecture synth of entity c_addsub_v12_0_14.c_addsub_v12_0_14_legacy [\c_addsub_v12_0_14_legacy(c_fami...]
Compiling architecture synth of entity c_addsub_v12_0_14.c_addsub_v12_0_14_viv [\c_addsub_v12_0_14_viv(c_xdevice...]
Compiling architecture xilinx of entity c_addsub_v12_0_14.c_addsub_v12_0_14 [\c_addsub_v12_0_14(c_xdevicefami...]
Compiling architecture add_ddc_arch of entity xil_defaultlib.add_ddc [add_ddc_default]
Compiling architecture rtl of entity c_addsub_v12_0_14.c_addsub_v12_0_14_lut6_legacy [\c_addsub_v12_0_14_lut6_legacy(c...]
Compiling architecture synth of entity c_addsub_v12_0_14.c_addsub_v12_0_14_fabric_legacy [\c_addsub_v12_0_14_fabric_legacy...]
Compiling architecture synth of entity c_addsub_v12_0_14.c_addsub_v12_0_14_legacy [\c_addsub_v12_0_14_legacy(c_fami...]
Compiling architecture synth of entity c_addsub_v12_0_14.c_addsub_v12_0_14_viv [\c_addsub_v12_0_14_viv(c_xdevice...]
Compiling architecture xilinx of entity c_addsub_v12_0_14.c_addsub_v12_0_14 [\c_addsub_v12_0_14(c_xdevicefami...]
Compiling architecture sub_ddc_arch of entity xil_defaultlib.sub_ddc [sub_ddc_default]
Compiling module axis_infrastructure_v1_1_0.axis_infrastructure_v1_1_0_util_...
Compiling module axis_infrastructure_v1_1_0.axis_infrastructure_v1_1_0_util_...
Compiling module axis_infrastructure_v1_1_0.axis_infrastructure_v1_1_0_util_...
Compiling module xpm.xpm_cdc_sync_rst(INIT=0,INIT_SYN...
Compiling module xpm.xpm_fifo_rst(CDC_DEST_SYNC_FF=3)
Compiling module xpm.xpm_memory_base(MEMORY_TYPE=1,ME...
Compiling module xpm.xpm_fifo_base(FIFO_WRITE_DEPTH=1...
Compiling module xpm.xpm_fifo_axis(FIFO_DEPTH=1024,TD...
Compiling module axis_data_fifo_v2_0_4.axis_data_fifo_v2_0_4_top(C_FAMI...
Compiling module xil_defaultlib.ddc_out_fifo
Compiling module xil_defaultlib.ddc
Compiling module xil_defaultlib.radio_receive_default
Compiling module xil_defaultlib.radio
Compiling module xil_defaultlib.eqam
Compiling module xil_defaultlib.descrambler
Compiling module xil_defaultlib.deintrlv
Compiling architecture xilinx of entity axi_utils_v2_0_6.glb_srl_fifo [\glb_srl_fifo(width=9,has_ifx=tr...]
Compiling architecture xilinx of entity rs_toolbox_v9_0_8.rs_ifx_slave [\rs_ifx_slave(width=9,has_ifx=tr...]
Compiling architecture xilinx of entity axi_utils_v2_0_6.glb_srl_fifo [\glb_srl_fifo(width=9,depth=4,ha...]
Compiling architecture xilinx of entity axi_utils_v2_0_6.glb_ifx_master [\glb_ifx_master(width=9,depth=4)...]
Compiling architecture ram64x1s_v of entity unisim.RAM64X1S [\RAM64X1S(init="1000000000000000...]
Compiling architecture synth of entity rs_toolbox_v9_0_8.cntre_d [\cntre_d(width=8)\]
Compiling architecture synth of entity rs_decoder_v9_0_17.sampler [\sampler(c_evaluation=1,c_num_ch...]
Compiling architecture synth of entity rs_toolbox_v9_0_8.gate_xor [\gate_xor(q_mode=0)\]
Compiling architecture synth of entity rs_toolbox_v9_0_8.gate_xor [\gate_xor(width=3,q_mode=0)\]
Compiling architecture synth of entity rs_toolbox_v9_0_8.gate_xor [\gate_xor(width=5,q_mode=0)\]
Compiling architecture synth of entity rs_toolbox_v9_0_8.gate_xor [\gate_xor(width=4,q_mode=0)\]
Compiling architecture synth of entity rs_toolbox_v9_0_8.gfcmul [\gfcmul(gfcx=(8,285,38,((2,(3,6,...]
Compiling architecture structural of entity c_reg_fd_v12_0_6.c_reg_fd_v12_0_6_viv [\c_reg_fd_v12_0_6_viv(c_width=8,...]
Compiling architecture synth of entity rs_toolbox_v9_0_8.rs_reg [\rs_reg(c_width=8,c_has_ce=1,c_h...]
Compiling architecture synth of entity rs_toolbox_v9_0_8.big_delay [\big_delay(c_family="kintexu",c_...]
Compiling architecture synth of entity rs_decoder_v9_0_17.scell [\scell(c_family="kintexu",c_xdev...]
Compiling architecture synth of entity rs_toolbox_v9_0_8.gfcmul [\gfcmul(gfcx=(8,285,19,((3,(0,4,...]
Compiling architecture synth of entity rs_decoder_v9_0_17.scell [\scell(c_family="kintexu",c_xdev...]
Compiling architecture synth of entity rs_toolbox_v9_0_8.gfcmul [\gfcmul(gfcx=(8,285,135,((3,(0,1...]
Compiling architecture synth of entity rs_decoder_v9_0_17.scell [\scell(c_family="kintexu",c_xdev...]
Compiling architecture synth of entity rs_toolbox_v9_0_8.gfcmul [\gfcmul(gfcx=(8,285,205,((4,(0,1...]
Compiling architecture synth of entity rs_decoder_v9_0_17.scell [\scell(c_family="kintexu",c_xdev...]
Compiling architecture synth of entity rs_toolbox_v9_0_8.gfcmul [\gfcmul(gfcx=(8,285,232,((4,(1,2...]
Compiling architecture synth of entity rs_decoder_v9_0_17.scell [\scell(c_family="kintexu",c_xdev...]
Compiling architecture synth of entity rs_toolbox_v9_0_8.gfcmul [\gfcmul(gfcx=(8,285,116,((3,(2,3...]
Compiling architecture synth of entity rs_decoder_v9_0_17.scell [\scell(c_family="kintexu",c_xdev...]
Compiling architecture synth of entity rs_toolbox_v9_0_8.gfcmul [\gfcmul(gfcx=(8,285,58,((3,(3,4,...]
Compiling architecture synth of entity rs_decoder_v9_0_17.scell [\scell(c_family="kintexu",c_xdev...]
Compiling architecture synth of entity rs_toolbox_v9_0_8.gfcmul [\gfcmul(gfcx=(8,285,29,((4,(0,4,...]
Compiling architecture synth of entity rs_decoder_v9_0_17.scell [\scell(c_family="kintexu",c_xdev...]
Compiling architecture synth of entity rs_toolbox_v9_0_8.gfcmul [\gfcmul(gfcx=(8,285,128,((4,(1,5...]
Compiling architecture synth of entity rs_decoder_v9_0_17.scell [\scell(c_family="kintexu",c_xdev...]
Compiling architecture synth of entity rs_toolbox_v9_0_8.gfcmul [\gfcmul(gfcx=(8,285,64,((3,(2,6,...]
Compiling architecture synth of entity rs_decoder_v9_0_17.scell [\scell(c_family="kintexu",c_xdev...]
Compiling architecture synth of entity rs_toolbox_v9_0_8.gate_xor [\gate_xor(width=1,q_mode=0)\]
Compiling architecture synth of entity rs_toolbox_v9_0_8.gfcmul [\gfcmul(gfcx=(8,285,32,((2,(3,7,...]
Compiling architecture synth of entity rs_decoder_v9_0_17.scell [\scell(c_family="kintexu",c_xdev...]
Compiling architecture synth of entity rs_toolbox_v9_0_8.gfcmul [\gfcmul(gfcx=(8,285,16,((1,(4,-2...]
Compiling architecture synth of entity rs_decoder_v9_0_17.scell [\scell(c_family="kintexu",c_xdev...]
Compiling architecture synth of entity rs_toolbox_v9_0_8.gfcmul [\gfcmul(gfcx=(8,285,8,((1,(5,-21...]
Compiling architecture synth of entity rs_decoder_v9_0_17.scell [\scell(c_family="kintexu",c_xdev...]
Compiling architecture synth of entity rs_toolbox_v9_0_8.gfcmul [\gfcmul(gfcx=(8,285,4,((1,(6,-21...]
Compiling architecture synth of entity rs_decoder_v9_0_17.scell [\scell(c_family="kintexu",c_xdev...]
Compiling architecture synth of entity rs_toolbox_v9_0_8.gfcmul [\gfcmul(gfcx=(8,285,2,((1,(7,-21...]
Compiling architecture synth of entity rs_decoder_v9_0_17.scell [\scell(c_family="kintexu",c_xdev...]
Compiling architecture struct of entity c_shift_ram_v12_0_14.c_shift_ram_v12_0_14_legacy [\c_shift_ram_v12_0_14_legacy(c_x...]
Compiling architecture synth of entity c_shift_ram_v12_0_14.c_shift_ram_v12_0_14_viv [\c_shift_ram_v12_0_14_viv(c_xdev...]
Compiling architecture synth of entity rs_toolbox_v9_0_8.shift_ram_delay [\shift_ram_delay(c_xdevicefamily...]
Compiling architecture synth of entity rs_toolbox_v9_0_8.lut_delay [\lut_delay(instance_name="sbd1",...]
Compiling architecture synth of entity rs_toolbox_v9_0_8.big_delay [\big_delay(c_family="kintexu",c_...]
Compiling architecture synth of entity rs_toolbox_v9_0_8.gfcmul [\gfcmul(gfcx=(8,285,1,((1,(0,-21...]
Compiling architecture synth of entity rs_decoder_v9_0_17.scell [\scell(c_family="kintexu",c_xdev...]
Compiling architecture structural of entity c_reg_fd_v12_0_6.c_reg_fd_v12_0_6_viv [\c_reg_fd_v12_0_6_viv(c_sync_pri...]
Compiling architecture synth of entity rs_toolbox_v9_0_8.rs_reg_bit [\rs_reg_bit(c_has_sclr=1,c_sync_...]
Compiling architecture synth of entity rs_toolbox_v9_0_8.big_delay [\big_delay(c_family="kintexu",c_...]
Compiling architecture structural of entity c_reg_fd_v12_0_6.c_reg_fd_v12_0_6_viv [\c_reg_fd_v12_0_6_viv(c_sync_pri...]
Compiling architecture synth of entity rs_toolbox_v9_0_8.rs_reg_bit [\rs_reg_bit(c_has_ce=0,c_has_scl...]
Compiling architecture synth of entity rs_decoder_v9_0_17.syndrome [\syndrome(c_family="kintexu",c_x...]
Compiling architecture synth of entity rs_toolbox_v9_0_8.cntre_a [\cntre_a(width=5,use_count_to=tr...]
Compiling architecture struct of entity c_compare_v12_0_6.c_compare_eq_ne [\c_compare_eq_ne(c_family="kinte...]
Compiling architecture synth of entity c_compare_v12_0_6.c_compare_v12_0_6_viv [\c_compare_v12_0_6_viv(c_family=...]
Compiling architecture synth of entity rs_toolbox_v9_0_8.rs_compare [\rs_compare(c_family="kintexu",i...]
Compiling architecture synth of entity rs_toolbox_v9_0_8.comp_eq [\comp_eq(c_family="kintexu",widt...]
Compiling architecture synth of entity c_compare_v12_0_6.c_compare_v12_0_6_viv [\c_compare_v12_0_6_viv(c_family=...]
Compiling architecture synth of entity rs_toolbox_v9_0_8.rs_compare [\rs_compare(c_family="kintexu",i...]
Compiling architecture synth of entity rs_toolbox_v9_0_8.comp_eq [\comp_eq(c_family="kintexu",widt...]
Compiling architecture synth of entity rs_toolbox_v9_0_8.cntre_a [\cntre_a(width=4,use_count_to=tr...]
Compiling architecture structural of entity c_reg_fd_v12_0_6.c_reg_fd_v12_0_6_viv [\c_reg_fd_v12_0_6_viv(c_width=8,...]
Compiling architecture synth of entity rs_toolbox_v9_0_8.rs_reg [\rs_reg(c_width=8,c_has_ce=1,c_s...]
Compiling architecture fdre_v of entity unisim.FDRE [fdre_default]
Compiling architecture fde_v of entity unisim.FDE [fde_default]
Compiling architecture synth of entity rs_decoder_v9_0_17.sr_length_unit_bit [\sr_length_unit_bit(c_has_co=tru...]
Compiling architecture synth of entity rs_decoder_v9_0_17.sr_length_unit_bit [\sr_length_unit_bit(c_has_co=fal...]
Compiling architecture synth of entity rs_decoder_v9_0_17.sr_length_unit [\sr_length_unit(w=5,c_has_ce=0,c...]
Compiling architecture synth of entity c_gate_bit_v12_0_6.c_gate_bit_tile [\c_gate_bit_tile(c_width_in=2,ci...]
Compiling architecture synth of entity c_gate_bit_v12_0_6.c_gate_bit_tier [\c_gate_bit_tier(c_width_in=2,c_...]
Compiling architecture synth of entity c_gate_bit_v12_0_6.c_gate_bit_v12_0_6_viv [\c_gate_bit_v12_0_6_viv(c_has_o=...]
Compiling architecture struct of entity c_compare_v12_0_6.c_compare_eq_ne [\c_compare_eq_ne(c_family="kinte...]
Compiling architecture synth of entity c_compare_v12_0_6.c_compare_v12_0_6_viv [\c_compare_v12_0_6_viv(c_family=...]
Compiling architecture synth of entity rs_toolbox_v9_0_8.rs_compare [\rs_compare(c_family="kintexu",i...]
Compiling architecture synth of entity rs_toolbox_v9_0_8.comp_neq [\comp_neq(c_family="kintexu",wid...]
Compiling architecture synth of entity rs_toolbox_v9_0_8.syncmem [\syncmem(width=8,reqd_depth=9,me...]
Compiling architecture synth of entity rs_toolbox_v9_0_8.rs_distributed_mem [\rs_distributed_mem(c_elaboratio...]
Compiling architecture synth of entity rs_toolbox_v9_0_8.syncmem [\syncmem(width=8,reqd_depth=9,me...]
Compiling architecture structural of entity c_reg_fd_v12_0_6.c_reg_fd_v12_0_6_viv [\c_reg_fd_v12_0_6_viv(c_sync_pri...]
Compiling architecture synth of entity rs_toolbox_v9_0_8.rs_reg_bit [\rs_reg_bit(c_has_ce=0,c_sync_en...]
Compiling architecture synth of entity rs_toolbox_v9_0_8.rs_distributed_mem [\rs_distributed_mem(c_elaboratio...]
Compiling architecture synth of entity rs_toolbox_v9_0_8.dp_syncmem [\dp_syncmem(width=8,reqd_depth=9...]
Compiling architecture structural of entity c_reg_fd_v12_0_6.c_reg_fd_v12_0_6_viv [\c_reg_fd_v12_0_6_viv(c_width=4,...]
Compiling architecture synth of entity rs_toolbox_v9_0_8.rs_reg [\rs_reg(c_width=4,c_has_ce=0,c_s...]
Compiling architecture struct of entity c_compare_v12_0_6.c_compare_lt_ge_gt_le [\c_compare_lt_ge_gt_le(c_data_ty...]
Compiling architecture struct of entity c_compare_v12_0_6.c_compare_carry_structure [\c_compare_carry_structure(c_dat...]
Compiling architecture synth of entity c_compare_v12_0_6.c_compare_v12_0_6_viv [\c_compare_v12_0_6_viv(c_family=...]
Compiling architecture synth of entity rs_toolbox_v9_0_8.rs_compare [\rs_compare(c_family="kintexu",i...]
Compiling architecture synth of entity rs_toolbox_v9_0_8.comp_lt [\comp_lt(c_family="kintexu",widt...]
Compiling architecture synth of entity rs_toolbox_v9_0_8.rs_distributed_mem [\rs_distributed_mem(c_elaboratio...]
Compiling architecture synth of entity rs_toolbox_v9_0_8.syncmem [\syncmem(width=8,reqd_depth=16,m...]
Compiling architecture struct of entity c_compare_v12_0_6.c_compare_eq_ne [\c_compare_eq_ne(c_family="kinte...]
Compiling architecture synth of entity c_compare_v12_0_6.c_compare_v12_0_6_viv [\c_compare_v12_0_6_viv(c_family=...]
Compiling architecture synth of entity rs_toolbox_v9_0_8.rs_compare [\rs_compare(c_family="kintexu",i...]
Compiling architecture synth of entity rs_toolbox_v9_0_8.comp_eq [\comp_eq(c_family="kintexu",widt...]
Compiling architecture structural of entity c_reg_fd_v12_0_6.c_reg_fd_v12_0_6_viv [\c_reg_fd_v12_0_6_viv(c_width=4,...]
Compiling architecture rtl of entity c_addsub_v12_0_14.c_addsub_v12_0_14_lut6_legacy [\c_addsub_v12_0_14_lut6_legacy(c...]
Compiling architecture synth of entity c_addsub_v12_0_14.c_addsub_v12_0_14_fabric_legacy [\c_addsub_v12_0_14_fabric_legacy...]
Compiling architecture synth of entity c_addsub_v12_0_14.c_addsub_v12_0_14_legacy [\c_addsub_v12_0_14_legacy(c_fami...]
Compiling architecture synth of entity c_counter_binary_v12_0_14.c_counter_binary_v12_0_14_legacy [\c_counter_binary_v12_0_14_legac...]
Compiling architecture synth of entity c_counter_binary_v12_0_14.c_counter_binary_v12_0_14_viv [\c_counter_binary_v12_0_14_viv(c...]
Compiling architecture synth of entity rs_toolbox_v9_0_8.rs_counter [\rs_counter(c_xdevicefamily="kin...]
Compiling architecture synth of entity rs_toolbox_v9_0_8.ud_cntre [\ud_cntre(c_xdevicefamily="kinte...]
Compiling architecture synth of entity c_compare_v12_0_6.c_compare_v12_0_6_viv [\c_compare_v12_0_6_viv(c_family=...]
Compiling architecture synth of entity rs_toolbox_v9_0_8.rs_compare [\rs_compare(c_family="kintexu",i...]
Compiling architecture synth of entity rs_toolbox_v9_0_8.comp_eq [\comp_eq(c_family="kintexu",widt...]
Compiling architecture structural of entity c_reg_fd_v12_0_6.c_reg_fd_v12_0_6_viv [\c_reg_fd_v12_0_6_viv(c_width=8,...]
Compiling architecture synth of entity rs_toolbox_v9_0_8.rs_reg [\rs_reg(c_width=8,c_has_ce=0,c_s...]
Compiling architecture synth of entity rs_toolbox_v9_0_8.big_delay [\big_delay(c_family="kintexu",c_...]
Compiling architecture synth of entity rs_toolbox_v9_0_8.xsop4_stage [\xsop4_stage(q_mode=0)\]
Compiling architecture synth of entity rs_toolbox_v9_0_8.gate_xsop [\gate_xsop(q_mode=0,c_family="ki...]
Compiling architecture synth of entity rs_toolbox_v9_0_8.xsop4_stage [\xsop4_stage(width=2,q_mode=0)\]
Compiling architecture synth of entity rs_toolbox_v9_0_8.gate_xsop [\gate_xsop(width=2,q_mode=0,c_fa...]
Compiling architecture synth of entity rs_toolbox_v9_0_8.xsop4_stage [\xsop4_stage(width=3,q_mode=0)\]
Compiling architecture synth of entity rs_toolbox_v9_0_8.gate_xsop [\gate_xsop(width=3,q_mode=0,c_fa...]
Compiling architecture synth of entity rs_toolbox_v9_0_8.xsop4_stage [\xsop4_stage(width=4,q_mode=0)\]
Compiling architecture synth of entity rs_toolbox_v9_0_8.gate_xsop [\gate_xsop(width=4,q_mode=0,c_fa...]
Compiling architecture synth of entity rs_toolbox_v9_0_8.gate_xsop [\gate_xsop(width=5,q_mode=0,c_fa...]
Compiling architecture synth of entity rs_toolbox_v9_0_8.gate_xsop [\gate_xsop(width=6,q_mode=0,c_fa...]
Compiling architecture synth of entity rs_toolbox_v9_0_8.gate_xsop [\gate_xsop(width=7,q_mode=0,c_fa...]
Compiling architecture synth of entity rs_toolbox_v9_0_8.gate_xsop [\gate_xsop(width=8,q_mode=0,c_fa...]
Compiling architecture synth of entity rs_toolbox_v9_0_8.gate_xor [\gate_xor(width=6,q_mode=0)\]
Compiling architecture synth of entity rs_toolbox_v9_0_8.gate_xor [\gate_xor(width=7,q_mode=0)\]
Compiling architecture synth of entity rs_toolbox_v9_0_8.gate_xor [\gate_xor(width=9,q_mode=0)\]
Compiling architecture synth of entity rs_toolbox_v9_0_8.gfmul [\gfmul(c_family="kintexu",c_xdev...]
Compiling architecture synth of entity rs_toolbox_v9_0_8.big_delay [\big_delay(c_family="kintexu",c_...]
Compiling architecture synth of entity rs_toolbox_v9_0_8.gate_xor [\gate_xor(width=7,q_mode=2)\]
Compiling architecture synth of entity rs_toolbox_v9_0_8.gate_xor [\gate_xor(width=6,q_mode=2)\]
Compiling architecture synth of entity rs_toolbox_v9_0_8.gate_xor [\gate_xor(width=8,q_mode=2)\]
Compiling architecture synth of entity rs_toolbox_v9_0_8.gate_xor [\gate_xor(width=10,q_mode=2)\]
Compiling architecture synth of entity rs_toolbox_v9_0_8.gfmac_mul [\gfmac_mul(c_family="kintexu",c_...]
Compiling architecture structural of entity c_reg_fd_v12_0_6.c_reg_fd_v12_0_6_viv [\c_reg_fd_v12_0_6_viv(c_width=8,...]
Compiling architecture synth of entity rs_toolbox_v9_0_8.rs_reg [\rs_reg(c_width=8,c_has_ce=1,c_h...]
Compiling architecture synth of entity rs_toolbox_v9_0_8.big_delay [\big_delay(c_family="kintexu",c_...]
Compiling architecture synth of entity rs_toolbox_v9_0_8.gfmac [\gfmac(c_family="kintexu",c_xdev...]
Compiling architecture structural of entity c_reg_fd_v12_0_6.c_reg_fd_v12_0_6_viv [\c_reg_fd_v12_0_6_viv(c_width=5,...]
Compiling architecture synth of entity rs_toolbox_v9_0_8.rs_reg [\rs_reg(c_width=5,c_has_ce=1,c_s...]
Compiling architecture synth of entity rs_decoder_v9_0_17.bma [\bma(c_k=239,c_n=255,c_polynomia...]
Compiling architecture synth of entity rs_toolbox_v9_0_8.gate_xor [\gate_xor(width=1,q_mode=1)\]
Compiling architecture synth of entity rs_toolbox_v9_0_8.gfcmul [\gfcmul(gfcx=(8,285,1,((1,(0,-21...]
Compiling architecture synth of entity rs_decoder_v9_0_17.csubcell [\csubcell(c_family="kintexu",c_x...]
Compiling architecture synth of entity rs_decoder_v9_0_17.ccell [\ccell(c_family="kintexu",c_xdev...]
Compiling architecture synth of entity rs_decoder_v9_0_17.csubcell [\csubcell(c_family="kintexu",c_x...]
Compiling architecture synth of entity rs_decoder_v9_0_17.ccell [\ccell(c_family="kintexu",c_xdev...]
Compiling architecture synth of entity rs_decoder_v9_0_17.csubcell [\csubcell(c_family="kintexu",c_x...]
Compiling architecture synth of entity rs_decoder_v9_0_17.ccell [\ccell(c_family="kintexu",c_xdev...]
Compiling architecture synth of entity rs_decoder_v9_0_17.csubcell [\csubcell(c_family="kintexu",c_x...]
Compiling architecture synth of entity rs_decoder_v9_0_17.ccell [\ccell(c_family="kintexu",c_xdev...]
Compiling architecture synth of entity rs_decoder_v9_0_17.csubcell [\csubcell(c_family="kintexu",c_x...]
Compiling architecture synth of entity rs_decoder_v9_0_17.ccell [\ccell(c_family="kintexu",c_xdev...]
Compiling architecture synth of entity rs_decoder_v9_0_17.csubcell [\csubcell(c_family="kintexu",c_x...]
Compiling architecture synth of entity rs_decoder_v9_0_17.ccell [\ccell(c_family="kintexu",c_xdev...]
Compiling architecture synth of entity rs_decoder_v9_0_17.csubcell [\csubcell(c_family="kintexu",c_x...]
Compiling architecture synth of entity rs_decoder_v9_0_17.ccell [\ccell(c_family="kintexu",c_xdev...]
Compiling architecture synth of entity rs_toolbox_v9_0_8.gate_xor [\gate_xor(width=8,q_mode=1)\]
Compiling architecture synth of entity rs_toolbox_v9_0_8.gate_xor [\gate_xor(width=4,q_mode=2)\]
Compiling architecture synth of entity rs_toolbox_v9_0_8.gate_xor [\gate_xor(width=6,q_mode=1)\]
Compiling architecture structural of entity c_reg_fd_v12_0_6.c_reg_fd_v12_0_6_viv [\c_reg_fd_v12_0_6_viv(c_ainit_va...]
Compiling architecture synth of entity rs_toolbox_v9_0_8.rs_reg_bit [\rs_reg_bit(c_ainit_val="1",c_ha...]
Compiling architecture synth of entity rs_toolbox_v9_0_8.cntre_a [\cntre_a(width=3,use_count_to=tr...]
Compiling architecture synth of entity rs_decoder_v9_0_17.csubcell [\csubcell(c_family="kintexu",c_x...]
Compiling architecture synth of entity rs_decoder_v9_0_17.ccell [\ccell(c_family="kintexu",c_xdev...]
Compiling architecture synth of entity rs_decoder_v9_0_17.csubcell [\csubcell(c_family="kintexu",c_x...]
Compiling architecture synth of entity rs_decoder_v9_0_17.ccell [\ccell(c_family="kintexu",c_xdev...]
Compiling architecture synth of entity c_gate_bit_v12_0_6.c_gate_bit_v12_0_6_viv [\c_gate_bit_v12_0_6_viv(c_has_o=...]
Compiling architecture structural of entity c_reg_fd_v12_0_6.c_reg_fd_v12_0_6_viv [\c_reg_fd_v12_0_6_viv(c_sync_pri...]
Compiling architecture struct of entity c_compare_v12_0_6.c_compare_eq_ne [\c_compare_eq_ne(c_family="kinte...]
Compiling architecture synth of entity c_compare_v12_0_6.c_compare_v12_0_6_viv [\c_compare_v12_0_6_viv(c_family=...]
Compiling architecture synth of entity rs_toolbox_v9_0_8.rs_compare [\rs_compare(c_family="kintexu",i...]
Compiling architecture synth of entity rs_toolbox_v9_0_8.comp_eq [\comp_eq(c_family="kintexu",widt...]
Compiling architecture structural of entity c_reg_fd_v12_0_6.c_reg_fd_v12_0_6_viv [\c_reg_fd_v12_0_6_viv(c_ainit_va...]
Compiling architecture synth of entity rs_toolbox_v9_0_8.rs_reg_bit [\rs_reg_bit(c_has_ce=0,c_ainit_v...]
Compiling architecture structural of entity c_reg_fd_v12_0_6.c_reg_fd_v12_0_6_viv [\c_reg_fd_v12_0_6_viv(c_sync_pri...]
Compiling architecture struct of entity c_compare_v12_0_6.c_compare_eq_ne [\c_compare_eq_ne(c_family="kinte...]
Compiling architecture synth of entity c_compare_v12_0_6.c_compare_v12_0_6_viv [\c_compare_v12_0_6_viv(c_family=...]
Compiling architecture synth of entity rs_toolbox_v9_0_8.rs_compare [\rs_compare(c_family="kintexu",i...]
Compiling architecture synth of entity rs_toolbox_v9_0_8.comp_eq [\comp_eq(c_family="kintexu",widt...]
Compiling architecture synth of entity rs_decoder_v9_0_17.chien [\chien(c_polynomial=285,c_symbol...]
Compiling architecture structural of entity c_reg_fd_v12_0_6.c_reg_fd_v12_0_6_viv [\c_reg_fd_v12_0_6_viv(c_width=11...]
Compiling architecture rtl of entity c_addsub_v12_0_14.c_addsub_v12_0_14_lut6_legacy [\c_addsub_v12_0_14_lut6_legacy(c...]
Compiling architecture synth of entity c_addsub_v12_0_14.c_addsub_v12_0_14_fabric_legacy [\c_addsub_v12_0_14_fabric_legacy...]
Compiling architecture synth of entity c_addsub_v12_0_14.c_addsub_v12_0_14_legacy [\c_addsub_v12_0_14_legacy(c_fami...]
Compiling architecture synth of entity c_counter_binary_v12_0_14.c_counter_binary_v12_0_14_legacy [\c_counter_binary_v12_0_14_legac...]
Compiling architecture synth of entity c_counter_binary_v12_0_14.c_counter_binary_v12_0_14_viv [\c_counter_binary_v12_0_14_viv(c...]
Compiling architecture synth of entity rs_toolbox_v9_0_8.rs_counter [\rs_counter(c_xdevicefamily="kin...]
Compiling architecture synth of entity rs_toolbox_v9_0_8.rs_block_mem [\rs_block_mem(c_family="kintexu"...]
Compiling architecture synth of entity rs_toolbox_v9_0_8.rs_sync_fifo [\rs_sync_fifo(c_family="kintexu"...]
Compiling architecture struct of entity c_shift_ram_v12_0_14.c_shift_ram_v12_0_14_legacy [\c_shift_ram_v12_0_14_legacy(c_x...]
Compiling architecture synth of entity c_shift_ram_v12_0_14.c_shift_ram_v12_0_14_viv [\c_shift_ram_v12_0_14_viv(c_xdev...]
Compiling architecture synth of entity rs_toolbox_v9_0_8.shift_ram_delay [\shift_ram_delay(c_xdevicefamily...]
Compiling architecture synth of entity rs_toolbox_v9_0_8.lut_delay [\lut_delay(c_xdevicefamily="kint...]
Compiling architecture synth of entity rs_toolbox_v9_0_8.big_delay [\big_delay(c_family="kintexu",c_...]
Compiling architecture synth of entity c_compare_v12_0_6.c_compare_v12_0_6_viv [\c_compare_v12_0_6_viv(c_family=...]
Compiling architecture synth of entity rs_toolbox_v9_0_8.rs_compare [\rs_compare(c_family="kintexu",i...]
Compiling architecture synth of entity rs_toolbox_v9_0_8.comp_eq [\comp_eq(c_family="kintexu",widt...]
Compiling architecture structural of entity c_reg_fd_v12_0_6.c_reg_fd_v12_0_6_viv [\c_reg_fd_v12_0_6_viv(c_sync_pri...]
Compiling architecture synth of entity rs_toolbox_v9_0_8.rs_reg_bit [\rs_reg_bit(c_sync_enable=0)(1,1...]
Compiling architecture structural of entity c_reg_fd_v12_0_6.c_reg_fd_v12_0_6_viv [\c_reg_fd_v12_0_6_viv(c_width=5,...]
Compiling architecture rtl of entity c_addsub_v12_0_14.c_addsub_v12_0_14_lut6_legacy [\c_addsub_v12_0_14_lut6_legacy(c...]
Compiling architecture synth of entity c_addsub_v12_0_14.c_addsub_v12_0_14_fabric_legacy [\c_addsub_v12_0_14_fabric_legacy...]
Compiling architecture synth of entity c_addsub_v12_0_14.c_addsub_v12_0_14_legacy [\c_addsub_v12_0_14_legacy(c_fami...]
Compiling architecture synth of entity c_counter_binary_v12_0_14.c_counter_binary_v12_0_14_legacy [\c_counter_binary_v12_0_14_legac...]
Compiling architecture synth of entity c_counter_binary_v12_0_14.c_counter_binary_v12_0_14_viv [\c_counter_binary_v12_0_14_viv(c...]
Compiling architecture synth of entity rs_toolbox_v9_0_8.rs_counter [\rs_counter(c_xdevicefamily="kin...]
Compiling architecture synth of entity rs_toolbox_v9_0_8.cntre_b [\cntre_b(c_xdevicefamily="kintex...]
Compiling architecture synth of entity rs_toolbox_v9_0_8.big_delay [\big_delay(c_family="kintexu",c_...]
Compiling architecture struct of entity c_compare_v12_0_6.c_compare_eq_ne [\c_compare_eq_ne(c_family="kinte...]
Compiling architecture synth of entity c_compare_v12_0_6.c_compare_v12_0_6_viv [\c_compare_v12_0_6_viv(c_family=...]
Compiling architecture synth of entity rs_toolbox_v9_0_8.rs_compare [\rs_compare(c_family="kintexu",i...]
Compiling architecture synth of entity rs_toolbox_v9_0_8.comp_neq_var [\comp_neq_var(width=5,q_mode=0,c...]
Compiling architecture struct of entity c_compare_v12_0_6.c_compare_eq_ne [\c_compare_eq_ne(c_family="kinte...]
Compiling architecture synth of entity c_compare_v12_0_6.c_compare_v12_0_6_viv [\c_compare_v12_0_6_viv(c_family=...]
Compiling architecture synth of entity rs_toolbox_v9_0_8.rs_compare [\rs_compare(c_family="kintexu",i...]
Compiling architecture synth of entity rs_toolbox_v9_0_8.comp_neq [\comp_neq(c_family="kintexu",wid...]
Compiling architecture struct of entity c_compare_v12_0_6.c_compare_eq_ne [\c_compare_eq_ne(c_family="kinte...]
Compiling architecture synth of entity c_compare_v12_0_6.c_compare_v12_0_6_viv [\c_compare_v12_0_6_viv(c_family=...]
Compiling architecture synth of entity rs_toolbox_v9_0_8.rs_compare [\rs_compare(c_family="kintexu",i...]
Compiling architecture synth of entity rs_toolbox_v9_0_8.rs_block_mem [\rs_block_mem(c_family="kintexu"...]
Compiling architecture synth of entity rs_toolbox_v9_0_8.rs_mem [\rs_mem(c_family="kintexu",c_xde...]
Compiling architecture synth of entity rs_toolbox_v9_0_8.syncmem [\syncmem(width=8,reqd_depth=256,...]
Compiling architecture synth of entity rs_toolbox_v9_0_8.gfinvrom [\gfinvrom(width=8,inverse_of=(0,...]
Compiling architecture synth of entity rs_toolbox_v9_0_8.gfinv [\gfinv(symbol_width=8,polynomial...]
Compiling architecture synth of entity rs_decoder_v9_0_17.forney [\forney(c_num_channels=1,c_polyn...]
Compiling architecture synth of entity rs_decoder_v9_0_17.rs_decoder_main [\rs_decoder_main(c_has_aclken=0,...]
Compiling architecture synth of entity rs_decoder_v9_0_17.rs_decoder_axi_wrapper [\rs_decoder_axi_wrapper(c_has_ac...]
Compiling architecture synth of entity rs_decoder_v9_0_17.rs_decoder_v9_0_17_viv [\rs_decoder_v9_0_17_viv(c_has_ac...]
Compiling architecture xilinx of entity rs_decoder_v9_0_17.rs_decoder_v9_0_17 [\rs_decoder_v9_0_17(c_has_areset...]
Compiling architecture rs_decoder_arch of entity xil_defaultlib.rs_decoder [rs_decoder_default]
Compiling module xil_defaultlib.crc24_calc_1bit
Compiling module xil_defaultlib.crc24_insert_1bit
Compiling module xil_defaultlib.crc_generator
Compiling module xil_defaultlib.crc_detector
Compiling module xil_defaultlib.mac_deblock
Compiling module xil_defaultlib.layer1_receive_default
Compiling module xil_defaultlib.layer1
Compiling module xil_defaultlib.tpu_pullstream
Compiling module xil_defaultlib.tpu_receive_default
Compiling module xil_defaultlib.tb
Compiling module xil_defaultlib.glbl
Built simulation snapshot tb_behav
