INFO: [VRFC 10-2263] Analyzing Verilog file "/home/caohy/work/tpu_total/tpu_double/tpu_receive/tpu_receive.srcs/sources_1/new/ddc_out_fifo/sim/ddc_out_fifo.v" into library xil_defaultlib
INFO: [VRFC 10-311] analyzing module ddc_out_fifo
INFO: [VRFC 10-2263] Analyzing Verilog file "/home/caohy/work/tpu_total/tpu_double/tpu_receive/tpu_receive.ip_user_files/bd/mac_phy/ip/mac_phy_xlconstant_1b0_0/sim/mac_phy_xlconstant_1b0_0.v" into library xil_defaultlib
INFO: [VRFC 10-311] analyzing module mac_phy_xlconstant_1b0_0
INFO: [VRFC 10-2263] Analyzing Verilog file "/home/caohy/work/tpu_total/tpu_double/tpu_receive/tpu_receive.ip_user_files/bd/mac_phy/ip/mac_phy_xlconstant_1b1_0/sim/mac_phy_xlconstant_1b1_0.v" into library xil_defaultlib
INFO: [VRFC 10-311] analyzing module mac_phy_xlconstant_1b1_0
INFO: [VRFC 10-2263] Analyzing Verilog file "/home/caohy/work/tpu_total/tpu_double/tpu_receive/tpu_receive.ip_user_files/bd/mac_phy/ip/mac_phy_xlconstant_8b0_0/sim/mac_phy_xlconstant_8b0_0.v" into library xil_defaultlib
INFO: [VRFC 10-311] analyzing module mac_phy_xlconstant_8b0_0
INFO: [VRFC 10-2263] Analyzing Verilog file "/home/caohy/work/tpu_total/tpu_double/tpu_receive/tpu_receive.ip_user_files/bd/mac_phy/ip/mac_phy_ten_gig_eth_mac_ch0_0/ten_gig_eth_mac_v15_1_1/hdl/mac_phy_ten_gig_eth_mac_ch0_0_core.v" into library xil_defaultlib
INFO: [VRFC 10-311] analyzing module mac_phy_ten_gig_eth_mac_ch0_0_core_top
INFO: [VRFC 10-2263] Analyzing Verilog file "/home/caohy/work/tpu_total/tpu_double/tpu_receive/tpu_receive.ip_user_files/bd/mac_phy/ip/mac_phy_ten_gig_eth_mac_ch0_0/synth/mac_phy_ten_gig_eth_mac_ch0_0_sync_resetn.v" into library xil_defaultlib
INFO: [VRFC 10-311] analyzing module mac_phy_ten_gig_eth_mac_ch0_0_sync_resetn
INFO: [VRFC 10-2263] Analyzing Verilog file "/home/caohy/work/tpu_total/tpu_double/tpu_receive/tpu_receive.ip_user_files/bd/mac_phy/ip/mac_phy_ten_gig_eth_mac_ch0_0/synth/mac_phy_ten_gig_eth_mac_ch0_0_block.v" into library xil_defaultlib
INFO: [VRFC 10-311] analyzing module mac_phy_ten_gig_eth_mac_ch0_0_block
INFO: [VRFC 10-2263] Analyzing Verilog file "/home/caohy/work/tpu_total/tpu_double/tpu_receive/tpu_receive.ip_user_files/bd/mac_phy/ip/mac_phy_ten_gig_eth_mac_ch0_0/synth/mac_phy_ten_gig_eth_mac_ch0_0.v" into library xil_defaultlib
INFO: [VRFC 10-311] analyzing module mac_phy_ten_gig_eth_mac_ch0_0
INFO: [VRFC 10-2263] Analyzing Verilog file "/home/caohy/work/tpu_total/tpu_double/tpu_receive/tpu_receive.ip_user_files/bd/mac_phy/ip/mac_phy_ten_gig_eth_pcs_pma_ch0_0/ip_0/sim/gtwizard_ultrascale_v1_7_gthe3_channel.v" into library xil_defaultlib
INFO: [VRFC 10-311] analyzing module gtwizard_ultrascale_v1_7_7_gthe3_channel
INFO: [VRFC 10-2263] Analyzing Verilog file "/home/caohy/work/tpu_total/tpu_double/tpu_receive/tpu_receive.ip_user_files/bd/mac_phy/ip/mac_phy_ten_gig_eth_pcs_pma_ch0_0/ip_0/sim/mac_phy_ten_gig_eth_pcs_pma_ch0_0_gt_gthe3_channel_wrapper.v" into library xil_defaultlib
INFO: [VRFC 10-311] analyzing module mac_phy_ten_gig_eth_pcs_pma_ch0_0_gt_gthe3_channel_wrapper
INFO: [VRFC 10-2263] Analyzing Verilog file "/home/caohy/work/tpu_total/tpu_double/tpu_receive/tpu_receive.ip_user_files/bd/mac_phy/ip/mac_phy_ten_gig_eth_pcs_pma_ch0_0/ip_0/sim/mac_phy_ten_gig_eth_pcs_pma_ch0_0_gt_gtwizard_gthe3.v" into library xil_defaultlib
INFO: [VRFC 10-311] analyzing module mac_phy_ten_gig_eth_pcs_pma_ch0_0_gt_gtwizard_gthe3
INFO: [VRFC 10-2263] Analyzing Verilog file "/home/caohy/work/tpu_total/tpu_double/tpu_receive/tpu_receive.ip_user_files/bd/mac_phy/ip/mac_phy_ten_gig_eth_pcs_pma_ch0_0/ip_0/sim/mac_phy_ten_gig_eth_pcs_pma_ch0_0_gt_gtwizard_top.v" into library xil_defaultlib
INFO: [VRFC 10-311] analyzing module mac_phy_ten_gig_eth_pcs_pma_ch0_0_gt_gtwizard_top
INFO: [VRFC 10-2263] Analyzing Verilog file "/home/caohy/work/tpu_total/tpu_double/tpu_receive/tpu_receive.ip_user_files/bd/mac_phy/ip/mac_phy_ten_gig_eth_pcs_pma_ch0_0/ip_0/sim/mac_phy_ten_gig_eth_pcs_pma_ch0_0_gt.v" into library xil_defaultlib
INFO: [VRFC 10-311] analyzing module mac_phy_ten_gig_eth_pcs_pma_ch0_0_gt
INFO: [VRFC 10-2263] Analyzing Verilog file "/home/caohy/work/tpu_total/tpu_double/tpu_receive/tpu_receive.ip_user_files/bd/mac_phy/ip/mac_phy_ten_gig_eth_pcs_pma_ch0_0/synth/mac_phy_ten_gig_eth_pcs_pma_ch0_0_ff_synchronizer_rst.v" into library xil_defaultlib
INFO: [VRFC 10-311] analyzing module mac_phy_ten_gig_eth_pcs_pma_ch0_0_ff_synchronizer_rst
INFO: [VRFC 10-2263] Analyzing Verilog file "/home/caohy/work/tpu_total/tpu_double/tpu_receive/tpu_receive.ip_user_files/bd/mac_phy/ip/mac_phy_ten_gig_eth_pcs_pma_ch0_0/synth/mac_phy_ten_gig_eth_pcs_pma_ch0_0_ff_synchronizer.v" into library xil_defaultlib
INFO: [VRFC 10-311] analyzing module mac_phy_ten_gig_eth_pcs_pma_ch0_0_ff_synchronizer
INFO: [VRFC 10-2263] Analyzing Verilog file "/home/caohy/work/tpu_total/tpu_double/tpu_receive/tpu_receive.ip_user_files/bd/mac_phy/ip/mac_phy_ten_gig_eth_pcs_pma_ch0_0/synth/mac_phy_ten_gig_eth_pcs_pma_ch0_0_local_clock_and_reset.v" into library xil_defaultlib
INFO: [VRFC 10-311] analyzing module mac_phy_ten_gig_eth_pcs_pma_ch0_0_local_clock_and_reset
INFO: [VRFC 10-2263] Analyzing Verilog file "/home/caohy/work/tpu_total/tpu_double/tpu_receive/tpu_receive.ip_user_files/bd/mac_phy/ip/mac_phy_ten_gig_eth_pcs_pma_ch0_0/synth/mac_phy_ten_gig_eth_pcs_pma_ch0_0_sim_speedup_controller.v" into library xil_defaultlib
INFO: [VRFC 10-311] analyzing module mac_phy_ten_gig_eth_pcs_pma_ch0_0_sim_speedup_controller
INFO: [VRFC 10-2263] Analyzing Verilog file "/home/caohy/work/tpu_total/tpu_double/tpu_receive/tpu_receive.ip_user_files/bd/mac_phy/ip/mac_phy_ten_gig_eth_pcs_pma_ch0_0/synth/mac_phy_ten_gig_eth_pcs_pma_ch0_0_cable_pull_logic.v" into library xil_defaultlib
INFO: [VRFC 10-311] analyzing module mac_phy_ten_gig_eth_pcs_pma_ch0_0_cable_pull_logic
INFO: [VRFC 10-2263] Analyzing Verilog file "/home/caohy/work/tpu_total/tpu_double/tpu_receive/tpu_receive.ip_user_files/bd/mac_phy/ip/mac_phy_ten_gig_eth_pcs_pma_ch0_0/synth/mac_phy_ten_gig_eth_pcs_pma_ch0_0_block.v" into library xil_defaultlib
INFO: [VRFC 10-311] analyzing module mac_phy_ten_gig_eth_pcs_pma_ch0_0_block
INFO: [VRFC 10-2263] Analyzing Verilog file "/home/caohy/work/tpu_total/tpu_double/tpu_receive/tpu_receive.ip_user_files/bd/mac_phy/ip/mac_phy_ten_gig_eth_pcs_pma_ch0_0/synth/mac_phy_ten_gig_eth_pcs_pma_ch0_0_support.v" into library xil_defaultlib
INFO: [VRFC 10-311] analyzing module mac_phy_ten_gig_eth_pcs_pma_ch0_0_support
INFO: [VRFC 10-2263] Analyzing Verilog file "/home/caohy/work/tpu_total/tpu_double/tpu_receive/tpu_receive.ip_user_files/bd/mac_phy/ip/mac_phy_ten_gig_eth_pcs_pma_ch0_0/synth/mac_phy_ten_gig_eth_pcs_pma_ch0_0_shared_clock_and_reset.v" into library xil_defaultlib
INFO: [VRFC 10-311] analyzing module mac_phy_ten_gig_eth_pcs_pma_ch0_0_shared_clock_and_reset
INFO: [VRFC 10-2263] Analyzing Verilog file "/home/caohy/work/tpu_total/tpu_double/tpu_receive/tpu_receive.ip_user_files/bd/mac_phy/ip/mac_phy_ten_gig_eth_pcs_pma_ch0_0/synth/gtwizard_ultrascale_v1_7_gthe3_common.v" into library xil_defaultlib
INFO: [VRFC 10-311] analyzing module gtwizard_ultrascale_v1_7_7_gthe3_common
INFO: [VRFC 10-2263] Analyzing Verilog file "/home/caohy/work/tpu_total/tpu_double/tpu_receive/tpu_receive.ip_user_files/bd/mac_phy/ip/mac_phy_ten_gig_eth_pcs_pma_ch0_0/synth/mac_phy_ten_gig_eth_pcs_pma_ch0_0_gt_common_wrapper.v" into library xil_defaultlib
INFO: [VRFC 10-311] analyzing module mac_phy_ten_gig_eth_pcs_pma_ch0_0_gt_common_wrapper
INFO: [VRFC 10-2263] Analyzing Verilog file "/home/caohy/work/tpu_total/tpu_double/tpu_receive/tpu_receive.ip_user_files/bd/mac_phy/ip/mac_phy_ten_gig_eth_pcs_pma_ch0_0/synth/mac_phy_ten_gig_eth_pcs_pma_ch0_0_gt_common.v" into library xil_defaultlib
INFO: [VRFC 10-311] analyzing module mac_phy_ten_gig_eth_pcs_pma_ch0_0_gt_common
INFO: [VRFC 10-2458] undeclared symbol GTHE3_COMMON_QPLL0PD, assumed default net type wire [/home/caohy/work/tpu_total/tpu_double/tpu_receive/tpu_receive.ip_user_files/bd/mac_phy/ip/mac_phy_ten_gig_eth_pcs_pma_ch0_0/synth/mac_phy_ten_gig_eth_pcs_pma_ch0_0_gt_common.v:117]
INFO: [VRFC 10-2458] undeclared symbol GTHE3_COMMON_QPLL1PD, assumed default net type wire [/home/caohy/work/tpu_total/tpu_double/tpu_receive/tpu_receive.ip_user_files/bd/mac_phy/ip/mac_phy_ten_gig_eth_pcs_pma_ch0_0/synth/mac_phy_ten_gig_eth_pcs_pma_ch0_0_gt_common.v:118]
INFO: [VRFC 10-2263] Analyzing Verilog file "/home/caohy/work/tpu_total/tpu_double/tpu_receive/tpu_receive.ip_user_files/bd/mac_phy/ip/mac_phy_ten_gig_eth_pcs_pma_ch0_0/synth/mac_phy_ten_gig_eth_pcs_pma_ch0_0_ff_synchronizer_rst2.v" into library xil_defaultlib
INFO: [VRFC 10-311] analyzing module mac_phy_ten_gig_eth_pcs_pma_ch0_0_ff_synchronizer_rst2
INFO: [VRFC 10-2263] Analyzing Verilog file "/home/caohy/work/tpu_total/tpu_double/tpu_receive/tpu_receive.ip_user_files/bd/mac_phy/ip/mac_phy_ten_gig_eth_pcs_pma_ch0_0/synth/mac_phy_ten_gig_eth_pcs_pma_ch0_0.v" into library xil_defaultlib
INFO: [VRFC 10-311] analyzing module mac_phy_ten_gig_eth_pcs_pma_ch0_0
INFO: [VRFC 10-2263] Analyzing Verilog file "/home/caohy/work/tpu_total/tpu_double/tpu_receive/tpu_receive.ip_user_files/bd/mac_phy/sim/mac_phy.v" into library xil_defaultlib
INFO: [VRFC 10-311] analyzing module mac_phy
INFO: [VRFC 10-311] analyzing module mac_phy_ch0_imp_15CV18U
INFO: [VRFC 10-2263] Analyzing Verilog file "/home/caohy/work/tpu_total/tpu_double/tpu_receive/tpu_receive.srcs/sources_1/new/bb_interface_fifo/sim/bb_interface_fifo.v" into library xil_defaultlib
INFO: [VRFC 10-311] analyzing module bb_interface_fifo
INFO: [VRFC 10-2263] Analyzing Verilog file "/home/caohy/work/tpu_total/tpu_double/tpu_receive/tpu_receive.srcs/sources_1/new/bb_data_loopback_fifo/sim/bb_data_loopback_fifo.v" into library xil_defaultlib
INFO: [VRFC 10-311] analyzing module bb_data_loopback_fifo
INFO: [VRFC 10-2263] Analyzing Verilog file "/home/caohy/work/tpu_total/tpu_double/tpu_receive/tpu_receive.srcs/sources_1/ip/tpu_receive_clock/tpu_receive_clock_clk_wiz.v" into library xil_defaultlib
INFO: [VRFC 10-311] analyzing module tpu_receive_clock_clk_wiz
INFO: [VRFC 10-2263] Analyzing Verilog file "/home/caohy/work/tpu_total/tpu_double/tpu_receive/tpu_receive.srcs/sources_1/ip/tpu_receive_clock/tpu_receive_clock.v" into library xil_defaultlib
INFO: [VRFC 10-311] analyzing module tpu_receive_clock
INFO: [VRFC 10-2263] Analyzing Verilog file "/home/caohy/work/tpu_total/tpu_double/tpu_receive/tpu_receive.srcs/sources_1/new/crc24_calc_1bit.v" into library xil_defaultlib
INFO: [VRFC 10-311] analyzing module crc24_calc_1bit
INFO: [VRFC 10-2263] Analyzing Verilog file "/home/caohy/work/tpu_total/tpu_double/tpu_receive/tpu_receive.srcs/sources_1/new/crc24_insert_1bit.v" into library xil_defaultlib
INFO: [VRFC 10-311] analyzing module crc24_insert_1bit
INFO: [VRFC 10-2263] Analyzing Verilog file "/home/caohy/work/tpu_total/tpu_double/tpu_receive/tpu_receive.srcs/sources_1/new/mac_phy_wrapper.v" into library xil_defaultlib
INFO: [VRFC 10-311] analyzing module mac_phy_wrapper
