
*** Running vivado
    with args -log mult_ddc.vds -m64 -product Vivado -mode batch -messageDb vivado.pb -notrace -source mult_ddc.tcl


****** Vivado v2019.2 (64-bit)
  **** SW Build 2708876 on Wed Nov  6 21:39:14 MST 2019
  **** IP Build 2700528 on Thu Nov  7 00:09:20 MST 2019
    ** Copyright 1986-2019 Xilinx, Inc. All Rights Reserved.

source mult_ddc.tcl -notrace
Command: synth_design -top mult_ddc -part xcku040-ffva1156-2-e -mode out_of_context
Starting synth_design
Attempting to get a license for feature 'Synthesis' and/or device 'xcku040'
INFO: [Common 17-349] Got license for feature 'Synthesis' and/or device 'xcku040'
INFO: [Device 21-403] Loading part xcku040-ffva1156-2-e
INFO: Launching helper process for spawning children vivado processes
INFO: Helper process launched with PID 10218 
---------------------------------------------------------------------------------
Starting RTL Elaboration : Time (s): cpu = 00:00:03 ; elapsed = 00:00:22 . Memory (MB): peak = 2241.691 ; gain = 197.715 ; free physical = 38349 ; free virtual = 45236
---------------------------------------------------------------------------------
INFO: [Synth 8-638] synthesizing module 'mult_ddc' [/home/caohy/tpu_kcu105/tpu.srcs/sources_1/ip/mult_ddc/synth/mult_ddc.vhd:68]
WARNING: [Synth 8-5640] Port 'zero_detect' is missing in component declaration [/home/caohy/tpu_kcu105/tpu.srcs/sources_1/ip/mult_ddc/synth/mult_ddc.vhd:71]
WARNING: [Synth 8-5640] Port 'pcasc' is missing in component declaration [/home/caohy/tpu_kcu105/tpu.srcs/sources_1/ip/mult_ddc/synth/mult_ddc.vhd:71]
	Parameter C_VERBOSITY bound to: 0 - type: integer 
	Parameter C_MODEL_TYPE bound to: 0 - type: integer 
	Parameter C_OPTIMIZE_GOAL bound to: 1 - type: integer 
	Parameter C_XDEVICEFAMILY bound to: kintexu - type: string 
	Parameter C_HAS_CE bound to: 0 - type: integer 
	Parameter C_HAS_SCLR bound to: 0 - type: integer 
	Parameter C_LATENCY bound to: 1 - type: integer 
	Parameter C_A_WIDTH bound to: 16 - type: integer 
	Parameter C_A_TYPE bound to: 0 - type: integer 
	Parameter C_B_WIDTH bound to: 16 - type: integer 
	Parameter C_B_TYPE bound to: 0 - type: integer 
	Parameter C_OUT_HIGH bound to: 31 - type: integer 
	Parameter C_OUT_LOW bound to: 0 - type: integer 
	Parameter C_MULT_TYPE bound to: 0 - type: integer 
	Parameter C_CE_OVERRIDES_SCLR bound to: 0 - type: integer 
	Parameter C_CCM_IMP bound to: 0 - type: integer 
	Parameter C_B_VALUE bound to: 10000001 - type: string 
	Parameter C_HAS_ZERO_DETECT bound to: 0 - type: integer 
	Parameter C_ROUND_OUTPUT bound to: 0 - type: integer 
	Parameter C_ROUND_PT bound to: 0 - type: integer 
INFO: [Synth 8-3491] module 'mult_gen_v12_0_16' declared at '/home/caohy/tpu_kcu105/tpu.srcs/sources_1/ip/mult_ddc/hdl/mult_gen_v12_0_vh_rfs.vhd:21013' bound to instance 'U0' of component 'mult_gen_v12_0_16' [/home/caohy/tpu_kcu105/tpu.srcs/sources_1/ip/mult_ddc/synth/mult_ddc.vhd:120]
INFO: [Synth 8-256] done synthesizing module 'mult_ddc' (5#1) [/home/caohy/tpu_kcu105/tpu.srcs/sources_1/ip/mult_ddc/synth/mult_ddc.vhd:68]
WARNING: [Synth 8-3331] design mult_gen_v12_0_16_viv has unconnected port CE
WARNING: [Synth 8-3331] design mult_gen_v12_0_16_viv has unconnected port SCLR
---------------------------------------------------------------------------------
Finished RTL Elaboration : Time (s): cpu = 00:00:05 ; elapsed = 00:00:26 . Memory (MB): peak = 2323.410 ; gain = 279.434 ; free physical = 38362 ; free virtual = 45259
---------------------------------------------------------------------------------

Report Check Netlist: 
+------+------------------+-------+---------+-------+------------------+
|      |Item              |Errors |Warnings |Status |Description       |
+------+------------------+-------+---------+-------+------------------+
|1     |multi_driven_nets |      0|        0|Passed |Multi driven nets |
+------+------------------+-------+---------+-------+------------------+
---------------------------------------------------------------------------------
Start Handling Custom Attributes
---------------------------------------------------------------------------------
---------------------------------------------------------------------------------
Finished Handling Custom Attributes : Time (s): cpu = 00:00:06 ; elapsed = 00:00:27 . Memory (MB): peak = 2323.410 ; gain = 279.434 ; free physical = 38096 ; free virtual = 44993
---------------------------------------------------------------------------------
---------------------------------------------------------------------------------
Finished RTL Optimization Phase 1 : Time (s): cpu = 00:00:06 ; elapsed = 00:00:27 . Memory (MB): peak = 2323.410 ; gain = 279.434 ; free physical = 38096 ; free virtual = 44993
---------------------------------------------------------------------------------
Netlist sorting complete. Time (s): cpu = 00:00:00.01 ; elapsed = 00:00:00.01 . Memory (MB): peak = 2333.316 ; gain = 0.000 ; free physical = 38060 ; free virtual = 44957
INFO: [Netlist 29-17] Analyzing 416 Unisim elements for replacement
INFO: [Netlist 29-28] Unisim Transformation completed in 0 CPU seconds
INFO: [Project 1-570] Preparing netlist for logic optimization

Processing XDC Constraints
Initializing timing engine
Parsing XDC File [/home/caohy/tpu_kcu105/tpu.srcs/sources_1/ip/mult_ddc/mult_ddc_ooc.xdc] for cell 'U0'
Finished Parsing XDC File [/home/caohy/tpu_kcu105/tpu.srcs/sources_1/ip/mult_ddc/mult_ddc_ooc.xdc] for cell 'U0'
Parsing XDC File [/home/caohy/tpu_kcu105/tpu.runs/mult_ddc_synth_1/dont_touch.xdc]
Finished Parsing XDC File [/home/caohy/tpu_kcu105/tpu.runs/mult_ddc_synth_1/dont_touch.xdc]
Completed Processing XDC Constraints

Netlist sorting complete. Time (s): cpu = 00:00:00 ; elapsed = 00:00:00 . Memory (MB): peak = 2493.160 ; gain = 0.000 ; free physical = 38073 ; free virtual = 44970
INFO: [Project 1-111] Unisim Transformation Summary:
  A total of 136 instances were transformed.
  MULT_AND => LUT2: 136 instances

Constraint Validation Runtime : Time (s): cpu = 00:00:00.02 ; elapsed = 00:00:00.04 . Memory (MB): peak = 2493.160 ; gain = 0.000 ; free physical = 38085 ; free virtual = 44982
---------------------------------------------------------------------------------
Finished Constraint Validation : Time (s): cpu = 00:00:11 ; elapsed = 00:00:34 . Memory (MB): peak = 2493.160 ; gain = 449.184 ; free physical = 38165 ; free virtual = 45103
---------------------------------------------------------------------------------
---------------------------------------------------------------------------------
Start Loading Part and Timing Information
---------------------------------------------------------------------------------
Loading part: xcku040-ffva1156-2-e
INFO: [Synth 8-6742] Reading net delay rules and data
---------------------------------------------------------------------------------
Finished Loading Part and Timing Information : Time (s): cpu = 00:00:11 ; elapsed = 00:00:34 . Memory (MB): peak = 2493.160 ; gain = 449.184 ; free physical = 38170 ; free virtual = 45107
---------------------------------------------------------------------------------
---------------------------------------------------------------------------------
Start Applying 'set_property' XDC Constraints
---------------------------------------------------------------------------------
Applied set_property DONT_TOUCH = true for U0. (constraint file  /home/caohy/tpu_kcu105/tpu.runs/mult_ddc_synth_1/dont_touch.xdc, line 9).
---------------------------------------------------------------------------------
Finished applying 'set_property' XDC Constraints : Time (s): cpu = 00:00:11 ; elapsed = 00:00:34 . Memory (MB): peak = 2493.160 ; gain = 449.184 ; free physical = 38177 ; free virtual = 45114
---------------------------------------------------------------------------------
---------------------------------------------------------------------------------
Finished RTL Optimization Phase 2 : Time (s): cpu = 00:00:12 ; elapsed = 00:00:35 . Memory (MB): peak = 2493.160 ; gain = 449.184 ; free physical = 38131 ; free virtual = 45069
---------------------------------------------------------------------------------

Report RTL Partitions: 
+-+--------------+------------+----------+
| |RTL Partition |Replication |Instances |
+-+--------------+------------+----------+
+-+--------------+------------+----------+
---------------------------------------------------------------------------------
Start RTL Component Statistics 
---------------------------------------------------------------------------------
---------------------------------------------------------------------------------
Finished RTL Component Statistics 
---------------------------------------------------------------------------------
---------------------------------------------------------------------------------
Start RTL Hierarchical Component Statistics 
---------------------------------------------------------------------------------
---------------------------------------------------------------------------------
Finished RTL Hierarchical Component Statistics
---------------------------------------------------------------------------------
---------------------------------------------------------------------------------
Start Part Resource Summary
---------------------------------------------------------------------------------
Part Resources:
DSPs: 1920 (col length:120)
BRAMs: 1200 (col length: RAMB18 120 RAMB36 60)
---------------------------------------------------------------------------------
Finished Part Resource Summary
---------------------------------------------------------------------------------
---------------------------------------------------------------------------------
Start Cross Boundary and Area Optimization
---------------------------------------------------------------------------------
Warning: Parallel synthesis criteria is not met 
WARNING: [Synth 8-3331] design mult_gen_v12_0_16_viv has unconnected port CE
WARNING: [Synth 8-3331] design mult_gen_v12_0_16_viv has unconnected port SCLR
---------------------------------------------------------------------------------
Finished Cross Boundary and Area Optimization : Time (s): cpu = 00:00:13 ; elapsed = 00:00:36 . Memory (MB): peak = 2493.160 ; gain = 449.184 ; free physical = 37952 ; free virtual = 44893
---------------------------------------------------------------------------------

Report RTL Partitions: 
+-+--------------+------------+----------+
| |RTL Partition |Replication |Instances |
+-+--------------+------------+----------+
+-+--------------+------------+----------+
---------------------------------------------------------------------------------
Start Applying XDC Timing Constraints
---------------------------------------------------------------------------------
---------------------------------------------------------------------------------
Finished Applying XDC Timing Constraints : Time (s): cpu = 00:00:26 ; elapsed = 00:01:07 . Memory (MB): peak = 2493.160 ; gain = 449.184 ; free physical = 35258 ; free virtual = 42253
---------------------------------------------------------------------------------
---------------------------------------------------------------------------------
Start Timing Optimization
---------------------------------------------------------------------------------
---------------------------------------------------------------------------------
Finished Timing Optimization : Time (s): cpu = 00:00:26 ; elapsed = 00:01:07 . Memory (MB): peak = 2493.160 ; gain = 449.184 ; free physical = 35248 ; free virtual = 42244
---------------------------------------------------------------------------------

Report RTL Partitions: 
+-+--------------+------------+----------+
| |RTL Partition |Replication |Instances |
+-+--------------+------------+----------+
+-+--------------+------------+----------+
---------------------------------------------------------------------------------
Start Technology Mapping
---------------------------------------------------------------------------------
---------------------------------------------------------------------------------
Finished Technology Mapping : Time (s): cpu = 00:00:27 ; elapsed = 00:01:07 . Memory (MB): peak = 2495.043 ; gain = 451.066 ; free physical = 35239 ; free virtual = 42235
---------------------------------------------------------------------------------

Report RTL Partitions: 
+-+--------------+------------+----------+
| |RTL Partition |Replication |Instances |
+-+--------------+------------+----------+
+-+--------------+------------+----------+
---------------------------------------------------------------------------------
Start IO Insertion
---------------------------------------------------------------------------------
---------------------------------------------------------------------------------
Start Flattening Before IO Insertion
---------------------------------------------------------------------------------
---------------------------------------------------------------------------------
Finished Flattening Before IO Insertion
---------------------------------------------------------------------------------
---------------------------------------------------------------------------------
Start Final Netlist Cleanup
---------------------------------------------------------------------------------
---------------------------------------------------------------------------------
Finished Final Netlist Cleanup
---------------------------------------------------------------------------------
---------------------------------------------------------------------------------
Finished IO Insertion : Time (s): cpu = 00:00:30 ; elapsed = 00:01:11 . Memory (MB): peak = 2510.887 ; gain = 466.910 ; free physical = 36015 ; free virtual = 43012
---------------------------------------------------------------------------------
---------------------------------------------------------------------------------
Start Renaming Generated Instances
---------------------------------------------------------------------------------
---------------------------------------------------------------------------------
Finished Renaming Generated Instances : Time (s): cpu = 00:00:30 ; elapsed = 00:01:11 . Memory (MB): peak = 2510.887 ; gain = 466.910 ; free physical = 36015 ; free virtual = 43012
---------------------------------------------------------------------------------

Report RTL Partitions: 
+-+--------------+------------+----------+
| |RTL Partition |Replication |Instances |
+-+--------------+------------+----------+
+-+--------------+------------+----------+

Report Check Netlist: 
+------+------------------+-------+---------+-------+------------------+
|      |Item              |Errors |Warnings |Status |Description       |
+------+------------------+-------+---------+-------+------------------+
|1     |multi_driven_nets |      0|        0|Passed |Multi driven nets |
+------+------------------+-------+---------+-------+------------------+
---------------------------------------------------------------------------------
Start Rebuilding User Hierarchy
---------------------------------------------------------------------------------
---------------------------------------------------------------------------------
Finished Rebuilding User Hierarchy : Time (s): cpu = 00:00:30 ; elapsed = 00:01:11 . Memory (MB): peak = 2510.887 ; gain = 466.910 ; free physical = 36058 ; free virtual = 43055
---------------------------------------------------------------------------------
---------------------------------------------------------------------------------
Start Renaming Generated Ports
---------------------------------------------------------------------------------
---------------------------------------------------------------------------------
Finished Renaming Generated Ports : Time (s): cpu = 00:00:30 ; elapsed = 00:01:11 . Memory (MB): peak = 2510.887 ; gain = 466.910 ; free physical = 36088 ; free virtual = 43085
---------------------------------------------------------------------------------
---------------------------------------------------------------------------------
Start Handling Custom Attributes
---------------------------------------------------------------------------------
---------------------------------------------------------------------------------
Finished Handling Custom Attributes : Time (s): cpu = 00:00:30 ; elapsed = 00:01:11 . Memory (MB): peak = 2510.887 ; gain = 466.910 ; free physical = 36134 ; free virtual = 43131
---------------------------------------------------------------------------------
---------------------------------------------------------------------------------
Start Renaming Generated Nets
---------------------------------------------------------------------------------
---------------------------------------------------------------------------------
Finished Renaming Generated Nets : Time (s): cpu = 00:00:30 ; elapsed = 00:01:11 . Memory (MB): peak = 2510.887 ; gain = 466.910 ; free physical = 36136 ; free virtual = 43133
---------------------------------------------------------------------------------
---------------------------------------------------------------------------------
Start Writing Synthesis Report
---------------------------------------------------------------------------------

Report BlackBoxes: 
+-+--------------+----------+
| |BlackBox name |Instances |
+-+--------------+----------+
+-+--------------+----------+

Report Cell Usage: 
+------+---------+------+
|      |Cell     |Count |
+------+---------+------+
|1     |CARRY8   |    21|
|2     |LUT1     |     6|
|3     |LUT2     |   145|
|4     |LUT3     |    16|
|5     |LUT4     |   120|
|6     |MULT_AND |   135|
|7     |MUXCY    |   136|
|8     |XORCY    |   144|
|9     |FDRE     |    32|
+------+---------+------+
---------------------------------------------------------------------------------
Finished Writing Synthesis Report : Time (s): cpu = 00:00:30 ; elapsed = 00:01:11 . Memory (MB): peak = 2510.887 ; gain = 466.910 ; free physical = 36136 ; free virtual = 43133
---------------------------------------------------------------------------------
Synthesis finished with 0 errors, 0 critical warnings and 2 warnings.
Synthesis Optimization Runtime : Time (s): cpu = 00:00:29 ; elapsed = 00:01:09 . Memory (MB): peak = 2510.887 ; gain = 297.160 ; free physical = 36163 ; free virtual = 43160
Synthesis Optimization Complete : Time (s): cpu = 00:00:30 ; elapsed = 00:01:11 . Memory (MB): peak = 2510.895 ; gain = 466.910 ; free physical = 36165 ; free virtual = 43162
INFO: [Project 1-571] Translating synthesized netlist
Netlist sorting complete. Time (s): cpu = 00:00:00 ; elapsed = 00:00:00.01 . Memory (MB): peak = 2510.895 ; gain = 0.000 ; free physical = 36162 ; free virtual = 43159
INFO: [Netlist 29-17] Analyzing 436 Unisim elements for replacement
INFO: [Netlist 29-28] Unisim Transformation completed in 0 CPU seconds
INFO: [Project 1-570] Preparing netlist for logic optimization
INFO: [Opt 31-138] Pushed 0 inverter(s) to 0 load pin(s).
Netlist sorting complete. Time (s): cpu = 00:00:00 ; elapsed = 00:00:00 . Memory (MB): peak = 2540.605 ; gain = 0.000 ; free physical = 36536 ; free virtual = 43526
INFO: [Project 1-111] Unisim Transformation Summary:
  A total of 159 instances were transformed.
  (CARRY4) => CARRY8: 24 instances
  MULT_AND => LUT2: 135 instances

INFO: [Common 17-83] Releasing license: Synthesis
17 Infos, 6 Warnings, 0 Critical Warnings and 0 Errors encountered.
synth_design completed successfully
synth_design: Time (s): cpu = 00:00:39 ; elapsed = 00:01:41 . Memory (MB): peak = 2540.605 ; gain = 974.434 ; free physical = 36840 ; free virtual = 43832
Netlist sorting complete. Time (s): cpu = 00:00:00 ; elapsed = 00:00:00 . Memory (MB): peak = 2540.605 ; gain = 0.000 ; free physical = 36844 ; free virtual = 43835
WARNING: [Constraints 18-5210] No constraints selected for write.
Resolution: This message can indicate that there are no constraints for the design, or it can indicate that the used_in flags are set such that the constraints are ignored. This later case is used when running synth_design to not write synthesis constraints to the resulting checkpoint. Instead, project constraints are read when the synthesized design is opened.
INFO: [Common 17-1381] The checkpoint '/home/caohy/tpu_kcu105/tpu.runs/mult_ddc_synth_1/mult_ddc.dcp' has been generated.
WARNING: [Common 17-576] 'use_project_ipc' is deprecated. This option is deprecated and no longer used.
INFO: [Coretcl 2-1648] Added synthesis output to IP cache for IP mult_ddc, cache-ID = 3651a091ce026b9f
INFO: [Coretcl 2-1174] Renamed 3 cell refs.
Netlist sorting complete. Time (s): cpu = 00:00:00 ; elapsed = 00:00:00 . Memory (MB): peak = 2546.543 ; gain = 0.000 ; free physical = 41408 ; free virtual = 48386
WARNING: [Constraints 18-5210] No constraints selected for write.
Resolution: This message can indicate that there are no constraints for the design, or it can indicate that the used_in flags are set such that the constraints are ignored. This later case is used when running synth_design to not write synthesis constraints to the resulting checkpoint. Instead, project constraints are read when the synthesized design is opened.
INFO: [Common 17-1381] The checkpoint '/home/caohy/tpu_kcu105/tpu.runs/mult_ddc_synth_1/mult_ddc.dcp' has been generated.
INFO: [runtcl-4] Executing : report_utilization -file mult_ddc_utilization_synth.rpt -pb mult_ddc_utilization_synth.pb
INFO: [Common 17-206] Exiting Vivado at Wed May 20 01:51:21 2020...
