#-----------------------------------------------------------
# Vivado v2019.2 (64-bit)
# SW Build 2708876 on Wed Nov  6 21:39:14 MST 2019
# IP Build 2700528 on Thu Nov  7 00:09:20 MST 2019
# Start of session at: Sun May 17 20:35:16 2020
# Process ID: 2414
# Current directory: /home/caohy/tpu
# Command line: vivado
# Log file: /home/caohy/tpu/vivado.log
# Journal file: /home/caohy/tpu/vivado.jou
#-----------------------------------------------------------
start_gui
open_project /home/caohy/tpu/tpu.xpr
Scanning sources...
Finished scanning sources
INFO: [IP_Flow 19-234] Refreshing IP repositories
INFO: [IP_Flow 19-1704] No user IP repositories specified
INFO: [IP_Flow 19-2313] Loaded Vivado IP repository '/tools/Xilinx/Vivado/2019.2/data/ip'.
open_project: Time (s): cpu = 00:00:19 ; elapsed = 00:00:23 . Memory (MB): peak = 6795.586 ; gain = 233.340 ; free physical = 60578 ; free virtual = 64096
update_compile_order -fileset sources_1
exit
INFO: [Common 17-206] Exiting Vivado at Sun May 17 22:19:57 2020...
