#-----------------------------------------------------------
# Vivado v2019.2 (64-bit)
# SW Build 2708876 on Wed Nov  6 21:39:14 MST 2019
# IP Build 2700528 on Thu Nov  7 00:09:20 MST 2019
# Start of session at: Fri Jun 19 02:17:38 2020
# Process ID: 27554
# Current directory: /home/caohy/work/tpu
# Command line: vivado
# Log file: /home/caohy/work/tpu/vivado.log
# Journal file: /home/caohy/work/tpu/vivado.jou
#-----------------------------------------------------------
start_gui
open_project /home/caohy/work/tpu/tpu.xpr
INFO: [Project 1-313] Project file moved from '/home/caohy/tpu' since last save.
Scanning sources...
Finished scanning sources
INFO: [IP_Flow 19-234] Refreshing IP repositories
INFO: [IP_Flow 19-1704] No user IP repositories specified
INFO: [IP_Flow 19-2313] Loaded Vivado IP repository '/tools/Xilinx/Vivado/2019.2/data/ip'.
open_project: Time (s): cpu = 00:00:16 ; elapsed = 00:00:13 . Memory (MB): peak = 6822.559 ; gain = 279.188 ; free physical = 53024 ; free virtual = 60510
update_compile_order -fileset sources_1
WARNING: [IP_Flow 19-3899] Cannot get the environment domain name variable for the component vendor name. Setting the vendor name to 'user.org'.
exit
INFO: [Common 17-206] Exiting Vivado at Fri Jun 19 02:18:55 2020...
