
*** Running vivado
    with args -log mac_phy_ten_gig_eth_mac_ch0_0.vds -m64 -product Vivado -mode batch -messageDb vivado.pb -notrace -source mac_phy_ten_gig_eth_mac_ch0_0.tcl



****** Vivado v2020.2 (64-bit)
  **** SW Build 3064766 on Wed Nov 18 09:12:45 MST 2020
  **** IP Build 3064653 on Wed Nov 18 14:17:31 MST 2020
    ** Copyright 1986-2020 Xilinx, Inc. All Rights Reserved.

source mac_phy_ten_gig_eth_mac_ch0_0.tcl -notrace
Command: synth_design -top mac_phy_ten_gig_eth_mac_ch0_0 -part xcku040-ffva1156-2-e -mode out_of_context
Starting synth_design
Attempting to get a license for feature 'Synthesis' and/or device 'xcku040'
INFO: [Common 17-349] Got license for feature 'Synthesis' and/or device 'xcku040'
INFO: [Device 21-403] Loading part xcku040-ffva1156-2-e
INFO: [Synth 8-7079] Multithreading enabled for synth_design using a maximum of 2 processes.
INFO: [Synth 8-7078] Launching helper process for spawning children vivado processes
INFO: [Synth 8-7075] Helper process launched with PID 4292
---------------------------------------------------------------------------------
Starting RTL Elaboration : Time (s): cpu = 00:00:05 ; elapsed = 00:00:06 . Memory (MB): peak = 1404.621 ; gain = 254.348
---------------------------------------------------------------------------------
INFO: [Synth 8-6157] synthesizing module 'mac_phy_ten_gig_eth_mac_ch0_0' [d:/tpu_double/tpu_transmit/tpu_transmit.srcs/sources_1/new/mac_phy/ip/mac_phy_ten_gig_eth_mac_ch0_0/synth/mac_phy_ten_gig_eth_mac_ch0_0.v:59]
INFO: [Synth 8-6157] synthesizing module 'mac_phy_ten_gig_eth_mac_ch0_0_block' [d:/tpu_double/tpu_transmit/tpu_transmit.srcs/sources_1/new/mac_phy/ip/mac_phy_ten_gig_eth_mac_ch0_0/synth/mac_phy_ten_gig_eth_mac_ch0_0_block.v:64]
INFO: [Synth 8-6155] done synthesizing module 'mac_phy_ten_gig_eth_mac_ch0_0_block' (36#1) [d:/tpu_double/tpu_transmit/tpu_transmit.srcs/sources_1/new/mac_phy/ip/mac_phy_ten_gig_eth_mac_ch0_0/synth/mac_phy_ten_gig_eth_mac_ch0_0_block.v:64]
INFO: [Synth 8-6155] done synthesizing module 'mac_phy_ten_gig_eth_mac_ch0_0' (37#1) [d:/tpu_double/tpu_transmit/tpu_transmit.srcs/sources_1/new/mac_phy/ip/mac_phy_ten_gig_eth_mac_ch0_0/synth/mac_phy_ten_gig_eth_mac_ch0_0.v:59]
---------------------------------------------------------------------------------
Finished RTL Elaboration : Time (s): cpu = 00:00:08 ; elapsed = 00:00:10 . Memory (MB): peak = 1572.961 ; gain = 422.688
---------------------------------------------------------------------------------
---------------------------------------------------------------------------------
Start Handling Custom Attributes
---------------------------------------------------------------------------------
---------------------------------------------------------------------------------
Finished Handling Custom Attributes : Time (s): cpu = 00:00:10 ; elapsed = 00:00:12 . Memory (MB): peak = 1590.891 ; gain = 440.617
---------------------------------------------------------------------------------
---------------------------------------------------------------------------------
Finished RTL Optimization Phase 1 : Time (s): cpu = 00:00:10 ; elapsed = 00:00:12 . Memory (MB): peak = 1590.891 ; gain = 440.617
---------------------------------------------------------------------------------
Netlist sorting complete. Time (s): cpu = 00:00:00 ; elapsed = 00:00:00.203 . Memory (MB): peak = 1602.883 ; gain = 0.000
INFO: [Project 1-570] Preparing netlist for logic optimization

Processing XDC Constraints
Initializing timing engine
Parsing XDC File [d:/tpu_double/tpu_transmit/tpu_transmit.srcs/sources_1/new/mac_phy/ip/mac_phy_ten_gig_eth_mac_ch0_0/synth/mac_phy_ten_gig_eth_mac_ch0_0_ooc.xdc] for cell 'inst'
Finished Parsing XDC File [d:/tpu_double/tpu_transmit/tpu_transmit.srcs/sources_1/new/mac_phy/ip/mac_phy_ten_gig_eth_mac_ch0_0/synth/mac_phy_ten_gig_eth_mac_ch0_0_ooc.xdc] for cell 'inst'
Parsing XDC File [d:/tpu_double/tpu_transmit/tpu_transmit.srcs/sources_1/new/mac_phy/ip/mac_phy_ten_gig_eth_mac_ch0_0/synth/mac_phy_ten_gig_eth_mac_ch0_0.xdc] for cell 'inst'
Finished Parsing XDC File [d:/tpu_double/tpu_transmit/tpu_transmit.srcs/sources_1/new/mac_phy/ip/mac_phy_ten_gig_eth_mac_ch0_0/synth/mac_phy_ten_gig_eth_mac_ch0_0.xdc] for cell 'inst'
INFO: [Project 1-236] Implementation specific constraints were found while reading constraint file [d:/tpu_double/tpu_transmit/tpu_transmit.srcs/sources_1/new/mac_phy/ip/mac_phy_ten_gig_eth_mac_ch0_0/synth/mac_phy_ten_gig_eth_mac_ch0_0.xdc]. These constraints will be ignored for synthesis but will be used in implementation. Impacted constraints are listed in the file [.Xil/mac_phy_ten_gig_eth_mac_ch0_0_propImpl.xdc].
Resolution: To avoid this warning, move constraints listed in [.Xil/mac_phy_ten_gig_eth_mac_ch0_0_propImpl.xdc] to another XDC file and exclude this new file from synthesis with the used_in_synthesis property (File Properties dialog in GUI) and re-run elaboration/synthesis.
Parsing XDC File [D:/tpu_double/tpu_transmit/tpu_transmit.runs/mac_phy_ten_gig_eth_mac_ch0_0_synth_1/dont_touch.xdc]
Finished Parsing XDC File [D:/tpu_double/tpu_transmit/tpu_transmit.runs/mac_phy_ten_gig_eth_mac_ch0_0_synth_1/dont_touch.xdc]
Parsing XDC File [d:/tpu_double/tpu_transmit/tpu_transmit.srcs/sources_1/new/mac_phy/ip/mac_phy_ten_gig_eth_mac_ch0_0/synth/mac_phy_ten_gig_eth_mac_ch0_0_clocks.xdc] for cell 'inst'
Finished Parsing XDC File [d:/tpu_double/tpu_transmit/tpu_transmit.srcs/sources_1/new/mac_phy/ip/mac_phy_ten_gig_eth_mac_ch0_0/synth/mac_phy_ten_gig_eth_mac_ch0_0_clocks.xdc] for cell 'inst'
Completed Processing XDC Constraints

Netlist sorting complete. Time (s): cpu = 00:00:00 ; elapsed = 00:00:00.003 . Memory (MB): peak = 1699.957 ; gain = 0.000
INFO: [Project 1-111] Unisim Transformation Summary:
No Unisim elements were transformed.

Constraint Validation Runtime : Time (s): cpu = 00:00:00 ; elapsed = 00:00:00.131 . Memory (MB): peak = 1699.957 ; gain = 0.000
---------------------------------------------------------------------------------
Finished Constraint Validation : Time (s): cpu = 00:00:17 ; elapsed = 00:00:20 . Memory (MB): peak = 1699.957 ; gain = 549.684
---------------------------------------------------------------------------------
---------------------------------------------------------------------------------
Start Loading Part and Timing Information
---------------------------------------------------------------------------------
Loading part: xcku040-ffva1156-2-e
INFO: [Synth 8-6742] Reading net delay rules and data
---------------------------------------------------------------------------------
Finished Loading Part and Timing Information : Time (s): cpu = 00:00:17 ; elapsed = 00:00:20 . Memory (MB): peak = 1699.957 ; gain = 549.684
---------------------------------------------------------------------------------
---------------------------------------------------------------------------------
Start Applying 'set_property' XDC Constraints
---------------------------------------------------------------------------------
Applied set_property KEEP_HIERARCHY = SOFT for inst. (constraint file  D:/tpu_double/tpu_transmit/tpu_transmit.runs/mac_phy_ten_gig_eth_mac_ch0_0_synth_1/dont_touch.xdc, line 9).
---------------------------------------------------------------------------------
Finished applying 'set_property' XDC Constraints : Time (s): cpu = 00:00:17 ; elapsed = 00:00:20 . Memory (MB): peak = 1699.957 ; gain = 549.684
---------------------------------------------------------------------------------
INFO: [Synth 8-802] inferred FSM for state register 'rs_state_reg' in module 'ten_gig_eth_mac_v15_1_9_rs_64bit'
INFO: [Synth 8-802] inferred FSM for state register 'pause_state_reg' in module 'ten_gig_eth_mac_v15_1_9_pfc_tx_cntl'
INFO: [Synth 8-802] inferred FSM for state register 'legacy_state_reg' in module 'ten_gig_eth_mac_v15_1_9_pfc_tx_cntl'
INFO: [Synth 8-802] inferred FSM for state register 'pause_state_reg' in module 'ten_gig_eth_mac_v15_1_9_tx_pause_cntl'
INFO: [Synth 8-802] inferred FSM for state register 'pause_state_reg' in module 'ten_gig_eth_mac_v15_1_9_rx_control'
INFO: [Synth 8-6904] The RAM "ten_gig_eth_mac_v15_1_9_tx_stats_count:/tx_addr_mem_reg" of size (depth=16 x width=6) is automatically implemented using LUTRAM. BRAM implementation would be inefficient 
---------------------------------------------------------------------------------------------------
                   State |                     New Encoding |                Previous Encoding 
---------------------------------------------------------------------------------------------------
                    INIT |                               00 |                               00
                   COUNT |                               01 |                               01
                   FAULT |                               10 |                               11
---------------------------------------------------------------------------------------------------
INFO: [Synth 8-3354] encoded FSM with state register 'rs_state_reg' using encoding 'sequential' in module 'ten_gig_eth_mac_v15_1_9_rs_64bit'
INFO: [Synth 8-6904] The RAM "ten_gig_eth_mac_v15_1_9_tx_sm:/COUNT_CRC.gcsram_reg" of size (depth=64 x width=1) is automatically implemented using LUTRAM. BRAM implementation would be inefficient 
---------------------------------------------------------------------------------------------------
                   State |                     New Encoding |                Previous Encoding 
---------------------------------------------------------------------------------------------------
                    IDLE |                             0001 |                              000
                     REQ |                             0010 |                              001
                    WAIT |                             0100 |                              010
                   COUNT |                             1000 |                              011
---------------------------------------------------------------------------------------------------
INFO: [Synth 8-3354] encoded FSM with state register 'legacy_state_reg' using encoding 'one-hot' in module 'ten_gig_eth_mac_v15_1_9_pfc_tx_cntl'
---------------------------------------------------------------------------------------------------
                   State |                     New Encoding |                Previous Encoding 
---------------------------------------------------------------------------------------------------
                  P_IDLE |                               00 |                               00
                   P_REQ |                               01 |                               01
                  P_WAIT |                               10 |                               10
                  P_HOLD |                               11 |                               11
---------------------------------------------------------------------------------------------------
INFO: [Synth 8-3354] encoded FSM with state register 'pause_state_reg' using encoding 'sequential' in module 'ten_gig_eth_mac_v15_1_9_pfc_tx_cntl'
---------------------------------------------------------------------------------------------------
                   State |                     New Encoding |                Previous Encoding 
---------------------------------------------------------------------------------------------------
                    IDLE |                              001 |                               00
                 REQUEST |                              010 |                               01
                    SEND |                              100 |                               10
---------------------------------------------------------------------------------------------------
INFO: [Synth 8-3354] encoded FSM with state register 'pause_state_reg' using encoding 'one-hot' in module 'ten_gig_eth_mac_v15_1_9_tx_pause_cntl'
INFO: [Synth 8-6904] The RAM "ten_gig_eth_mac_v15_1_9_rx_fsm:/FAST_CRC.gcsram_reg" of size (depth=64 x width=1) is automatically implemented using LUTRAM. BRAM implementation would be inefficient 
---------------------------------------------------------------------------------------------------
                   State |                     New Encoding |                Previous Encoding 
---------------------------------------------------------------------------------------------------
                    IDLE |                            00001 |                              000
                  LEGACY |                            00010 |                              001
                     PFC |                            00100 |                              100
                PFCQ3_Q6 |                            01000 |                              101
                   PFCQ7 |                            10000 |                              110
---------------------------------------------------------------------------------------------------
INFO: [Synth 8-3354] encoded FSM with state register 'pause_state_reg' using encoding 'one-hot' in module 'ten_gig_eth_mac_v15_1_9_rx_control'
---------------------------------------------------------------------------------
Finished RTL Optimization Phase 2 : Time (s): cpu = 00:00:23 ; elapsed = 00:00:25 . Memory (MB): peak = 1699.957 ; gain = 549.684
---------------------------------------------------------------------------------
---------------------------------------------------------------------------------
Start RTL Component Statistics 
---------------------------------------------------------------------------------
---------------------------------------------------------------------------------
Finished RTL Component Statistics 
---------------------------------------------------------------------------------
---------------------------------------------------------------------------------
Start Part Resource Summary
---------------------------------------------------------------------------------
Part Resources:
DSPs: 1920 (col length:120)
BRAMs: 1200 (col length: RAMB18 120 RAMB36 60)
---------------------------------------------------------------------------------
Finished Part Resource Summary
---------------------------------------------------------------------------------
---------------------------------------------------------------------------------
Start Cross Boundary and Area Optimization
---------------------------------------------------------------------------------
INFO: [Synth 8-6904] The RAM "inst/mac_phy_ten_gig_eth_mac_ch0_0_core/control_block/USE_MAN.USE_STATS.statistics/tx_stats/tx_addr_mem_reg" of size (depth=16 x width=6) is automatically implemented using LUTRAM. BRAM implementation would be inefficient 
INFO: [Synth 8-6904] The RAM "inst/mac_phy_ten_gig_eth_mac_ch0_0_core/tx/tx_sm/COUNT_CRC.gcsram_reg" of size (depth=64 x width=1) is automatically implemented using LUTRAM. BRAM implementation would be inefficient 
INFO: [Synth 8-6904] The RAM "inst/mac_phy_ten_gig_eth_mac_ch0_0_core/rx/rx_fsm/FAST_CRC.gcsram_reg" of size (depth=64 x width=1) is automatically implemented using LUTRAM. BRAM implementation would be inefficient 
INFO: [Synth 8-6904] The RAM "inst/mac_phy_ten_gig_eth_mac_ch0_0_core/control_block/USE_MAN.USE_STATS.statistics/tx_stats/tx_addr_mem_reg" of size (depth=16 x width=6) is automatically implemented using LUTRAM. BRAM implementation would be inefficient 
INFO: [Synth 8-6904] The RAM "inst/mac_phy_ten_gig_eth_mac_ch0_0_core/tx/tx_sm/COUNT_CRC.gcsram_reg" of size (depth=64 x width=1) is automatically implemented using LUTRAM. BRAM implementation would be inefficient 
INFO: [Synth 8-6904] The RAM "inst/mac_phy_ten_gig_eth_mac_ch0_0_core/rx/rx_fsm/FAST_CRC.gcsram_reg" of size (depth=64 x width=1) is automatically implemented using LUTRAM. BRAM implementation would be inefficient 
---------------------------------------------------------------------------------
Finished Cross Boundary and Area Optimization : Time (s): cpu = 00:00:43 ; elapsed = 00:00:46 . Memory (MB): peak = 1699.957 ; gain = 549.684
---------------------------------------------------------------------------------
---------------------------------------------------------------------------------
Start Applying XDC Timing Constraints
---------------------------------------------------------------------------------
---------------------------------------------------------------------------------
Finished Applying XDC Timing Constraints : Time (s): cpu = 00:00:49 ; elapsed = 00:00:52 . Memory (MB): peak = 1720.289 ; gain = 570.016
---------------------------------------------------------------------------------
---------------------------------------------------------------------------------
Start Timing Optimization
---------------------------------------------------------------------------------
---------------------------------------------------------------------------------
Finished Timing Optimization : Time (s): cpu = 00:00:53 ; elapsed = 00:00:56 . Memory (MB): peak = 1779.430 ; gain = 629.156
---------------------------------------------------------------------------------
---------------------------------------------------------------------------------
Start Technology Mapping
---------------------------------------------------------------------------------
---------------------------------------------------------------------------------
Finished Technology Mapping : Time (s): cpu = 00:00:56 ; elapsed = 00:00:59 . Memory (MB): peak = 1841.379 ; gain = 691.105
---------------------------------------------------------------------------------
---------------------------------------------------------------------------------
Start IO Insertion
---------------------------------------------------------------------------------
---------------------------------------------------------------------------------
Start Flattening Before IO Insertion
---------------------------------------------------------------------------------
---------------------------------------------------------------------------------
Finished Flattening Before IO Insertion
---------------------------------------------------------------------------------
---------------------------------------------------------------------------------
Start Final Netlist Cleanup
---------------------------------------------------------------------------------
---------------------------------------------------------------------------------
Finished Final Netlist Cleanup
---------------------------------------------------------------------------------
---------------------------------------------------------------------------------
Finished IO Insertion : Time (s): cpu = 00:01:00 ; elapsed = 00:01:03 . Memory (MB): peak = 1855.145 ; gain = 704.871
---------------------------------------------------------------------------------
---------------------------------------------------------------------------------
Start Renaming Generated Instances
---------------------------------------------------------------------------------
---------------------------------------------------------------------------------
Finished Renaming Generated Instances : Time (s): cpu = 00:01:00 ; elapsed = 00:01:03 . Memory (MB): peak = 1855.145 ; gain = 704.871
---------------------------------------------------------------------------------
---------------------------------------------------------------------------------
Start Rebuilding User Hierarchy
---------------------------------------------------------------------------------
---------------------------------------------------------------------------------
Finished Rebuilding User Hierarchy : Time (s): cpu = 00:01:01 ; elapsed = 00:01:04 . Memory (MB): peak = 1855.145 ; gain = 704.871
---------------------------------------------------------------------------------
---------------------------------------------------------------------------------
Start Renaming Generated Ports
---------------------------------------------------------------------------------
---------------------------------------------------------------------------------
Finished Renaming Generated Ports : Time (s): cpu = 00:01:01 ; elapsed = 00:01:04 . Memory (MB): peak = 1855.145 ; gain = 704.871
---------------------------------------------------------------------------------
---------------------------------------------------------------------------------
Start Handling Custom Attributes
---------------------------------------------------------------------------------
---------------------------------------------------------------------------------
Finished Handling Custom Attributes : Time (s): cpu = 00:01:01 ; elapsed = 00:01:04 . Memory (MB): peak = 1855.145 ; gain = 704.871
---------------------------------------------------------------------------------
---------------------------------------------------------------------------------
Start Renaming Generated Nets
---------------------------------------------------------------------------------
---------------------------------------------------------------------------------
Finished Renaming Generated Nets : Time (s): cpu = 00:01:01 ; elapsed = 00:01:04 . Memory (MB): peak = 1855.145 ; gain = 704.871
---------------------------------------------------------------------------------
---------------------------------------------------------------------------------
Start Writing Synthesis Report
---------------------------------------------------------------------------------

Report BlackBoxes: 
+-+--------------+----------+
| |BlackBox name |Instances |
+-+--------------+----------+
+-+--------------+----------+

Report Cell Usage: 
+------+---------+------+
|      |Cell     |Count |
+------+---------+------+
|1     |CARRY8   |    34|
|2     |LUT1     |    97|
|3     |LUT2     |   327|
|4     |LUT3     |   491|
|5     |LUT4     |   484|
|6     |LUT5     |   578|
|7     |LUT6     |  1392|
|8     |MUXF7    |    26|
|9     |RAM32M16 |     8|
|10    |RAM64M8  |    18|
|11    |RAM64X1D |     2|
|12    |RAM64X1S |     2|
|13    |SRL16E   |    16|
|14    |FDPE     |    15|
|15    |FDRE     |  2844|
|16    |FDSE     |   224|
+------+---------+------+
---------------------------------------------------------------------------------
Finished Writing Synthesis Report : Time (s): cpu = 00:01:01 ; elapsed = 00:01:04 . Memory (MB): peak = 1855.145 ; gain = 704.871
---------------------------------------------------------------------------------
Synthesis finished with 0 errors, 0 critical warnings and 0 warnings.
Synthesis Optimization Runtime : Time (s): cpu = 00:00:48 ; elapsed = 00:01:01 . Memory (MB): peak = 1855.145 ; gain = 595.805
Synthesis Optimization Complete : Time (s): cpu = 00:01:01 ; elapsed = 00:01:04 . Memory (MB): peak = 1855.145 ; gain = 704.871
INFO: [Project 1-571] Translating synthesized netlist
Netlist sorting complete. Time (s): cpu = 00:00:00 ; elapsed = 00:00:00.132 . Memory (MB): peak = 1863.230 ; gain = 0.000
INFO: [Netlist 29-17] Analyzing 90 Unisim elements for replacement
INFO: [Netlist 29-28] Unisim Transformation completed in 0 CPU seconds
INFO: [Project 1-570] Preparing netlist for logic optimization
INFO: [Opt 31-138] Pushed 0 inverter(s) to 0 load pin(s).
Netlist sorting complete. Time (s): cpu = 00:00:00 ; elapsed = 00:00:00.002 . Memory (MB): peak = 1874.805 ; gain = 0.000
INFO: [Project 1-111] Unisim Transformation Summary:
  A total of 30 instances were transformed.
  RAM32M16 => RAM32M16 (RAMD32(x14), RAMS32(x2)): 8 instances
  RAM64M8 => RAM64M8 (RAMD64E(x8)): 18 instances
  RAM64X1D => RAM64X1D (RAMD64E(x2)): 2 instances
  RAM64X1S => RAM64X1S (RAMS64E): 2 instances

INFO: [Common 17-83] Releasing license: Synthesis
39 Infos, 0 Warnings, 0 Critical Warnings and 0 Errors encountered.
synth_design completed successfully
synth_design: Time (s): cpu = 00:01:07 ; elapsed = 00:01:11 . Memory (MB): peak = 1874.805 ; gain = 757.840
INFO: [Common 17-1381] The checkpoint 'D:/tpu_double/tpu_transmit/tpu_transmit.runs/mac_phy_ten_gig_eth_mac_ch0_0_synth_1/mac_phy_ten_gig_eth_mac_ch0_0.dcp' has been generated.
WARNING: [Common 17-576] 'use_project_ipc' is deprecated. This option is deprecated and no longer used.
INFO: [Coretcl 2-1648] Added synthesis output to IP cache for IP mac_phy_ten_gig_eth_mac_ch0_0, cache-ID = e9b344d25842cd37
INFO: [Coretcl 2-1174] Renamed 58 cell refs.
INFO: [Common 17-1381] The checkpoint 'D:/tpu_double/tpu_transmit/tpu_transmit.runs/mac_phy_ten_gig_eth_mac_ch0_0_synth_1/mac_phy_ten_gig_eth_mac_ch0_0.dcp' has been generated.
INFO: [runtcl-4] Executing : report_utilization -file mac_phy_ten_gig_eth_mac_ch0_0_utilization_synth.rpt -pb mac_phy_ten_gig_eth_mac_ch0_0_utilization_synth.pb
INFO: [Common 17-206] Exiting Vivado at Thu Dec  3 11:38:48 2020...
