Copyright 1986-2020 Xilinx, Inc. All Rights Reserved.
-------------------------------------------------------------------------------------------------------------------
| Tool Version : Vivado v.2020.2 (win64) Build 3064766 Wed Nov 18 09:12:45 MST 2020
| Date         : Fri Dec  4 10:32:27 2020
| Host         : DESKTOP-4A374NS running 64-bit major release  (build 9200)
| Command      : report_utilization -file tpu_transmit_utilization_synth.rpt -pb tpu_transmit_utilization_synth.pb
| Design       : tpu_transmit
| Device       : xcku040ffva1156-2
| Design State : Synthesized
-------------------------------------------------------------------------------------------------------------------

Utilization Design Information

Table of Contents
-----------------
1. CLB Logic
1.1 Summary of Registers by Type
2. BLOCKRAM
3. ARITHMETIC
4. I/O
5. CLOCK
6. ADVANCED
7. CONFIGURATION
8. Primitives
9. Black Boxes
10. Instantiated Netlists

1. CLB Logic
------------

+----------------------------+-------+-------+-----------+-------+
|          Site Type         |  Used | Fixed | Available | Util% |
+----------------------------+-------+-------+-----------+-------+
| CLB LUTs*                  | 64007 |     0 |    242400 | 26.41 |
|   LUT as Logic             | 60662 |     0 |    242400 | 25.03 |
|   LUT as Memory            |  3345 |     0 |    112800 |  2.97 |
|     LUT as Distributed RAM |  3328 |     0 |           |       |
|     LUT as Shift Register  |    17 |     0 |           |       |
| CLB Registers              | 35841 |     0 |    484800 |  7.39 |
|   Register as Flip Flop    | 35841 |     0 |    484800 |  7.39 |
|   Register as Latch        |     0 |     0 |    484800 |  0.00 |
| CARRY8                     |    36 |     0 |     30300 |  0.12 |
| F7 Muxes                   |  5560 |     0 |    121200 |  4.59 |
| F8 Muxes                   |  2088 |     0 |     60600 |  3.45 |
| F9 Muxes                   |     0 |     0 |     30300 |  0.00 |
+----------------------------+-------+-------+-----------+-------+
* Warning! The Final LUT count, after physical optimizations and full implementation, is typically lower. Run opt_design after synthesis, if not already completed, for a more realistic count.


1.1 Summary of Registers by Type
--------------------------------

+-------+--------------+-------------+--------------+
| Total | Clock Enable | Synchronous | Asynchronous |
+-------+--------------+-------------+--------------+
| 0     |            _ |           - |            - |
| 0     |            _ |           - |          Set |
| 0     |            _ |           - |        Reset |
| 0     |            _ |         Set |            - |
| 0     |            _ |       Reset |            - |
| 0     |          Yes |           - |            - |
| 0     |          Yes |           - |          Set |
| 264   |          Yes |           - |        Reset |
| 118   |          Yes |         Set |            - |
| 35459 |          Yes |       Reset |            - |
+-------+--------------+-------------+--------------+


2. BLOCKRAM
-----------

+----------------+------+-------+-----------+-------+
|    Site Type   | Used | Fixed | Available | Util% |
+----------------+------+-------+-----------+-------+
| Block RAM Tile |    0 |     0 |       600 |  0.00 |
|   RAMB36/FIFO* |    0 |     0 |       600 |  0.00 |
|   RAMB18       |    0 |     0 |      1200 |  0.00 |
+----------------+------+-------+-----------+-------+
* Note: Each Block RAM Tile only has one FIFO logic available and therefore can accommodate only one FIFO36E2 or one FIFO18E2. However, if a FIFO18E2 occupies a Block RAM Tile, that tile can still accommodate a RAMB18E2


3. ARITHMETIC
-------------

+-----------+------+-------+-----------+-------+
| Site Type | Used | Fixed | Available | Util% |
+-----------+------+-------+-----------+-------+
| DSPs      |    0 |     0 |      1920 |  0.00 |
+-----------+------+-------+-----------+-------+


4. I/O
------

+------------+------+-------+-----------+-------+
|  Site Type | Used | Fixed | Available | Util% |
+------------+------+-------+-----------+-------+
| Bonded IOB |  289 |     0 |       520 | 55.58 |
+------------+------+-------+-----------+-------+


5. CLOCK
--------

+----------------------+------+-------+-----------+-------+
|       Site Type      | Used | Fixed | Available | Util% |
+----------------------+------+-------+-----------+-------+
| GLOBAL CLOCK BUFFERs |    0 |     0 |       480 |  0.00 |
|   BUFGCE             |    0 |     0 |       240 |  0.00 |
|   BUFGCE_DIV         |    0 |     0 |        40 |  0.00 |
|   BUFG_GT            |    0 |     0 |       120 |  0.00 |
|   BUFGCTRL*          |    0 |     0 |        80 |  0.00 |
| PLLE3_ADV            |    0 |     0 |        20 |  0.00 |
| MMCME3_ADV           |    0 |     0 |        10 |  0.00 |
+----------------------+------+-------+-----------+-------+
* Note: Each used BUFGCTRL counts as two GLOBAL CLOCK BUFFERs. This table does not include global clocking resources, only buffer cell usage. See the Clock Utilization Report (report_clock_utilization) for detailed accounting of global clocking resource availability.


6. ADVANCED
-----------

+-----------------+------+-------+-----------+-------+
|    Site Type    | Used | Fixed | Available | Util% |
+-----------------+------+-------+-----------+-------+
| GTHE3_CHANNEL   |    0 |     0 |        20 |  0.00 |
| GTHE3_COMMON    |    0 |     0 |         5 |  0.00 |
| IBUFDS_GTE3     |    0 |     0 |        10 |  0.00 |
| OBUFDS_GTE3     |    0 |     0 |        10 |  0.00 |
| OBUFDS_GTE3_ADV |    0 |     0 |        10 |  0.00 |
| PCIE_3_1        |    0 |     0 |         3 |  0.00 |
| SYSMONE1        |    0 |     0 |         1 |  0.00 |
+-----------------+------+-------+-----------+-------+


7. CONFIGURATION
----------------

+-------------+------+-------+-----------+-------+
|  Site Type  | Used | Fixed | Available | Util% |
+-------------+------+-------+-----------+-------+
| BSCANE2     |    0 |     0 |         4 |  0.00 |
| DNA_PORTE2  |    0 |     0 |         1 |  0.00 |
| EFUSE_USR   |    0 |     0 |         1 |  0.00 |
| FRAME_ECCE3 |    0 |     0 |         1 |  0.00 |
| ICAPE3      |    0 |     0 |         2 |  0.00 |
| MASTER_JTAG |    0 |     0 |         1 |  0.00 |
| STARTUPE3   |    0 |     0 |         1 |  0.00 |
+-------------+------+-------+-----------+-------+


8. Primitives
-------------

+----------+-------+---------------------+
| Ref Name |  Used | Functional Category |
+----------+-------+---------------------+
| FDRE     | 35459 |            Register |
| LUT3     | 34707 |                 CLB |
| LUT6     | 24703 |                 CLB |
| LUT5     | 12798 |                 CLB |
| LUT2     |  6810 |                 CLB |
| MUXF7    |  5560 |                 CLB |
| RAMD64E  |  2688 |                 CLB |
| LUT4     |  2159 |                 CLB |
| MUXF8    |  2088 |                 CLB |
| RAMD32   |   640 |                 CLB |
| OBUF     |   288 |                 I/O |
| FDCE     |   264 |            Register |
| LUT1     |   143 |                 CLB |
| FDSE     |   118 |            Register |
| CARRY8   |    36 |                 CLB |
| SRL16E   |    17 |                 CLB |
| INBUF    |     1 |                 I/O |
| IBUFCTRL |     1 |              Others |
+----------+-------+---------------------+


9. Black Boxes
--------------

+-----------------------------------+------+
|              Ref Name             | Used |
+-----------------------------------+------+
| mult_duc                          |   32 |
| duc_out_fifo                      |   16 |
| axis_fifo_t8                      |   16 |
| axis_fifo_t                       |   16 |
| sub_duc                           |    8 |
| rs_encoder                        |    8 |
| dds_125m_q                        |    8 |
| dds_125m_i                        |    8 |
| add_duc                           |    8 |
| bb_interface_fifo                 |    2 |
| tpu_transmit_clock                |    1 |
| mac_phy_ten_gig_eth_pcs_pma_ch0_0 |    1 |
| mac_phy_ten_gig_eth_mac_ch0_0     |    1 |
+-----------------------------------+------+


10. Instantiated Netlists
-------------------------

+----------+------+
| Ref Name | Used |
+----------+------+


